2011-08-21 15:31:59,228 - Velocimacro : error using  VM library template VM_global_library.vm : org.apache.velocity.exception.ResourceNotFoundException: Unable to find resource 'VM_global_library.vm'
2011-08-21 15:31:59,229 - Velocimacro :  VM library template macro registration complete.
2011-08-21 15:31:59,229 - Velocimacro : allowInline = true : VMs can be defined inline in templates
2011-08-21 15:31:59,229 - Velocimacro : allowInlineToOverride = false : VMs defined inline may NOT replace previous VM definitions
2011-08-21 15:31:59,229 - Velocimacro : allowInlineLocal = false : VMs defined inline will be  global in scope if allowed.
2011-08-21 15:31:59,229 - Velocimacro : messages on  : VM system will output logging messages
2011-08-21 15:31:59,229 - Velocimacro : autoload off  : VM system will not automatically reload global library macros
2011-08-21 15:31:59,229 - Velocimacro : initialization complete.
2011-08-21 15:31:59,229 - Velocity successfully started.
2011-08-21 15:36:39,302 - SimpleLog4JLogSystem initialized using logfile 'velocity.log'
2011-08-21 15:36:39,303 - ************************************************************** 
2011-08-21 15:36:39,303 - Starting Jakarta Velocity v1.4
2011-08-21 15:36:39,303 - RuntimeInstance initializing.
2011-08-21 15:36:39,303 - Default Properties File: org\apache\velocity\runtime\defaults\velocity.properties
2011-08-21 15:36:39,303 - Trying to use logger class org.apache.velocity.runtime.log.SimpleLog4JLogSystem
2011-08-21 15:36:39,303 - Using logger class org.apache.velocity.runtime.log.SimpleLog4JLogSystem
2011-08-21 15:36:39,313 - Default ResourceManager initializing. (class org.apache.velocity.runtime.resource.ResourceManagerImpl)
2011-08-21 15:36:39,326 - Resource Loader Instantiated: org.apache.velocity.runtime.resource.loader.ClasspathResourceLoader
2011-08-21 15:36:39,326 - ClasspathResourceLoader : initialization starting.
2011-08-21 15:36:39,326 - ClasspathResourceLoader : initialization complete.
2011-08-21 15:36:39,332 - ResourceCache : initialized. (class org.apache.velocity.runtime.resource.ResourceCacheImpl)
2011-08-21 15:36:39,332 - Default ResourceManager initialization complete.
2011-08-21 15:36:39,338 - Loaded System Directive: org.apache.velocity.runtime.directive.Literal
2011-08-21 15:36:39,344 - Loaded System Directive: org.apache.velocity.runtime.directive.Macro
2011-08-21 15:36:39,356 - Loaded System Directive: org.apache.velocity.runtime.directive.Parse
2011-08-21 15:36:39,362 - Loaded System Directive: org.apache.velocity.runtime.directive.Include
2011-08-21 15:36:39,366 - Loaded System Directive: org.apache.velocity.runtime.directive.Foreach
2011-08-21 15:36:39,448 - Created: 20 parsers.
2011-08-21 15:36:39,478 - Velocimacro : initialization starting.
2011-08-21 15:36:39,478 - Velocimacro : adding VMs from VM library template : VM_global_library.vm
2011-08-21 15:36:39,491 - ResourceManager : unable to find resource 'VM_global_library.vm' in any resource loader.
2011-08-21 15:36:39,491 - Velocimacro : error using  VM library template VM_global_library.vm : org.apache.velocity.exception.ResourceNotFoundException: Unable to find resource 'VM_global_library.vm'
2011-08-21 15:36:39,491 - Velocimacro :  VM library template macro registration complete.
2011-08-21 15:36:39,491 - Velocimacro : allowInline = true : VMs can be defined inline in templates
2011-08-21 15:36:39,491 - Velocimacro : allowInlineToOverride = false : VMs defined inline may NOT replace previous VM definitions
2011-08-21 15:36:39,492 - Velocimacro : allowInlineLocal = false : VMs defined inline will be  global in scope if allowed.
2011-08-21 15:36:39,492 - Velocimacro : messages on  : VM system will output logging messages
2011-08-21 15:36:39,492 - Velocimacro : autoload off  : VM system will not automatically reload global library macros
2011-08-21 15:36:39,492 - Velocimacro : initialization complete.
2011-08-21 15:36:39,492 - Velocity successfully started.
2011-08-21 16:37:30,998 - SimpleLog4JLogSystem initialized using logfile 'velocity.log'
2011-08-21 16:37:30,998 - ************************************************************** 
2011-08-21 16:37:30,999 - Starting Jakarta Velocity v1.4
2011-08-21 16:37:30,999 - RuntimeInstance initializing.
2011-08-21 16:37:30,999 - Default Properties File: org\apache\velocity\runtime\defaults\velocity.properties
2011-08-21 16:37:30,999 - Trying to use logger class org.apache.velocity.runtime.log.SimpleLog4JLogSystem
2011-08-21 16:37:30,999 - Using logger class org.apache.velocity.runtime.log.SimpleLog4JLogSystem
2011-08-21 16:37:31,008 - Default ResourceManager initializing. (class org.apache.velocity.runtime.resource.ResourceManagerImpl)
2011-08-21 16:37:31,020 - Resource Loader Instantiated: org.apache.velocity.runtime.resource.loader.ClasspathResourceLoader
2011-08-21 16:37:31,021 - ClasspathResourceLoader : initialization starting.
2011-08-21 16:37:31,021 - ClasspathResourceLoader : initialization complete.
2011-08-21 16:37:31,027 - ResourceCache : initialized. (class org.apache.velocity.runtime.resource.ResourceCacheImpl)
2011-08-21 16:37:31,027 - Default ResourceManager initialization complete.
2011-08-21 16:37:31,033 - Loaded System Directive: org.apache.velocity.runtime.directive.Literal
2011-08-21 16:37:31,039 - Loaded System Directive: org.apache.velocity.runtime.directive.Macro
2011-08-21 16:37:31,051 - Loaded System Directive: org.apache.velocity.runtime.directive.Parse
2011-08-21 16:37:31,057 - Loaded System Directive: org.apache.velocity.runtime.directive.Include
2011-08-21 16:37:31,060 - Loaded System Directive: org.apache.velocity.runtime.directive.Foreach
2011-08-21 16:37:31,139 - Created: 20 parsers.
2011-08-21 16:37:31,170 - Velocimacro : initialization starting.
2011-08-21 16:37:31,171 - Velocimacro : adding VMs from VM library template : VM_global_library.vm
2011-08-21 16:37:31,185 - ResourceManager : unable to find resource 'VM_global_library.vm' in any resource loader.
2011-08-21 16:37:31,185 - Velocimacro : error using  VM library template VM_global_library.vm : org.apache.velocity.exception.ResourceNotFoundException: Unable to find resource 'VM_global_library.vm'
2011-08-21 16:37:31,185 - Velocimacro :  VM library template macro registration complete.
2011-08-21 16:37:31,185 - Velocimacro : allowInline = true : VMs can be defined inline in templates
2011-08-21 16:37:31,185 - Velocimacro : allowInlineToOverride = false : VMs defined inline may NOT replace previous VM definitions
2011-08-21 16:37:31,185 - Velocimacro : allowInlineLocal = false : VMs defined inline will be  global in scope if allowed.
2011-08-21 16:37:31,185 - Velocimacro : messages on  : VM system will output logging messages
2011-08-21 16:37:31,185 - Velocimacro : autoload off  : VM system will not automatically reload global library macros
2011-08-21 16:37:31,185 - Velocimacro : initialization complete.
2011-08-21 16:37:31,185 - Velocity successfully started.
2011-08-21 19:21:56,760 - SimpleLog4JLogSystem initialized using logfile 'velocity.log'
2011-08-21 19:21:56,789 - ************************************************************** 
2011-08-21 19:21:56,789 - Starting Jakarta Velocity v1.4
2011-08-21 19:21:56,790 - RuntimeInstance initializing.
2011-08-21 19:21:56,790 - Default Properties File: org\apache\velocity\runtime\defaults\velocity.properties
2011-08-21 19:21:56,790 - Trying to use logger class org.apache.velocity.runtime.log.SimpleLog4JLogSystem
2011-08-21 19:21:56,790 - Using logger class org.apache.velocity.runtime.log.SimpleLog4JLogSystem
2011-08-21 19:21:56,805 - Default ResourceManager initializing. (class org.apache.velocity.runtime.resource.ResourceManagerImpl)
2011-08-21 19:21:56,822 - Resource Loader Instantiated: org.apache.velocity.runtime.resource.loader.ClasspathResourceLoader
2011-08-21 19:21:56,823 - ClasspathResourceLoader : initialization starting.
2011-08-21 19:21:56,823 - ClasspathResourceLoader : initialization complete.
2011-08-21 19:21:56,834 - ResourceCache : initialized. (class org.apache.velocity.runtime.resource.ResourceCacheImpl)
2011-08-21 19:21:56,834 - Default ResourceManager initialization complete.
2011-08-21 19:21:56,842 - Loaded System Directive: org.apache.velocity.runtime.directive.Literal
2011-08-21 19:21:56,849 - Loaded System Directive: org.apache.velocity.runtime.directive.Macro
2011-08-21 19:21:56,862 - Loaded System Directive: org.apache.velocity.runtime.directive.Parse
2011-08-21 19:21:56,870 - Loaded System Directive: org.apache.velocity.runtime.directive.Include
2011-08-21 19:21:56,874 - Loaded System Directive: org.apache.velocity.runtime.directive.Foreach
2011-08-21 19:21:56,974 - Created: 20 parsers.
2011-08-21 19:21:57,016 - Velocimacro : initialization starting.
2011-08-21 19:21:57,016 - Velocimacro : adding VMs from VM library template : VM_global_library.vm
2011-08-21 19:21:57,033 - ResourceManager : unable to find resource 'VM_global_library.vm' in any resource loader.
2011-08-21 19:21:57,034 - Velocimacro : error using  VM library template VM_global_library.vm : org.apache.velocity.exception.ResourceNotFoundException: Unable to find resource 'VM_global_library.vm'
2011-08-21 19:21:57,034 - Velocimacro :  VM library template macro registration complete.
2011-08-21 19:21:57,034 - Velocimacro : allowInline = true : VMs can be defined inline in templates
2011-08-21 19:21:57,034 - Velocimacro : allowInlineToOverride = false : VMs defined inline may NOT replace previous VM definitions
2011-08-21 19:21:57,034 - Velocimacro : allowInlineLocal = false : VMs defined inline will be  global in scope if allowed.
2011-08-21 19:21:57,034 - Velocimacro : messages on  : VM system will output logging messages
2011-08-21 19:21:57,034 - Velocimacro : autoload off  : VM system will not automatically reload global library macros
2011-08-21 19:21:57,034 - Velocimacro : initialization complete.
2011-08-21 19:21:57,034 - Velocity successfully started.
2011-08-21 20:14:19,155 - SimpleLog4JLogSystem initialized using logfile 'velocity.log'
2011-08-21 20:14:19,156 - ************************************************************** 
2011-08-21 20:14:19,156 - Starting Jakarta Velocity v1.4
2011-08-21 20:14:19,156 - RuntimeInstance initializing.
2011-08-21 20:14:19,156 - Default Properties File: org\apache\velocity\runtime\defaults\velocity.properties
2011-08-21 20:14:19,156 - Trying to use logger class org.apache.velocity.runtime.log.SimpleLog4JLogSystem
2011-08-21 20:14:19,156 - Using logger class org.apache.velocity.runtime.log.SimpleLog4JLogSystem
2011-08-21 20:14:19,170 - Default ResourceManager initializing. (class org.apache.velocity.runtime.resource.ResourceManagerImpl)
2011-08-21 20:14:19,185 - Resource Loader Instantiated: org.apache.velocity.runtime.resource.loader.ClasspathResourceLoader
2011-08-21 20:14:19,185 - ClasspathResourceLoader : initialization starting.
2011-08-21 20:14:19,185 - ClasspathResourceLoader : initialization complete.
2011-08-21 20:14:19,193 - ResourceCache : initialized. (class org.apache.velocity.runtime.resource.ResourceCacheImpl)
2011-08-21 20:14:19,193 - Default ResourceManager initialization complete.
2011-08-21 20:14:19,205 - Loaded System Directive: org.apache.velocity.runtime.directive.Literal
2011-08-21 20:14:19,212 - Loaded System Directive: org.apache.velocity.runtime.directive.Macro
2011-08-21 20:14:19,226 - Loaded System Directive: org.apache.velocity.runtime.directive.Parse
2011-08-21 20:14:19,233 - Loaded System Directive: org.apache.velocity.runtime.directive.Include
2011-08-21 20:14:19,238 - Loaded System Directive: org.apache.velocity.runtime.directive.Foreach
2011-08-21 20:14:19,333 - Created: 20 parsers.
2011-08-21 20:14:19,370 - Velocimacro : initialization starting.
2011-08-21 20:14:19,370 - Velocimacro : adding VMs from VM library template : VM_global_library.vm
2011-08-21 20:14:19,386 - ResourceManager : unable to find resource 'VM_global_library.vm' in any resource loader.
2011-08-21 20:14:19,387 - Velocimacro : error using  VM library template VM_global_library.vm : org.apache.velocity.exception.ResourceNotFoundException: Unable to find resource 'VM_global_library.vm'
2011-08-21 20:14:19,387 - Velocimacro :  VM library template macro registration complete.
2011-08-21 20:14:19,387 - Velocimacro : allowInline = true : VMs can be defined inline in templates
2011-08-21 20:14:19,387 - Velocimacro : allowInlineToOverride = false : VMs defined inline may NOT replace previous VM definitions
2011-08-21 20:14:19,387 - Velocimacro : allowInlineLocal = false : VMs defined inline will be  global in scope if allowed.
2011-08-21 20:14:19,387 - Velocimacro : messages on  : VM system will output logging messages
2011-08-21 20:14:19,387 - Velocimacro : autoload off  : VM system will not automatically reload global library macros
2011-08-21 20:14:19,387 - Velocimacro : initialization complete.
2011-08-21 20:14:19,387 - Velocity successfully started.
