2011-05-25 10:32:21,402 - SimpleLog4JLogSystem initialized using logfile 'velocity.log'
2011-05-25 10:32:21,402 - ************************************************************** 
2011-05-25 10:32:21,402 - Starting Jakarta Velocity v1.4
2011-05-25 10:32:21,403 - RuntimeInstance initializing.
2011-05-25 10:32:21,403 - Default Properties File: org\apache\velocity\runtime\defaults\velocity.properties
2011-05-25 10:32:21,403 - Trying to use logger class org.apache.velocity.runtime.log.SimpleLog4JLogSystem
2011-05-25 10:32:21,403 - Using logger class org.apache.velocity.runtime.log.SimpleLog4JLogSystem
2011-05-25 10:32:21,413 - Default ResourceManager initializing. (class org.apache.velocity.runtime.resource.ResourceManagerImpl)
2011-05-25 10:32:21,425 - Resource Loader Instantiated: org.apache.velocity.runtime.resource.loader.ClasspathResourceLoader
2011-05-25 10:32:21,425 - ClasspathResourceLoader : initialization starting.
2011-05-25 10:32:21,425 - ClasspathResourceLoader : initialization complete.
2011-05-25 10:32:21,432 - ResourceCache : initialized. (class org.apache.velocity.runtime.resource.ResourceCacheImpl)
2011-05-25 10:32:21,432 - Default ResourceManager initialization complete.
2011-05-25 10:32:21,438 - Loaded System Directive: org.apache.velocity.runtime.directive.Literal
2011-05-25 10:32:21,444 - Loaded System Directive: org.apache.velocity.runtime.directive.Macro
2011-05-25 10:32:21,456 - Loaded System Directive: org.apache.velocity.runtime.directive.Parse
2011-05-25 10:32:21,463 - Loaded System Directive: org.apache.velocity.runtime.directive.Include
2011-05-25 10:32:21,468 - Loaded System Directive: org.apache.velocity.runtime.directive.Foreach
2011-05-25 10:32:21,545 - Created: 20 parsers.
2011-05-25 10:32:21,578 - Velocimacro : initialization starting.
2011-05-25 10:32:21,578 - Velocimacro : adding VMs from VM library template : VM_global_library.vm
2011-05-25 10:32:21,592 - ResourceManager : unable to find resource 'VM_global_library.vm' in any resource loader.
2011-05-25 10:32:21,592 - Velocimacro : error using  VM library template VM_global_library.vm : org.apache.velocity.exception.ResourceNotFoundException: Unable to find resource 'VM_global_library.vm'
2011-05-25 10:32:21,592 - Velocimacro :  VM library template macro registration complete.
2011-05-25 10:32:21,592 - Velocimacro : allowInline = true : VMs can be defined inline in templates
2011-05-25 10:32:21,592 - Velocimacro : allowInlineToOverride = false : VMs defined inline may NOT replace previous VM definitions
2011-05-25 10:32:21,592 - Velocimacro : allowInlineLocal = false : VMs defined inline will be  global in scope if allowed.
2011-05-25 10:32:21,592 - Velocimacro : messages on  : VM system will output logging messages
2011-05-25 10:32:21,592 - Velocimacro : autoload off  : VM system will not automatically reload global library macros
2011-05-25 10:32:21,592 - Velocimacro : initialization complete.
2011-05-25 10:32:21,593 - Velocity successfully started.
2011-05-25 10:35:08,213 - SimpleLog4JLogSystem initialized using logfile 'velocity.log'
2011-05-25 10:35:08,213 - ************************************************************** 
2011-05-25 10:35:08,213 - Starting Jakarta Velocity v1.4
2011-05-25 10:35:08,214 - RuntimeInstance initializing.
2011-05-25 10:35:08,214 - Default Properties File: org\apache\velocity\runtime\defaults\velocity.properties
2011-05-25 10:35:08,214 - Trying to use logger class org.apache.velocity.runtime.log.SimpleLog4JLogSystem
2011-05-25 10:35:08,214 - Using logger class org.apache.velocity.runtime.log.SimpleLog4JLogSystem
2011-05-25 10:35:08,226 - Default ResourceManager initializing. (class org.apache.velocity.runtime.resource.ResourceManagerImpl)
2011-05-25 10:35:08,238 - Resource Loader Instantiated: org.apache.velocity.runtime.resource.loader.ClasspathResourceLoader
2011-05-25 10:35:08,238 - ClasspathResourceLoader : initialization starting.
2011-05-25 10:35:08,238 - ClasspathResourceLoader : initialization complete.
2011-05-25 10:35:08,244 - ResourceCache : initialized. (class org.apache.velocity.runtime.resource.ResourceCacheImpl)
2011-05-25 10:35:08,245 - Default ResourceManager initialization complete.
2011-05-25 10:35:08,251 - Loaded System Directive: org.apache.velocity.runtime.directive.Literal
2011-05-25 10:35:08,257 - Loaded System Directive: org.apache.velocity.runtime.directive.Macro
2011-05-25 10:35:08,269 - Loaded System Directive: org.apache.velocity.runtime.directive.Parse
2011-05-25 10:35:08,275 - Loaded System Directive: org.apache.velocity.runtime.directive.Include
2011-05-25 10:35:08,279 - Loaded System Directive: org.apache.velocity.runtime.directive.Foreach
2011-05-25 10:35:08,356 - Created: 20 parsers.
2011-05-25 10:35:08,389 - Velocimacro : initialization starting.
2011-05-25 10:35:08,390 - Velocimacro : adding VMs from VM library template : VM_global_library.vm
2011-05-25 10:35:08,404 - ResourceManager : unable to find resource 'VM_global_library.vm' in any resource loader.
2011-05-25 10:35:08,404 - Velocimacro : error using  VM library template VM_global_library.vm : org.apache.velocity.exception.ResourceNotFoundException: Unable to find resource 'VM_global_library.vm'
2011-05-25 10:35:08,404 - Velocimacro :  VM library template macro registration complete.
2011-05-25 10:35:08,404 - Velocimacro : allowInline = true : VMs can be defined inline in templates
2011-05-25 10:35:08,404 - Velocimacro : allowInlineToOverride = false : VMs defined inline may NOT replace previous VM definitions
2011-05-25 10:35:08,405 - Velocimacro : allowInlineLocal = false : VMs defined inline will be  global in scope if allowed.
2011-05-25 10:35:08,405 - Velocimacro : messages on  : VM system will output logging messages
2011-05-25 10:35:08,405 - Velocimacro : autoload off  : VM system will not automatically reload global library macros
2011-05-25 10:35:08,405 - Velocimacro : initialization complete.
2011-05-25 10:35:08,405 - Velocity successfully started.
2011-05-25 11:49:45,383 - SimpleLog4JLogSystem initialized using logfile 'velocity.log'
2011-05-25 11:49:45,384 - ************************************************************** 
2011-05-25 11:49:45,384 - Starting Jakarta Velocity v1.4
2011-05-25 11:49:45,384 - RuntimeInstance initializing.
2011-05-25 11:49:45,384 - Default Properties File: org\apache\velocity\runtime\defaults\velocity.properties
2011-05-25 11:49:45,384 - Trying to use logger class org.apache.velocity.runtime.log.SimpleLog4JLogSystem
2011-05-25 11:49:45,384 - Using logger class org.apache.velocity.runtime.log.SimpleLog4JLogSystem
2011-05-25 11:49:45,394 - Default ResourceManager initializing. (class org.apache.velocity.runtime.resource.ResourceManagerImpl)
2011-05-25 11:49:45,406 - Resource Loader Instantiated: org.apache.velocity.runtime.resource.loader.ClasspathResourceLoader
2011-05-25 11:49:45,406 - ClasspathResourceLoader : initialization starting.
2011-05-25 11:49:45,406 - ClasspathResourceLoader : initialization complete.
2011-05-25 11:49:45,412 - ResourceCache : initialized. (class org.apache.velocity.runtime.resource.ResourceCacheImpl)
2011-05-25 11:49:45,412 - Default ResourceManager initialization complete.
2011-05-25 11:49:45,419 - Loaded System Directive: org.apache.velocity.runtime.directive.Literal
2011-05-25 11:49:45,425 - Loaded System Directive: org.apache.velocity.runtime.directive.Macro
2011-05-25 11:49:45,436 - Loaded System Directive: org.apache.velocity.runtime.directive.Parse
2011-05-25 11:49:45,443 - Loaded System Directive: org.apache.velocity.runtime.directive.Include
2011-05-25 11:49:45,447 - Loaded System Directive: org.apache.velocity.runtime.directive.Foreach
2011-05-25 11:49:45,526 - Created: 20 parsers.
2011-05-25 11:49:45,560 - Velocimacro : initialization starting.
2011-05-25 11:49:45,560 - Velocimacro : adding VMs from VM library template : VM_global_library.vm
2011-05-25 11:49:45,574 - ResourceManager : unable to find resource 'VM_global_library.vm' in any resource loader.
2011-05-25 11:49:45,574 - Velocimacro : error using  VM library template VM_global_library.vm : org.apache.velocity.exception.ResourceNotFoundException: Unable to find resource 'VM_global_library.vm'
2011-05-25 11:49:45,574 - Velocimacro :  VM library template macro registration complete.
2011-05-25 11:49:45,574 - Velocimacro : allowInline = true : VMs can be defined inline in templates
2011-05-25 11:49:45,574 - Velocimacro : allowInlineToOverride = false : VMs defined inline may NOT replace previous VM definitions
2011-05-25 11:49:45,574 - Velocimacro : allowInlineLocal = false : VMs defined inline will be  global in scope if allowed.
2011-05-25 11:49:45,574 - Velocimacro : messages on  : VM system will output logging messages
2011-05-25 11:49:45,574 - Velocimacro : autoload off  : VM system will not automatically reload global library macros
2011-05-25 11:49:45,574 - Velocimacro : initialization complete.
2011-05-25 11:49:45,574 - Velocity successfully started.
2011-05-25 11:50:42,125 - SimpleLog4JLogSystem initialized using logfile 'velocity.log'
2011-05-25 11:50:42,126 - ************************************************************** 
2011-05-25 11:50:42,126 - Starting Jakarta Velocity v1.4
2011-05-25 11:50:42,126 - RuntimeInstance initializing.
2011-05-25 11:50:42,126 - Default Properties File: org\apache\velocity\runtime\defaults\velocity.properties
2011-05-25 11:50:42,126 - Trying to use logger class org.apache.velocity.runtime.log.SimpleLog4JLogSystem
2011-05-25 11:50:42,126 - Using logger class org.apache.velocity.runtime.log.SimpleLog4JLogSystem
2011-05-25 11:50:42,139 - Default ResourceManager initializing. (class org.apache.velocity.runtime.resource.ResourceManagerImpl)
2011-05-25 11:50:42,153 - Resource Loader Instantiated: org.apache.velocity.runtime.resource.loader.ClasspathResourceLoader
2011-05-25 11:50:42,153 - ClasspathResourceLoader : initialization starting.
2011-05-25 11:50:42,153 - ClasspathResourceLoader : initialization complete.
2011-05-25 11:50:42,160 - ResourceCache : initialized. (class org.apache.velocity.runtime.resource.ResourceCacheImpl)
2011-05-25 11:50:42,160 - Default ResourceManager initialization complete.
2011-05-25 11:50:42,168 - Loaded System Directive: org.apache.velocity.runtime.directive.Literal
2011-05-25 11:50:42,176 - Loaded System Directive: org.apache.velocity.runtime.directive.Macro
2011-05-25 11:50:42,190 - Loaded System Directive: org.apache.velocity.runtime.directive.Parse
2011-05-25 11:50:42,197 - Loaded System Directive: org.apache.velocity.runtime.directive.Include
2011-05-25 11:50:42,202 - Loaded System Directive: org.apache.velocity.runtime.directive.Foreach
2011-05-25 11:50:42,305 - Created: 20 parsers.
2011-05-25 11:50:42,348 - Velocimacro : initialization starting.
2011-05-25 11:50:42,348 - Velocimacro : adding VMs from VM library template : VM_global_library.vm
2011-05-25 11:50:42,364 - ResourceManager : unable to find resource 'VM_global_library.vm' in any resource loader.
2011-05-25 11:50:42,365 - Velocimacro : error using  VM library template VM_global_library.vm : org.apache.velocity.exception.ResourceNotFoundException: Unable to find resource 'VM_global_library.vm'
2011-05-25 11:50:42,365 - Velocimacro :  VM library template macro registration complete.
2011-05-25 11:50:42,365 - Velocimacro : allowInline = true : VMs can be defined inline in templates
2011-05-25 11:50:42,365 - Velocimacro : allowInlineToOverride = false : VMs defined inline may NOT replace previous VM definitions
2011-05-25 11:50:42,365 - Velocimacro : allowInlineLocal = false : VMs defined inline will be  global in scope if allowed.
2011-05-25 11:50:42,365 - Velocimacro : messages on  : VM system will output logging messages
2011-05-25 11:50:42,365 - Velocimacro : autoload off  : VM system will not automatically reload global library macros
2011-05-25 11:50:42,365 - Velocimacro : initialization complete.
2011-05-25 11:50:42,365 - Velocity successfully started.
2011-05-25 11:50:44,301 - SimpleLog4JLogSystem initialized using logfile 'velocity.log'
2011-05-25 11:50:44,303 - ************************************************************** 
2011-05-25 11:50:44,303 - Starting Jakarta Velocity v1.4
2011-05-25 11:50:44,303 - RuntimeInstance initializing.
2011-05-25 11:50:44,303 - Default Properties File: org\apache\velocity\runtime\defaults\velocity.properties
2011-05-25 11:50:44,303 - Trying to use logger class org.apache.velocity.runtime.log.SimpleLog4JLogSystem
2011-05-25 11:50:44,303 - Using logger class org.apache.velocity.runtime.log.SimpleLog4JLogSystem
2011-05-25 11:50:44,317 - Default ResourceManager initializing. (class org.apache.velocity.runtime.resource.ResourceManagerImpl)
2011-05-25 11:50:44,335 - Resource Loader Instantiated: org.apache.velocity.runtime.resource.loader.ClasspathResourceLoader
2011-05-25 11:50:44,335 - ClasspathResourceLoader : initialization starting.
2011-05-25 11:50:44,335 - ClasspathResourceLoader : initialization complete.
2011-05-25 11:50:44,342 - ResourceCache : initialized. (class org.apache.velocity.runtime.resource.ResourceCacheImpl)
2011-05-25 11:50:44,343 - Default ResourceManager initialization complete.
2011-05-25 11:50:44,350 - Loaded System Directive: org.apache.velocity.runtime.directive.Literal
2011-05-25 11:50:44,358 - Loaded System Directive: org.apache.velocity.runtime.directive.Macro
2011-05-25 11:50:44,371 - Loaded System Directive: org.apache.velocity.runtime.directive.Parse
2011-05-25 11:50:44,379 - Loaded System Directive: org.apache.velocity.runtime.directive.Include
2011-05-25 11:50:44,390 - Loaded System Directive: org.apache.velocity.runtime.directive.Foreach
2011-05-25 11:50:44,479 - Created: 20 parsers.
2011-05-25 11:50:44,528 - Velocimacro : initialization starting.
2011-05-25 11:50:44,528 - Velocimacro : adding VMs from VM library template : VM_global_library.vm
2011-05-25 11:50:44,546 - ResourceManager : unable to find resource 'VM_global_library.vm' in any resource loader.
2011-05-25 11:50:44,546 - Velocimacro : error using  VM library template VM_global_library.vm : org.apache.velocity.exception.ResourceNotFoundException: Unable to find resource 'VM_global_library.vm'
2011-05-25 11:50:44,546 - Velocimacro :  VM library template macro registration complete.
2011-05-25 11:50:44,546 - Velocimacro : allowInline = true : VMs can be defined inline in templates
2011-05-25 11:50:44,547 - Velocimacro : allowInlineToOverride = false : VMs defined inline may NOT replace previous VM definitions
2011-05-25 11:50:44,547 - Velocimacro : allowInlineLocal = false : VMs defined inline will be  global in scope if allowed.
2011-05-25 11:50:44,547 - Velocimacro : messages on  : VM system will output logging messages
2011-05-25 11:50:44,547 - Velocimacro : autoload off  : VM system will not automatically reload global library macros
2011-05-25 11:50:44,547 - Velocimacro : initialization complete.
2011-05-25 11:50:44,547 - Velocity successfully started.
2011-05-25 11:53:05,041 - SimpleLog4JLogSystem initialized using logfile 'velocity.log'
2011-05-25 11:53:05,041 - ************************************************************** 
2011-05-25 11:53:05,041 - Starting Jakarta Velocity v1.4
2011-05-25 11:53:05,041 - RuntimeInstance initializing.
2011-05-25 11:53:05,041 - Default Properties File: org\apache\velocity\runtime\defaults\velocity.properties
2011-05-25 11:53:05,041 - Trying to use logger class org.apache.velocity.runtime.log.SimpleLog4JLogSystem
2011-05-25 11:53:05,041 - Using logger class org.apache.velocity.runtime.log.SimpleLog4JLogSystem
2011-05-25 11:53:05,051 - Default ResourceManager initializing. (class org.apache.velocity.runtime.resource.ResourceManagerImpl)
2011-05-25 11:53:05,063 - Resource Loader Instantiated: org.apache.velocity.runtime.resource.loader.ClasspathResourceLoader
2011-05-25 11:53:05,064 - ClasspathResourceLoader : initialization starting.
2011-05-25 11:53:05,064 - ClasspathResourceLoader : initialization complete.
2011-05-25 11:53:05,070 - ResourceCache : initialized. (class org.apache.velocity.runtime.resource.ResourceCacheImpl)
2011-05-25 11:53:05,070 - Default ResourceManager initialization complete.
2011-05-25 11:53:05,076 - Loaded System Directive: org.apache.velocity.runtime.directive.Literal
2011-05-25 11:53:05,082 - Loaded System Directive: org.apache.velocity.runtime.directive.Macro
2011-05-25 11:53:05,094 - Loaded System Directive: org.apache.velocity.runtime.directive.Parse
2011-05-25 11:53:05,101 - Loaded System Directive: org.apache.velocity.runtime.directive.Include
2011-05-25 11:53:05,104 - Loaded System Directive: org.apache.velocity.runtime.directive.Foreach
2011-05-25 11:53:05,181 - Created: 20 parsers.
2011-05-25 11:53:05,215 - Velocimacro : initialization starting.
2011-05-25 11:53:05,215 - Velocimacro : adding VMs from VM library template : VM_global_library.vm
2011-05-25 11:53:05,229 - ResourceManager : unable to find resource 'VM_global_library.vm' in any resource loader.
2011-05-25 11:53:05,229 - Velocimacro : error using  VM library template VM_global_library.vm : org.apache.velocity.exception.ResourceNotFoundException: Unable to find resource 'VM_global_library.vm'
2011-05-25 11:53:05,229 - Velocimacro :  VM library template macro registration complete.
2011-05-25 11:53:05,229 - Velocimacro : allowInline = true : VMs can be defined inline in templates
2011-05-25 11:53:05,229 - Velocimacro : allowInlineToOverride = false : VMs defined inline may NOT replace previous VM definitions
2011-05-25 11:53:05,229 - Velocimacro : allowInlineLocal = false : VMs defined inline will be  global in scope if allowed.
2011-05-25 11:53:05,229 - Velocimacro : messages on  : VM system will output logging messages
2011-05-25 11:53:05,229 - Velocimacro : autoload off  : VM system will not automatically reload global library macros
2011-05-25 11:53:05,229 - Velocimacro : initialization complete.
2011-05-25 11:53:05,229 - Velocity successfully started.
2011-05-25 11:54:39,183 - SimpleLog4JLogSystem initialized using logfile 'velocity.log'
2011-05-25 11:54:39,184 - ************************************************************** 
2011-05-25 11:54:39,184 - Starting Jakarta Velocity v1.4
2011-05-25 11:54:39,184 - RuntimeInstance initializing.
2011-05-25 11:54:39,184 - Default Properties File: org\apache\velocity\runtime\defaults\velocity.properties
2011-05-25 11:54:39,184 - Trying to use logger class org.apache.velocity.runtime.log.SimpleLog4JLogSystem
2011-05-25 11:54:39,184 - Using logger class org.apache.velocity.runtime.log.SimpleLog4JLogSystem
2011-05-25 11:54:39,194 - Default ResourceManager initializing. (class org.apache.velocity.runtime.resource.ResourceManagerImpl)
2011-05-25 11:54:39,206 - Resource Loader Instantiated: org.apache.velocity.runtime.resource.loader.ClasspathResourceLoader
2011-05-25 11:54:39,206 - ClasspathResourceLoader : initialization starting.
2011-05-25 11:54:39,206 - ClasspathResourceLoader : initialization complete.
2011-05-25 11:54:39,213 - ResourceCache : initialized. (class org.apache.velocity.runtime.resource.ResourceCacheImpl)
2011-05-25 11:54:39,213 - Default ResourceManager initialization complete.
2011-05-25 11:54:39,219 - Loaded System Directive: org.apache.velocity.runtime.directive.Literal
2011-05-25 11:54:39,225 - Loaded System Directive: org.apache.velocity.runtime.directive.Macro
2011-05-25 11:54:39,237 - Loaded System Directive: org.apache.velocity.runtime.directive.Parse
2011-05-25 11:54:39,243 - Loaded System Directive: org.apache.velocity.runtime.directive.Include
2011-05-25 11:54:39,247 - Loaded System Directive: org.apache.velocity.runtime.directive.Foreach
2011-05-25 11:54:39,323 - Created: 20 parsers.
2011-05-25 11:54:39,357 - Velocimacro : initialization starting.
2011-05-25 11:54:39,357 - Velocimacro : adding VMs from VM library template : VM_global_library.vm
2011-05-25 11:54:39,370 - ResourceManager : unable to find resource 'VM_global_library.vm' in any resource loader.
2011-05-25 11:54:39,370 - Velocimacro : error using  VM library template VM_global_library.vm : org.apache.velocity.exception.ResourceNotFoundException: Unable to find resource 'VM_global_library.vm'
2011-05-25 11:54:39,371 - Velocimacro :  VM library template macro registration complete.
2011-05-25 11:54:39,371 - Velocimacro : allowInline = true : VMs can be defined inline in templates
2011-05-25 11:54:39,371 - Velocimacro : allowInlineToOverride = false : VMs defined inline may NOT replace previous VM definitions
2011-05-25 11:54:39,371 - Velocimacro : allowInlineLocal = false : VMs defined inline will be  global in scope if allowed.
2011-05-25 11:54:39,371 - Velocimacro : messages on  : VM system will output logging messages
2011-05-25 11:54:39,371 - Velocimacro : autoload off  : VM system will not automatically reload global library macros
2011-05-25 11:54:39,371 - Velocimacro : initialization complete.
2011-05-25 11:54:39,371 - Velocity successfully started.
2011-05-25 11:57:12,993 - SimpleLog4JLogSystem initialized using logfile 'velocity.log'
2011-05-25 11:57:12,994 - ************************************************************** 
2011-05-25 11:57:12,994 - Starting Jakarta Velocity v1.4
2011-05-25 11:57:12,994 - RuntimeInstance initializing.
2011-05-25 11:57:12,994 - Default Properties File: org\apache\velocity\runtime\defaults\velocity.properties
2011-05-25 11:57:12,994 - Trying to use logger class org.apache.velocity.runtime.log.SimpleLog4JLogSystem
2011-05-25 11:57:12,994 - Using logger class org.apache.velocity.runtime.log.SimpleLog4JLogSystem
2011-05-25 11:57:13,006 - Default ResourceManager initializing. (class org.apache.velocity.runtime.resource.ResourceManagerImpl)
2011-05-25 11:57:13,018 - Resource Loader Instantiated: org.apache.velocity.runtime.resource.loader.ClasspathResourceLoader
2011-05-25 11:57:13,018 - ClasspathResourceLoader : initialization starting.
2011-05-25 11:57:13,018 - ClasspathResourceLoader : initialization complete.
2011-05-25 11:57:13,024 - ResourceCache : initialized. (class org.apache.velocity.runtime.resource.ResourceCacheImpl)
2011-05-25 11:57:13,025 - Default ResourceManager initialization complete.
2011-05-25 11:57:13,031 - Loaded System Directive: org.apache.velocity.runtime.directive.Literal
2011-05-25 11:57:13,037 - Loaded System Directive: org.apache.velocity.runtime.directive.Macro
2011-05-25 11:57:13,048 - Loaded System Directive: org.apache.velocity.runtime.directive.Parse
2011-05-25 11:57:13,055 - Loaded System Directive: org.apache.velocity.runtime.directive.Include
2011-05-25 11:57:13,059 - Loaded System Directive: org.apache.velocity.runtime.directive.Foreach
2011-05-25 11:57:13,136 - Created: 20 parsers.
2011-05-25 11:57:13,169 - Velocimacro : initialization starting.
2011-05-25 11:57:13,169 - Velocimacro : adding VMs from VM library template : VM_global_library.vm
2011-05-25 11:57:13,182 - ResourceManager : unable to find resource 'VM_global_library.vm' in any resource loader.
2011-05-25 11:57:13,182 - Velocimacro : error using  VM library template VM_global_library.vm : org.apache.velocity.exception.ResourceNotFoundException: Unable to find resource 'VM_global_library.vm'
2011-05-25 11:57:13,183 - Velocimacro :  VM library template macro registration complete.
2011-05-25 11:57:13,183 - Velocimacro : allowInline = true : VMs can be defined inline in templates
2011-05-25 11:57:13,183 - Velocimacro : allowInlineToOverride = false : VMs defined inline may NOT replace previous VM definitions
2011-05-25 11:57:13,183 - Velocimacro : allowInlineLocal = false : VMs defined inline will be  global in scope if allowed.
2011-05-25 11:57:13,183 - Velocimacro : messages on  : VM system will output logging messages
2011-05-25 11:57:13,183 - Velocimacro : autoload off  : VM system will not automatically reload global library macros
2011-05-25 11:57:13,183 - Velocimacro : initialization complete.
2011-05-25 11:57:13,183 - Velocity successfully started.
2011-05-25 11:58:03,956 - SimpleLog4JLogSystem initialized using logfile 'velocity.log'
2011-05-25 11:58:03,956 - ************************************************************** 
2011-05-25 11:58:03,956 - Starting Jakarta Velocity v1.4
2011-05-25 11:58:03,956 - RuntimeInstance initializing.
2011-05-25 11:58:03,956 - Default Properties File: org\apache\velocity\runtime\defaults\velocity.properties
2011-05-25 11:58:03,957 - Trying to use logger class org.apache.velocity.runtime.log.SimpleLog4JLogSystem
2011-05-25 11:58:03,957 - Using logger class org.apache.velocity.runtime.log.SimpleLog4JLogSystem
2011-05-25 11:58:03,967 - Default ResourceManager initializing. (class org.apache.velocity.runtime.resource.ResourceManagerImpl)
2011-05-25 11:58:03,978 - Resource Loader Instantiated: org.apache.velocity.runtime.resource.loader.ClasspathResourceLoader
2011-05-25 11:58:03,979 - ClasspathResourceLoader : initialization starting.
2011-05-25 11:58:03,979 - ClasspathResourceLoader : initialization complete.
2011-05-25 11:58:03,985 - ResourceCache : initialized. (class org.apache.velocity.runtime.resource.ResourceCacheImpl)
2011-05-25 11:58:03,985 - Default ResourceManager initialization complete.
2011-05-25 11:58:03,991 - Loaded System Directive: org.apache.velocity.runtime.directive.Literal
2011-05-25 11:58:03,998 - Loaded System Directive: org.apache.velocity.runtime.directive.Macro
2011-05-25 11:58:04,009 - Loaded System Directive: org.apache.velocity.runtime.directive.Parse
2011-05-25 11:58:04,015 - Loaded System Directive: org.apache.velocity.runtime.directive.Include
2011-05-25 11:58:04,019 - Loaded System Directive: org.apache.velocity.runtime.directive.Foreach
2011-05-25 11:58:04,096 - Created: 20 parsers.
2011-05-25 11:58:04,129 - Velocimacro : initialization starting.
2011-05-25 11:58:04,129 - Velocimacro : adding VMs from VM library template : VM_global_library.vm
2011-05-25 11:58:04,143 - ResourceManager : unable to find resource 'VM_global_library.vm' in any resource loader.
2011-05-25 11:58:04,143 - Velocimacro : error using  VM library template VM_global_library.vm : org.apache.velocity.exception.ResourceNotFoundException: Unable to find resource 'VM_global_library.vm'
2011-05-25 11:58:04,143 - Velocimacro :  VM library template macro registration complete.
2011-05-25 11:58:04,143 - Velocimacro : allowInline = true : VMs can be defined inline in templates
2011-05-25 11:58:04,143 - Velocimacro : allowInlineToOverride = false : VMs defined inline may NOT replace previous VM definitions
2011-05-25 11:58:04,143 - Velocimacro : allowInlineLocal = false : VMs defined inline will be  global in scope if allowed.
2011-05-25 11:58:04,143 - Velocimacro : messages on  : VM system will output logging messages
2011-05-25 11:58:04,143 - Velocimacro : autoload off  : VM system will not automatically reload global library macros
2011-05-25 11:58:04,143 - Velocimacro : initialization complete.
2011-05-25 11:58:04,143 - Velocity successfully started.
2011-05-25 11:58:53,670 - SimpleLog4JLogSystem initialized using logfile 'velocity.log'
2011-05-25 11:58:53,671 - ************************************************************** 
2011-05-25 11:58:53,671 - Starting Jakarta Velocity v1.4
2011-05-25 11:58:53,671 - RuntimeInstance initializing.
2011-05-25 11:58:53,671 - Default Properties File: org\apache\velocity\runtime\defaults\velocity.properties
2011-05-25 11:58:53,671 - Trying to use logger class org.apache.velocity.runtime.log.SimpleLog4JLogSystem
2011-05-25 11:58:53,671 - Using logger class org.apache.velocity.runtime.log.SimpleLog4JLogSystem
2011-05-25 11:58:53,681 - Default ResourceManager initializing. (class org.apache.velocity.runtime.resource.ResourceManagerImpl)
2011-05-25 11:58:53,693 - Resource Loader Instantiated: org.apache.velocity.runtime.resource.loader.ClasspathResourceLoader
2011-05-25 11:58:53,693 - ClasspathResourceLoader : initialization starting.
2011-05-25 11:58:53,693 - ClasspathResourceLoader : initialization complete.
2011-05-25 11:58:53,699 - ResourceCache : initialized. (class org.apache.velocity.runtime.resource.ResourceCacheImpl)
2011-05-25 11:58:53,700 - Default ResourceManager initialization complete.
2011-05-25 11:58:53,706 - Loaded System Directive: org.apache.velocity.runtime.directive.Literal
2011-05-25 11:58:53,712 - Loaded System Directive: org.apache.velocity.runtime.directive.Macro
2011-05-25 11:58:53,724 - Loaded System Directive: org.apache.velocity.runtime.directive.Parse
2011-05-25 11:58:53,730 - Loaded System Directive: org.apache.velocity.runtime.directive.Include
2011-05-25 11:58:53,734 - Loaded System Directive: org.apache.velocity.runtime.directive.Foreach
2011-05-25 11:58:53,811 - Created: 20 parsers.
2011-05-25 11:58:53,845 - Velocimacro : initialization starting.
2011-05-25 11:58:53,845 - Velocimacro : adding VMs from VM library template : VM_global_library.vm
2011-05-25 11:58:53,858 - ResourceManager : unable to find resource 'VM_global_library.vm' in any resource loader.
2011-05-25 11:58:53,859 - Velocimacro : error using  VM library template VM_global_library.vm : org.apache.velocity.exception.ResourceNotFoundException: Unable to find resource 'VM_global_library.vm'
2011-05-25 11:58:53,859 - Velocimacro :  VM library template macro registration complete.
2011-05-25 11:58:53,859 - Velocimacro : allowInline = true : VMs can be defined inline in templates
2011-05-25 11:58:53,859 - Velocimacro : allowInlineToOverride = false : VMs defined inline may NOT replace previous VM definitions
2011-05-25 11:58:53,859 - Velocimacro : allowInlineLocal = false : VMs defined inline will be  global in scope if allowed.
2011-05-25 11:58:53,859 - Velocimacro : messages on  : VM system will output logging messages
2011-05-25 11:58:53,859 - Velocimacro : autoload off  : VM system will not automatically reload global library macros
2011-05-25 11:58:53,859 - Velocimacro : initialization complete.
2011-05-25 11:58:53,859 - Velocity successfully started.
2011-05-25 12:27:49,987 - SimpleLog4JLogSystem initialized using logfile 'velocity.log'
2011-05-25 12:27:49,988 - ************************************************************** 
2011-05-25 12:27:49,988 - Starting Jakarta Velocity v1.4
2011-05-25 12:27:49,988 - RuntimeInstance initializing.
2011-05-25 12:27:49,988 - Default Properties File: org\apache\velocity\runtime\defaults\velocity.properties
2011-05-25 12:27:49,988 - Trying to use logger class org.apache.velocity.runtime.log.SimpleLog4JLogSystem
2011-05-25 12:27:49,988 - Using logger class org.apache.velocity.runtime.log.SimpleLog4JLogSystem
2011-05-25 12:27:49,999 - Default ResourceManager initializing. (class org.apache.velocity.runtime.resource.ResourceManagerImpl)
2011-05-25 12:27:50,011 - Resource Loader Instantiated: org.apache.velocity.runtime.resource.loader.ClasspathResourceLoader
2011-05-25 12:27:50,012 - ClasspathResourceLoader : initialization starting.
2011-05-25 12:27:50,012 - ClasspathResourceLoader : initialization complete.
2011-05-25 12:27:50,019 - ResourceCache : initialized. (class org.apache.velocity.runtime.resource.ResourceCacheImpl)
2011-05-25 12:27:50,019 - Default ResourceManager initialization complete.
2011-05-25 12:27:50,026 - Loaded System Directive: org.apache.velocity.runtime.directive.Literal
2011-05-25 12:27:50,032 - Loaded System Directive: org.apache.velocity.runtime.directive.Macro
2011-05-25 12:27:50,044 - Loaded System Directive: org.apache.velocity.runtime.directive.Parse
2011-05-25 12:27:50,050 - Loaded System Directive: org.apache.velocity.runtime.directive.Include
2011-05-25 12:27:50,055 - Loaded System Directive: org.apache.velocity.runtime.directive.Foreach
2011-05-25 12:27:50,133 - Created: 20 parsers.
2011-05-25 12:27:50,169 - Velocimacro : initialization starting.
2011-05-25 12:27:50,169 - Velocimacro : adding VMs from VM library template : VM_global_library.vm
2011-05-25 12:27:50,182 - ResourceManager : unable to find resource 'VM_global_library.vm' in any resource loader.
2011-05-25 12:27:50,183 - Velocimacro : error using  VM library template VM_global_library.vm : org.apache.velocity.exception.ResourceNotFoundException: Unable to find resource 'VM_global_library.vm'
2011-05-25 12:27:50,183 - Velocimacro :  VM library template macro registration complete.
2011-05-25 12:27:50,183 - Velocimacro : allowInline = true : VMs can be defined inline in templates
2011-05-25 12:27:50,183 - Velocimacro : allowInlineToOverride = false : VMs defined inline may NOT replace previous VM definitions
2011-05-25 12:27:50,183 - Velocimacro : allowInlineLocal = false : VMs defined inline will be  global in scope if allowed.
2011-05-25 12:27:50,183 - Velocimacro : messages on  : VM system will output logging messages
2011-05-25 12:27:50,183 - Velocimacro : autoload off  : VM system will not automatically reload global library macros
2011-05-25 12:27:50,183 - Velocimacro : initialization complete.
2011-05-25 12:27:50,183 - Velocity successfully started.
2011-05-25 12:36:27,851 - SimpleLog4JLogSystem initialized using logfile 'velocity.log'
2011-05-25 12:36:27,852 - ************************************************************** 
2011-05-25 12:36:27,852 - Starting Jakarta Velocity v1.4
2011-05-25 12:36:27,852 - RuntimeInstance initializing.
2011-05-25 12:36:27,852 - Default Properties File: org\apache\velocity\runtime\defaults\velocity.properties
2011-05-25 12:36:27,852 - Trying to use logger class org.apache.velocity.runtime.log.SimpleLog4JLogSystem
2011-05-25 12:36:27,852 - Using logger class org.apache.velocity.runtime.log.SimpleLog4JLogSystem
2011-05-25 12:36:27,862 - Default ResourceManager initializing. (class org.apache.velocity.runtime.resource.ResourceManagerImpl)
2011-05-25 12:36:27,874 - Resource Loader Instantiated: org.apache.velocity.runtime.resource.loader.ClasspathResourceLoader
2011-05-25 12:36:27,875 - ClasspathResourceLoader : initialization starting.
2011-05-25 12:36:27,875 - ClasspathResourceLoader : initialization complete.
2011-05-25 12:36:27,881 - ResourceCache : initialized. (class org.apache.velocity.runtime.resource.ResourceCacheImpl)
2011-05-25 12:36:27,882 - Default ResourceManager initialization complete.
2011-05-25 12:36:27,888 - Loaded System Directive: org.apache.velocity.runtime.directive.Literal
2011-05-25 12:36:27,895 - Loaded System Directive: org.apache.velocity.runtime.directive.Macro
2011-05-25 12:36:27,906 - Loaded System Directive: org.apache.velocity.runtime.directive.Parse
2011-05-25 12:36:27,913 - Loaded System Directive: org.apache.velocity.runtime.directive.Include
2011-05-25 12:36:27,917 - Loaded System Directive: org.apache.velocity.runtime.directive.Foreach
2011-05-25 12:36:27,995 - Created: 20 parsers.
2011-05-25 12:36:28,029 - Velocimacro : initialization starting.
2011-05-25 12:36:28,029 - Velocimacro : adding VMs from VM library template : VM_global_library.vm
2011-05-25 12:36:28,043 - ResourceManager : unable to find resource 'VM_global_library.vm' in any resource loader.
2011-05-25 12:36:28,043 - Velocimacro : error using  VM library template VM_global_library.vm : org.apache.velocity.exception.ResourceNotFoundException: Unable to find resource 'VM_global_library.vm'
2011-05-25 12:36:28,043 - Velocimacro :  VM library template macro registration complete.
2011-05-25 12:36:28,043 - Velocimacro : allowInline = true : VMs can be defined inline in templates
2011-05-25 12:36:28,043 - Velocimacro : allowInlineToOverride = false : VMs defined inline may NOT replace previous VM definitions
2011-05-25 12:36:28,043 - Velocimacro : allowInlineLocal = false : VMs defined inline will be  global in scope if allowed.
2011-05-25 12:36:28,043 - Velocimacro : messages on  : VM system will output logging messages
2011-05-25 12:36:28,043 - Velocimacro : autoload off  : VM system will not automatically reload global library macros
2011-05-25 12:36:28,043 - Velocimacro : initialization complete.
2011-05-25 12:36:28,043 - Velocity successfully started.
2011-05-25 12:37:04,427 - SimpleLog4JLogSystem initialized using logfile 'velocity.log'
2011-05-25 12:37:04,428 - ************************************************************** 
2011-05-25 12:37:04,428 - Starting Jakarta Velocity v1.4
2011-05-25 12:37:04,428 - RuntimeInstance initializing.
2011-05-25 12:37:04,428 - Default Properties File: org\apache\velocity\runtime\defaults\velocity.properties
2011-05-25 12:37:04,428 - Trying to use logger class org.apache.velocity.runtime.log.SimpleLog4JLogSystem
2011-05-25 12:37:04,428 - Using logger class org.apache.velocity.runtime.log.SimpleLog4JLogSystem
2011-05-25 12:37:04,438 - Default ResourceManager initializing. (class org.apache.velocity.runtime.resource.ResourceManagerImpl)
2011-05-25 12:37:04,451 - Resource Loader Instantiated: org.apache.velocity.runtime.resource.loader.ClasspathResourceLoader
2011-05-25 12:37:04,451 - ClasspathResourceLoader : initialization starting.
2011-05-25 12:37:04,451 - ClasspathResourceLoader : initialization complete.
2011-05-25 12:37:04,458 - ResourceCache : initialized. (class org.apache.velocity.runtime.resource.ResourceCacheImpl)
2011-05-25 12:37:04,458 - Default ResourceManager initialization complete.
2011-05-25 12:37:04,464 - Loaded System Directive: org.apache.velocity.runtime.directive.Literal
2011-05-25 12:37:04,471 - Loaded System Directive: org.apache.velocity.runtime.directive.Macro
2011-05-25 12:37:04,483 - Loaded System Directive: org.apache.velocity.runtime.directive.Parse
2011-05-25 12:37:04,490 - Loaded System Directive: org.apache.velocity.runtime.directive.Include
2011-05-25 12:37:04,494 - Loaded System Directive: org.apache.velocity.runtime.directive.Foreach
2011-05-25 12:37:04,572 - Created: 20 parsers.
2011-05-25 12:37:04,606 - Velocimacro : initialization starting.
2011-05-25 12:37:04,606 - Velocimacro : adding VMs from VM library template : VM_global_library.vm
2011-05-25 12:37:04,620 - ResourceManager : unable to find resource 'VM_global_library.vm' in any resource loader.
2011-05-25 12:37:04,620 - Velocimacro : error using  VM library template VM_global_library.vm : org.apache.velocity.exception.ResourceNotFoundException: Unable to find resource 'VM_global_library.vm'
2011-05-25 12:37:04,620 - Velocimacro :  VM library template macro registration complete.
2011-05-25 12:37:04,620 - Velocimacro : allowInline = true : VMs can be defined inline in templates
2011-05-25 12:37:04,620 - Velocimacro : allowInlineToOverride = false : VMs defined inline may NOT replace previous VM definitions
2011-05-25 12:37:04,620 - Velocimacro : allowInlineLocal = false : VMs defined inline will be  global in scope if allowed.
2011-05-25 12:37:04,620 - Velocimacro : messages on  : VM system will output logging messages
2011-05-25 12:37:04,620 - Velocimacro : autoload off  : VM system will not automatically reload global library macros
2011-05-25 12:37:04,620 - Velocimacro : initialization complete.
2011-05-25 12:37:04,620 - Velocity successfully started.
2011-05-25 12:38:01,255 - SimpleLog4JLogSystem initialized using logfile 'velocity.log'
2011-05-25 12:38:01,255 - ************************************************************** 
2011-05-25 12:38:01,255 - Starting Jakarta Velocity v1.4
2011-05-25 12:38:01,255 - RuntimeInstance initializing.
2011-05-25 12:38:01,255 - Default Properties File: org\apache\velocity\runtime\defaults\velocity.properties
2011-05-25 12:38:01,255 - Trying to use logger class org.apache.velocity.runtime.log.SimpleLog4JLogSystem
2011-05-25 12:38:01,256 - Using logger class org.apache.velocity.runtime.log.SimpleLog4JLogSystem
2011-05-25 12:38:01,266 - Default ResourceManager initializing. (class org.apache.velocity.runtime.resource.ResourceManagerImpl)
2011-05-25 12:38:01,278 - Resource Loader Instantiated: org.apache.velocity.runtime.resource.loader.ClasspathResourceLoader
2011-05-25 12:38:01,279 - ClasspathResourceLoader : initialization starting.
2011-05-25 12:38:01,279 - ClasspathResourceLoader : initialization complete.
2011-05-25 12:38:01,285 - ResourceCache : initialized. (class org.apache.velocity.runtime.resource.ResourceCacheImpl)
2011-05-25 12:38:01,285 - Default ResourceManager initialization complete.
2011-05-25 12:38:01,292 - Loaded System Directive: org.apache.velocity.runtime.directive.Literal
2011-05-25 12:38:01,299 - Loaded System Directive: org.apache.velocity.runtime.directive.Macro
2011-05-25 12:38:01,311 - Loaded System Directive: org.apache.velocity.runtime.directive.Parse
2011-05-25 12:38:01,318 - Loaded System Directive: org.apache.velocity.runtime.directive.Include
2011-05-25 12:38:01,323 - Loaded System Directive: org.apache.velocity.runtime.directive.Foreach
2011-05-25 12:38:01,402 - Created: 20 parsers.
2011-05-25 12:38:01,437 - Velocimacro : initialization starting.
2011-05-25 12:38:01,438 - Velocimacro : adding VMs from VM library template : VM_global_library.vm
2011-05-25 12:38:01,453 - ResourceManager : unable to find resource 'VM_global_library.vm' in any resource loader.
2011-05-25 12:38:01,453 - Velocimacro : error using  VM library template VM_global_library.vm : org.apache.velocity.exception.ResourceNotFoundException: Unable to find resource 'VM_global_library.vm'
2011-05-25 12:38:01,453 - Velocimacro :  VM library template macro registration complete.
2011-05-25 12:38:01,453 - Velocimacro : allowInline = true : VMs can be defined inline in templates
2011-05-25 12:38:01,453 - Velocimacro : allowInlineToOverride = false : VMs defined inline may NOT replace previous VM definitions
2011-05-25 12:38:01,453 - Velocimacro : allowInlineLocal = false : VMs defined inline will be  global in scope if allowed.
2011-05-25 12:38:01,453 - Velocimacro : messages on  : VM system will output logging messages
2011-05-25 12:38:01,453 - Velocimacro : autoload off  : VM system will not automatically reload global library macros
2011-05-25 12:38:01,453 - Velocimacro : initialization complete.
2011-05-25 12:38:01,453 - Velocity successfully started.
2011-05-25 14:21:18,205 - SimpleLog4JLogSystem initialized using logfile 'velocity.log'
2011-05-25 14:21:18,206 - ************************************************************** 
2011-05-25 14:21:18,206 - Starting Jakarta Velocity v1.4
2011-05-25 14:21:18,206 - RuntimeInstance initializing.
2011-05-25 14:21:18,206 - Default Properties File: org\apache\velocity\runtime\defaults\velocity.properties
2011-05-25 14:21:18,206 - Trying to use logger class org.apache.velocity.runtime.log.SimpleLog4JLogSystem
2011-05-25 14:21:18,206 - Using logger class org.apache.velocity.runtime.log.SimpleLog4JLogSystem
2011-05-25 14:21:18,218 - Default ResourceManager initializing. (class org.apache.velocity.runtime.resource.ResourceManagerImpl)
2011-05-25 14:21:18,234 - Resource Loader Instantiated: org.apache.velocity.runtime.resource.loader.ClasspathResourceLoader
2011-05-25 14:21:18,234 - ClasspathResourceLoader : initialization starting.
2011-05-25 14:21:18,234 - ClasspathResourceLoader : initialization complete.
2011-05-25 14:21:18,241 - ResourceCache : initialized. (class org.apache.velocity.runtime.resource.ResourceCacheImpl)
2011-05-25 14:21:18,241 - Default ResourceManager initialization complete.
2011-05-25 14:21:18,248 - Loaded System Directive: org.apache.velocity.runtime.directive.Literal
2011-05-25 14:21:18,256 - Loaded System Directive: org.apache.velocity.runtime.directive.Macro
2011-05-25 14:21:18,269 - Loaded System Directive: org.apache.velocity.runtime.directive.Parse
2011-05-25 14:21:18,276 - Loaded System Directive: org.apache.velocity.runtime.directive.Include
2011-05-25 14:21:18,284 - Loaded System Directive: org.apache.velocity.runtime.directive.Foreach
2011-05-25 14:21:18,375 - Created: 20 parsers.
2011-05-25 14:21:18,416 - Velocimacro : initialization starting.
2011-05-25 14:21:18,416 - Velocimacro : adding VMs from VM library template : VM_global_library.vm
2011-05-25 14:21:18,433 - ResourceManager : unable to find resource 'VM_global_library.vm' in any resource loader.
2011-05-25 14:21:18,433 - Velocimacro : error using  VM library template VM_global_library.vm : org.apache.velocity.exception.ResourceNotFoundException: Unable to find resource 'VM_global_library.vm'
2011-05-25 14:21:18,433 - Velocimacro :  VM library template macro registration complete.
2011-05-25 14:21:18,433 - Velocimacro : allowInline = true : VMs can be defined inline in templates
2011-05-25 14:21:18,433 - Velocimacro : allowInlineToOverride = false : VMs defined inline may NOT replace previous VM definitions
2011-05-25 14:21:18,433 - Velocimacro : allowInlineLocal = false : VMs defined inline will be  global in scope if allowed.
2011-05-25 14:21:18,433 - Velocimacro : messages on  : VM system will output logging messages
2011-05-25 14:21:18,433 - Velocimacro : autoload off  : VM system will not automatically reload global library macros
2011-05-25 14:21:18,434 - Velocimacro : initialization complete.
2011-05-25 14:21:18,434 - Velocity successfully started.
2011-05-25 14:22:41,269 - SimpleLog4JLogSystem initialized using logfile 'velocity.log'
2011-05-25 14:22:41,270 - ************************************************************** 
2011-05-25 14:22:41,270 - Starting Jakarta Velocity v1.4
2011-05-25 14:22:41,270 - RuntimeInstance initializing.
2011-05-25 14:22:41,270 - Default Properties File: org\apache\velocity\runtime\defaults\velocity.properties
2011-05-25 14:22:41,270 - Trying to use logger class org.apache.velocity.runtime.log.SimpleLog4JLogSystem
2011-05-25 14:22:41,270 - Using logger class org.apache.velocity.runtime.log.SimpleLog4JLogSystem
2011-05-25 14:22:41,280 - Default ResourceManager initializing. (class org.apache.velocity.runtime.resource.ResourceManagerImpl)
2011-05-25 14:22:41,292 - Resource Loader Instantiated: org.apache.velocity.runtime.resource.loader.ClasspathResourceLoader
2011-05-25 14:22:41,293 - ClasspathResourceLoader : initialization starting.
2011-05-25 14:22:41,293 - ClasspathResourceLoader : initialization complete.
2011-05-25 14:22:41,299 - ResourceCache : initialized. (class org.apache.velocity.runtime.resource.ResourceCacheImpl)
2011-05-25 14:22:41,299 - Default ResourceManager initialization complete.
2011-05-25 14:22:41,305 - Loaded System Directive: org.apache.velocity.runtime.directive.Literal
2011-05-25 14:22:41,312 - Loaded System Directive: org.apache.velocity.runtime.directive.Macro
2011-05-25 14:22:41,324 - Loaded System Directive: org.apache.velocity.runtime.directive.Parse
2011-05-25 14:22:41,330 - Loaded System Directive: org.apache.velocity.runtime.directive.Include
2011-05-25 14:22:41,335 - Loaded System Directive: org.apache.velocity.runtime.directive.Foreach
2011-05-25 14:22:41,413 - Created: 20 parsers.
2011-05-25 14:22:41,446 - Velocimacro : initialization starting.
2011-05-25 14:22:41,446 - Velocimacro : adding VMs from VM library template : VM_global_library.vm
2011-05-25 14:22:41,460 - ResourceManager : unable to find resource 'VM_global_library.vm' in any resource loader.
2011-05-25 14:22:41,460 - Velocimacro : error using  VM library template VM_global_library.vm : org.apache.velocity.exception.ResourceNotFoundException: Unable to find resource 'VM_global_library.vm'
2011-05-25 14:22:41,460 - Velocimacro :  VM library template macro registration complete.
2011-05-25 14:22:41,460 - Velocimacro : allowInline = true : VMs can be defined inline in templates
2011-05-25 14:22:41,460 - Velocimacro : allowInlineToOverride = false : VMs defined inline may NOT replace previous VM definitions
2011-05-25 14:22:41,460 - Velocimacro : allowInlineLocal = false : VMs defined inline will be  global in scope if allowed.
2011-05-25 14:22:41,460 - Velocimacro : messages on  : VM system will output logging messages
2011-05-25 14:22:41,460 - Velocimacro : autoload off  : VM system will not automatically reload global library macros
2011-05-25 14:22:41,460 - Velocimacro : initialization complete.
2011-05-25 14:22:41,460 - Velocity successfully started.
2011-05-25 14:34:42,722 - SimpleLog4JLogSystem initialized using logfile 'velocity.log'
2011-05-25 14:34:42,722 - ************************************************************** 
2011-05-25 14:34:42,722 - Starting Jakarta Velocity v1.4
2011-05-25 14:34:42,723 - RuntimeInstance initializing.
2011-05-25 14:34:42,723 - Default Properties File: org\apache\velocity\runtime\defaults\velocity.properties
2011-05-25 14:34:42,723 - Trying to use logger class org.apache.velocity.runtime.log.SimpleLog4JLogSystem
2011-05-25 14:34:42,723 - Using logger class org.apache.velocity.runtime.log.SimpleLog4JLogSystem
2011-05-25 14:34:42,735 - Default ResourceManager initializing. (class org.apache.velocity.runtime.resource.ResourceManagerImpl)
2011-05-25 14:34:42,746 - Resource Loader Instantiated: org.apache.velocity.runtime.resource.loader.ClasspathResourceLoader
2011-05-25 14:34:42,747 - ClasspathResourceLoader : initialization starting.
2011-05-25 14:34:42,747 - ClasspathResourceLoader : initialization complete.
2011-05-25 14:34:42,754 - ResourceCache : initialized. (class org.apache.velocity.runtime.resource.ResourceCacheImpl)
2011-05-25 14:34:42,754 - Default ResourceManager initialization complete.
2011-05-25 14:34:42,760 - Loaded System Directive: org.apache.velocity.runtime.directive.Literal
2011-05-25 14:34:42,766 - Loaded System Directive: org.apache.velocity.runtime.directive.Macro
2011-05-25 14:34:42,777 - Loaded System Directive: org.apache.velocity.runtime.directive.Parse
2011-05-25 14:34:42,784 - Loaded System Directive: org.apache.velocity.runtime.directive.Include
2011-05-25 14:34:42,788 - Loaded System Directive: org.apache.velocity.runtime.directive.Foreach
2011-05-25 14:34:42,865 - Created: 20 parsers.
2011-05-25 14:34:42,898 - Velocimacro : initialization starting.
2011-05-25 14:34:42,898 - Velocimacro : adding VMs from VM library template : VM_global_library.vm
2011-05-25 14:34:42,913 - ResourceManager : unable to find resource 'VM_global_library.vm' in any resource loader.
2011-05-25 14:34:42,913 - Velocimacro : error using  VM library template VM_global_library.vm : org.apache.velocity.exception.ResourceNotFoundException: Unable to find resource 'VM_global_library.vm'
2011-05-25 14:34:42,913 - Velocimacro :  VM library template macro registration complete.
2011-05-25 14:34:42,913 - Velocimacro : allowInline = true : VMs can be defined inline in templates
2011-05-25 14:34:42,913 - Velocimacro : allowInlineToOverride = false : VMs defined inline may NOT replace previous VM definitions
2011-05-25 14:34:42,913 - Velocimacro : allowInlineLocal = false : VMs defined inline will be  global in scope if allowed.
2011-05-25 14:34:42,913 - Velocimacro : messages on  : VM system will output logging messages
2011-05-25 14:34:42,913 - Velocimacro : autoload off  : VM system will not automatically reload global library macros
2011-05-25 14:34:42,913 - Velocimacro : initialization complete.
2011-05-25 14:34:42,913 - Velocity successfully started.
2011-05-25 14:38:49,859 - SimpleLog4JLogSystem initialized using logfile 'velocity.log'
2011-05-25 14:38:49,859 - ************************************************************** 
2011-05-25 14:38:49,859 - Starting Jakarta Velocity v1.4
2011-05-25 14:38:49,859 - RuntimeInstance initializing.
2011-05-25 14:38:49,859 - Default Properties File: org\apache\velocity\runtime\defaults\velocity.properties
2011-05-25 14:38:49,860 - Trying to use logger class org.apache.velocity.runtime.log.SimpleLog4JLogSystem
2011-05-25 14:38:49,860 - Using logger class org.apache.velocity.runtime.log.SimpleLog4JLogSystem
2011-05-25 14:38:49,870 - Default ResourceManager initializing. (class org.apache.velocity.runtime.resource.ResourceManagerImpl)
2011-05-25 14:38:49,882 - Resource Loader Instantiated: org.apache.velocity.runtime.resource.loader.ClasspathResourceLoader
2011-05-25 14:38:49,882 - ClasspathResourceLoader : initialization starting.
2011-05-25 14:38:49,882 - ClasspathResourceLoader : initialization complete.
2011-05-25 14:38:49,888 - ResourceCache : initialized. (class org.apache.velocity.runtime.resource.ResourceCacheImpl)
2011-05-25 14:38:49,888 - Default ResourceManager initialization complete.
2011-05-25 14:38:49,894 - Loaded System Directive: org.apache.velocity.runtime.directive.Literal
2011-05-25 14:38:49,901 - Loaded System Directive: org.apache.velocity.runtime.directive.Macro
2011-05-25 14:38:49,913 - Loaded System Directive: org.apache.velocity.runtime.directive.Parse
2011-05-25 14:38:49,920 - Loaded System Directive: org.apache.velocity.runtime.directive.Include
2011-05-25 14:38:49,924 - Loaded System Directive: org.apache.velocity.runtime.directive.Foreach
2011-05-25 14:38:50,001 - Created: 20 parsers.
2011-05-25 14:38:50,035 - Velocimacro : initialization starting.
2011-05-25 14:38:50,035 - Velocimacro : adding VMs from VM library template : VM_global_library.vm
2011-05-25 14:38:50,051 - ResourceManager : unable to find resource 'VM_global_library.vm' in any resource loader.
2011-05-25 14:38:50,051 - Velocimacro : error using  VM library template VM_global_library.vm : org.apache.velocity.exception.ResourceNotFoundException: Unable to find resource 'VM_global_library.vm'
2011-05-25 14:38:50,052 - Velocimacro :  VM library template macro registration complete.
2011-05-25 14:38:50,052 - Velocimacro : allowInline = true : VMs can be defined inline in templates
2011-05-25 14:38:50,052 - Velocimacro : allowInlineToOverride = false : VMs defined inline may NOT replace previous VM definitions
2011-05-25 14:38:50,052 - Velocimacro : allowInlineLocal = false : VMs defined inline will be  global in scope if allowed.
2011-05-25 14:38:50,052 - Velocimacro : messages on  : VM system will output logging messages
2011-05-25 14:38:50,052 - Velocimacro : autoload off  : VM system will not automatically reload global library macros
2011-05-25 14:38:50,052 - Velocimacro : initialization complete.
2011-05-25 14:38:50,052 - Velocity successfully started.
2011-05-25 14:44:17,931 - SimpleLog4JLogSystem initialized using logfile 'velocity.log'
2011-05-25 14:44:17,932 - ************************************************************** 
2011-05-25 14:44:17,932 - Starting Jakarta Velocity v1.4
2011-05-25 14:44:17,932 - RuntimeInstance initializing.
2011-05-25 14:44:17,932 - Default Properties File: org\apache\velocity\runtime\defaults\velocity.properties
2011-05-25 14:44:17,932 - Trying to use logger class org.apache.velocity.runtime.log.SimpleLog4JLogSystem
2011-05-25 14:44:17,932 - Using logger class org.apache.velocity.runtime.log.SimpleLog4JLogSystem
2011-05-25 14:44:17,943 - Default ResourceManager initializing. (class org.apache.velocity.runtime.resource.ResourceManagerImpl)
2011-05-25 14:44:17,957 - Resource Loader Instantiated: org.apache.velocity.runtime.resource.loader.ClasspathResourceLoader
2011-05-25 14:44:17,957 - ClasspathResourceLoader : initialization starting.
2011-05-25 14:44:17,957 - ClasspathResourceLoader : initialization complete.
2011-05-25 14:44:17,964 - ResourceCache : initialized. (class org.apache.velocity.runtime.resource.ResourceCacheImpl)
2011-05-25 14:44:17,964 - Default ResourceManager initialization complete.
2011-05-25 14:44:17,971 - Loaded System Directive: org.apache.velocity.runtime.directive.Literal
2011-05-25 14:44:17,979 - Loaded System Directive: org.apache.velocity.runtime.directive.Macro
2011-05-25 14:44:17,991 - Loaded System Directive: org.apache.velocity.runtime.directive.Parse
2011-05-25 14:44:17,999 - Loaded System Directive: org.apache.velocity.runtime.directive.Include
2011-05-25 14:44:18,003 - Loaded System Directive: org.apache.velocity.runtime.directive.Foreach
2011-05-25 14:44:18,084 - Created: 20 parsers.
2011-05-25 14:44:18,120 - Velocimacro : initialization starting.
2011-05-25 14:44:18,120 - Velocimacro : adding VMs from VM library template : VM_global_library.vm
2011-05-25 14:44:18,134 - ResourceManager : unable to find resource 'VM_global_library.vm' in any resource loader.
2011-05-25 14:44:18,135 - Velocimacro : error using  VM library template VM_global_library.vm : org.apache.velocity.exception.ResourceNotFoundException: Unable to find resource 'VM_global_library.vm'
2011-05-25 14:44:18,135 - Velocimacro :  VM library template macro registration complete.
2011-05-25 14:44:18,135 - Velocimacro : allowInline = true : VMs can be defined inline in templates
2011-05-25 14:44:18,135 - Velocimacro : allowInlineToOverride = false : VMs defined inline may NOT replace previous VM definitions
2011-05-25 14:44:18,135 - Velocimacro : allowInlineLocal = false : VMs defined inline will be  global in scope if allowed.
2011-05-25 14:44:18,135 - Velocimacro : messages on  : VM system will output logging messages
2011-05-25 14:44:18,135 - Velocimacro : autoload off  : VM system will not automatically reload global library macros
2011-05-25 14:44:18,135 - Velocimacro : initialization complete.
2011-05-25 14:44:18,135 - Velocity successfully started.
2011-05-25 16:38:02,560 - SimpleLog4JLogSystem initialized using logfile 'velocity.log'
2011-05-25 16:38:02,561 - ************************************************************** 
2011-05-25 16:38:02,561 - Starting Jakarta Velocity v1.4
2011-05-25 16:38:02,561 - RuntimeInstance initializing.
2011-05-25 16:38:02,561 - Default Properties File: org\apache\velocity\runtime\defaults\velocity.properties
2011-05-25 16:38:02,561 - Trying to use logger class org.apache.velocity.runtime.log.SimpleLog4JLogSystem
2011-05-25 16:38:02,561 - Using logger class org.apache.velocity.runtime.log.SimpleLog4JLogSystem
2011-05-25 16:38:02,572 - Default ResourceManager initializing. (class org.apache.velocity.runtime.resource.ResourceManagerImpl)
2011-05-25 16:38:02,584 - Resource Loader Instantiated: org.apache.velocity.runtime.resource.loader.ClasspathResourceLoader
2011-05-25 16:38:02,584 - ClasspathResourceLoader : initialization starting.
2011-05-25 16:38:02,584 - ClasspathResourceLoader : initialization complete.
2011-05-25 16:38:02,590 - ResourceCache : initialized. (class org.apache.velocity.runtime.resource.ResourceCacheImpl)
2011-05-25 16:38:02,590 - Default ResourceManager initialization complete.
2011-05-25 16:38:02,596 - Loaded System Directive: org.apache.velocity.runtime.directive.Literal
2011-05-25 16:38:02,603 - Loaded System Directive: org.apache.velocity.runtime.directive.Macro
2011-05-25 16:38:02,615 - Loaded System Directive: org.apache.velocity.runtime.directive.Parse
2011-05-25 16:38:02,622 - Loaded System Directive: org.apache.velocity.runtime.directive.Include
2011-05-25 16:38:02,626 - Loaded System Directive: org.apache.velocity.runtime.directive.Foreach
2011-05-25 16:38:02,706 - Created: 20 parsers.
2011-05-25 16:38:02,740 - Velocimacro : initialization starting.
2011-05-25 16:38:02,740 - Velocimacro : adding VMs from VM library template : VM_global_library.vm
2011-05-25 16:38:02,754 - ResourceManager : unable to find resource 'VM_global_library.vm' in any resource loader.
2011-05-25 16:38:02,754 - Velocimacro : error using  VM library template VM_global_library.vm : org.apache.velocity.exception.ResourceNotFoundException: Unable to find resource 'VM_global_library.vm'
2011-05-25 16:38:02,754 - Velocimacro :  VM library template macro registration complete.
2011-05-25 16:38:02,754 - Velocimacro : allowInline = true : VMs can be defined inline in templates
2011-05-25 16:38:02,754 - Velocimacro : allowInlineToOverride = false : VMs defined inline may NOT replace previous VM definitions
2011-05-25 16:38:02,754 - Velocimacro : allowInlineLocal = false : VMs defined inline will be  global in scope if allowed.
2011-05-25 16:38:02,754 - Velocimacro : messages on  : VM system will output logging messages
2011-05-25 16:38:02,754 - Velocimacro : autoload off  : VM system will not automatically reload global library macros
2011-05-25 16:38:02,754 - Velocimacro : initialization complete.
2011-05-25 16:38:02,754 - Velocity successfully started.
2011-06-01 10:19:58,386 - SimpleLog4JLogSystem initialized using logfile 'velocity.log'
2011-06-01 10:19:58,402 - ************************************************************** 
2011-06-01 10:19:58,402 - Starting Jakarta Velocity v1.4
2011-06-01 10:19:58,402 - RuntimeInstance initializing.
2011-06-01 10:19:58,402 - Default Properties File: org\apache\velocity\runtime\defaults\velocity.properties
2011-06-01 10:19:58,402 - Trying to use logger class org.apache.velocity.runtime.log.SimpleLog4JLogSystem
2011-06-01 10:19:58,402 - Using logger class org.apache.velocity.runtime.log.SimpleLog4JLogSystem
2011-06-01 10:19:58,417 - Default ResourceManager initializing. (class org.apache.velocity.runtime.resource.ResourceManagerImpl)
2011-06-01 10:19:58,433 - Resource Loader Instantiated: org.apache.velocity.runtime.resource.loader.ClasspathResourceLoader
2011-06-01 10:19:58,433 - ClasspathResourceLoader : initialization starting.
2011-06-01 10:19:58,433 - ClasspathResourceLoader : initialization complete.
2011-06-01 10:19:58,433 - ResourceCache : initialized. (class org.apache.velocity.runtime.resource.ResourceCacheImpl)
2011-06-01 10:19:58,433 - Default ResourceManager initialization complete.
2011-06-01 10:19:58,449 - Loaded System Directive: org.apache.velocity.runtime.directive.Literal
2011-06-01 10:19:58,464 - Loaded System Directive: org.apache.velocity.runtime.directive.Macro
2011-06-01 10:19:58,480 - Loaded System Directive: org.apache.velocity.runtime.directive.Parse
2011-06-01 10:19:58,480 - Loaded System Directive: org.apache.velocity.runtime.directive.Include
2011-06-01 10:19:58,495 - Loaded System Directive: org.apache.velocity.runtime.directive.Foreach
2011-06-01 10:19:58,589 - Created: 20 parsers.
2011-06-01 10:19:58,620 - Velocimacro : initialization starting.
2011-06-01 10:19:58,620 - Velocimacro : adding VMs from VM library template : VM_global_library.vm
2011-06-01 10:19:58,636 - ResourceManager : unable to find resource 'VM_global_library.vm' in any resource loader.
2011-06-01 10:19:58,636 - Velocimacro : error using  VM library template VM_global_library.vm : org.apache.velocity.exception.ResourceNotFoundException: Unable to find resource 'VM_global_library.vm'
2011-06-01 10:19:58,636 - Velocimacro :  VM library template macro registration complete.
2011-06-01 10:19:58,636 - Velocimacro : allowInline = true : VMs can be defined inline in templates
2011-06-01 10:19:58,636 - Velocimacro : allowInlineToOverride = false : VMs defined inline may NOT replace previous VM definitions
2011-06-01 10:19:58,636 - Velocimacro : allowInlineLocal = false : VMs defined inline will be  global in scope if allowed.
2011-06-01 10:19:58,636 - Velocimacro : messages on  : VM system will output logging messages
2011-06-01 10:19:58,636 - Velocimacro : autoload off  : VM system will not automatically reload global library macros
2011-06-01 10:19:58,636 - Velocimacro : initialization complete.
2011-06-01 10:19:58,636 - Velocity successfully started.
2011-06-01 10:45:27,257 - SimpleLog4JLogSystem initialized using logfile 'velocity.log'
2011-06-01 10:45:27,277 - ************************************************************** 
2011-06-01 10:45:27,277 - Starting Jakarta Velocity v1.4
2011-06-01 10:45:27,277 - RuntimeInstance initializing.
2011-06-01 10:45:27,277 - Default Properties File: org\apache\velocity\runtime\defaults\velocity.properties
2011-06-01 10:45:27,277 - Trying to use logger class org.apache.velocity.runtime.log.SimpleLog4JLogSystem
2011-06-01 10:45:27,277 - Using logger class org.apache.velocity.runtime.log.SimpleLog4JLogSystem
2011-06-01 10:45:27,289 - Default ResourceManager initializing. (class org.apache.velocity.runtime.resource.ResourceManagerImpl)
2011-06-01 10:45:27,303 - Resource Loader Instantiated: org.apache.velocity.runtime.resource.loader.ClasspathResourceLoader
2011-06-01 10:45:27,303 - ClasspathResourceLoader : initialization starting.
2011-06-01 10:45:27,303 - ClasspathResourceLoader : initialization complete.
2011-06-01 10:45:27,310 - ResourceCache : initialized. (class org.apache.velocity.runtime.resource.ResourceCacheImpl)
2011-06-01 10:45:27,310 - Default ResourceManager initialization complete.
2011-06-01 10:45:27,317 - Loaded System Directive: org.apache.velocity.runtime.directive.Literal
2011-06-01 10:45:27,324 - Loaded System Directive: org.apache.velocity.runtime.directive.Macro
2011-06-01 10:45:27,336 - Loaded System Directive: org.apache.velocity.runtime.directive.Parse
2011-06-01 10:45:27,344 - Loaded System Directive: org.apache.velocity.runtime.directive.Include
2011-06-01 10:45:27,348 - Loaded System Directive: org.apache.velocity.runtime.directive.Foreach
2011-06-01 10:45:27,433 - Created: 20 parsers.
2011-06-01 10:45:27,470 - Velocimacro : initialization starting.
2011-06-01 10:45:27,470 - Velocimacro : adding VMs from VM library template : VM_global_library.vm
2011-06-01 10:45:27,485 - ResourceManager : unable to find resource 'VM_global_library.vm' in any resource loader.
2011-06-01 10:45:27,485 - Velocimacro : error using  VM library template VM_global_library.vm : org.apache.velocity.exception.ResourceNotFoundException: Unable to find resource 'VM_global_library.vm'
2011-06-01 10:45:27,486 - Velocimacro :  VM library template macro registration complete.
2011-06-01 10:45:27,486 - Velocimacro : allowInline = true : VMs can be defined inline in templates
2011-06-01 10:45:27,486 - Velocimacro : allowInlineToOverride = false : VMs defined inline may NOT replace previous VM definitions
2011-06-01 10:45:27,486 - Velocimacro : allowInlineLocal = false : VMs defined inline will be  global in scope if allowed.
2011-06-01 10:45:27,486 - Velocimacro : messages on  : VM system will output logging messages
2011-06-01 10:45:27,486 - Velocimacro : autoload off  : VM system will not automatically reload global library macros
2011-06-01 10:45:27,486 - Velocimacro : initialization complete.
2011-06-01 10:45:27,486 - Velocity successfully started.
2011-06-01 11:32:09,623 - SimpleLog4JLogSystem initialized using logfile 'velocity.log'
2011-06-01 11:32:09,624 - ************************************************************** 
2011-06-01 11:32:09,624 - Starting Jakarta Velocity v1.4
2011-06-01 11:32:09,624 - RuntimeInstance initializing.
2011-06-01 11:32:09,624 - Default Properties File: org\apache\velocity\runtime\defaults\velocity.properties
2011-06-01 11:32:09,624 - Trying to use logger class org.apache.velocity.runtime.log.SimpleLog4JLogSystem
2011-06-01 11:32:09,624 - Using logger class org.apache.velocity.runtime.log.SimpleLog4JLogSystem
2011-06-01 11:32:09,635 - Default ResourceManager initializing. (class org.apache.velocity.runtime.resource.ResourceManagerImpl)
2011-06-01 11:32:09,647 - Resource Loader Instantiated: org.apache.velocity.runtime.resource.loader.ClasspathResourceLoader
2011-06-01 11:32:09,647 - ClasspathResourceLoader : initialization starting.
2011-06-01 11:32:09,647 - ClasspathResourceLoader : initialization complete.
2011-06-01 11:32:09,655 - ResourceCache : initialized. (class org.apache.velocity.runtime.resource.ResourceCacheImpl)
2011-06-01 11:32:09,655 - Default ResourceManager initialization complete.
2011-06-01 11:32:09,661 - Loaded System Directive: org.apache.velocity.runtime.directive.Literal
2011-06-01 11:32:09,668 - Loaded System Directive: org.apache.velocity.runtime.directive.Macro
2011-06-01 11:32:09,680 - Loaded System Directive: org.apache.velocity.runtime.directive.Parse
2011-06-01 11:32:09,688 - Loaded System Directive: org.apache.velocity.runtime.directive.Include
2011-06-01 11:32:09,695 - Loaded System Directive: org.apache.velocity.runtime.directive.Foreach
2011-06-01 11:32:09,776 - Created: 20 parsers.
2011-06-01 11:32:09,812 - Velocimacro : initialization starting.
2011-06-01 11:32:09,812 - Velocimacro : adding VMs from VM library template : VM_global_library.vm
2011-06-01 11:32:09,827 - ResourceManager : unable to find resource 'VM_global_library.vm' in any resource loader.
2011-06-01 11:32:09,827 - Velocimacro : error using  VM library template VM_global_library.vm : org.apache.velocity.exception.ResourceNotFoundException: Unable to find resource 'VM_global_library.vm'
2011-06-01 11:32:09,827 - Velocimacro :  VM library template macro registration complete.
2011-06-01 11:32:09,827 - Velocimacro : allowInline = true : VMs can be defined inline in templates
2011-06-01 11:32:09,827 - Velocimacro : allowInlineToOverride = false : VMs defined inline may NOT replace previous VM definitions
2011-06-01 11:32:09,827 - Velocimacro : allowInlineLocal = false : VMs defined inline will be  global in scope if allowed.
2011-06-01 11:32:09,827 - Velocimacro : messages on  : VM system will output logging messages
2011-06-01 11:32:09,827 - Velocimacro : autoload off  : VM system will not automatically reload global library macros
2011-06-01 11:32:09,827 - Velocimacro : initialization complete.
2011-06-01 11:32:09,827 - Velocity successfully started.
2011-06-01 11:36:58,244 - SimpleLog4JLogSystem initialized using logfile 'velocity.log'
2011-06-01 11:36:58,244 - ************************************************************** 
2011-06-01 11:36:58,245 - Starting Jakarta Velocity v1.4
2011-06-01 11:36:58,245 - RuntimeInstance initializing.
2011-06-01 11:36:58,245 - Default Properties File: org\apache\velocity\runtime\defaults\velocity.properties
2011-06-01 11:36:58,245 - Trying to use logger class org.apache.velocity.runtime.log.SimpleLog4JLogSystem
2011-06-01 11:36:58,245 - Using logger class org.apache.velocity.runtime.log.SimpleLog4JLogSystem
2011-06-01 11:36:58,256 - Default ResourceManager initializing. (class org.apache.velocity.runtime.resource.ResourceManagerImpl)
2011-06-01 11:36:58,269 - Resource Loader Instantiated: org.apache.velocity.runtime.resource.loader.ClasspathResourceLoader
2011-06-01 11:36:58,269 - ClasspathResourceLoader : initialization starting.
2011-06-01 11:36:58,269 - ClasspathResourceLoader : initialization complete.
2011-06-01 11:36:58,276 - ResourceCache : initialized. (class org.apache.velocity.runtime.resource.ResourceCacheImpl)
2011-06-01 11:36:58,276 - Default ResourceManager initialization complete.
2011-06-01 11:36:58,283 - Loaded System Directive: org.apache.velocity.runtime.directive.Literal
2011-06-01 11:36:58,290 - Loaded System Directive: org.apache.velocity.runtime.directive.Macro
2011-06-01 11:36:58,302 - Loaded System Directive: org.apache.velocity.runtime.directive.Parse
2011-06-01 11:36:58,309 - Loaded System Directive: org.apache.velocity.runtime.directive.Include
2011-06-01 11:36:58,313 - Loaded System Directive: org.apache.velocity.runtime.directive.Foreach
2011-06-01 11:36:58,395 - Created: 20 parsers.
2011-06-01 11:36:58,431 - Velocimacro : initialization starting.
2011-06-01 11:36:58,431 - Velocimacro : adding VMs from VM library template : VM_global_library.vm
2011-06-01 11:36:58,445 - ResourceManager : unable to find resource 'VM_global_library.vm' in any resource loader.
2011-06-01 11:36:58,446 - Velocimacro : error using  VM library template VM_global_library.vm : org.apache.velocity.exception.ResourceNotFoundException: Unable to find resource 'VM_global_library.vm'
2011-06-01 11:36:58,446 - Velocimacro :  VM library template macro registration complete.
2011-06-01 11:36:58,446 - Velocimacro : allowInline = true : VMs can be defined inline in templates
2011-06-01 11:36:58,446 - Velocimacro : allowInlineToOverride = false : VMs defined inline may NOT replace previous VM definitions
2011-06-01 11:36:58,446 - Velocimacro : allowInlineLocal = false : VMs defined inline will be  global in scope if allowed.
2011-06-01 11:36:58,446 - Velocimacro : messages on  : VM system will output logging messages
2011-06-01 11:36:58,446 - Velocimacro : autoload off  : VM system will not automatically reload global library macros
2011-06-01 11:36:58,446 - Velocimacro : initialization complete.
2011-06-01 11:36:58,446 - Velocity successfully started.
2011-06-01 11:39:45,565 - SimpleLog4JLogSystem initialized using logfile 'velocity.log'
2011-06-01 11:39:45,566 - ************************************************************** 
2011-06-01 11:39:45,566 - Starting Jakarta Velocity v1.4
2011-06-01 11:39:45,566 - RuntimeInstance initializing.
2011-06-01 11:39:45,566 - Default Properties File: org\apache\velocity\runtime\defaults\velocity.properties
2011-06-01 11:39:45,566 - Trying to use logger class org.apache.velocity.runtime.log.SimpleLog4JLogSystem
2011-06-01 11:39:45,566 - Using logger class org.apache.velocity.runtime.log.SimpleLog4JLogSystem
2011-06-01 11:39:45,580 - Default ResourceManager initializing. (class org.apache.velocity.runtime.resource.ResourceManagerImpl)
2011-06-01 11:39:45,594 - Resource Loader Instantiated: org.apache.velocity.runtime.resource.loader.ClasspathResourceLoader
2011-06-01 11:39:45,594 - ClasspathResourceLoader : initialization starting.
2011-06-01 11:39:45,594 - ClasspathResourceLoader : initialization complete.
2011-06-01 11:39:45,603 - ResourceCache : initialized. (class org.apache.velocity.runtime.resource.ResourceCacheImpl)
2011-06-01 11:39:45,603 - Default ResourceManager initialization complete.
2011-06-01 11:39:45,609 - Loaded System Directive: org.apache.velocity.runtime.directive.Literal
2011-06-01 11:39:45,617 - Loaded System Directive: org.apache.velocity.runtime.directive.Macro
2011-06-01 11:39:45,630 - Loaded System Directive: org.apache.velocity.runtime.directive.Parse
2011-06-01 11:39:45,638 - Loaded System Directive: org.apache.velocity.runtime.directive.Include
2011-06-01 11:39:45,641 - Loaded System Directive: org.apache.velocity.runtime.directive.Foreach
2011-06-01 11:39:45,731 - Created: 20 parsers.
2011-06-01 11:39:45,767 - Velocimacro : initialization starting.
2011-06-01 11:39:45,767 - Velocimacro : adding VMs from VM library template : VM_global_library.vm
2011-06-01 11:39:45,782 - ResourceManager : unable to find resource 'VM_global_library.vm' in any resource loader.
2011-06-01 11:39:45,782 - Velocimacro : error using  VM library template VM_global_library.vm : org.apache.velocity.exception.ResourceNotFoundException: Unable to find resource 'VM_global_library.vm'
2011-06-01 11:39:45,782 - Velocimacro :  VM library template macro registration complete.
2011-06-01 11:39:45,782 - Velocimacro : allowInline = true : VMs can be defined inline in templates
2011-06-01 11:39:45,782 - Velocimacro : allowInlineToOverride = false : VMs defined inline may NOT replace previous VM definitions
2011-06-01 11:39:45,782 - Velocimacro : allowInlineLocal = false : VMs defined inline will be  global in scope if allowed.
2011-06-01 11:39:45,782 - Velocimacro : messages on  : VM system will output logging messages
2011-06-01 11:39:45,782 - Velocimacro : autoload off  : VM system will not automatically reload global library macros
2011-06-01 11:39:45,782 - Velocimacro : initialization complete.
2011-06-01 11:39:45,782 - Velocity successfully started.
2011-06-01 11:55:25,089 - SimpleLog4JLogSystem initialized using logfile 'velocity.log'
2011-06-01 11:55:25,089 - ************************************************************** 
2011-06-01 11:55:25,089 - Starting Jakarta Velocity v1.4
2011-06-01 11:55:25,089 - RuntimeInstance initializing.
2011-06-01 11:55:25,090 - Default Properties File: org\apache\velocity\runtime\defaults\velocity.properties
2011-06-01 11:55:25,090 - Trying to use logger class org.apache.velocity.runtime.log.SimpleLog4JLogSystem
2011-06-01 11:55:25,090 - Using logger class org.apache.velocity.runtime.log.SimpleLog4JLogSystem
2011-06-01 11:55:25,101 - Default ResourceManager initializing. (class org.apache.velocity.runtime.resource.ResourceManagerImpl)
2011-06-01 11:55:25,115 - Resource Loader Instantiated: org.apache.velocity.runtime.resource.loader.ClasspathResourceLoader
2011-06-01 11:55:25,115 - ClasspathResourceLoader : initialization starting.
2011-06-01 11:55:25,115 - ClasspathResourceLoader : initialization complete.
2011-06-01 11:55:25,122 - ResourceCache : initialized. (class org.apache.velocity.runtime.resource.ResourceCacheImpl)
2011-06-01 11:55:25,122 - Default ResourceManager initialization complete.
2011-06-01 11:55:25,129 - Loaded System Directive: org.apache.velocity.runtime.directive.Literal
2011-06-01 11:55:25,135 - Loaded System Directive: org.apache.velocity.runtime.directive.Macro
2011-06-01 11:55:25,148 - Loaded System Directive: org.apache.velocity.runtime.directive.Parse
2011-06-01 11:55:25,155 - Loaded System Directive: org.apache.velocity.runtime.directive.Include
2011-06-01 11:55:25,159 - Loaded System Directive: org.apache.velocity.runtime.directive.Foreach
2011-06-01 11:55:25,245 - Created: 20 parsers.
2011-06-01 11:55:25,292 - Velocimacro : initialization starting.
2011-06-01 11:55:25,292 - Velocimacro : adding VMs from VM library template : VM_global_library.vm
2011-06-01 11:55:25,310 - ResourceManager : unable to find resource 'VM_global_library.vm' in any resource loader.
2011-06-01 11:55:25,310 - Velocimacro : error using  VM library template VM_global_library.vm : org.apache.velocity.exception.ResourceNotFoundException: Unable to find resource 'VM_global_library.vm'
2011-06-01 11:55:25,310 - Velocimacro :  VM library template macro registration complete.
2011-06-01 11:55:25,311 - Velocimacro : allowInline = true : VMs can be defined inline in templates
2011-06-01 11:55:25,311 - Velocimacro : allowInlineToOverride = false : VMs defined inline may NOT replace previous VM definitions
2011-06-01 11:55:25,311 - Velocimacro : allowInlineLocal = false : VMs defined inline will be  global in scope if allowed.
2011-06-01 11:55:25,311 - Velocimacro : messages on  : VM system will output logging messages
2011-06-01 11:55:25,311 - Velocimacro : autoload off  : VM system will not automatically reload global library macros
2011-06-01 11:55:25,311 - Velocimacro : initialization complete.
2011-06-01 11:55:25,312 - Velocity successfully started.
2011-06-01 11:57:41,675 - SimpleLog4JLogSystem initialized using logfile 'velocity.log'
2011-06-01 11:57:41,676 - ************************************************************** 
2011-06-01 11:57:41,676 - Starting Jakarta Velocity v1.4
2011-06-01 11:57:41,676 - RuntimeInstance initializing.
2011-06-01 11:57:41,676 - Default Properties File: org\apache\velocity\runtime\defaults\velocity.properties
2011-06-01 11:57:41,677 - Trying to use logger class org.apache.velocity.runtime.log.SimpleLog4JLogSystem
2011-06-01 11:57:41,677 - Using logger class org.apache.velocity.runtime.log.SimpleLog4JLogSystem
2011-06-01 11:57:41,689 - Default ResourceManager initializing. (class org.apache.velocity.runtime.resource.ResourceManagerImpl)
2011-06-01 11:57:41,704 - Resource Loader Instantiated: org.apache.velocity.runtime.resource.loader.ClasspathResourceLoader
2011-06-01 11:57:41,704 - ClasspathResourceLoader : initialization starting.
2011-06-01 11:57:41,705 - ClasspathResourceLoader : initialization complete.
2011-06-01 11:57:41,712 - ResourceCache : initialized. (class org.apache.velocity.runtime.resource.ResourceCacheImpl)
2011-06-01 11:57:41,712 - Default ResourceManager initialization complete.
2011-06-01 11:57:41,721 - Loaded System Directive: org.apache.velocity.runtime.directive.Literal
2011-06-01 11:57:41,729 - Loaded System Directive: org.apache.velocity.runtime.directive.Macro
2011-06-01 11:57:41,742 - Loaded System Directive: org.apache.velocity.runtime.directive.Parse
2011-06-01 11:57:41,750 - Loaded System Directive: org.apache.velocity.runtime.directive.Include
2011-06-01 11:57:41,755 - Loaded System Directive: org.apache.velocity.runtime.directive.Foreach
2011-06-01 11:57:41,844 - Created: 20 parsers.
2011-06-01 11:57:41,882 - Velocimacro : initialization starting.
2011-06-01 11:57:41,882 - Velocimacro : adding VMs from VM library template : VM_global_library.vm
2011-06-01 11:57:41,898 - ResourceManager : unable to find resource 'VM_global_library.vm' in any resource loader.
2011-06-01 11:57:41,899 - Velocimacro : error using  VM library template VM_global_library.vm : org.apache.velocity.exception.ResourceNotFoundException: Unable to find resource 'VM_global_library.vm'
2011-06-01 11:57:41,899 - Velocimacro :  VM library template macro registration complete.
2011-06-01 11:57:41,899 - Velocimacro : allowInline = true : VMs can be defined inline in templates
2011-06-01 11:57:41,899 - Velocimacro : allowInlineToOverride = false : VMs defined inline may NOT replace previous VM definitions
2011-06-01 11:57:41,899 - Velocimacro : allowInlineLocal = false : VMs defined inline will be  global in scope if allowed.
2011-06-01 11:57:41,899 - Velocimacro : messages on  : VM system will output logging messages
2011-06-01 11:57:41,899 - Velocimacro : autoload off  : VM system will not automatically reload global library macros
2011-06-01 11:57:41,899 - Velocimacro : initialization complete.
2011-06-01 11:57:41,899 - Velocity successfully started.
2011-06-01 11:58:32,297 - SimpleLog4JLogSystem initialized using logfile 'velocity.log'
2011-06-01 11:58:32,299 - ************************************************************** 
2011-06-01 11:58:32,300 - Starting Jakarta Velocity v1.4
2011-06-01 11:58:32,300 - RuntimeInstance initializing.
2011-06-01 11:58:32,300 - Default Properties File: org\apache\velocity\runtime\defaults\velocity.properties
2011-06-01 11:58:32,300 - Trying to use logger class org.apache.velocity.runtime.log.SimpleLog4JLogSystem
2011-06-01 11:58:32,300 - Using logger class org.apache.velocity.runtime.log.SimpleLog4JLogSystem
2011-06-01 11:58:32,312 - Default ResourceManager initializing. (class org.apache.velocity.runtime.resource.ResourceManagerImpl)
2011-06-01 11:58:32,327 - Resource Loader Instantiated: org.apache.velocity.runtime.resource.loader.ClasspathResourceLoader
2011-06-01 11:58:32,327 - ClasspathResourceLoader : initialization starting.
2011-06-01 11:58:32,327 - ClasspathResourceLoader : initialization complete.
2011-06-01 11:58:32,333 - ResourceCache : initialized. (class org.apache.velocity.runtime.resource.ResourceCacheImpl)
2011-06-01 11:58:32,333 - Default ResourceManager initialization complete.
2011-06-01 11:58:32,342 - Loaded System Directive: org.apache.velocity.runtime.directive.Literal
2011-06-01 11:58:32,353 - Loaded System Directive: org.apache.velocity.runtime.directive.Macro
2011-06-01 11:58:32,366 - Loaded System Directive: org.apache.velocity.runtime.directive.Parse
2011-06-01 11:58:32,375 - Loaded System Directive: org.apache.velocity.runtime.directive.Include
2011-06-01 11:58:32,384 - Loaded System Directive: org.apache.velocity.runtime.directive.Foreach
2011-06-01 11:58:32,480 - Created: 20 parsers.
2011-06-01 11:58:32,526 - Velocimacro : initialization starting.
2011-06-01 11:58:32,526 - Velocimacro : adding VMs from VM library template : VM_global_library.vm
2011-06-01 11:58:32,547 - ResourceManager : unable to find resource 'VM_global_library.vm' in any resource loader.
2011-06-01 11:58:32,547 - Velocimacro : error using  VM library template VM_global_library.vm : org.apache.velocity.exception.ResourceNotFoundException: Unable to find resource 'VM_global_library.vm'
2011-06-01 11:58:32,547 - Velocimacro :  VM library template macro registration complete.
2011-06-01 11:58:32,547 - Velocimacro : allowInline = true : VMs can be defined inline in templates
2011-06-01 11:58:32,547 - Velocimacro : allowInlineToOverride = false : VMs defined inline may NOT replace previous VM definitions
2011-06-01 11:58:32,547 - Velocimacro : allowInlineLocal = false : VMs defined inline will be  global in scope if allowed.
2011-06-01 11:58:32,547 - Velocimacro : messages on  : VM system will output logging messages
2011-06-01 11:58:32,547 - Velocimacro : autoload off  : VM system will not automatically reload global library macros
2011-06-01 11:58:32,548 - Velocimacro : initialization complete.
2011-06-01 11:58:32,548 - Velocity successfully started.
2011-06-01 11:59:25,772 - SimpleLog4JLogSystem initialized using logfile 'velocity.log'
2011-06-01 11:59:25,773 - ************************************************************** 
2011-06-01 11:59:25,773 - Starting Jakarta Velocity v1.4
2011-06-01 11:59:25,773 - RuntimeInstance initializing.
2011-06-01 11:59:25,773 - Default Properties File: org\apache\velocity\runtime\defaults\velocity.properties
2011-06-01 11:59:25,773 - Trying to use logger class org.apache.velocity.runtime.log.SimpleLog4JLogSystem
2011-06-01 11:59:25,773 - Using logger class org.apache.velocity.runtime.log.SimpleLog4JLogSystem
2011-06-01 11:59:25,784 - Default ResourceManager initializing. (class org.apache.velocity.runtime.resource.ResourceManagerImpl)
2011-06-01 11:59:25,797 - Resource Loader Instantiated: org.apache.velocity.runtime.resource.loader.ClasspathResourceLoader
2011-06-01 11:59:25,797 - ClasspathResourceLoader : initialization starting.
2011-06-01 11:59:25,797 - ClasspathResourceLoader : initialization complete.
2011-06-01 11:59:25,803 - ResourceCache : initialized. (class org.apache.velocity.runtime.resource.ResourceCacheImpl)
2011-06-01 11:59:25,803 - Default ResourceManager initialization complete.
2011-06-01 11:59:25,809 - Loaded System Directive: org.apache.velocity.runtime.directive.Literal
2011-06-01 11:59:25,816 - Loaded System Directive: org.apache.velocity.runtime.directive.Macro
2011-06-01 11:59:25,828 - Loaded System Directive: org.apache.velocity.runtime.directive.Parse
2011-06-01 11:59:25,835 - Loaded System Directive: org.apache.velocity.runtime.directive.Include
2011-06-01 11:59:25,839 - Loaded System Directive: org.apache.velocity.runtime.directive.Foreach
2011-06-01 11:59:25,919 - Created: 20 parsers.
2011-06-01 11:59:25,954 - Velocimacro : initialization starting.
2011-06-01 11:59:25,954 - Velocimacro : adding VMs from VM library template : VM_global_library.vm
2011-06-01 11:59:25,967 - ResourceManager : unable to find resource 'VM_global_library.vm' in any resource loader.
2011-06-01 11:59:25,968 - Velocimacro : error using  VM library template VM_global_library.vm : org.apache.velocity.exception.ResourceNotFoundException: Unable to find resource 'VM_global_library.vm'
2011-06-01 11:59:25,968 - Velocimacro :  VM library template macro registration complete.
2011-06-01 11:59:25,968 - Velocimacro : allowInline = true : VMs can be defined inline in templates
2011-06-01 11:59:25,968 - Velocimacro : allowInlineToOverride = false : VMs defined inline may NOT replace previous VM definitions
2011-06-01 11:59:25,968 - Velocimacro : allowInlineLocal = false : VMs defined inline will be  global in scope if allowed.
2011-06-01 11:59:25,968 - Velocimacro : messages on  : VM system will output logging messages
2011-06-01 11:59:25,968 - Velocimacro : autoload off  : VM system will not automatically reload global library macros
2011-06-01 11:59:25,968 - Velocimacro : initialization complete.
2011-06-01 11:59:25,968 - Velocity successfully started.
2011-06-01 12:02:01,672 - SimpleLog4JLogSystem initialized using logfile 'velocity.log'
2011-06-01 12:02:01,673 - ************************************************************** 
2011-06-01 12:02:01,673 - Starting Jakarta Velocity v1.4
2011-06-01 12:02:01,673 - RuntimeInstance initializing.
2011-06-01 12:02:01,673 - Default Properties File: org\apache\velocity\runtime\defaults\velocity.properties
2011-06-01 12:02:01,673 - Trying to use logger class org.apache.velocity.runtime.log.SimpleLog4JLogSystem
2011-06-01 12:02:01,673 - Using logger class org.apache.velocity.runtime.log.SimpleLog4JLogSystem
2011-06-01 12:02:01,684 - Default ResourceManager initializing. (class org.apache.velocity.runtime.resource.ResourceManagerImpl)
2011-06-01 12:02:01,696 - Resource Loader Instantiated: org.apache.velocity.runtime.resource.loader.ClasspathResourceLoader
2011-06-01 12:02:01,696 - ClasspathResourceLoader : initialization starting.
2011-06-01 12:02:01,696 - ClasspathResourceLoader : initialization complete.
2011-06-01 12:02:01,703 - ResourceCache : initialized. (class org.apache.velocity.runtime.resource.ResourceCacheImpl)
2011-06-01 12:02:01,704 - Default ResourceManager initialization complete.
2011-06-01 12:02:01,710 - Loaded System Directive: org.apache.velocity.runtime.directive.Literal
2011-06-01 12:02:01,716 - Loaded System Directive: org.apache.velocity.runtime.directive.Macro
2011-06-01 12:02:01,728 - Loaded System Directive: org.apache.velocity.runtime.directive.Parse
2011-06-01 12:02:01,735 - Loaded System Directive: org.apache.velocity.runtime.directive.Include
2011-06-01 12:02:01,739 - Loaded System Directive: org.apache.velocity.runtime.directive.Foreach
2011-06-01 12:02:01,819 - Created: 20 parsers.
2011-06-01 12:02:01,853 - Velocimacro : initialization starting.
2011-06-01 12:02:01,853 - Velocimacro : adding VMs from VM library template : VM_global_library.vm
2011-06-01 12:02:01,867 - ResourceManager : unable to find resource 'VM_global_library.vm' in any resource loader.
2011-06-01 12:02:01,867 - Velocimacro : error using  VM library template VM_global_library.vm : org.apache.velocity.exception.ResourceNotFoundException: Unable to find resource 'VM_global_library.vm'
2011-06-01 12:02:01,867 - Velocimacro :  VM library template macro registration complete.
2011-06-01 12:02:01,867 - Velocimacro : allowInline = true : VMs can be defined inline in templates
2011-06-01 12:02:01,867 - Velocimacro : allowInlineToOverride = false : VMs defined inline may NOT replace previous VM definitions
2011-06-01 12:02:01,867 - Velocimacro : allowInlineLocal = false : VMs defined inline will be  global in scope if allowed.
2011-06-01 12:02:01,867 - Velocimacro : messages on  : VM system will output logging messages
2011-06-01 12:02:01,868 - Velocimacro : autoload off  : VM system will not automatically reload global library macros
2011-06-01 12:02:01,868 - Velocimacro : initialization complete.
2011-06-01 12:02:01,868 - Velocity successfully started.
2011-06-01 12:03:37,030 - SimpleLog4JLogSystem initialized using logfile 'velocity.log'
2011-06-01 12:03:37,031 - ************************************************************** 
2011-06-01 12:03:37,031 - Starting Jakarta Velocity v1.4
2011-06-01 12:03:37,031 - RuntimeInstance initializing.
2011-06-01 12:03:37,031 - Default Properties File: org\apache\velocity\runtime\defaults\velocity.properties
2011-06-01 12:03:37,032 - Trying to use logger class org.apache.velocity.runtime.log.SimpleLog4JLogSystem
2011-06-01 12:03:37,032 - Using logger class org.apache.velocity.runtime.log.SimpleLog4JLogSystem
2011-06-01 12:03:37,044 - Default ResourceManager initializing. (class org.apache.velocity.runtime.resource.ResourceManagerImpl)
2011-06-01 12:03:37,058 - Resource Loader Instantiated: org.apache.velocity.runtime.resource.loader.ClasspathResourceLoader
2011-06-01 12:03:37,058 - ClasspathResourceLoader : initialization starting.
2011-06-01 12:03:37,058 - ClasspathResourceLoader : initialization complete.
2011-06-01 12:03:37,067 - ResourceCache : initialized. (class org.apache.velocity.runtime.resource.ResourceCacheImpl)
2011-06-01 12:03:37,067 - Default ResourceManager initialization complete.
2011-06-01 12:03:37,074 - Loaded System Directive: org.apache.velocity.runtime.directive.Literal
2011-06-01 12:03:37,082 - Loaded System Directive: org.apache.velocity.runtime.directive.Macro
2011-06-01 12:03:37,095 - Loaded System Directive: org.apache.velocity.runtime.directive.Parse
2011-06-01 12:03:37,103 - Loaded System Directive: org.apache.velocity.runtime.directive.Include
2011-06-01 12:03:37,108 - Loaded System Directive: org.apache.velocity.runtime.directive.Foreach
2011-06-01 12:03:37,195 - Created: 20 parsers.
2011-06-01 12:03:37,232 - Velocimacro : initialization starting.
2011-06-01 12:03:37,232 - Velocimacro : adding VMs from VM library template : VM_global_library.vm
2011-06-01 12:03:37,247 - ResourceManager : unable to find resource 'VM_global_library.vm' in any resource loader.
2011-06-01 12:03:37,247 - Velocimacro : error using  VM library template VM_global_library.vm : org.apache.velocity.exception.ResourceNotFoundException: Unable to find resource 'VM_global_library.vm'
2011-06-01 12:03:37,247 - Velocimacro :  VM library template macro registration complete.
2011-06-01 12:03:37,247 - Velocimacro : allowInline = true : VMs can be defined inline in templates
2011-06-01 12:03:37,247 - Velocimacro : allowInlineToOverride = false : VMs defined inline may NOT replace previous VM definitions
2011-06-01 12:03:37,247 - Velocimacro : allowInlineLocal = false : VMs defined inline will be  global in scope if allowed.
2011-06-01 12:03:37,247 - Velocimacro : messages on  : VM system will output logging messages
2011-06-01 12:03:37,248 - Velocimacro : autoload off  : VM system will not automatically reload global library macros
2011-06-01 12:03:37,248 - Velocimacro : initialization complete.
2011-06-01 12:03:37,248 - Velocity successfully started.
2011-06-01 12:04:17,033 - SimpleLog4JLogSystem initialized using logfile 'velocity.log'
2011-06-01 12:04:17,034 - ************************************************************** 
2011-06-01 12:04:17,034 - Starting Jakarta Velocity v1.4
2011-06-01 12:04:17,034 - RuntimeInstance initializing.
2011-06-01 12:04:17,034 - Default Properties File: org\apache\velocity\runtime\defaults\velocity.properties
2011-06-01 12:04:17,034 - Trying to use logger class org.apache.velocity.runtime.log.SimpleLog4JLogSystem
2011-06-01 12:04:17,034 - Using logger class org.apache.velocity.runtime.log.SimpleLog4JLogSystem
2011-06-01 12:04:17,044 - Default ResourceManager initializing. (class org.apache.velocity.runtime.resource.ResourceManagerImpl)
2011-06-01 12:04:17,056 - Resource Loader Instantiated: org.apache.velocity.runtime.resource.loader.ClasspathResourceLoader
2011-06-01 12:04:17,057 - ClasspathResourceLoader : initialization starting.
2011-06-01 12:04:17,057 - ClasspathResourceLoader : initialization complete.
2011-06-01 12:04:17,063 - ResourceCache : initialized. (class org.apache.velocity.runtime.resource.ResourceCacheImpl)
2011-06-01 12:04:17,063 - Default ResourceManager initialization complete.
2011-06-01 12:04:17,069 - Loaded System Directive: org.apache.velocity.runtime.directive.Literal
2011-06-01 12:04:17,077 - Loaded System Directive: org.apache.velocity.runtime.directive.Macro
2011-06-01 12:04:17,088 - Loaded System Directive: org.apache.velocity.runtime.directive.Parse
2011-06-01 12:04:17,095 - Loaded System Directive: org.apache.velocity.runtime.directive.Include
2011-06-01 12:04:17,100 - Loaded System Directive: org.apache.velocity.runtime.directive.Foreach
2011-06-01 12:04:17,180 - Created: 20 parsers.
2011-06-01 12:04:17,214 - Velocimacro : initialization starting.
2011-06-01 12:04:17,214 - Velocimacro : adding VMs from VM library template : VM_global_library.vm
2011-06-01 12:04:17,228 - ResourceManager : unable to find resource 'VM_global_library.vm' in any resource loader.
2011-06-01 12:04:17,229 - Velocimacro : error using  VM library template VM_global_library.vm : org.apache.velocity.exception.ResourceNotFoundException: Unable to find resource 'VM_global_library.vm'
2011-06-01 12:04:17,229 - Velocimacro :  VM library template macro registration complete.
2011-06-01 12:04:17,229 - Velocimacro : allowInline = true : VMs can be defined inline in templates
2011-06-01 12:04:17,229 - Velocimacro : allowInlineToOverride = false : VMs defined inline may NOT replace previous VM definitions
2011-06-01 12:04:17,229 - Velocimacro : allowInlineLocal = false : VMs defined inline will be  global in scope if allowed.
2011-06-01 12:04:17,229 - Velocimacro : messages on  : VM system will output logging messages
2011-06-01 12:04:17,229 - Velocimacro : autoload off  : VM system will not automatically reload global library macros
2011-06-01 12:04:17,229 - Velocimacro : initialization complete.
2011-06-01 12:04:17,229 - Velocity successfully started.
2011-06-01 12:04:58,990 - SimpleLog4JLogSystem initialized using logfile 'velocity.log'
2011-06-01 12:04:58,991 - ************************************************************** 
2011-06-01 12:04:58,991 - Starting Jakarta Velocity v1.4
2011-06-01 12:04:58,991 - RuntimeInstance initializing.
2011-06-01 12:04:58,991 - Default Properties File: org\apache\velocity\runtime\defaults\velocity.properties
2011-06-01 12:04:58,991 - Trying to use logger class org.apache.velocity.runtime.log.SimpleLog4JLogSystem
2011-06-01 12:04:58,991 - Using logger class org.apache.velocity.runtime.log.SimpleLog4JLogSystem
2011-06-01 12:04:59,001 - Default ResourceManager initializing. (class org.apache.velocity.runtime.resource.ResourceManagerImpl)
2011-06-01 12:04:59,015 - Resource Loader Instantiated: org.apache.velocity.runtime.resource.loader.ClasspathResourceLoader
2011-06-01 12:04:59,015 - ClasspathResourceLoader : initialization starting.
2011-06-01 12:04:59,015 - ClasspathResourceLoader : initialization complete.
2011-06-01 12:04:59,022 - ResourceCache : initialized. (class org.apache.velocity.runtime.resource.ResourceCacheImpl)
2011-06-01 12:04:59,022 - Default ResourceManager initialization complete.
2011-06-01 12:04:59,028 - Loaded System Directive: org.apache.velocity.runtime.directive.Literal
2011-06-01 12:04:59,035 - Loaded System Directive: org.apache.velocity.runtime.directive.Macro
2011-06-01 12:04:59,047 - Loaded System Directive: org.apache.velocity.runtime.directive.Parse
2011-06-01 12:04:59,054 - Loaded System Directive: org.apache.velocity.runtime.directive.Include
2011-06-01 12:04:59,058 - Loaded System Directive: org.apache.velocity.runtime.directive.Foreach
2011-06-01 12:04:59,139 - Created: 20 parsers.
2011-06-01 12:04:59,173 - Velocimacro : initialization starting.
2011-06-01 12:04:59,173 - Velocimacro : adding VMs from VM library template : VM_global_library.vm
2011-06-01 12:04:59,187 - ResourceManager : unable to find resource 'VM_global_library.vm' in any resource loader.
2011-06-01 12:04:59,187 - Velocimacro : error using  VM library template VM_global_library.vm : org.apache.velocity.exception.ResourceNotFoundException: Unable to find resource 'VM_global_library.vm'
2011-06-01 12:04:59,187 - Velocimacro :  VM library template macro registration complete.
2011-06-01 12:04:59,187 - Velocimacro : allowInline = true : VMs can be defined inline in templates
2011-06-01 12:04:59,187 - Velocimacro : allowInlineToOverride = false : VMs defined inline may NOT replace previous VM definitions
2011-06-01 12:04:59,187 - Velocimacro : allowInlineLocal = false : VMs defined inline will be  global in scope if allowed.
2011-06-01 12:04:59,187 - Velocimacro : messages on  : VM system will output logging messages
2011-06-01 12:04:59,187 - Velocimacro : autoload off  : VM system will not automatically reload global library macros
2011-06-01 12:04:59,187 - Velocimacro : initialization complete.
2011-06-01 12:04:59,187 - Velocity successfully started.
