2011-05-28 15:12:49,123 - SimpleLog4JLogSystem initialized using logfile 'velocity.log'
2011-05-28 15:12:49,123 - ************************************************************** 
2011-05-28 15:12:49,124 - Starting Jakarta Velocity v1.4
2011-05-28 15:12:49,124 - RuntimeInstance initializing.
2011-05-28 15:12:49,124 - Default Properties File: org\apache\velocity\runtime\defaults\velocity.properties
2011-05-28 15:12:49,124 - Trying to use logger class org.apache.velocity.runtime.log.SimpleLog4JLogSystem
2011-05-28 15:12:49,124 - Using logger class org.apache.velocity.runtime.log.SimpleLog4JLogSystem
2011-05-28 15:12:49,134 - Default ResourceManager initializing. (class org.apache.velocity.runtime.resource.ResourceManagerImpl)
2011-05-28 15:12:49,146 - Resource Loader Instantiated: org.apache.velocity.runtime.resource.loader.ClasspathResourceLoader
2011-05-28 15:12:49,146 - ClasspathResourceLoader : initialization starting.
2011-05-28 15:12:49,146 - ClasspathResourceLoader : initialization complete.
2011-05-28 15:12:49,152 - ResourceCache : initialized. (class org.apache.velocity.runtime.resource.ResourceCacheImpl)
2011-05-28 15:12:49,152 - Default ResourceManager initialization complete.
2011-05-28 15:12:49,158 - Loaded System Directive: org.apache.velocity.runtime.directive.Literal
2011-05-28 15:12:49,165 - Loaded System Directive: org.apache.velocity.runtime.directive.Macro
2011-05-28 15:12:49,176 - Loaded System Directive: org.apache.velocity.runtime.directive.Parse
2011-05-28 15:12:49,183 - Loaded System Directive: org.apache.velocity.runtime.directive.Include
2011-05-28 15:12:49,187 - Loaded System Directive: org.apache.velocity.runtime.directive.Foreach
2011-05-28 15:12:49,267 - Created: 20 parsers.
2011-05-28 15:12:49,300 - Velocimacro : initialization starting.
2011-05-28 15:12:49,300 - Velocimacro : adding VMs from VM library template : VM_global_library.vm
2011-05-28 15:12:49,314 - ResourceManager : unable to find resource 'VM_global_library.vm' in any resource loader.
2011-05-28 15:12:49,315 - Velocimacro : error using  VM library template VM_global_library.vm : org.apache.velocity.exception.ResourceNotFoundException: Unable to find resource 'VM_global_library.vm'
2011-05-28 15:12:49,315 - Velocimacro :  VM library template macro registration complete.
2011-05-28 15:12:49,315 - Velocimacro : allowInline = true : VMs can be defined inline in templates
2011-05-28 15:12:49,315 - Velocimacro : allowInlineToOverride = false : VMs defined inline may NOT replace previous VM definitions
2011-05-28 15:12:49,315 - Velocimacro : allowInlineLocal = false : VMs defined inline will be  global in scope if allowed.
2011-05-28 15:12:49,315 - Velocimacro : messages on  : VM system will output logging messages
2011-05-28 15:12:49,315 - Velocimacro : autoload off  : VM system will not automatically reload global library macros
2011-05-28 15:12:49,315 - Velocimacro : initialization complete.
2011-05-28 15:12:49,315 - Velocity successfully started.
2011-05-30 16:30:34,507 - SimpleLog4JLogSystem initialized using logfile 'velocity.log'
2011-05-30 16:30:34,517 - ************************************************************** 
2011-05-30 16:30:34,517 - Starting Jakarta Velocity v1.4
2011-05-30 16:30:34,517 - RuntimeInstance initializing.
2011-05-30 16:30:34,517 - Default Properties File: org\apache\velocity\runtime\defaults\velocity.properties
2011-05-30 16:30:34,517 - Trying to use logger class org.apache.velocity.runtime.log.SimpleLog4JLogSystem
2011-05-30 16:30:34,517 - Using logger class org.apache.velocity.runtime.log.SimpleLog4JLogSystem
2011-05-30 16:30:34,529 - Default ResourceManager initializing. (class org.apache.velocity.runtime.resource.ResourceManagerImpl)
2011-05-30 16:30:34,545 - Resource Loader Instantiated: org.apache.velocity.runtime.resource.loader.ClasspathResourceLoader
2011-05-30 16:30:34,546 - ClasspathResourceLoader : initialization starting.
2011-05-30 16:30:34,546 - ClasspathResourceLoader : initialization complete.
2011-05-30 16:30:34,555 - ResourceCache : initialized. (class org.apache.velocity.runtime.resource.ResourceCacheImpl)
2011-05-30 16:30:34,555 - Default ResourceManager initialization complete.
2011-05-30 16:30:34,566 - Loaded System Directive: org.apache.velocity.runtime.directive.Literal
2011-05-30 16:30:34,574 - Loaded System Directive: org.apache.velocity.runtime.directive.Macro
2011-05-30 16:30:34,590 - Loaded System Directive: org.apache.velocity.runtime.directive.Parse
2011-05-30 16:30:34,599 - Loaded System Directive: org.apache.velocity.runtime.directive.Include
2011-05-30 16:30:34,604 - Loaded System Directive: org.apache.velocity.runtime.directive.Foreach
2011-05-30 16:30:34,719 - Created: 20 parsers.
2011-05-30 16:30:34,765 - Velocimacro : initialization starting.
2011-05-30 16:30:34,765 - Velocimacro : adding VMs from VM library template : VM_global_library.vm
2011-05-30 16:30:34,784 - ResourceManager : unable to find resource 'VM_global_library.vm' in any resource loader.
2011-05-30 16:30:34,785 - Velocimacro : error using  VM library template VM_global_library.vm : org.apache.velocity.exception.ResourceNotFoundException: Unable to find resource 'VM_global_library.vm'
2011-05-30 16:30:34,785 - Velocimacro :  VM library template macro registration complete.
2011-05-30 16:30:34,785 - Velocimacro : allowInline = true : VMs can be defined inline in templates
2011-05-30 16:30:34,785 - Velocimacro : allowInlineToOverride = false : VMs defined inline may NOT replace previous VM definitions
2011-05-30 16:30:34,785 - Velocimacro : allowInlineLocal = false : VMs defined inline will be  global in scope if allowed.
2011-05-30 16:30:34,785 - Velocimacro : messages on  : VM system will output logging messages
2011-05-30 16:30:34,785 - Velocimacro : autoload off  : VM system will not automatically reload global library macros
2011-05-30 16:30:34,785 - Velocimacro : initialization complete.
2011-05-30 16:30:34,785 - Velocity successfully started.
2011-05-30 16:32:19,085 - SimpleLog4JLogSystem initialized using logfile 'velocity.log'
2011-05-30 16:32:19,086 - ************************************************************** 
2011-05-30 16:32:19,086 - Starting Jakarta Velocity v1.4
2011-05-30 16:32:19,086 - RuntimeInstance initializing.
2011-05-30 16:32:19,086 - Default Properties File: org\apache\velocity\runtime\defaults\velocity.properties
2011-05-30 16:32:19,086 - Trying to use logger class org.apache.velocity.runtime.log.SimpleLog4JLogSystem
2011-05-30 16:32:19,086 - Using logger class org.apache.velocity.runtime.log.SimpleLog4JLogSystem
2011-05-30 16:32:19,101 - Default ResourceManager initializing. (class org.apache.velocity.runtime.resource.ResourceManagerImpl)
2011-05-30 16:32:19,119 - Resource Loader Instantiated: org.apache.velocity.runtime.resource.loader.ClasspathResourceLoader
2011-05-30 16:32:19,119 - ClasspathResourceLoader : initialization starting.
2011-05-30 16:32:19,120 - ClasspathResourceLoader : initialization complete.
2011-05-30 16:32:19,127 - ResourceCache : initialized. (class org.apache.velocity.runtime.resource.ResourceCacheImpl)
2011-05-30 16:32:19,127 - Default ResourceManager initialization complete.
2011-05-30 16:32:19,137 - Loaded System Directive: org.apache.velocity.runtime.directive.Literal
2011-05-30 16:32:19,145 - Loaded System Directive: org.apache.velocity.runtime.directive.Macro
2011-05-30 16:32:19,164 - Loaded System Directive: org.apache.velocity.runtime.directive.Parse
2011-05-30 16:32:19,172 - Loaded System Directive: org.apache.velocity.runtime.directive.Include
2011-05-30 16:32:19,176 - Loaded System Directive: org.apache.velocity.runtime.directive.Foreach
2011-05-30 16:32:19,335 - Created: 20 parsers.
2011-05-30 16:32:19,381 - Velocimacro : initialization starting.
2011-05-30 16:32:19,382 - Velocimacro : adding VMs from VM library template : VM_global_library.vm
2011-05-30 16:32:19,399 - ResourceManager : unable to find resource 'VM_global_library.vm' in any resource loader.
2011-05-30 16:32:19,399 - Velocimacro : error using  VM library template VM_global_library.vm : org.apache.velocity.exception.ResourceNotFoundException: Unable to find resource 'VM_global_library.vm'
2011-05-30 16:32:19,399 - Velocimacro :  VM library template macro registration complete.
2011-05-30 16:32:19,399 - Velocimacro : allowInline = true : VMs can be defined inline in templates
2011-05-30 16:32:19,399 - Velocimacro : allowInlineToOverride = false : VMs defined inline may NOT replace previous VM definitions
2011-05-30 16:32:19,399 - Velocimacro : allowInlineLocal = false : VMs defined inline will be  global in scope if allowed.
2011-05-30 16:32:19,399 - Velocimacro : messages on  : VM system will output logging messages
2011-05-30 16:32:19,399 - Velocimacro : autoload off  : VM system will not automatically reload global library macros
2011-05-30 16:32:19,399 - Velocimacro : initialization complete.
2011-05-30 16:32:19,400 - Velocity successfully started.
2011-05-30 16:33:47,986 - SimpleLog4JLogSystem initialized using logfile 'velocity.log'
2011-05-30 16:33:47,987 - ************************************************************** 
2011-05-30 16:33:47,987 - Starting Jakarta Velocity v1.4
2011-05-30 16:33:47,988 - RuntimeInstance initializing.
2011-05-30 16:33:47,988 - Default Properties File: org\apache\velocity\runtime\defaults\velocity.properties
2011-05-30 16:33:47,988 - Trying to use logger class org.apache.velocity.runtime.log.SimpleLog4JLogSystem
2011-05-30 16:33:47,988 - Using logger class org.apache.velocity.runtime.log.SimpleLog4JLogSystem
2011-05-30 16:33:48,000 - Default ResourceManager initializing. (class org.apache.velocity.runtime.resource.ResourceManagerImpl)
2011-05-30 16:33:48,015 - Resource Loader Instantiated: org.apache.velocity.runtime.resource.loader.ClasspathResourceLoader
2011-05-30 16:33:48,016 - ClasspathResourceLoader : initialization starting.
2011-05-30 16:33:48,016 - ClasspathResourceLoader : initialization complete.
2011-05-30 16:33:48,023 - ResourceCache : initialized. (class org.apache.velocity.runtime.resource.ResourceCacheImpl)
2011-05-30 16:33:48,023 - Default ResourceManager initialization complete.
2011-05-30 16:33:48,030 - Loaded System Directive: org.apache.velocity.runtime.directive.Literal
2011-05-30 16:33:48,038 - Loaded System Directive: org.apache.velocity.runtime.directive.Macro
2011-05-30 16:33:48,052 - Loaded System Directive: org.apache.velocity.runtime.directive.Parse
2011-05-30 16:33:48,058 - Loaded System Directive: org.apache.velocity.runtime.directive.Include
2011-05-30 16:33:48,063 - Loaded System Directive: org.apache.velocity.runtime.directive.Foreach
2011-05-30 16:33:48,141 - Created: 20 parsers.
2011-05-30 16:33:48,176 - Velocimacro : initialization starting.
2011-05-30 16:33:48,176 - Velocimacro : adding VMs from VM library template : VM_global_library.vm
2011-05-30 16:33:48,191 - ResourceManager : unable to find resource 'VM_global_library.vm' in any resource loader.
2011-05-30 16:33:48,191 - Velocimacro : error using  VM library template VM_global_library.vm : org.apache.velocity.exception.ResourceNotFoundException: Unable to find resource 'VM_global_library.vm'
2011-05-30 16:33:48,191 - Velocimacro :  VM library template macro registration complete.
2011-05-30 16:33:48,191 - Velocimacro : allowInline = true : VMs can be defined inline in templates
2011-05-30 16:33:48,191 - Velocimacro : allowInlineToOverride = false : VMs defined inline may NOT replace previous VM definitions
2011-05-30 16:33:48,191 - Velocimacro : allowInlineLocal = false : VMs defined inline will be  global in scope if allowed.
2011-05-30 16:33:48,191 - Velocimacro : messages on  : VM system will output logging messages
2011-05-30 16:33:48,191 - Velocimacro : autoload off  : VM system will not automatically reload global library macros
2011-05-30 16:33:48,191 - Velocimacro : initialization complete.
2011-05-30 16:33:48,191 - Velocity successfully started.
2011-05-30 16:36:22,471 - SimpleLog4JLogSystem initialized using logfile 'velocity.log'
2011-05-30 16:36:22,472 - ************************************************************** 
2011-05-30 16:36:22,472 - Starting Jakarta Velocity v1.4
2011-05-30 16:36:22,472 - RuntimeInstance initializing.
2011-05-30 16:36:22,472 - Default Properties File: org\apache\velocity\runtime\defaults\velocity.properties
2011-05-30 16:36:22,472 - Trying to use logger class org.apache.velocity.runtime.log.SimpleLog4JLogSystem
2011-05-30 16:36:22,472 - Using logger class org.apache.velocity.runtime.log.SimpleLog4JLogSystem
2011-05-30 16:36:22,485 - Default ResourceManager initializing. (class org.apache.velocity.runtime.resource.ResourceManagerImpl)
2011-05-30 16:36:22,499 - Resource Loader Instantiated: org.apache.velocity.runtime.resource.loader.ClasspathResourceLoader
2011-05-30 16:36:22,500 - ClasspathResourceLoader : initialization starting.
2011-05-30 16:36:22,500 - ClasspathResourceLoader : initialization complete.
2011-05-30 16:36:22,508 - ResourceCache : initialized. (class org.apache.velocity.runtime.resource.ResourceCacheImpl)
2011-05-30 16:36:22,509 - Default ResourceManager initialization complete.
2011-05-30 16:36:22,516 - Loaded System Directive: org.apache.velocity.runtime.directive.Literal
2011-05-30 16:36:22,524 - Loaded System Directive: org.apache.velocity.runtime.directive.Macro
2011-05-30 16:36:22,537 - Loaded System Directive: org.apache.velocity.runtime.directive.Parse
2011-05-30 16:36:22,545 - Loaded System Directive: org.apache.velocity.runtime.directive.Include
2011-05-30 16:36:22,549 - Loaded System Directive: org.apache.velocity.runtime.directive.Foreach
2011-05-30 16:36:22,626 - Created: 20 parsers.
2011-05-30 16:36:22,659 - Velocimacro : initialization starting.
2011-05-30 16:36:22,659 - Velocimacro : adding VMs from VM library template : VM_global_library.vm
2011-05-30 16:36:22,673 - ResourceManager : unable to find resource 'VM_global_library.vm' in any resource loader.
2011-05-30 16:36:22,673 - Velocimacro : error using  VM library template VM_global_library.vm : org.apache.velocity.exception.ResourceNotFoundException: Unable to find resource 'VM_global_library.vm'
2011-05-30 16:36:22,673 - Velocimacro :  VM library template macro registration complete.
2011-05-30 16:36:22,673 - Velocimacro : allowInline = true : VMs can be defined inline in templates
2011-05-30 16:36:22,673 - Velocimacro : allowInlineToOverride = false : VMs defined inline may NOT replace previous VM definitions
2011-05-30 16:36:22,673 - Velocimacro : allowInlineLocal = false : VMs defined inline will be  global in scope if allowed.
2011-05-30 16:36:22,673 - Velocimacro : messages on  : VM system will output logging messages
2011-05-30 16:36:22,673 - Velocimacro : autoload off  : VM system will not automatically reload global library macros
2011-05-30 16:36:22,673 - Velocimacro : initialization complete.
2011-05-30 16:36:22,673 - Velocity successfully started.
2011-05-30 16:46:51,530 - SimpleLog4JLogSystem initialized using logfile 'velocity.log'
2011-05-30 16:46:51,531 - ************************************************************** 
2011-05-30 16:46:51,531 - Starting Jakarta Velocity v1.4
2011-05-30 16:46:51,531 - RuntimeInstance initializing.
2011-05-30 16:46:51,531 - Default Properties File: org\apache\velocity\runtime\defaults\velocity.properties
2011-05-30 16:46:51,531 - Trying to use logger class org.apache.velocity.runtime.log.SimpleLog4JLogSystem
2011-05-30 16:46:51,531 - Using logger class org.apache.velocity.runtime.log.SimpleLog4JLogSystem
2011-05-30 16:46:51,541 - Default ResourceManager initializing. (class org.apache.velocity.runtime.resource.ResourceManagerImpl)
2011-05-30 16:46:51,553 - Resource Loader Instantiated: org.apache.velocity.runtime.resource.loader.ClasspathResourceLoader
2011-05-30 16:46:51,553 - ClasspathResourceLoader : initialization starting.
2011-05-30 16:46:51,554 - ClasspathResourceLoader : initialization complete.
2011-05-30 16:46:51,560 - ResourceCache : initialized. (class org.apache.velocity.runtime.resource.ResourceCacheImpl)
2011-05-30 16:46:51,560 - Default ResourceManager initialization complete.
2011-05-30 16:46:51,566 - Loaded System Directive: org.apache.velocity.runtime.directive.Literal
2011-05-30 16:46:51,573 - Loaded System Directive: org.apache.velocity.runtime.directive.Macro
2011-05-30 16:46:51,584 - Loaded System Directive: org.apache.velocity.runtime.directive.Parse
2011-05-30 16:46:51,591 - Loaded System Directive: org.apache.velocity.runtime.directive.Include
2011-05-30 16:46:51,595 - Loaded System Directive: org.apache.velocity.runtime.directive.Foreach
2011-05-30 16:46:51,672 - Created: 20 parsers.
2011-05-30 16:46:51,705 - Velocimacro : initialization starting.
2011-05-30 16:46:51,706 - Velocimacro : adding VMs from VM library template : VM_global_library.vm
2011-05-30 16:46:51,719 - ResourceManager : unable to find resource 'VM_global_library.vm' in any resource loader.
2011-05-30 16:46:51,719 - Velocimacro : error using  VM library template VM_global_library.vm : org.apache.velocity.exception.ResourceNotFoundException: Unable to find resource 'VM_global_library.vm'
2011-05-30 16:46:51,719 - Velocimacro :  VM library template macro registration complete.
2011-05-30 16:46:51,719 - Velocimacro : allowInline = true : VMs can be defined inline in templates
2011-05-30 16:46:51,719 - Velocimacro : allowInlineToOverride = false : VMs defined inline may NOT replace previous VM definitions
2011-05-30 16:46:51,719 - Velocimacro : allowInlineLocal = false : VMs defined inline will be  global in scope if allowed.
2011-05-30 16:46:51,719 - Velocimacro : messages on  : VM system will output logging messages
2011-05-30 16:46:51,719 - Velocimacro : autoload off  : VM system will not automatically reload global library macros
2011-05-30 16:46:51,719 - Velocimacro : initialization complete.
2011-05-30 16:46:51,719 - Velocity successfully started.
