2011-06-23 15:56:54,027 - Loaded System Directive: org.apache.velocity.runtime.directive.Macro
2011-06-23 15:56:54,071 - Loaded System Directive: org.apache.velocity.runtime.directive.Parse
2011-06-23 15:56:54,115 - Loaded System Directive: org.apache.velocity.runtime.directive.Include
2011-06-23 15:56:54,144 - Loaded System Directive: org.apache.velocity.runtime.directive.Foreach
2011-06-23 15:56:54,488 - Created: 20 parsers.
2011-06-23 15:56:54,641 - Velocimacro : initialization starting.
2011-06-23 15:56:54,641 - Velocimacro : adding VMs from VM library template : VM_global_library.vm
2011-06-23 15:56:54,787 - ResourceManager : unable to find resource 'VM_global_library.vm' in any resource loader.
2011-06-23 15:56:54,788 - Velocimacro : error using  VM library template VM_global_library.vm : org.apache.velocity.exception.ResourceNotFoundException: Unable to find resource 'VM_global_library.vm'
2011-06-23 15:56:54,788 - Velocimacro :  VM library template macro registration complete.
2011-06-23 15:56:54,788 - Velocimacro : allowInline = true : VMs can be defined inline in templates
2011-06-23 15:56:54,788 - Velocimacro : allowInlineToOverride = false : VMs defined inline may NOT replace previous VM definitions
2011-06-23 15:56:54,789 - Velocimacro : allowInlineLocal = false : VMs defined inline will be  global in scope if allowed.
2011-06-23 15:56:54,789 - Velocimacro : messages on  : VM system will output logging messages
2011-06-23 15:56:54,789 - Velocimacro : autoload off  : VM system will not automatically reload global library macros
2011-06-23 15:56:54,789 - Velocimacro : initialization complete.
2011-06-23 15:56:54,789 - Velocity successfully started.
2011-06-24 11:28:12,734 - SimpleLog4JLogSystem initialized using logfile 'velocity.log'
2011-06-24 11:28:12,750 - ************************************************************** 
2011-06-24 11:28:12,750 - Starting Jakarta Velocity v1.4
2011-06-24 11:28:12,750 - RuntimeInstance initializing.
2011-06-24 11:28:12,750 - Default Properties File: org\apache\velocity\runtime\defaults\velocity.properties
2011-06-24 11:28:12,750 - Trying to use logger class org.apache.velocity.runtime.log.SimpleLog4JLogSystem
2011-06-24 11:28:12,750 - Using logger class org.apache.velocity.runtime.log.SimpleLog4JLogSystem
2011-06-24 11:28:12,781 - Default ResourceManager initializing. (class org.apache.velocity.runtime.resource.ResourceManagerImpl)
2011-06-24 11:28:12,812 - Resource Loader Instantiated: org.apache.velocity.runtime.resource.loader.ClasspathResourceLoader
2011-06-24 11:28:12,812 - ClasspathResourceLoader : initialization starting.
2011-06-24 11:28:12,812 - ClasspathResourceLoader : initialization complete.
2011-06-24 11:28:12,828 - ResourceCache : initialized. (class org.apache.velocity.runtime.resource.ResourceCacheImpl)
2011-06-24 11:28:12,828 - Default ResourceManager initialization complete.
2011-06-24 11:28:12,843 - Loaded System Directive: org.apache.velocity.runtime.directive.Literal
2011-06-24 11:28:12,859 - Loaded System Directive: org.apache.velocity.runtime.directive.Macro
2011-06-24 11:28:12,906 - Loaded System Directive: org.apache.velocity.runtime.directive.Parse
2011-06-24 11:28:12,921 - Loaded System Directive: org.apache.velocity.runtime.directive.Include
2011-06-24 11:28:12,937 - Loaded System Directive: org.apache.velocity.runtime.directive.Foreach
2011-06-24 11:28:13,156 - Created: 20 parsers.
2011-06-24 11:28:13,265 - Velocimacro : initialization starting.
2011-06-24 11:28:13,265 - Velocimacro : adding VMs from VM library template : VM_global_library.vm
2011-06-24 11:28:13,296 - ResourceManager : unable to find resource 'VM_global_library.vm' in any resource loader.
2011-06-24 11:28:13,296 - Velocimacro : error using  VM library template VM_global_library.vm : org.apache.velocity.exception.ResourceNotFoundException: Unable to find resource 'VM_global_library.vm'
2011-06-24 11:28:13,312 - Velocimacro :  VM library template macro registration complete.
2011-06-24 11:28:13,312 - Velocimacro : allowInline = true : VMs can be defined inline in templates
2011-06-24 11:28:13,312 - Velocimacro : allowInlineToOverride = false : VMs defined inline may NOT replace previous VM definitions
2011-06-24 11:28:13,312 - Velocimacro : allowInlineLocal = false : VMs defined inline will be  global in scope if allowed.
2011-06-24 11:28:13,312 - Velocimacro : messages on  : VM system will output logging messages
2011-06-24 11:28:13,312 - Velocimacro : autoload off  : VM system will not automatically reload global library macros
2011-06-24 11:28:13,312 - Velocimacro : initialization complete.
2011-06-24 11:28:13,312 - Velocity successfully started.
2011-06-24 11:40:37,526 - SimpleLog4JLogSystem initialized using logfile 'velocity.log'
2011-06-24 11:40:37,526 - ************************************************************** 
2011-06-24 11:40:37,526 - Starting Jakarta Velocity v1.4
2011-06-24 11:40:37,526 - RuntimeInstance initializing.
2011-06-24 11:40:37,526 - Default Properties File: org\apache\velocity\runtime\defaults\velocity.properties
2011-06-24 11:40:37,526 - Trying to use logger class org.apache.velocity.runtime.log.SimpleLog4JLogSystem
2011-06-24 11:40:37,526 - Using logger class org.apache.velocity.runtime.log.SimpleLog4JLogSystem
2011-06-24 11:40:37,558 - Default ResourceManager initializing. (class org.apache.velocity.runtime.resource.ResourceManagerImpl)
2011-06-24 11:40:37,589 - Resource Loader Instantiated: org.apache.velocity.runtime.resource.loader.ClasspathResourceLoader
2011-06-24 11:40:37,589 - ClasspathResourceLoader : initialization starting.
2011-06-24 11:40:37,589 - ClasspathResourceLoader : initialization complete.
2011-06-24 11:40:37,604 - ResourceCache : initialized. (class org.apache.velocity.runtime.resource.ResourceCacheImpl)
2011-06-24 11:40:37,604 - Default ResourceManager initialization complete.
2011-06-24 11:40:37,620 - Loaded System Directive: org.apache.velocity.runtime.directive.Literal
2011-06-24 11:40:37,636 - Loaded System Directive: org.apache.velocity.runtime.directive.Macro
2011-06-24 11:40:37,667 - Loaded System Directive: org.apache.velocity.runtime.directive.Parse
2011-06-24 11:40:37,683 - Loaded System Directive: org.apache.velocity.runtime.directive.Include
2011-06-24 11:40:37,698 - Loaded System Directive: org.apache.velocity.runtime.directive.Foreach
2011-06-24 11:40:37,964 - Created: 20 parsers.
2011-06-24 11:40:38,073 - Velocimacro : initialization starting.
2011-06-24 11:40:38,073 - Velocimacro : adding VMs from VM library template : VM_global_library.vm
2011-06-24 11:40:38,120 - ResourceManager : unable to find resource 'VM_global_library.vm' in any resource loader.
2011-06-24 11:40:38,120 - Velocimacro : error using  VM library template VM_global_library.vm : org.apache.velocity.exception.ResourceNotFoundException: Unable to find resource 'VM_global_library.vm'
2011-06-24 11:40:38,120 - Velocimacro :  VM library template macro registration complete.
2011-06-24 11:40:38,120 - Velocimacro : allowInline = true : VMs can be defined inline in templates
2011-06-24 11:40:38,120 - Velocimacro : allowInlineToOverride = false : VMs defined inline may NOT replace previous VM definitions
2011-06-24 11:40:38,120 - Velocimacro : allowInlineLocal = false : VMs defined inline will be  global in scope if allowed.
2011-06-24 11:40:38,120 - Velocimacro : messages on  : VM system will output logging messages
2011-06-24 11:40:38,120 - Velocimacro : autoload off  : VM system will not automatically reload global library macros
2011-06-24 11:40:38,120 - Velocimacro : initialization complete.
2011-06-24 11:40:38,120 - Velocity successfully started.
2011-06-24 11:45:02,728 - SimpleLog4JLogSystem initialized using logfile 'velocity.log'
2011-06-24 11:45:02,728 - ************************************************************** 
2011-06-24 11:45:02,728 - Starting Jakarta Velocity v1.4
2011-06-24 11:45:02,728 - RuntimeInstance initializing.
2011-06-24 11:45:02,728 - Default Properties File: org\apache\velocity\runtime\defaults\velocity.properties
2011-06-24 11:45:02,728 - Trying to use logger class org.apache.velocity.runtime.log.SimpleLog4JLogSystem
2011-06-24 11:45:02,728 - Using logger class org.apache.velocity.runtime.log.SimpleLog4JLogSystem
2011-06-24 11:45:02,759 - Default ResourceManager initializing. (class org.apache.velocity.runtime.resource.ResourceManagerImpl)
2011-06-24 11:45:02,790 - Resource Loader Instantiated: org.apache.velocity.runtime.resource.loader.ClasspathResourceLoader
2011-06-24 11:45:02,790 - ClasspathResourceLoader : initialization starting.
2011-06-24 11:45:02,790 - ClasspathResourceLoader : initialization complete.
2011-06-24 11:45:02,806 - ResourceCache : initialized. (class org.apache.velocity.runtime.resource.ResourceCacheImpl)
2011-06-24 11:45:02,806 - Default ResourceManager initialization complete.
2011-06-24 11:45:02,821 - Loaded System Directive: org.apache.velocity.runtime.directive.Literal
2011-06-24 11:45:02,853 - Loaded System Directive: org.apache.velocity.runtime.directive.Macro
2011-06-24 11:45:02,884 - Loaded System Directive: org.apache.velocity.runtime.directive.Parse
2011-06-24 11:45:02,899 - Loaded System Directive: org.apache.velocity.runtime.directive.Include
2011-06-24 11:45:02,915 - Loaded System Directive: org.apache.velocity.runtime.directive.Foreach
2011-06-24 11:45:03,149 - Created: 20 parsers.
2011-06-24 11:45:03,243 - Velocimacro : initialization starting.
2011-06-24 11:45:03,243 - Velocimacro : adding VMs from VM library template : VM_global_library.vm
2011-06-24 11:45:03,290 - ResourceManager : unable to find resource 'VM_global_library.vm' in any resource loader.
2011-06-24 11:45:03,290 - Velocimacro : error using  VM library template VM_global_library.vm : org.apache.velocity.exception.ResourceNotFoundException: Unable to find resource 'VM_global_library.vm'
2011-06-24 11:45:03,290 - Velocimacro :  VM library template macro registration complete.
2011-06-24 11:45:03,290 - Velocimacro : allowInline = true : VMs can be defined inline in templates
2011-06-24 11:45:03,290 - Velocimacro : allowInlineToOverride = false : VMs defined inline may NOT replace previous VM definitions
2011-06-24 11:45:03,290 - Velocimacro : allowInlineLocal = false : VMs defined inline will be  global in scope if allowed.
2011-06-24 11:45:03,290 - Velocimacro : messages on  : VM system will output logging messages
2011-06-24 11:45:03,290 - Velocimacro : autoload off  : VM system will not automatically reload global library macros
2011-06-24 11:45:03,290 - Velocimacro : initialization complete.
2011-06-24 11:45:03,290 - Velocity successfully started.
2011-06-24 11:48:13,085 - SimpleLog4JLogSystem initialized using logfile 'velocity.log'
2011-06-24 11:48:13,087 - ************************************************************** 
2011-06-24 11:48:13,087 - Starting Jakarta Velocity v1.4
2011-06-24 11:48:13,087 - RuntimeInstance initializing.
2011-06-24 11:48:13,087 - Default Properties File: org\apache\velocity\runtime\defaults\velocity.properties
2011-06-24 11:48:13,088 - Trying to use logger class org.apache.velocity.runtime.log.SimpleLog4JLogSystem
2011-06-24 11:48:13,088 - Using logger class org.apache.velocity.runtime.log.SimpleLog4JLogSystem
2011-06-24 11:48:13,128 - Default ResourceManager initializing. (class org.apache.velocity.runtime.resource.ResourceManagerImpl)
2011-06-24 11:48:13,167 - Resource Loader Instantiated: org.apache.velocity.runtime.resource.loader.ClasspathResourceLoader
2011-06-24 11:48:13,168 - ClasspathResourceLoader : initialization starting.
2011-06-24 11:48:13,168 - ClasspathResourceLoader : initialization complete.
2011-06-24 11:48:13,188 - ResourceCache : initialized. (class org.apache.velocity.runtime.resource.ResourceCacheImpl)
2011-06-24 11:48:13,188 - Default ResourceManager initialization complete.
2011-06-24 11:48:13,234 - Loaded System Directive: org.apache.velocity.runtime.directive.Literal
2011-06-24 11:48:13,281 - Loaded System Directive: org.apache.velocity.runtime.directive.Macro
2011-06-24 11:48:13,376 - Loaded System Directive: org.apache.velocity.runtime.directive.Parse
2011-06-24 11:48:13,452 - Loaded System Directive: org.apache.velocity.runtime.directive.Include
2011-06-24 11:48:13,468 - Loaded System Directive: org.apache.velocity.runtime.directive.Foreach
2011-06-24 11:48:14,087 - Created: 20 parsers.
2011-06-24 11:48:14,310 - Velocimacro : initialization starting.
2011-06-24 11:48:14,310 - Velocimacro : adding VMs from VM library template : VM_global_library.vm
2011-06-24 11:48:14,401 - ResourceManager : unable to find resource 'VM_global_library.vm' in any resource loader.
2011-06-24 11:48:14,401 - Velocimacro : error using  VM library template VM_global_library.vm : org.apache.velocity.exception.ResourceNotFoundException: Unable to find resource 'VM_global_library.vm'
2011-06-24 11:48:14,401 - Velocimacro :  VM library template macro registration complete.
2011-06-24 11:48:14,402 - Velocimacro : allowInline = true : VMs can be defined inline in templates
2011-06-24 11:48:14,402 - Velocimacro : allowInlineToOverride = false : VMs defined inline may NOT replace previous VM definitions
2011-06-24 11:48:14,402 - Velocimacro : allowInlineLocal = false : VMs defined inline will be  global in scope if allowed.
2011-06-24 11:48:14,402 - Velocimacro : messages on  : VM system will output logging messages
2011-06-24 11:48:14,402 - Velocimacro : autoload off  : VM system will not automatically reload global library macros
2011-06-24 11:48:14,402 - Velocimacro : initialization complete.
2011-06-24 11:48:14,402 - Velocity successfully started.
2011-08-03 14:32:29,055 - SimpleLog4JLogSystem initialized using logfile 'velocity.log'
2011-08-03 14:32:29,094 - ************************************************************** 
2011-08-03 14:32:29,094 - Starting Jakarta Velocity v1.4
2011-08-03 14:32:29,094 - RuntimeInstance initializing.
2011-08-03 14:32:29,094 - Default Properties File: org\apache\velocity\runtime\defaults\velocity.properties
2011-08-03 14:32:29,095 - Trying to use logger class org.apache.velocity.runtime.log.SimpleLog4JLogSystem
2011-08-03 14:32:29,095 - Using logger class org.apache.velocity.runtime.log.SimpleLog4JLogSystem
2011-08-03 14:32:29,103 - Default ResourceManager initializing. (class org.apache.velocity.runtime.resource.ResourceManagerImpl)
2011-08-03 14:32:29,115 - Resource Loader Instantiated: org.apache.velocity.runtime.resource.loader.ClasspathResourceLoader
2011-08-03 14:32:29,115 - ClasspathResourceLoader : initialization starting.
2011-08-03 14:32:29,115 - ClasspathResourceLoader : initialization complete.
2011-08-03 14:32:29,120 - ResourceCache : initialized. (class org.apache.velocity.runtime.resource.ResourceCacheImpl)
2011-08-03 14:32:29,120 - Default ResourceManager initialization complete.
2011-08-03 14:32:29,125 - Loaded System Directive: org.apache.velocity.runtime.directive.Literal
2011-08-03 14:32:29,129 - Loaded System Directive: org.apache.velocity.runtime.directive.Macro
2011-08-03 14:32:29,146 - Loaded System Directive: org.apache.velocity.runtime.directive.Parse
2011-08-03 14:32:29,151 - Loaded System Directive: org.apache.velocity.runtime.directive.Include
2011-08-03 14:32:29,154 - Loaded System Directive: org.apache.velocity.runtime.directive.Foreach
2011-08-03 14:32:29,222 - Created: 20 parsers.
2011-08-03 14:32:29,253 - Velocimacro : initialization starting.
2011-08-03 14:32:29,253 - Velocimacro : adding VMs from VM library template : VM_global_library.vm
2011-08-03 14:32:29,264 - ResourceManager : unable to find resource 'VM_global_library.vm' in any resource loader.
2011-08-03 14:32:29,264 - Velocimacro : error using  VM library template VM_global_library.vm : org.apache.velocity.exception.ResourceNotFoundException: Unable to find resource 'VM_global_library.vm'
2011-08-03 14:32:29,264 - Velocimacro :  VM library template macro registration complete.
2011-08-03 14:32:29,264 - Velocimacro : allowInline = true : VMs can be defined inline in templates
2011-08-03 14:32:29,264 - Velocimacro : allowInlineToOverride = false : VMs defined inline may NOT replace previous VM definitions
2011-08-03 14:32:29,264 - Velocimacro : allowInlineLocal = false : VMs defined inline will be  global in scope if allowed.
2011-08-03 14:32:29,264 - Velocimacro : messages on  : VM system will output logging messages
2011-08-03 14:32:29,264 - Velocimacro : autoload off  : VM system will not automatically reload global library macros
2011-08-03 14:32:29,264 - Velocimacro : initialization complete.
2011-08-03 14:32:29,264 - Velocity successfully started.
2011-08-03 14:34:14,914 - SimpleLog4JLogSystem initialized using logfile 'velocity.log'
2011-08-03 14:34:14,915 - ************************************************************** 
2011-08-03 14:34:14,915 - Starting Jakarta Velocity v1.4
2011-08-03 14:34:14,915 - RuntimeInstance initializing.
2011-08-03 14:34:14,915 - Default Properties File: org\apache\velocity\runtime\defaults\velocity.properties
2011-08-03 14:34:14,915 - Trying to use logger class org.apache.velocity.runtime.log.SimpleLog4JLogSystem
2011-08-03 14:34:14,915 - Using logger class org.apache.velocity.runtime.log.SimpleLog4JLogSystem
2011-08-03 14:34:14,923 - Default ResourceManager initializing. (class org.apache.velocity.runtime.resource.ResourceManagerImpl)
2011-08-03 14:34:14,933 - Resource Loader Instantiated: org.apache.velocity.runtime.resource.loader.ClasspathResourceLoader
2011-08-03 14:34:14,933 - ClasspathResourceLoader : initialization starting.
2011-08-03 14:34:14,933 - ClasspathResourceLoader : initialization complete.
2011-08-03 14:34:14,938 - ResourceCache : initialized. (class org.apache.velocity.runtime.resource.ResourceCacheImpl)
2011-08-03 14:34:14,938 - Default ResourceManager initialization complete.
2011-08-03 14:34:14,944 - Loaded System Directive: org.apache.velocity.runtime.directive.Literal
2011-08-03 14:34:14,949 - Loaded System Directive: org.apache.velocity.runtime.directive.Macro
2011-08-03 14:34:14,959 - Loaded System Directive: org.apache.velocity.runtime.directive.Parse
2011-08-03 14:34:14,963 - Loaded System Directive: org.apache.velocity.runtime.directive.Include
2011-08-03 14:34:14,966 - Loaded System Directive: org.apache.velocity.runtime.directive.Foreach
2011-08-03 14:34:15,028 - Created: 20 parsers.
2011-08-03 14:34:15,054 - Velocimacro : initialization starting.
2011-08-03 14:34:15,054 - Velocimacro : adding VMs from VM library template : VM_global_library.vm
2011-08-03 14:34:15,062 - ResourceManager : unable to find resource 'VM_global_library.vm' in any resource loader.
2011-08-03 14:34:15,062 - Velocimacro : error using  VM library template VM_global_library.vm : org.apache.velocity.exception.ResourceNotFoundException: Unable to find resource 'VM_global_library.vm'
2011-08-03 14:34:15,062 - Velocimacro :  VM library template macro registration complete.
2011-08-03 14:34:15,062 - Velocimacro : allowInline = true : VMs can be defined inline in templates
2011-08-03 14:34:15,062 - Velocimacro : allowInlineToOverride = false : VMs defined inline may NOT replace previous VM definitions
2011-08-03 14:34:15,062 - Velocimacro : allowInlineLocal = false : VMs defined inline will be  global in scope if allowed.
2011-08-03 14:34:15,063 - Velocimacro : messages on  : VM system will output logging messages
2011-08-03 14:34:15,063 - Velocimacro : autoload off  : VM system will not automatically reload global library macros
2011-08-03 14:34:15,063 - Velocimacro : initialization complete.
2011-08-03 14:34:15,063 - Velocity successfully started.
2011-08-03 14:38:25,786 - SimpleLog4JLogSystem initialized using logfile 'velocity.log'
2011-08-03 14:38:25,786 - ************************************************************** 
2011-08-03 14:38:25,786 - Starting Jakarta Velocity v1.4
2011-08-03 14:38:25,786 - RuntimeInstance initializing.
2011-08-03 14:38:25,787 - Default Properties File: org\apache\velocity\runtime\defaults\velocity.properties
2011-08-03 14:38:25,787 - Trying to use logger class org.apache.velocity.runtime.log.SimpleLog4JLogSystem
2011-08-03 14:38:25,787 - Using logger class org.apache.velocity.runtime.log.SimpleLog4JLogSystem
2011-08-03 14:38:25,796 - Default ResourceManager initializing. (class org.apache.velocity.runtime.resource.ResourceManagerImpl)
2011-08-03 14:38:25,806 - Resource Loader Instantiated: org.apache.velocity.runtime.resource.loader.ClasspathResourceLoader
2011-08-03 14:38:25,806 - ClasspathResourceLoader : initialization starting.
2011-08-03 14:38:25,806 - ClasspathResourceLoader : initialization complete.
2011-08-03 14:38:25,810 - ResourceCache : initialized. (class org.apache.velocity.runtime.resource.ResourceCacheImpl)
2011-08-03 14:38:25,811 - Default ResourceManager initialization complete.
2011-08-03 14:38:25,815 - Loaded System Directive: org.apache.velocity.runtime.directive.Literal
2011-08-03 14:38:25,820 - Loaded System Directive: org.apache.velocity.runtime.directive.Macro
2011-08-03 14:38:25,830 - Loaded System Directive: org.apache.velocity.runtime.directive.Parse
2011-08-03 14:38:25,835 - Loaded System Directive: org.apache.velocity.runtime.directive.Include
2011-08-03 14:38:25,838 - Loaded System Directive: org.apache.velocity.runtime.directive.Foreach
2011-08-03 14:38:25,895 - Created: 20 parsers.
2011-08-03 14:38:25,919 - Velocimacro : initialization starting.
2011-08-03 14:38:25,920 - Velocimacro : adding VMs from VM library template : VM_global_library.vm
2011-08-03 14:38:25,929 - ResourceManager : unable to find resource 'VM_global_library.vm' in any resource loader.
2011-08-03 14:38:25,929 - Velocimacro : error using  VM library template VM_global_library.vm : org.apache.velocity.exception.ResourceNotFoundException: Unable to find resource 'VM_global_library.vm'
2011-08-03 14:38:25,931 - Velocimacro :  VM library template macro registration complete.
2011-08-03 14:38:25,931 - Velocimacro : allowInline = true : VMs can be defined inline in templates
2011-08-03 14:38:25,931 - Velocimacro : allowInlineToOverride = false : VMs defined inline may NOT replace previous VM definitions
2011-08-03 14:38:25,931 - Velocimacro : allowInlineLocal = false : VMs defined inline will be  global in scope if allowed.
2011-08-03 14:38:25,931 - Velocimacro : messages on  : VM system will output logging messages
2011-08-03 14:38:25,931 - Velocimacro : autoload off  : VM system will not automatically reload global library macros
2011-08-03 14:38:25,931 - Velocimacro : initialization complete.
2011-08-03 14:38:25,931 - Velocity successfully started.
2011-08-03 14:38:57,440 - SimpleLog4JLogSystem initialized using logfile 'velocity.log'
2011-08-03 14:38:57,440 - ************************************************************** 
2011-08-03 14:38:57,440 - Starting Jakarta Velocity v1.4
2011-08-03 14:38:57,441 - RuntimeInstance initializing.
2011-08-03 14:38:57,441 - Default Properties File: org\apache\velocity\runtime\defaults\velocity.properties
2011-08-03 14:38:57,441 - Trying to use logger class org.apache.velocity.runtime.log.SimpleLog4JLogSystem
2011-08-03 14:38:57,441 - Using logger class org.apache.velocity.runtime.log.SimpleLog4JLogSystem
2011-08-03 14:38:57,448 - Default ResourceManager initializing. (class org.apache.velocity.runtime.resource.ResourceManagerImpl)
2011-08-03 14:38:57,458 - Resource Loader Instantiated: org.apache.velocity.runtime.resource.loader.ClasspathResourceLoader
2011-08-03 14:38:57,458 - ClasspathResourceLoader : initialization starting.
2011-08-03 14:38:57,458 - ClasspathResourceLoader : initialization complete.
2011-08-03 14:38:57,463 - ResourceCache : initialized. (class org.apache.velocity.runtime.resource.ResourceCacheImpl)
2011-08-03 14:38:57,463 - Default ResourceManager initialization complete.
2011-08-03 14:38:57,468 - Loaded System Directive: org.apache.velocity.runtime.directive.Literal
2011-08-03 14:38:57,473 - Loaded System Directive: org.apache.velocity.runtime.directive.Macro
2011-08-03 14:38:57,482 - Loaded System Directive: org.apache.velocity.runtime.directive.Parse
2011-08-03 14:38:57,487 - Loaded System Directive: org.apache.velocity.runtime.directive.Include
2011-08-03 14:38:57,493 - Loaded System Directive: org.apache.velocity.runtime.directive.Foreach
2011-08-03 14:38:57,555 - Created: 20 parsers.
2011-08-03 14:38:57,581 - Velocimacro : initialization starting.
2011-08-03 14:38:57,581 - Velocimacro : adding VMs from VM library template : VM_global_library.vm
2011-08-03 14:38:57,591 - ResourceManager : unable to find resource 'VM_global_library.vm' in any resource loader.
2011-08-03 14:38:57,591 - Velocimacro : error using  VM library template VM_global_library.vm : org.apache.velocity.exception.ResourceNotFoundException: Unable to find resource 'VM_global_library.vm'
2011-08-03 14:38:57,591 - Velocimacro :  VM library template macro registration complete.
2011-08-03 14:38:57,591 - Velocimacro : allowInline = true : VMs can be defined inline in templates
2011-08-03 14:38:57,591 - Velocimacro : allowInlineToOverride = false : VMs defined inline may NOT replace previous VM definitions
2011-08-03 14:38:57,591 - Velocimacro : allowInlineLocal = false : VMs defined inline will be  global in scope if allowed.
2011-08-03 14:38:57,591 - Velocimacro : messages on  : VM system will output logging messages
2011-08-03 14:38:57,591 - Velocimacro : autoload off  : VM system will not automatically reload global library macros
2011-08-03 14:38:57,591 - Velocimacro : initialization complete.
2011-08-03 14:38:57,591 - Velocity successfully started.
2011-08-03 14:39:59,540 - SimpleLog4JLogSystem initialized using logfile 'velocity.log'
2011-08-03 14:39:59,541 - ************************************************************** 
2011-08-03 14:39:59,541 - Starting Jakarta Velocity v1.4
2011-08-03 14:39:59,541 - RuntimeInstance initializing.
2011-08-03 14:39:59,541 - Default Properties File: org\apache\velocity\runtime\defaults\velocity.properties
2011-08-03 14:39:59,541 - Trying to use logger class org.apache.velocity.runtime.log.SimpleLog4JLogSystem
2011-08-03 14:39:59,541 - Using logger class org.apache.velocity.runtime.log.SimpleLog4JLogSystem
2011-08-03 14:39:59,551 - Default ResourceManager initializing. (class org.apache.velocity.runtime.resource.ResourceManagerImpl)
2011-08-03 14:39:59,562 - Resource Loader Instantiated: org.apache.velocity.runtime.resource.loader.ClasspathResourceLoader
2011-08-03 14:39:59,562 - ClasspathResourceLoader : initialization starting.
2011-08-03 14:39:59,563 - ClasspathResourceLoader : initialization complete.
2011-08-03 14:39:59,569 - ResourceCache : initialized. (class org.apache.velocity.runtime.resource.ResourceCacheImpl)
2011-08-03 14:39:59,569 - Default ResourceManager initialization complete.
2011-08-03 14:39:59,574 - Loaded System Directive: org.apache.velocity.runtime.directive.Literal
2011-08-03 14:39:59,579 - Loaded System Directive: org.apache.velocity.runtime.directive.Macro
2011-08-03 14:39:59,589 - Loaded System Directive: org.apache.velocity.runtime.directive.Parse
2011-08-03 14:39:59,594 - Loaded System Directive: org.apache.velocity.runtime.directive.Include
2011-08-03 14:39:59,600 - Loaded System Directive: org.apache.velocity.runtime.directive.Foreach
2011-08-03 14:39:59,667 - Created: 20 parsers.
2011-08-03 14:39:59,693 - Velocimacro : initialization starting.
2011-08-03 14:39:59,693 - Velocimacro : adding VMs from VM library template : VM_global_library.vm
2011-08-03 14:39:59,703 - ResourceManager : unable to find resource 'VM_global_library.vm' in any resource loader.
2011-08-03 14:39:59,704 - Velocimacro : error using  VM library template VM_global_library.vm : org.apache.velocity.exception.ResourceNotFoundException: Unable to find resource 'VM_global_library.vm'
2011-08-03 14:39:59,704 - Velocimacro :  VM library template macro registration complete.
2011-08-03 14:39:59,704 - Velocimacro : allowInline = true : VMs can be defined inline in templates
2011-08-03 14:39:59,704 - Velocimacro : allowInlineToOverride = false : VMs defined inline may NOT replace previous VM definitions
2011-08-03 14:39:59,704 - Velocimacro : allowInlineLocal = false : VMs defined inline will be  global in scope if allowed.
2011-08-03 14:39:59,704 - Velocimacro : messages on  : VM system will output logging messages
2011-08-03 14:39:59,704 - Velocimacro : autoload off  : VM system will not automatically reload global library macros
2011-08-03 14:39:59,704 - Velocimacro : initialization complete.
2011-08-03 14:39:59,704 - Velocity successfully started.
2011-08-03 14:41:47,402 - SimpleLog4JLogSystem initialized using logfile 'velocity.log'
2011-08-03 14:41:47,403 - ************************************************************** 
2011-08-03 14:41:47,403 - Starting Jakarta Velocity v1.4
2011-08-03 14:41:47,403 - RuntimeInstance initializing.
2011-08-03 14:41:47,403 - Default Properties File: org\apache\velocity\runtime\defaults\velocity.properties
2011-08-03 14:41:47,403 - Trying to use logger class org.apache.velocity.runtime.log.SimpleLog4JLogSystem
2011-08-03 14:41:47,403 - Using logger class org.apache.velocity.runtime.log.SimpleLog4JLogSystem
2011-08-03 14:41:47,411 - Default ResourceManager initializing. (class org.apache.velocity.runtime.resource.ResourceManagerImpl)
2011-08-03 14:41:47,422 - Resource Loader Instantiated: org.apache.velocity.runtime.resource.loader.ClasspathResourceLoader
2011-08-03 14:41:47,422 - ClasspathResourceLoader : initialization starting.
2011-08-03 14:41:47,422 - ClasspathResourceLoader : initialization complete.
2011-08-03 14:41:47,427 - ResourceCache : initialized. (class org.apache.velocity.runtime.resource.ResourceCacheImpl)
2011-08-03 14:41:47,427 - Default ResourceManager initialization complete.
2011-08-03 14:41:47,432 - Loaded System Directive: org.apache.velocity.runtime.directive.Literal
2011-08-03 14:41:47,437 - Loaded System Directive: org.apache.velocity.runtime.directive.Macro
2011-08-03 14:41:47,446 - Loaded System Directive: org.apache.velocity.runtime.directive.Parse
2011-08-03 14:41:47,451 - Loaded System Directive: org.apache.velocity.runtime.directive.Include
2011-08-03 14:41:47,457 - Loaded System Directive: org.apache.velocity.runtime.directive.Foreach
2011-08-03 14:41:47,520 - Created: 20 parsers.
2011-08-03 14:41:47,546 - Velocimacro : initialization starting.
2011-08-03 14:41:47,546 - Velocimacro : adding VMs from VM library template : VM_global_library.vm
2011-08-03 14:41:47,557 - ResourceManager : unable to find resource 'VM_global_library.vm' in any resource loader.
2011-08-03 14:41:47,557 - Velocimacro : error using  VM library template VM_global_library.vm : org.apache.velocity.exception.ResourceNotFoundException: Unable to find resource 'VM_global_library.vm'
2011-08-03 14:41:47,557 - Velocimacro :  VM library template macro registration complete.
2011-08-03 14:41:47,557 - Velocimacro : allowInline = true : VMs can be defined inline in templates
2011-08-03 14:41:47,557 - Velocimacro : allowInlineToOverride = false : VMs defined inline may NOT replace previous VM definitions
2011-08-03 14:41:47,557 - Velocimacro : allowInlineLocal = false : VMs defined inline will be  global in scope if allowed.
2011-08-03 14:41:47,557 - Velocimacro : messages on  : VM system will output logging messages
2011-08-03 14:41:47,557 - Velocimacro : autoload off  : VM system will not automatically reload global library macros
2011-08-03 14:41:47,557 - Velocimacro : initialization complete.
2011-08-03 14:41:47,557 - Velocity successfully started.
2011-08-03 14:42:29,211 - SimpleLog4JLogSystem initialized using logfile 'velocity.log'
2011-08-03 14:42:29,211 - ************************************************************** 
2011-08-03 14:42:29,211 - Starting Jakarta Velocity v1.4
2011-08-03 14:42:29,212 - RuntimeInstance initializing.
2011-08-03 14:42:29,212 - Default Properties File: org\apache\velocity\runtime\defaults\velocity.properties
2011-08-03 14:42:29,212 - Trying to use logger class org.apache.velocity.runtime.log.SimpleLog4JLogSystem
2011-08-03 14:42:29,212 - Using logger class org.apache.velocity.runtime.log.SimpleLog4JLogSystem
2011-08-03 14:42:29,220 - Default ResourceManager initializing. (class org.apache.velocity.runtime.resource.ResourceManagerImpl)
2011-08-03 14:42:29,229 - Resource Loader Instantiated: org.apache.velocity.runtime.resource.loader.ClasspathResourceLoader
2011-08-03 14:42:29,230 - ClasspathResourceLoader : initialization starting.
2011-08-03 14:42:29,230 - ClasspathResourceLoader : initialization complete.
2011-08-03 14:42:29,234 - ResourceCache : initialized. (class org.apache.velocity.runtime.resource.ResourceCacheImpl)
2011-08-03 14:42:29,234 - Default ResourceManager initialization complete.
2011-08-03 14:42:29,239 - Loaded System Directive: org.apache.velocity.runtime.directive.Literal
2011-08-03 14:42:29,243 - Loaded System Directive: org.apache.velocity.runtime.directive.Macro
2011-08-03 14:42:29,253 - Loaded System Directive: org.apache.velocity.runtime.directive.Parse
2011-08-03 14:42:29,258 - Loaded System Directive: org.apache.velocity.runtime.directive.Include
2011-08-03 14:42:29,260 - Loaded System Directive: org.apache.velocity.runtime.directive.Foreach
2011-08-03 14:42:29,318 - Created: 20 parsers.
2011-08-03 14:42:29,343 - Velocimacro : initialization starting.
2011-08-03 14:42:29,343 - Velocimacro : adding VMs from VM library template : VM_global_library.vm
2011-08-03 14:42:29,353 - ResourceManager : unable to find resource 'VM_global_library.vm' in any resource loader.
2011-08-03 14:42:29,353 - Velocimacro : error using  VM library template VM_global_library.vm : org.apache.velocity.exception.ResourceNotFoundException: Unable to find resource 'VM_global_library.vm'
2011-08-03 14:42:29,353 - Velocimacro :  VM library template macro registration complete.
2011-08-03 14:42:29,354 - Velocimacro : allowInline = true : VMs can be defined inline in templates
2011-08-03 14:42:29,354 - Velocimacro : allowInlineToOverride = false : VMs defined inline may NOT replace previous VM definitions
2011-08-03 14:42:29,354 - Velocimacro : allowInlineLocal = false : VMs defined inline will be  global in scope if allowed.
2011-08-03 14:42:29,354 - Velocimacro : messages on  : VM system will output logging messages
2011-08-03 14:42:29,354 - Velocimacro : autoload off  : VM system will not automatically reload global library macros
2011-08-03 14:42:29,354 - Velocimacro : initialization complete.
2011-08-03 14:42:29,354 - Velocity successfully started.
2011-08-03 14:43:26,510 - SimpleLog4JLogSystem initialized using logfile 'velocity.log'
2011-08-03 14:43:26,510 - ************************************************************** 
2011-08-03 14:43:26,510 - Starting Jakarta Velocity v1.4
2011-08-03 14:43:26,510 - RuntimeInstance initializing.
2011-08-03 14:43:26,510 - Default Properties File: org\apache\velocity\runtime\defaults\velocity.properties
2011-08-03 14:43:26,510 - Trying to use logger class org.apache.velocity.runtime.log.SimpleLog4JLogSystem
2011-08-03 14:43:26,510 - Using logger class org.apache.velocity.runtime.log.SimpleLog4JLogSystem
2011-08-03 14:43:26,518 - Default ResourceManager initializing. (class org.apache.velocity.runtime.resource.ResourceManagerImpl)
2011-08-03 14:43:26,529 - Resource Loader Instantiated: org.apache.velocity.runtime.resource.loader.ClasspathResourceLoader
2011-08-03 14:43:26,529 - ClasspathResourceLoader : initialization starting.
2011-08-03 14:43:26,529 - ClasspathResourceLoader : initialization complete.
2011-08-03 14:43:26,534 - ResourceCache : initialized. (class org.apache.velocity.runtime.resource.ResourceCacheImpl)
2011-08-03 14:43:26,534 - Default ResourceManager initialization complete.
2011-08-03 14:43:26,539 - Loaded System Directive: org.apache.velocity.runtime.directive.Literal
2011-08-03 14:43:26,543 - Loaded System Directive: org.apache.velocity.runtime.directive.Macro
2011-08-03 14:43:26,553 - Loaded System Directive: org.apache.velocity.runtime.directive.Parse
2011-08-03 14:43:26,557 - Loaded System Directive: org.apache.velocity.runtime.directive.Include
2011-08-03 14:43:26,560 - Loaded System Directive: org.apache.velocity.runtime.directive.Foreach
2011-08-03 14:43:26,619 - Created: 20 parsers.
2011-08-03 14:43:26,643 - Velocimacro : initialization starting.
2011-08-03 14:43:26,644 - Velocimacro : adding VMs from VM library template : VM_global_library.vm
2011-08-03 14:43:26,654 - ResourceManager : unable to find resource 'VM_global_library.vm' in any resource loader.
2011-08-03 14:43:26,654 - Velocimacro : error using  VM library template VM_global_library.vm : org.apache.velocity.exception.ResourceNotFoundException: Unable to find resource 'VM_global_library.vm'
2011-08-03 14:43:26,654 - Velocimacro :  VM library template macro registration complete.
2011-08-03 14:43:26,655 - Velocimacro : allowInline = true : VMs can be defined inline in templates
2011-08-03 14:43:26,655 - Velocimacro : allowInlineToOverride = false : VMs defined inline may NOT replace previous VM definitions
2011-08-03 14:43:26,655 - Velocimacro : allowInlineLocal = false : VMs defined inline will be  global in scope if allowed.
2011-08-03 14:43:26,655 - Velocimacro : messages on  : VM system will output logging messages
2011-08-03 14:43:26,655 - Velocimacro : autoload off  : VM system will not automatically reload global library macros
2011-08-03 14:43:26,655 - Velocimacro : initialization complete.
2011-08-03 14:43:26,655 - Velocity successfully started.
2011-08-03 14:44:13,803 - SimpleLog4JLogSystem initialized using logfile 'velocity.log'
2011-08-03 14:44:13,804 - ************************************************************** 
2011-08-03 14:44:13,804 - Starting Jakarta Velocity v1.4
2011-08-03 14:44:13,804 - RuntimeInstance initializing.
2011-08-03 14:44:13,804 - Default Properties File: org\apache\velocity\runtime\defaults\velocity.properties
2011-08-03 14:44:13,804 - Trying to use logger class org.apache.velocity.runtime.log.SimpleLog4JLogSystem
2011-08-03 14:44:13,804 - Using logger class org.apache.velocity.runtime.log.SimpleLog4JLogSystem
2011-08-03 14:44:13,812 - Default ResourceManager initializing. (class org.apache.velocity.runtime.resource.ResourceManagerImpl)
2011-08-03 14:44:13,822 - Resource Loader Instantiated: org.apache.velocity.runtime.resource.loader.ClasspathResourceLoader
2011-08-03 14:44:13,822 - ClasspathResourceLoader : initialization starting.
2011-08-03 14:44:13,822 - ClasspathResourceLoader : initialization complete.
2011-08-03 14:44:13,827 - ResourceCache : initialized. (class org.apache.velocity.runtime.resource.ResourceCacheImpl)
2011-08-03 14:44:13,827 - Default ResourceManager initialization complete.
2011-08-03 14:44:13,832 - Loaded System Directive: org.apache.velocity.runtime.directive.Literal
2011-08-03 14:44:13,838 - Loaded System Directive: org.apache.velocity.runtime.directive.Macro
2011-08-03 14:44:13,849 - Loaded System Directive: org.apache.velocity.runtime.directive.Parse
2011-08-03 14:44:13,854 - Loaded System Directive: org.apache.velocity.runtime.directive.Include
2011-08-03 14:44:13,859 - Loaded System Directive: org.apache.velocity.runtime.directive.Foreach
2011-08-03 14:44:13,920 - Created: 20 parsers.
2011-08-03 14:44:13,947 - Velocimacro : initialization starting.
2011-08-03 14:44:13,947 - Velocimacro : adding VMs from VM library template : VM_global_library.vm
2011-08-03 14:44:13,957 - ResourceManager : unable to find resource 'VM_global_library.vm' in any resource loader.
2011-08-03 14:44:13,957 - Velocimacro : error using  VM library template VM_global_library.vm : org.apache.velocity.exception.ResourceNotFoundException: Unable to find resource 'VM_global_library.vm'
2011-08-03 14:44:13,957 - Velocimacro :  VM library template macro registration complete.
2011-08-03 14:44:13,958 - Velocimacro : allowInline = true : VMs can be defined inline in templates
2011-08-03 14:44:13,958 - Velocimacro : allowInlineToOverride = false : VMs defined inline may NOT replace previous VM definitions
2011-08-03 14:44:13,958 - Velocimacro : allowInlineLocal = false : VMs defined inline will be  global in scope if allowed.
2011-08-03 14:44:13,958 - Velocimacro : messages on  : VM system will output logging messages
2011-08-03 14:44:13,958 - Velocimacro : autoload off  : VM system will not automatically reload global library macros
2011-08-03 14:44:13,958 - Velocimacro : initialization complete.
2011-08-03 14:44:13,958 - Velocity successfully started.
2011-08-03 14:45:07,736 - SimpleLog4JLogSystem initialized using logfile 'velocity.log'
2011-08-03 14:45:07,737 - ************************************************************** 
2011-08-03 14:45:07,737 - Starting Jakarta Velocity v1.4
2011-08-03 14:45:07,737 - RuntimeInstance initializing.
2011-08-03 14:45:07,737 - Default Properties File: org\apache\velocity\runtime\defaults\velocity.properties
2011-08-03 14:45:07,737 - Trying to use logger class org.apache.velocity.runtime.log.SimpleLog4JLogSystem
2011-08-03 14:45:07,737 - Using logger class org.apache.velocity.runtime.log.SimpleLog4JLogSystem
2011-08-03 14:45:07,745 - Default ResourceManager initializing. (class org.apache.velocity.runtime.resource.ResourceManagerImpl)
2011-08-03 14:45:07,756 - Resource Loader Instantiated: org.apache.velocity.runtime.resource.loader.ClasspathResourceLoader
2011-08-03 14:45:07,756 - ClasspathResourceLoader : initialization starting.
2011-08-03 14:45:07,756 - ClasspathResourceLoader : initialization complete.
2011-08-03 14:45:07,761 - ResourceCache : initialized. (class org.apache.velocity.runtime.resource.ResourceCacheImpl)
2011-08-03 14:45:07,761 - Default ResourceManager initialization complete.
2011-08-03 14:45:07,766 - Loaded System Directive: org.apache.velocity.runtime.directive.Literal
2011-08-03 14:45:07,771 - Loaded System Directive: org.apache.velocity.runtime.directive.Macro
2011-08-03 14:45:07,780 - Loaded System Directive: org.apache.velocity.runtime.directive.Parse
2011-08-03 14:45:07,786 - Loaded System Directive: org.apache.velocity.runtime.directive.Include
2011-08-03 14:45:07,791 - Loaded System Directive: org.apache.velocity.runtime.directive.Foreach
2011-08-03 14:45:07,852 - Created: 20 parsers.
2011-08-03 14:45:07,879 - Velocimacro : initialization starting.
2011-08-03 14:45:07,880 - Velocimacro : adding VMs from VM library template : VM_global_library.vm
2011-08-03 14:45:07,891 - ResourceManager : unable to find resource 'VM_global_library.vm' in any resource loader.
2011-08-03 14:45:07,891 - Velocimacro : error using  VM library template VM_global_library.vm : org.apache.velocity.exception.ResourceNotFoundException: Unable to find resource 'VM_global_library.vm'
2011-08-03 14:45:07,891 - Velocimacro :  VM library template macro registration complete.
2011-08-03 14:45:07,891 - Velocimacro : allowInline = true : VMs can be defined inline in templates
2011-08-03 14:45:07,891 - Velocimacro : allowInlineToOverride = false : VMs defined inline may NOT replace previous VM definitions
2011-08-03 14:45:07,891 - Velocimacro : allowInlineLocal = false : VMs defined inline will be  global in scope if allowed.
2011-08-03 14:45:07,891 - Velocimacro : messages on  : VM system will output logging messages
2011-08-03 14:45:07,891 - Velocimacro : autoload off  : VM system will not automatically reload global library macros
2011-08-03 14:45:07,891 - Velocimacro : initialization complete.
2011-08-03 14:45:07,891 - Velocity successfully started.
2011-08-03 14:45:48,420 - SimpleLog4JLogSystem initialized using logfile 'velocity.log'
2011-08-03 14:45:48,420 - ************************************************************** 
2011-08-03 14:45:48,420 - Starting Jakarta Velocity v1.4
2011-08-03 14:45:48,420 - RuntimeInstance initializing.
2011-08-03 14:45:48,420 - Default Properties File: org\apache\velocity\runtime\defaults\velocity.properties
2011-08-03 14:45:48,420 - Trying to use logger class org.apache.velocity.runtime.log.SimpleLog4JLogSystem
2011-08-03 14:45:48,420 - Using logger class org.apache.velocity.runtime.log.SimpleLog4JLogSystem
2011-08-03 14:45:48,429 - Default ResourceManager initializing. (class org.apache.velocity.runtime.resource.ResourceManagerImpl)
2011-08-03 14:45:48,441 - Resource Loader Instantiated: org.apache.velocity.runtime.resource.loader.ClasspathResourceLoader
2011-08-03 14:45:48,441 - ClasspathResourceLoader : initialization starting.
2011-08-03 14:45:48,441 - ClasspathResourceLoader : initialization complete.
2011-08-03 14:45:48,446 - ResourceCache : initialized. (class org.apache.velocity.runtime.resource.ResourceCacheImpl)
2011-08-03 14:45:48,446 - Default ResourceManager initialization complete.
2011-08-03 14:45:48,451 - Loaded System Directive: org.apache.velocity.runtime.directive.Literal
2011-08-03 14:45:48,456 - Loaded System Directive: org.apache.velocity.runtime.directive.Macro
2011-08-03 14:45:48,466 - Loaded System Directive: org.apache.velocity.runtime.directive.Parse
2011-08-03 14:45:48,471 - Loaded System Directive: org.apache.velocity.runtime.directive.Include
2011-08-03 14:45:48,477 - Loaded System Directive: org.apache.velocity.runtime.directive.Foreach
2011-08-03 14:45:48,539 - Created: 20 parsers.
2011-08-03 14:45:48,566 - Velocimacro : initialization starting.
2011-08-03 14:45:48,566 - Velocimacro : adding VMs from VM library template : VM_global_library.vm
2011-08-03 14:45:48,579 - ResourceManager : unable to find resource 'VM_global_library.vm' in any resource loader.
2011-08-03 14:45:48,579 - Velocimacro : error using  VM library template VM_global_library.vm : org.apache.velocity.exception.ResourceNotFoundException: Unable to find resource 'VM_global_library.vm'
2011-08-03 14:45:48,579 - Velocimacro :  VM library template macro registration complete.
2011-08-03 14:45:48,579 - Velocimacro : allowInline = true : VMs can be defined inline in templates
2011-08-03 14:45:48,579 - Velocimacro : allowInlineToOverride = false : VMs defined inline may NOT replace previous VM definitions
2011-08-03 14:45:48,579 - Velocimacro : allowInlineLocal = false : VMs defined inline will be  global in scope if allowed.
2011-08-03 14:45:48,579 - Velocimacro : messages on  : VM system will output logging messages
2011-08-03 14:45:48,579 - Velocimacro : autoload off  : VM system will not automatically reload global library macros
2011-08-03 14:45:48,579 - Velocimacro : initialization complete.
2011-08-03 14:45:48,579 - Velocity successfully started.
2011-08-03 14:50:57,462 - SimpleLog4JLogSystem initialized using logfile 'velocity.log'
2011-08-03 14:50:57,462 - ************************************************************** 
2011-08-03 14:50:57,462 - Starting Jakarta Velocity v1.4
2011-08-03 14:50:57,462 - RuntimeInstance initializing.
2011-08-03 14:50:57,462 - Default Properties File: org\apache\velocity\runtime\defaults\velocity.properties
2011-08-03 14:50:57,462 - Trying to use logger class org.apache.velocity.runtime.log.SimpleLog4JLogSystem
2011-08-03 14:50:57,462 - Using logger class org.apache.velocity.runtime.log.SimpleLog4JLogSystem
2011-08-03 14:50:57,470 - Default ResourceManager initializing. (class org.apache.velocity.runtime.resource.ResourceManagerImpl)
2011-08-03 14:50:57,480 - Resource Loader Instantiated: org.apache.velocity.runtime.resource.loader.ClasspathResourceLoader
2011-08-03 14:50:57,480 - ClasspathResourceLoader : initialization starting.
2011-08-03 14:50:57,480 - ClasspathResourceLoader : initialization complete.
2011-08-03 14:50:57,485 - ResourceCache : initialized. (class org.apache.velocity.runtime.resource.ResourceCacheImpl)
2011-08-03 14:50:57,485 - Default ResourceManager initialization complete.
2011-08-03 14:50:57,490 - Loaded System Directive: org.apache.velocity.runtime.directive.Literal
2011-08-03 14:50:57,495 - Loaded System Directive: org.apache.velocity.runtime.directive.Macro
2011-08-03 14:50:57,505 - Loaded System Directive: org.apache.velocity.runtime.directive.Parse
2011-08-03 14:50:57,510 - Loaded System Directive: org.apache.velocity.runtime.directive.Include
2011-08-03 14:50:57,515 - Loaded System Directive: org.apache.velocity.runtime.directive.Foreach
2011-08-03 14:50:57,573 - Created: 20 parsers.
2011-08-03 14:50:57,599 - Velocimacro : initialization starting.
2011-08-03 14:50:57,599 - Velocimacro : adding VMs from VM library template : VM_global_library.vm
2011-08-03 14:50:57,609 - ResourceManager : unable to find resource 'VM_global_library.vm' in any resource loader.
2011-08-03 14:50:57,609 - Velocimacro : error using  VM library template VM_global_library.vm : org.apache.velocity.exception.ResourceNotFoundException: Unable to find resource 'VM_global_library.vm'
2011-08-03 14:50:57,609 - Velocimacro :  VM library template macro registration complete.
2011-08-03 14:50:57,609 - Velocimacro : allowInline = true : VMs can be defined inline in templates
2011-08-03 14:50:57,609 - Velocimacro : allowInlineToOverride = false : VMs defined inline may NOT replace previous VM definitions
2011-08-03 14:50:57,609 - Velocimacro : allowInlineLocal = false : VMs defined inline will be  global in scope if allowed.
2011-08-03 14:50:57,609 - Velocimacro : messages on  : VM system will output logging messages
2011-08-03 14:50:57,609 - Velocimacro : autoload off  : VM system will not automatically reload global library macros
2011-08-03 14:50:57,609 - Velocimacro : initialization complete.
2011-08-03 14:50:57,610 - Velocity successfully started.
2011-08-03 14:54:46,814 - SimpleLog4JLogSystem initialized using logfile 'velocity.log'
2011-08-03 14:54:46,815 - ************************************************************** 
2011-08-03 14:54:46,815 - Starting Jakarta Velocity v1.4
2011-08-03 14:54:46,815 - RuntimeInstance initializing.
2011-08-03 14:54:46,815 - Default Properties File: org\apache\velocity\runtime\defaults\velocity.properties
2011-08-03 14:54:46,815 - Trying to use logger class org.apache.velocity.runtime.log.SimpleLog4JLogSystem
2011-08-03 14:54:46,815 - Using logger class org.apache.velocity.runtime.log.SimpleLog4JLogSystem
2011-08-03 14:54:46,822 - Default ResourceManager initializing. (class org.apache.velocity.runtime.resource.ResourceManagerImpl)
2011-08-03 14:54:46,833 - Resource Loader Instantiated: org.apache.velocity.runtime.resource.loader.ClasspathResourceLoader
2011-08-03 14:54:46,833 - ClasspathResourceLoader : initialization starting.
2011-08-03 14:54:46,833 - ClasspathResourceLoader : initialization complete.
2011-08-03 14:54:46,838 - ResourceCache : initialized. (class org.apache.velocity.runtime.resource.ResourceCacheImpl)
2011-08-03 14:54:46,838 - Default ResourceManager initialization complete.
2011-08-03 14:54:46,843 - Loaded System Directive: org.apache.velocity.runtime.directive.Literal
2011-08-03 14:54:46,849 - Loaded System Directive: org.apache.velocity.runtime.directive.Macro
2011-08-03 14:54:46,859 - Loaded System Directive: org.apache.velocity.runtime.directive.Parse
2011-08-03 14:54:46,864 - Loaded System Directive: org.apache.velocity.runtime.directive.Include
2011-08-03 14:54:46,870 - Loaded System Directive: org.apache.velocity.runtime.directive.Foreach
2011-08-03 14:54:46,931 - Created: 20 parsers.
2011-08-03 14:54:46,956 - Velocimacro : initialization starting.
2011-08-03 14:54:46,956 - Velocimacro : adding VMs from VM library template : VM_global_library.vm
2011-08-03 14:54:46,967 - ResourceManager : unable to find resource 'VM_global_library.vm' in any resource loader.
2011-08-03 14:54:46,967 - Velocimacro : error using  VM library template VM_global_library.vm : org.apache.velocity.exception.ResourceNotFoundException: Unable to find resource 'VM_global_library.vm'
2011-08-03 14:54:46,967 - Velocimacro :  VM library template macro registration complete.
2011-08-03 14:54:46,967 - Velocimacro : allowInline = true : VMs can be defined inline in templates
2011-08-03 14:54:46,967 - Velocimacro : allowInlineToOverride = false : VMs defined inline may NOT replace previous VM definitions
2011-08-03 14:54:46,967 - Velocimacro : allowInlineLocal = false : VMs defined inline will be  global in scope if allowed.
2011-08-03 14:54:46,967 - Velocimacro : messages on  : VM system will output logging messages
2011-08-03 14:54:46,967 - Velocimacro : autoload off  : VM system will not automatically reload global library macros
2011-08-03 14:54:46,968 - Velocimacro : initialization complete.
2011-08-03 14:54:46,968 - Velocity successfully started.
2011-08-03 14:55:52,042 - SimpleLog4JLogSystem initialized using logfile 'velocity.log'
2011-08-03 14:55:52,042 - ************************************************************** 
2011-08-03 14:55:52,042 - Starting Jakarta Velocity v1.4
2011-08-03 14:55:52,042 - RuntimeInstance initializing.
2011-08-03 14:55:52,043 - Default Properties File: org\apache\velocity\runtime\defaults\velocity.properties
2011-08-03 14:55:52,043 - Trying to use logger class org.apache.velocity.runtime.log.SimpleLog4JLogSystem
2011-08-03 14:55:52,043 - Using logger class org.apache.velocity.runtime.log.SimpleLog4JLogSystem
2011-08-03 14:55:52,051 - Default ResourceManager initializing. (class org.apache.velocity.runtime.resource.ResourceManagerImpl)
2011-08-03 14:55:52,062 - Resource Loader Instantiated: org.apache.velocity.runtime.resource.loader.ClasspathResourceLoader
2011-08-03 14:55:52,062 - ClasspathResourceLoader : initialization starting.
2011-08-03 14:55:52,062 - ClasspathResourceLoader : initialization complete.
2011-08-03 14:55:52,067 - ResourceCache : initialized. (class org.apache.velocity.runtime.resource.ResourceCacheImpl)
2011-08-03 14:55:52,067 - Default ResourceManager initialization complete.
2011-08-03 14:55:52,072 - Loaded System Directive: org.apache.velocity.runtime.directive.Literal
2011-08-03 14:55:52,077 - Loaded System Directive: org.apache.velocity.runtime.directive.Macro
2011-08-03 14:55:52,087 - Loaded System Directive: org.apache.velocity.runtime.directive.Parse
2011-08-03 14:55:52,092 - Loaded System Directive: org.apache.velocity.runtime.directive.Include
2011-08-03 14:55:52,098 - Loaded System Directive: org.apache.velocity.runtime.directive.Foreach
2011-08-03 14:55:52,160 - Created: 20 parsers.
2011-08-03 14:55:52,186 - Velocimacro : initialization starting.
2011-08-03 14:55:52,186 - Velocimacro : adding VMs from VM library template : VM_global_library.vm
2011-08-03 14:55:52,196 - ResourceManager : unable to find resource 'VM_global_library.vm' in any resource loader.
2011-08-03 14:55:52,196 - Velocimacro : error using  VM library template VM_global_library.vm : org.apache.velocity.exception.ResourceNotFoundException: Unable to find resource 'VM_global_library.vm'
2011-08-03 14:55:52,197 - Velocimacro :  VM library template macro registration complete.
2011-08-03 14:55:52,197 - Velocimacro : allowInline = true : VMs can be defined inline in templates
2011-08-03 14:55:52,197 - Velocimacro : allowInlineToOverride = false : VMs defined inline may NOT replace previous VM definitions
2011-08-03 14:55:52,197 - Velocimacro : allowInlineLocal = false : VMs defined inline will be  global in scope if allowed.
2011-08-03 14:55:52,197 - Velocimacro : messages on  : VM system will output logging messages
2011-08-03 14:55:52,197 - Velocimacro : autoload off  : VM system will not automatically reload global library macros
2011-08-03 14:55:52,197 - Velocimacro : initialization complete.
2011-08-03 14:55:52,197 - Velocity successfully started.
2011-08-03 14:56:33,440 - SimpleLog4JLogSystem initialized using logfile 'velocity.log'
2011-08-03 14:56:33,441 - ************************************************************** 
2011-08-03 14:56:33,441 - Starting Jakarta Velocity v1.4
2011-08-03 14:56:33,441 - RuntimeInstance initializing.
2011-08-03 14:56:33,441 - Default Properties File: org\apache\velocity\runtime\defaults\velocity.properties
2011-08-03 14:56:33,441 - Trying to use logger class org.apache.velocity.runtime.log.SimpleLog4JLogSystem
2011-08-03 14:56:33,441 - Using logger class org.apache.velocity.runtime.log.SimpleLog4JLogSystem
2011-08-03 14:56:33,448 - Default ResourceManager initializing. (class org.apache.velocity.runtime.resource.ResourceManagerImpl)
2011-08-03 14:56:33,458 - Resource Loader Instantiated: org.apache.velocity.runtime.resource.loader.ClasspathResourceLoader
2011-08-03 14:56:33,458 - ClasspathResourceLoader : initialization starting.
2011-08-03 14:56:33,458 - ClasspathResourceLoader : initialization complete.
2011-08-03 14:56:33,463 - ResourceCache : initialized. (class org.apache.velocity.runtime.resource.ResourceCacheImpl)
2011-08-03 14:56:33,463 - Default ResourceManager initialization complete.
2011-08-03 14:56:33,467 - Loaded System Directive: org.apache.velocity.runtime.directive.Literal
2011-08-03 14:56:33,472 - Loaded System Directive: org.apache.velocity.runtime.directive.Macro
2011-08-03 14:56:33,481 - Loaded System Directive: org.apache.velocity.runtime.directive.Parse
2011-08-03 14:56:33,486 - Loaded System Directive: org.apache.velocity.runtime.directive.Include
2011-08-03 14:56:33,489 - Loaded System Directive: org.apache.velocity.runtime.directive.Foreach
2011-08-03 14:56:33,547 - Created: 20 parsers.
2011-08-03 14:56:33,572 - Velocimacro : initialization starting.
2011-08-03 14:56:33,572 - Velocimacro : adding VMs from VM library template : VM_global_library.vm
2011-08-03 14:56:33,583 - ResourceManager : unable to find resource 'VM_global_library.vm' in any resource loader.
2011-08-03 14:56:33,583 - Velocimacro : error using  VM library template VM_global_library.vm : org.apache.velocity.exception.ResourceNotFoundException: Unable to find resource 'VM_global_library.vm'
2011-08-03 14:56:33,583 - Velocimacro :  VM library template macro registration complete.
2011-08-03 14:56:33,583 - Velocimacro : allowInline = true : VMs can be defined inline in templates
2011-08-03 14:56:33,583 - Velocimacro : allowInlineToOverride = false : VMs defined inline may NOT replace previous VM definitions
2011-08-03 14:56:33,583 - Velocimacro : allowInlineLocal = false : VMs defined inline will be  global in scope if allowed.
2011-08-03 14:56:33,583 - Velocimacro : messages on  : VM system will output logging messages
2011-08-03 14:56:33,583 - Velocimacro : autoload off  : VM system will not automatically reload global library macros
2011-08-03 14:56:33,583 - Velocimacro : initialization complete.
2011-08-03 14:56:33,583 - Velocity successfully started.
2011-08-03 14:57:17,161 - SimpleLog4JLogSystem initialized using logfile 'velocity.log'
2011-08-03 14:57:17,161 - ************************************************************** 
2011-08-03 14:57:17,161 - Starting Jakarta Velocity v1.4
2011-08-03 14:57:17,161 - RuntimeInstance initializing.
2011-08-03 14:57:17,161 - Default Properties File: org\apache\velocity\runtime\defaults\velocity.properties
2011-08-03 14:57:17,161 - Trying to use logger class org.apache.velocity.runtime.log.SimpleLog4JLogSystem
2011-08-03 14:57:17,162 - Using logger class org.apache.velocity.runtime.log.SimpleLog4JLogSystem
2011-08-03 14:57:17,169 - Default ResourceManager initializing. (class org.apache.velocity.runtime.resource.ResourceManagerImpl)
2011-08-03 14:57:17,181 - Resource Loader Instantiated: org.apache.velocity.runtime.resource.loader.ClasspathResourceLoader
2011-08-03 14:57:17,182 - ClasspathResourceLoader : initialization starting.
2011-08-03 14:57:17,182 - ClasspathResourceLoader : initialization complete.
2011-08-03 14:57:17,187 - ResourceCache : initialized. (class org.apache.velocity.runtime.resource.ResourceCacheImpl)
2011-08-03 14:57:17,187 - Default ResourceManager initialization complete.
2011-08-03 14:57:17,192 - Loaded System Directive: org.apache.velocity.runtime.directive.Literal
2011-08-03 14:57:17,198 - Loaded System Directive: org.apache.velocity.runtime.directive.Macro
2011-08-03 14:57:17,209 - Loaded System Directive: org.apache.velocity.runtime.directive.Parse
2011-08-03 14:57:17,215 - Loaded System Directive: org.apache.velocity.runtime.directive.Include
2011-08-03 14:57:17,217 - Loaded System Directive: org.apache.velocity.runtime.directive.Foreach
2011-08-03 14:57:17,282 - Created: 20 parsers.
2011-08-03 14:57:17,311 - Velocimacro : initialization starting.
2011-08-03 14:57:17,312 - Velocimacro : adding VMs from VM library template : VM_global_library.vm
2011-08-03 14:57:17,324 - ResourceManager : unable to find resource 'VM_global_library.vm' in any resource loader.
2011-08-03 14:57:17,325 - Velocimacro : error using  VM library template VM_global_library.vm : org.apache.velocity.exception.ResourceNotFoundException: Unable to find resource 'VM_global_library.vm'
2011-08-03 14:57:17,325 - Velocimacro :  VM library template macro registration complete.
2011-08-03 14:57:17,325 - Velocimacro : allowInline = true : VMs can be defined inline in templates
2011-08-03 14:57:17,325 - Velocimacro : allowInlineToOverride = false : VMs defined inline may NOT replace previous VM definitions
2011-08-03 14:57:17,325 - Velocimacro : allowInlineLocal = false : VMs defined inline will be  global in scope if allowed.
2011-08-03 14:57:17,325 - Velocimacro : messages on  : VM system will output logging messages
2011-08-03 14:57:17,325 - Velocimacro : autoload off  : VM system will not automatically reload global library macros
2011-08-03 14:57:17,325 - Velocimacro : initialization complete.
2011-08-03 14:57:17,325 - Velocity successfully started.
2011-08-03 15:37:22,193 - SimpleLog4JLogSystem initialized using logfile 'velocity.log'
2011-08-03 15:37:22,193 - ************************************************************** 
2011-08-03 15:37:22,193 - Starting Jakarta Velocity v1.4
2011-08-03 15:37:22,193 - RuntimeInstance initializing.
2011-08-03 15:37:22,194 - Default Properties File: org\apache\velocity\runtime\defaults\velocity.properties
2011-08-03 15:37:22,194 - Trying to use logger class org.apache.velocity.runtime.log.SimpleLog4JLogSystem
2011-08-03 15:37:22,194 - Using logger class org.apache.velocity.runtime.log.SimpleLog4JLogSystem
2011-08-03 15:37:22,201 - Default ResourceManager initializing. (class org.apache.velocity.runtime.resource.ResourceManagerImpl)
2011-08-03 15:37:22,211 - Resource Loader Instantiated: org.apache.velocity.runtime.resource.loader.ClasspathResourceLoader
2011-08-03 15:37:22,211 - ClasspathResourceLoader : initialization starting.
2011-08-03 15:37:22,211 - ClasspathResourceLoader : initialization complete.
2011-08-03 15:37:22,216 - ResourceCache : initialized. (class org.apache.velocity.runtime.resource.ResourceCacheImpl)
2011-08-03 15:37:22,216 - Default ResourceManager initialization complete.
2011-08-03 15:37:22,221 - Loaded System Directive: org.apache.velocity.runtime.directive.Literal
2011-08-03 15:37:22,225 - Loaded System Directive: org.apache.velocity.runtime.directive.Macro
2011-08-03 15:37:22,235 - Loaded System Directive: org.apache.velocity.runtime.directive.Parse
2011-08-03 15:37:22,240 - Loaded System Directive: org.apache.velocity.runtime.directive.Include
2011-08-03 15:37:22,242 - Loaded System Directive: org.apache.velocity.runtime.directive.Foreach
2011-08-03 15:37:22,301 - Created: 20 parsers.
2011-08-03 15:37:22,326 - Velocimacro : initialization starting.
2011-08-03 15:37:22,326 - Velocimacro : adding VMs from VM library template : VM_global_library.vm
2011-08-03 15:37:22,337 - ResourceManager : unable to find resource 'VM_global_library.vm' in any resource loader.
2011-08-03 15:37:22,337 - Velocimacro : error using  VM library template VM_global_library.vm : org.apache.velocity.exception.ResourceNotFoundException: Unable to find resource 'VM_global_library.vm'
2011-08-03 15:37:22,337 - Velocimacro :  VM library template macro registration complete.
2011-08-03 15:37:22,337 - Velocimacro : allowInline = true : VMs can be defined inline in templates
2011-08-03 15:37:22,337 - Velocimacro : allowInlineToOverride = false : VMs defined inline may NOT replace previous VM definitions
2011-08-03 15:37:22,337 - Velocimacro : allowInlineLocal = false : VMs defined inline will be  global in scope if allowed.
2011-08-03 15:37:22,337 - Velocimacro : messages on  : VM system will output logging messages
2011-08-03 15:37:22,337 - Velocimacro : autoload off  : VM system will not automatically reload global library macros
2011-08-03 15:37:22,337 - Velocimacro : initialization complete.
2011-08-03 15:37:22,337 - Velocity successfully started.
2011-08-03 15:38:14,879 - SimpleLog4JLogSystem initialized using logfile 'velocity.log'
2011-08-03 15:38:14,879 - ************************************************************** 
2011-08-03 15:38:14,879 - Starting Jakarta Velocity v1.4
2011-08-03 15:38:14,879 - RuntimeInstance initializing.
2011-08-03 15:38:14,879 - Default Properties File: org\apache\velocity\runtime\defaults\velocity.properties
2011-08-03 15:38:14,879 - Trying to use logger class org.apache.velocity.runtime.log.SimpleLog4JLogSystem
2011-08-03 15:38:14,879 - Using logger class org.apache.velocity.runtime.log.SimpleLog4JLogSystem
2011-08-03 15:38:14,887 - Default ResourceManager initializing. (class org.apache.velocity.runtime.resource.ResourceManagerImpl)
2011-08-03 15:38:14,904 - Resource Loader Instantiated: org.apache.velocity.runtime.resource.loader.ClasspathResourceLoader
2011-08-03 15:38:14,904 - ClasspathResourceLoader : initialization starting.
2011-08-03 15:38:14,904 - ClasspathResourceLoader : initialization complete.
2011-08-03 15:38:14,909 - ResourceCache : initialized. (class org.apache.velocity.runtime.resource.ResourceCacheImpl)
2011-08-03 15:38:14,909 - Default ResourceManager initialization complete.
2011-08-03 15:38:14,915 - Loaded System Directive: org.apache.velocity.runtime.directive.Literal
2011-08-03 15:38:14,920 - Loaded System Directive: org.apache.velocity.runtime.directive.Macro
2011-08-03 15:38:14,930 - Loaded System Directive: org.apache.velocity.runtime.directive.Parse
2011-08-03 15:38:14,935 - Loaded System Directive: org.apache.velocity.runtime.directive.Include
2011-08-03 15:38:14,940 - Loaded System Directive: org.apache.velocity.runtime.directive.Foreach
2011-08-03 15:38:15,002 - Created: 20 parsers.
2011-08-03 15:38:15,030 - Velocimacro : initialization starting.
2011-08-03 15:38:15,030 - Velocimacro : adding VMs from VM library template : VM_global_library.vm
2011-08-03 15:38:15,041 - ResourceManager : unable to find resource 'VM_global_library.vm' in any resource loader.
2011-08-03 15:38:15,042 - Velocimacro : error using  VM library template VM_global_library.vm : org.apache.velocity.exception.ResourceNotFoundException: Unable to find resource 'VM_global_library.vm'
2011-08-03 15:38:15,042 - Velocimacro :  VM library template macro registration complete.
2011-08-03 15:38:15,042 - Velocimacro : allowInline = true : VMs can be defined inline in templates
2011-08-03 15:38:15,042 - Velocimacro : allowInlineToOverride = false : VMs defined inline may NOT replace previous VM definitions
2011-08-03 15:38:15,042 - Velocimacro : allowInlineLocal = false : VMs defined inline will be  global in scope if allowed.
2011-08-03 15:38:15,042 - Velocimacro : messages on  : VM system will output logging messages
2011-08-03 15:38:15,042 - Velocimacro : autoload off  : VM system will not automatically reload global library macros
2011-08-03 15:38:15,042 - Velocimacro : initialization complete.
2011-08-03 15:38:15,042 - Velocity successfully started.
2011-08-03 15:45:31,688 - SimpleLog4JLogSystem initialized using logfile 'velocity.log'
2011-08-03 15:45:31,689 - ************************************************************** 
2011-08-03 15:45:31,689 - Starting Jakarta Velocity v1.4
2011-08-03 15:45:31,689 - RuntimeInstance initializing.
2011-08-03 15:45:31,689 - Default Properties File: org\apache\velocity\runtime\defaults\velocity.properties
2011-08-03 15:45:31,689 - Trying to use logger class org.apache.velocity.runtime.log.SimpleLog4JLogSystem
2011-08-03 15:45:31,689 - Using logger class org.apache.velocity.runtime.log.SimpleLog4JLogSystem
2011-08-03 15:45:31,697 - Default ResourceManager initializing. (class org.apache.velocity.runtime.resource.ResourceManagerImpl)
2011-08-03 15:45:31,706 - Resource Loader Instantiated: org.apache.velocity.runtime.resource.loader.ClasspathResourceLoader
2011-08-03 15:45:31,707 - ClasspathResourceLoader : initialization starting.
2011-08-03 15:45:31,707 - ClasspathResourceLoader : initialization complete.
2011-08-03 15:45:31,712 - ResourceCache : initialized. (class org.apache.velocity.runtime.resource.ResourceCacheImpl)
2011-08-03 15:45:31,712 - Default ResourceManager initialization complete.
2011-08-03 15:45:31,717 - Loaded System Directive: org.apache.velocity.runtime.directive.Literal
2011-08-03 15:45:31,722 - Loaded System Directive: org.apache.velocity.runtime.directive.Macro
2011-08-03 15:45:31,731 - Loaded System Directive: org.apache.velocity.runtime.directive.Parse
2011-08-03 15:45:31,736 - Loaded System Directive: org.apache.velocity.runtime.directive.Include
2011-08-03 15:45:31,739 - Loaded System Directive: org.apache.velocity.runtime.directive.Foreach
2011-08-03 15:45:31,798 - Created: 20 parsers.
2011-08-03 15:45:31,824 - Velocimacro : initialization starting.
2011-08-03 15:45:31,824 - Velocimacro : adding VMs from VM library template : VM_global_library.vm
2011-08-03 15:45:31,835 - ResourceManager : unable to find resource 'VM_global_library.vm' in any resource loader.
2011-08-03 15:45:31,835 - Velocimacro : error using  VM library template VM_global_library.vm : org.apache.velocity.exception.ResourceNotFoundException: Unable to find resource 'VM_global_library.vm'
2011-08-03 15:45:31,835 - Velocimacro :  VM library template macro registration complete.
2011-08-03 15:45:31,835 - Velocimacro : allowInline = true : VMs can be defined inline in templates
2011-08-03 15:45:31,835 - Velocimacro : allowInlineToOverride = false : VMs defined inline may NOT replace previous VM definitions
2011-08-03 15:45:31,835 - Velocimacro : allowInlineLocal = false : VMs defined inline will be  global in scope if allowed.
2011-08-03 15:45:31,835 - Velocimacro : messages on  : VM system will output logging messages
2011-08-03 15:45:31,835 - Velocimacro : autoload off  : VM system will not automatically reload global library macros
2011-08-03 15:45:31,835 - Velocimacro : initialization complete.
2011-08-03 15:45:31,835 - Velocity successfully started.
2011-08-03 15:46:37,638 - SimpleLog4JLogSystem initialized using logfile 'velocity.log'
2011-08-03 15:46:37,638 - ************************************************************** 
2011-08-03 15:46:37,638 - Starting Jakarta Velocity v1.4
2011-08-03 15:46:37,638 - RuntimeInstance initializing.
2011-08-03 15:46:37,638 - Default Properties File: org\apache\velocity\runtime\defaults\velocity.properties
2011-08-03 15:46:37,638 - Trying to use logger class org.apache.velocity.runtime.log.SimpleLog4JLogSystem
2011-08-03 15:46:37,638 - Using logger class org.apache.velocity.runtime.log.SimpleLog4JLogSystem
2011-08-03 15:46:37,648 - Default ResourceManager initializing. (class org.apache.velocity.runtime.resource.ResourceManagerImpl)
2011-08-03 15:46:37,658 - Resource Loader Instantiated: org.apache.velocity.runtime.resource.loader.ClasspathResourceLoader
2011-08-03 15:46:37,658 - ClasspathResourceLoader : initialization starting.
2011-08-03 15:46:37,658 - ClasspathResourceLoader : initialization complete.
2011-08-03 15:46:37,662 - ResourceCache : initialized. (class org.apache.velocity.runtime.resource.ResourceCacheImpl)
2011-08-03 15:46:37,663 - Default ResourceManager initialization complete.
2011-08-03 15:46:37,668 - Loaded System Directive: org.apache.velocity.runtime.directive.Literal
2011-08-03 15:46:37,672 - Loaded System Directive: org.apache.velocity.runtime.directive.Macro
2011-08-03 15:46:37,682 - Loaded System Directive: org.apache.velocity.runtime.directive.Parse
2011-08-03 15:46:37,687 - Loaded System Directive: org.apache.velocity.runtime.directive.Include
2011-08-03 15:46:37,690 - Loaded System Directive: org.apache.velocity.runtime.directive.Foreach
2011-08-03 15:46:37,748 - Created: 20 parsers.
2011-08-03 15:46:37,773 - Velocimacro : initialization starting.
2011-08-03 15:46:37,773 - Velocimacro : adding VMs from VM library template : VM_global_library.vm
2011-08-03 15:46:37,784 - ResourceManager : unable to find resource 'VM_global_library.vm' in any resource loader.
2011-08-03 15:46:37,784 - Velocimacro : error using  VM library template VM_global_library.vm : org.apache.velocity.exception.ResourceNotFoundException: Unable to find resource 'VM_global_library.vm'
2011-08-03 15:46:37,784 - Velocimacro :  VM library template macro registration complete.
2011-08-03 15:46:37,784 - Velocimacro : allowInline = true : VMs can be defined inline in templates
2011-08-03 15:46:37,784 - Velocimacro : allowInlineToOverride = false : VMs defined inline may NOT replace previous VM definitions
2011-08-03 15:46:37,784 - Velocimacro : allowInlineLocal = false : VMs defined inline will be  global in scope if allowed.
2011-08-03 15:46:37,784 - Velocimacro : messages on  : VM system will output logging messages
2011-08-03 15:46:37,784 - Velocimacro : autoload off  : VM system will not automatically reload global library macros
2011-08-03 15:46:37,784 - Velocimacro : initialization complete.
2011-08-03 15:46:37,784 - Velocity successfully started.
2011-08-03 15:48:41,207 - SimpleLog4JLogSystem initialized using logfile 'velocity.log'
2011-08-03 15:48:41,208 - ************************************************************** 
2011-08-03 15:48:41,208 - Starting Jakarta Velocity v1.4
2011-08-03 15:48:41,208 - RuntimeInstance initializing.
2011-08-03 15:48:41,208 - Default Properties File: org\apache\velocity\runtime\defaults\velocity.properties
2011-08-03 15:48:41,208 - Trying to use logger class org.apache.velocity.runtime.log.SimpleLog4JLogSystem
2011-08-03 15:48:41,208 - Using logger class org.apache.velocity.runtime.log.SimpleLog4JLogSystem
2011-08-03 15:48:41,217 - Default ResourceManager initializing. (class org.apache.velocity.runtime.resource.ResourceManagerImpl)
2011-08-03 15:48:41,227 - Resource Loader Instantiated: org.apache.velocity.runtime.resource.loader.ClasspathResourceLoader
2011-08-03 15:48:41,227 - ClasspathResourceLoader : initialization starting.
2011-08-03 15:48:41,227 - ClasspathResourceLoader : initialization complete.
2011-08-03 15:48:41,232 - ResourceCache : initialized. (class org.apache.velocity.runtime.resource.ResourceCacheImpl)
2011-08-03 15:48:41,232 - Default ResourceManager initialization complete.
2011-08-03 15:48:41,237 - Loaded System Directive: org.apache.velocity.runtime.directive.Literal
2011-08-03 15:48:41,241 - Loaded System Directive: org.apache.velocity.runtime.directive.Macro
2011-08-03 15:48:41,251 - Loaded System Directive: org.apache.velocity.runtime.directive.Parse
2011-08-03 15:48:41,257 - Loaded System Directive: org.apache.velocity.runtime.directive.Include
2011-08-03 15:48:41,262 - Loaded System Directive: org.apache.velocity.runtime.directive.Foreach
2011-08-03 15:48:41,323 - Created: 20 parsers.
2011-08-03 15:48:41,349 - Velocimacro : initialization starting.
2011-08-03 15:48:41,349 - Velocimacro : adding VMs from VM library template : VM_global_library.vm
2011-08-03 15:48:41,360 - ResourceManager : unable to find resource 'VM_global_library.vm' in any resource loader.
2011-08-03 15:48:41,360 - Velocimacro : error using  VM library template VM_global_library.vm : org.apache.velocity.exception.ResourceNotFoundException: Unable to find resource 'VM_global_library.vm'
2011-08-03 15:48:41,360 - Velocimacro :  VM library template macro registration complete.
2011-08-03 15:48:41,360 - Velocimacro : allowInline = true : VMs can be defined inline in templates
2011-08-03 15:48:41,360 - Velocimacro : allowInlineToOverride = false : VMs defined inline may NOT replace previous VM definitions
2011-08-03 15:48:41,360 - Velocimacro : allowInlineLocal = false : VMs defined inline will be  global in scope if allowed.
2011-08-03 15:48:41,360 - Velocimacro : messages on  : VM system will output logging messages
2011-08-03 15:48:41,360 - Velocimacro : autoload off  : VM system will not automatically reload global library macros
2011-08-03 15:48:41,360 - Velocimacro : initialization complete.
2011-08-03 15:48:41,360 - Velocity successfully started.
2011-08-03 15:55:17,768 - SimpleLog4JLogSystem initialized using logfile 'velocity.log'
2011-08-03 15:55:17,768 - ************************************************************** 
2011-08-03 15:55:17,769 - Starting Jakarta Velocity v1.4
2011-08-03 15:55:17,769 - RuntimeInstance initializing.
2011-08-03 15:55:17,769 - Default Properties File: org\apache\velocity\runtime\defaults\velocity.properties
2011-08-03 15:55:17,769 - Trying to use logger class org.apache.velocity.runtime.log.SimpleLog4JLogSystem
2011-08-03 15:55:17,769 - Using logger class org.apache.velocity.runtime.log.SimpleLog4JLogSystem
2011-08-03 15:55:17,777 - Default ResourceManager initializing. (class org.apache.velocity.runtime.resource.ResourceManagerImpl)
2011-08-03 15:55:17,786 - Resource Loader Instantiated: org.apache.velocity.runtime.resource.loader.ClasspathResourceLoader
2011-08-03 15:55:17,786 - ClasspathResourceLoader : initialization starting.
2011-08-03 15:55:17,787 - ClasspathResourceLoader : initialization complete.
2011-08-03 15:55:17,791 - ResourceCache : initialized. (class org.apache.velocity.runtime.resource.ResourceCacheImpl)
2011-08-03 15:55:17,791 - Default ResourceManager initialization complete.
2011-08-03 15:55:17,796 - Loaded System Directive: org.apache.velocity.runtime.directive.Literal
2011-08-03 15:55:17,801 - Loaded System Directive: org.apache.velocity.runtime.directive.Macro
2011-08-03 15:55:17,810 - Loaded System Directive: org.apache.velocity.runtime.directive.Parse
2011-08-03 15:55:17,815 - Loaded System Directive: org.apache.velocity.runtime.directive.Include
2011-08-03 15:55:17,818 - Loaded System Directive: org.apache.velocity.runtime.directive.Foreach
2011-08-03 15:55:17,876 - Created: 20 parsers.
2011-08-03 15:55:17,900 - Velocimacro : initialization starting.
2011-08-03 15:55:17,900 - Velocimacro : adding VMs from VM library template : VM_global_library.vm
2011-08-03 15:55:17,911 - ResourceManager : unable to find resource 'VM_global_library.vm' in any resource loader.
2011-08-03 15:55:17,911 - Velocimacro : error using  VM library template VM_global_library.vm : org.apache.velocity.exception.ResourceNotFoundException: Unable to find resource 'VM_global_library.vm'
2011-08-03 15:55:17,911 - Velocimacro :  VM library template macro registration complete.
2011-08-03 15:55:17,911 - Velocimacro : allowInline = true : VMs can be defined inline in templates
2011-08-03 15:55:17,911 - Velocimacro : allowInlineToOverride = false : VMs defined inline may NOT replace previous VM definitions
2011-08-03 15:55:17,911 - Velocimacro : allowInlineLocal = false : VMs defined inline will be  global in scope if allowed.
2011-08-03 15:55:17,911 - Velocimacro : messages on  : VM system will output logging messages
2011-08-03 15:55:17,911 - Velocimacro : autoload off  : VM system will not automatically reload global library macros
2011-08-03 15:55:17,911 - Velocimacro : initialization complete.
2011-08-03 15:55:17,911 - Velocity successfully started.
2011-08-03 15:56:43,170 - SimpleLog4JLogSystem initialized using logfile 'velocity.log'
2011-08-03 15:56:43,171 - ************************************************************** 
2011-08-03 15:56:43,171 - Starting Jakarta Velocity v1.4
2011-08-03 15:56:43,171 - RuntimeInstance initializing.
2011-08-03 15:56:43,171 - Default Properties File: org\apache\velocity\runtime\defaults\velocity.properties
2011-08-03 15:56:43,171 - Trying to use logger class org.apache.velocity.runtime.log.SimpleLog4JLogSystem
2011-08-03 15:56:43,171 - Using logger class org.apache.velocity.runtime.log.SimpleLog4JLogSystem
2011-08-03 15:56:43,179 - Default ResourceManager initializing. (class org.apache.velocity.runtime.resource.ResourceManagerImpl)
2011-08-03 15:56:43,189 - Resource Loader Instantiated: org.apache.velocity.runtime.resource.loader.ClasspathResourceLoader
2011-08-03 15:56:43,189 - ClasspathResourceLoader : initialization starting.
2011-08-03 15:56:43,189 - ClasspathResourceLoader : initialization complete.
2011-08-03 15:56:43,194 - ResourceCache : initialized. (class org.apache.velocity.runtime.resource.ResourceCacheImpl)
2011-08-03 15:56:43,194 - Default ResourceManager initialization complete.
2011-08-03 15:56:43,199 - Loaded System Directive: org.apache.velocity.runtime.directive.Literal
2011-08-03 15:56:43,204 - Loaded System Directive: org.apache.velocity.runtime.directive.Macro
2011-08-03 15:56:43,213 - Loaded System Directive: org.apache.velocity.runtime.directive.Parse
2011-08-03 15:56:43,218 - Loaded System Directive: org.apache.velocity.runtime.directive.Include
2011-08-03 15:56:43,221 - Loaded System Directive: org.apache.velocity.runtime.directive.Foreach
2011-08-03 15:56:43,278 - Created: 20 parsers.
2011-08-03 15:56:43,303 - Velocimacro : initialization starting.
2011-08-03 15:56:43,303 - Velocimacro : adding VMs from VM library template : VM_global_library.vm
2011-08-03 15:56:43,314 - ResourceManager : unable to find resource 'VM_global_library.vm' in any resource loader.
2011-08-03 15:56:43,314 - Velocimacro : error using  VM library template VM_global_library.vm : org.apache.velocity.exception.ResourceNotFoundException: Unable to find resource 'VM_global_library.vm'
2011-08-03 15:56:43,314 - Velocimacro :  VM library template macro registration complete.
2011-08-03 15:56:43,314 - Velocimacro : allowInline = true : VMs can be defined inline in templates
2011-08-03 15:56:43,314 - Velocimacro : allowInlineToOverride = false : VMs defined inline may NOT replace previous VM definitions
2011-08-03 15:56:43,314 - Velocimacro : allowInlineLocal = false : VMs defined inline will be  global in scope if allowed.
2011-08-03 15:56:43,314 - Velocimacro : messages on  : VM system will output logging messages
2011-08-03 15:56:43,314 - Velocimacro : autoload off  : VM system will not automatically reload global library macros
2011-08-03 15:56:43,314 - Velocimacro : initialization complete.
2011-08-03 15:56:43,314 - Velocity successfully started.
2011-08-03 16:08:45,598 - SimpleLog4JLogSystem initialized using logfile 'velocity.log'
2011-08-03 16:08:45,598 - ************************************************************** 
2011-08-03 16:08:45,599 - Starting Jakarta Velocity v1.4
2011-08-03 16:08:45,599 - RuntimeInstance initializing.
2011-08-03 16:08:45,599 - Default Properties File: org\apache\velocity\runtime\defaults\velocity.properties
2011-08-03 16:08:45,599 - Trying to use logger class org.apache.velocity.runtime.log.SimpleLog4JLogSystem
2011-08-03 16:08:45,599 - Using logger class org.apache.velocity.runtime.log.SimpleLog4JLogSystem
2011-08-03 16:08:45,606 - Default ResourceManager initializing. (class org.apache.velocity.runtime.resource.ResourceManagerImpl)
2011-08-03 16:08:45,617 - Resource Loader Instantiated: org.apache.velocity.runtime.resource.loader.ClasspathResourceLoader
2011-08-03 16:08:45,617 - ClasspathResourceLoader : initialization starting.
2011-08-03 16:08:45,617 - ClasspathResourceLoader : initialization complete.
2011-08-03 16:08:45,621 - ResourceCache : initialized. (class org.apache.velocity.runtime.resource.ResourceCacheImpl)
2011-08-03 16:08:45,622 - Default ResourceManager initialization complete.
2011-08-03 16:08:45,627 - Loaded System Directive: org.apache.velocity.runtime.directive.Literal
2011-08-03 16:08:45,631 - Loaded System Directive: org.apache.velocity.runtime.directive.Macro
2011-08-03 16:08:45,641 - Loaded System Directive: org.apache.velocity.runtime.directive.Parse
2011-08-03 16:08:45,647 - Loaded System Directive: org.apache.velocity.runtime.directive.Include
2011-08-03 16:08:45,652 - Loaded System Directive: org.apache.velocity.runtime.directive.Foreach
2011-08-03 16:08:45,716 - Created: 20 parsers.
2011-08-03 16:08:45,742 - Velocimacro : initialization starting.
2011-08-03 16:08:45,742 - Velocimacro : adding VMs from VM library template : VM_global_library.vm
2011-08-03 16:08:45,752 - ResourceManager : unable to find resource 'VM_global_library.vm' in any resource loader.
2011-08-03 16:08:45,752 - Velocimacro : error using  VM library template VM_global_library.vm : org.apache.velocity.exception.ResourceNotFoundException: Unable to find resource 'VM_global_library.vm'
2011-08-03 16:08:45,752 - Velocimacro :  VM library template macro registration complete.
2011-08-03 16:08:45,752 - Velocimacro : allowInline = true : VMs can be defined inline in templates
2011-08-03 16:08:45,752 - Velocimacro : allowInlineToOverride = false : VMs defined inline may NOT replace previous VM definitions
2011-08-03 16:08:45,752 - Velocimacro : allowInlineLocal = false : VMs defined inline will be  global in scope if allowed.
2011-08-03 16:08:45,752 - Velocimacro : messages on  : VM system will output logging messages
2011-08-03 16:08:45,752 - Velocimacro : autoload off  : VM system will not automatically reload global library macros
2011-08-03 16:08:45,753 - Velocimacro : initialization complete.
2011-08-03 16:08:45,753 - Velocity successfully started.
2011-08-03 16:10:02,041 - SimpleLog4JLogSystem initialized using logfile 'velocity.log'
2011-08-03 16:10:02,041 - ************************************************************** 
2011-08-03 16:10:02,041 - Starting Jakarta Velocity v1.4
2011-08-03 16:10:02,041 - RuntimeInstance initializing.
2011-08-03 16:10:02,041 - Default Properties File: org\apache\velocity\runtime\defaults\velocity.properties
2011-08-03 16:10:02,041 - Trying to use logger class org.apache.velocity.runtime.log.SimpleLog4JLogSystem
2011-08-03 16:10:02,041 - Using logger class org.apache.velocity.runtime.log.SimpleLog4JLogSystem
2011-08-03 16:10:02,049 - Default ResourceManager initializing. (class org.apache.velocity.runtime.resource.ResourceManagerImpl)
2011-08-03 16:10:02,059 - Resource Loader Instantiated: org.apache.velocity.runtime.resource.loader.ClasspathResourceLoader
2011-08-03 16:10:02,059 - ClasspathResourceLoader : initialization starting.
2011-08-03 16:10:02,059 - ClasspathResourceLoader : initialization complete.
2011-08-03 16:10:02,065 - ResourceCache : initialized. (class org.apache.velocity.runtime.resource.ResourceCacheImpl)
2011-08-03 16:10:02,065 - Default ResourceManager initialization complete.
2011-08-03 16:10:02,070 - Loaded System Directive: org.apache.velocity.runtime.directive.Literal
2011-08-03 16:10:02,076 - Loaded System Directive: org.apache.velocity.runtime.directive.Macro
2011-08-03 16:10:02,118 - Loaded System Directive: org.apache.velocity.runtime.directive.Parse
2011-08-03 16:10:02,123 - Loaded System Directive: org.apache.velocity.runtime.directive.Include
2011-08-03 16:10:02,138 - Loaded System Directive: org.apache.velocity.runtime.directive.Foreach
2011-08-03 16:10:02,357 - Created: 20 parsers.
2011-08-03 16:10:02,455 - Velocimacro : initialization starting.
2011-08-03 16:10:02,455 - Velocimacro : adding VMs from VM library template : VM_global_library.vm
2011-08-03 16:10:02,465 - ResourceManager : unable to find resource 'VM_global_library.vm' in any resource loader.
2011-08-03 16:10:02,465 - Velocimacro : error using  VM library template VM_global_library.vm : org.apache.velocity.exception.ResourceNotFoundException: Unable to find resource 'VM_global_library.vm'
2011-08-03 16:10:02,465 - Velocimacro :  VM library template macro registration complete.
2011-08-03 16:10:02,465 - Velocimacro : allowInline = true : VMs can be defined inline in templates
2011-08-03 16:10:02,465 - Velocimacro : allowInlineToOverride = false : VMs defined inline may NOT replace previous VM definitions
2011-08-03 16:10:02,465 - Velocimacro : allowInlineLocal = false : VMs defined inline will be  global in scope if allowed.
2011-08-03 16:10:02,465 - Velocimacro : messages on  : VM system will output logging messages
2011-08-03 16:10:02,465 - Velocimacro : autoload off  : VM system will not automatically reload global library macros
2011-08-03 16:10:02,465 - Velocimacro : initialization complete.
2011-08-03 16:10:02,465 - Velocity successfully started.
