2011-07-26 10:23:24,273 - Resource Loader Instantiated: org.apache.velocity.runtime.resource.loader.ClasspathResourceLoader
2011-07-26 10:23:24,273 - ClasspathResourceLoader : initialization starting.
2011-07-26 10:23:24,273 - ClasspathResourceLoader : initialization complete.
2011-07-26 10:23:24,280 - ResourceCache : initialized. (class org.apache.velocity.runtime.resource.ResourceCacheImpl)
2011-07-26 10:23:24,280 - Default ResourceManager initialization complete.
2011-07-26 10:23:24,287 - Loaded System Directive: org.apache.velocity.runtime.directive.Literal
2011-07-26 10:23:24,296 - Loaded System Directive: org.apache.velocity.runtime.directive.Macro
2011-07-26 10:23:24,311 - Loaded System Directive: org.apache.velocity.runtime.directive.Parse
2011-07-26 10:23:24,319 - Loaded System Directive: org.apache.velocity.runtime.directive.Include
2011-07-26 10:23:24,324 - Loaded System Directive: org.apache.velocity.runtime.directive.Foreach
2011-07-26 10:23:24,417 - Created: 20 parsers.
2011-07-26 10:23:24,464 - Velocimacro : initialization starting.
2011-07-26 10:23:24,464 - Velocimacro : adding VMs from VM library template : VM_global_library.vm
2011-07-26 10:23:24,496 - ResourceManager : unable to find resource 'VM_global_library.vm' in any resource loader.
2011-07-26 10:23:24,496 - Velocimacro : error using  VM library template VM_global_library.vm : org.apache.velocity.exception.ResourceNotFoundException: Unable to find resource 'VM_global_library.vm'
2011-07-26 10:23:24,496 - Velocimacro :  VM library template macro registration complete.
2011-07-26 10:23:24,496 - Velocimacro : allowInline = true : VMs can be defined inline in templates
2011-07-26 10:23:24,496 - Velocimacro : allowInlineToOverride = false : VMs defined inline may NOT replace previous VM definitions
2011-07-26 10:23:24,496 - Velocimacro : allowInlineLocal = false : VMs defined inline will be  global in scope if allowed.
2011-07-26 10:23:24,496 - Velocimacro : messages on  : VM system will output logging messages
2011-07-26 10:23:24,496 - Velocimacro : autoload off  : VM system will not automatically reload global library macros
2011-07-26 10:23:24,497 - Velocimacro : initialization complete.
2011-07-26 10:23:24,497 - Velocity successfully started.
2011-07-26 10:32:02,970 - SimpleLog4JLogSystem initialized using logfile 'velocity.log'
2011-07-26 10:32:02,970 - ************************************************************** 
2011-07-26 10:32:02,971 - Starting Jakarta Velocity v1.4
2011-07-26 10:32:02,971 - RuntimeInstance initializing.
2011-07-26 10:32:02,971 - Default Properties File: org\apache\velocity\runtime\defaults\velocity.properties
2011-07-26 10:32:02,971 - Trying to use logger class org.apache.velocity.runtime.log.SimpleLog4JLogSystem
2011-07-26 10:32:02,971 - Using logger class org.apache.velocity.runtime.log.SimpleLog4JLogSystem
2011-07-26 10:32:02,982 - Default ResourceManager initializing. (class org.apache.velocity.runtime.resource.ResourceManagerImpl)
2011-07-26 10:32:02,995 - Resource Loader Instantiated: org.apache.velocity.runtime.resource.loader.ClasspathResourceLoader
2011-07-26 10:32:02,995 - ClasspathResourceLoader : initialization starting.
2011-07-26 10:32:02,995 - ClasspathResourceLoader : initialization complete.
2011-07-26 10:32:03,001 - ResourceCache : initialized. (class org.apache.velocity.runtime.resource.ResourceCacheImpl)
2011-07-26 10:32:03,001 - Default ResourceManager initialization complete.
2011-07-26 10:32:03,007 - Loaded System Directive: org.apache.velocity.runtime.directive.Literal
2011-07-26 10:32:03,013 - Loaded System Directive: org.apache.velocity.runtime.directive.Macro
2011-07-26 10:32:03,025 - Loaded System Directive: org.apache.velocity.runtime.directive.Parse
2011-07-26 10:32:03,031 - Loaded System Directive: org.apache.velocity.runtime.directive.Include
2011-07-26 10:32:03,036 - Loaded System Directive: org.apache.velocity.runtime.directive.Foreach
2011-07-26 10:32:03,115 - Created: 20 parsers.
2011-07-26 10:32:03,147 - Velocimacro : initialization starting.
2011-07-26 10:32:03,147 - Velocimacro : adding VMs from VM library template : VM_global_library.vm
2011-07-26 10:32:03,161 - ResourceManager : unable to find resource 'VM_global_library.vm' in any resource loader.
2011-07-26 10:32:03,161 - Velocimacro : error using  VM library template VM_global_library.vm : org.apache.velocity.exception.ResourceNotFoundException: Unable to find resource 'VM_global_library.vm'
2011-07-26 10:32:03,161 - Velocimacro :  VM library template macro registration complete.
2011-07-26 10:32:03,161 - Velocimacro : allowInline = true : VMs can be defined inline in templates
2011-07-26 10:32:03,161 - Velocimacro : allowInlineToOverride = false : VMs defined inline may NOT replace previous VM definitions
2011-07-26 10:32:03,161 - Velocimacro : allowInlineLocal = false : VMs defined inline will be  global in scope if allowed.
2011-07-26 10:32:03,162 - Velocimacro : messages on  : VM system will output logging messages
2011-07-26 10:32:03,162 - Velocimacro : autoload off  : VM system will not automatically reload global library macros
2011-07-26 10:32:03,162 - Velocimacro : initialization complete.
2011-07-26 10:32:03,162 - Velocity successfully started.
2011-07-26 10:33:27,996 - SimpleLog4JLogSystem initialized using logfile 'velocity.log'
2011-07-26 10:33:27,997 - ************************************************************** 
2011-07-26 10:33:27,997 - Starting Jakarta Velocity v1.4
2011-07-26 10:33:27,997 - RuntimeInstance initializing.
2011-07-26 10:33:27,997 - Default Properties File: org\apache\velocity\runtime\defaults\velocity.properties
2011-07-26 10:33:27,997 - Trying to use logger class org.apache.velocity.runtime.log.SimpleLog4JLogSystem
2011-07-26 10:33:27,997 - Using logger class org.apache.velocity.runtime.log.SimpleLog4JLogSystem
2011-07-26 10:33:28,008 - Default ResourceManager initializing. (class org.apache.velocity.runtime.resource.ResourceManagerImpl)
2011-07-26 10:33:28,020 - Resource Loader Instantiated: org.apache.velocity.runtime.resource.loader.ClasspathResourceLoader
2011-07-26 10:33:28,020 - ClasspathResourceLoader : initialization starting.
2011-07-26 10:33:28,021 - ClasspathResourceLoader : initialization complete.
2011-07-26 10:33:28,026 - ResourceCache : initialized. (class org.apache.velocity.runtime.resource.ResourceCacheImpl)
2011-07-26 10:33:28,026 - Default ResourceManager initialization complete.
2011-07-26 10:33:28,032 - Loaded System Directive: org.apache.velocity.runtime.directive.Literal
2011-07-26 10:33:28,039 - Loaded System Directive: org.apache.velocity.runtime.directive.Macro
2011-07-26 10:33:28,051 - Loaded System Directive: org.apache.velocity.runtime.directive.Parse
2011-07-26 10:33:28,058 - Loaded System Directive: org.apache.velocity.runtime.directive.Include
2011-07-26 10:33:28,061 - Loaded System Directive: org.apache.velocity.runtime.directive.Foreach
2011-07-26 10:33:28,143 - Created: 20 parsers.
2011-07-26 10:33:28,181 - Velocimacro : initialization starting.
2011-07-26 10:33:28,182 - Velocimacro : adding VMs from VM library template : VM_global_library.vm
2011-07-26 10:33:28,199 - ResourceManager : unable to find resource 'VM_global_library.vm' in any resource loader.
2011-07-26 10:33:28,199 - Velocimacro : error using  VM library template VM_global_library.vm : org.apache.velocity.exception.ResourceNotFoundException: Unable to find resource 'VM_global_library.vm'
2011-07-26 10:33:28,199 - Velocimacro :  VM library template macro registration complete.
2011-07-26 10:33:28,199 - Velocimacro : allowInline = true : VMs can be defined inline in templates
2011-07-26 10:33:28,199 - Velocimacro : allowInlineToOverride = false : VMs defined inline may NOT replace previous VM definitions
2011-07-26 10:33:28,199 - Velocimacro : allowInlineLocal = false : VMs defined inline will be  global in scope if allowed.
2011-07-26 10:33:28,200 - Velocimacro : messages on  : VM system will output logging messages
2011-07-26 10:33:28,200 - Velocimacro : autoload off  : VM system will not automatically reload global library macros
2011-07-26 10:33:28,200 - Velocimacro : initialization complete.
2011-07-26 10:33:28,200 - Velocity successfully started.
2011-08-10 09:35:33,096 - SimpleLog4JLogSystem initialized using logfile 'velocity.log'
2011-08-10 09:35:33,096 - ************************************************************** 
2011-08-10 09:35:33,096 - Starting Jakarta Velocity v1.4
2011-08-10 09:35:33,097 - RuntimeInstance initializing.
2011-08-10 09:35:33,097 - Default Properties File: org\apache\velocity\runtime\defaults\velocity.properties
2011-08-10 09:35:33,097 - Trying to use logger class org.apache.velocity.runtime.log.SimpleLog4JLogSystem
2011-08-10 09:35:33,097 - Using logger class org.apache.velocity.runtime.log.SimpleLog4JLogSystem
2011-08-10 09:35:33,108 - Default ResourceManager initializing. (class org.apache.velocity.runtime.resource.ResourceManagerImpl)
2011-08-10 09:35:33,121 - Resource Loader Instantiated: org.apache.velocity.runtime.resource.loader.ClasspathResourceLoader
2011-08-10 09:35:33,121 - ClasspathResourceLoader : initialization starting.
2011-08-10 09:35:33,121 - ClasspathResourceLoader : initialization complete.
2011-08-10 09:35:33,127 - ResourceCache : initialized. (class org.apache.velocity.runtime.resource.ResourceCacheImpl)
2011-08-10 09:35:33,128 - Default ResourceManager initialization complete.
2011-08-10 09:35:33,134 - Loaded System Directive: org.apache.velocity.runtime.directive.Literal
2011-08-10 09:35:33,141 - Loaded System Directive: org.apache.velocity.runtime.directive.Macro
2011-08-10 09:35:33,153 - Loaded System Directive: org.apache.velocity.runtime.directive.Parse
2011-08-10 09:35:33,160 - Loaded System Directive: org.apache.velocity.runtime.directive.Include
2011-08-10 09:35:33,164 - Loaded System Directive: org.apache.velocity.runtime.directive.Foreach
2011-08-10 09:35:33,249 - Created: 20 parsers.
2011-08-10 09:35:33,286 - Velocimacro : initialization starting.
2011-08-10 09:35:33,286 - Velocimacro : adding VMs from VM library template : VM_global_library.vm
2011-08-10 09:35:33,300 - ResourceManager : unable to find resource 'VM_global_library.vm' in any resource loader.
2011-08-10 09:35:33,300 - Velocimacro : error using  VM library template VM_global_library.vm : org.apache.velocity.exception.ResourceNotFoundException: Unable to find resource 'VM_global_library.vm'
2011-08-10 09:35:33,300 - Velocimacro :  VM library template macro registration complete.
2011-08-10 09:35:33,301 - Velocimacro : allowInline = true : VMs can be defined inline in templates
2011-08-10 09:35:33,301 - Velocimacro : allowInlineToOverride = false : VMs defined inline may NOT replace previous VM definitions
2011-08-10 09:35:33,301 - Velocimacro : allowInlineLocal = false : VMs defined inline will be  global in scope if allowed.
2011-08-10 09:35:33,301 - Velocimacro : messages on  : VM system will output logging messages
2011-08-10 09:35:33,301 - Velocimacro : autoload off  : VM system will not automatically reload global library macros
2011-08-10 09:35:33,301 - Velocimacro : initialization complete.
2011-08-10 09:35:33,301 - Velocity successfully started.
