2011-06-23 15:56:54,027 - Loaded System Directive: org.apache.velocity.runtime.directive.Macro
2011-06-23 15:56:54,071 - Loaded System Directive: org.apache.velocity.runtime.directive.Parse
2011-06-23 15:56:54,115 - Loaded System Directive: org.apache.velocity.runtime.directive.Include
2011-06-23 15:56:54,144 - Loaded System Directive: org.apache.velocity.runtime.directive.Foreach
2011-06-23 15:56:54,488 - Created: 20 parsers.
2011-06-23 15:56:54,641 - Velocimacro : initialization starting.
2011-06-23 15:56:54,641 - Velocimacro : adding VMs from VM library template : VM_global_library.vm
2011-06-23 15:56:54,787 - ResourceManager : unable to find resource 'VM_global_library.vm' in any resource loader.
2011-06-23 15:56:54,788 - Velocimacro : error using  VM library template VM_global_library.vm : org.apache.velocity.exception.ResourceNotFoundException: Unable to find resource 'VM_global_library.vm'
2011-06-23 15:56:54,788 - Velocimacro :  VM library template macro registration complete.
2011-06-23 15:56:54,788 - Velocimacro : allowInline = true : VMs can be defined inline in templates
2011-06-23 15:56:54,788 - Velocimacro : allowInlineToOverride = false : VMs defined inline may NOT replace previous VM definitions
2011-06-23 15:56:54,789 - Velocimacro : allowInlineLocal = false : VMs defined inline will be  global in scope if allowed.
2011-06-23 15:56:54,789 - Velocimacro : messages on  : VM system will output logging messages
2011-06-23 15:56:54,789 - Velocimacro : autoload off  : VM system will not automatically reload global library macros
2011-06-23 15:56:54,789 - Velocimacro : initialization complete.
2011-06-23 15:56:54,789 - Velocity successfully started.
2011-06-24 11:28:12,734 - SimpleLog4JLogSystem initialized using logfile 'velocity.log'
2011-06-24 11:28:12,750 - ************************************************************** 
2011-06-24 11:28:12,750 - Starting Jakarta Velocity v1.4
2011-06-24 11:28:12,750 - RuntimeInstance initializing.
2011-06-24 11:28:12,750 - Default Properties File: org\apache\velocity\runtime\defaults\velocity.properties
2011-06-24 11:28:12,750 - Trying to use logger class org.apache.velocity.runtime.log.SimpleLog4JLogSystem
2011-06-24 11:28:12,750 - Using logger class org.apache.velocity.runtime.log.SimpleLog4JLogSystem
2011-06-24 11:28:12,781 - Default ResourceManager initializing. (class org.apache.velocity.runtime.resource.ResourceManagerImpl)
2011-06-24 11:28:12,812 - Resource Loader Instantiated: org.apache.velocity.runtime.resource.loader.ClasspathResourceLoader
2011-06-24 11:28:12,812 - ClasspathResourceLoader : initialization starting.
2011-06-24 11:28:12,812 - ClasspathResourceLoader : initialization complete.
2011-06-24 11:28:12,828 - ResourceCache : initialized. (class org.apache.velocity.runtime.resource.ResourceCacheImpl)
2011-06-24 11:28:12,828 - Default ResourceManager initialization complete.
2011-06-24 11:28:12,843 - Loaded System Directive: org.apache.velocity.runtime.directive.Literal
2011-06-24 11:28:12,859 - Loaded System Directive: org.apache.velocity.runtime.directive.Macro
2011-06-24 11:28:12,906 - Loaded System Directive: org.apache.velocity.runtime.directive.Parse
2011-06-24 11:28:12,921 - Loaded System Directive: org.apache.velocity.runtime.directive.Include
2011-06-24 11:28:12,937 - Loaded System Directive: org.apache.velocity.runtime.directive.Foreach
2011-06-24 11:28:13,156 - Created: 20 parsers.
2011-06-24 11:28:13,265 - Velocimacro : initialization starting.
2011-06-24 11:28:13,265 - Velocimacro : adding VMs from VM library template : VM_global_library.vm
2011-06-24 11:28:13,296 - ResourceManager : unable to find resource 'VM_global_library.vm' in any resource loader.
2011-06-24 11:28:13,296 - Velocimacro : error using  VM library template VM_global_library.vm : org.apache.velocity.exception.ResourceNotFoundException: Unable to find resource 'VM_global_library.vm'
2011-06-24 11:28:13,312 - Velocimacro :  VM library template macro registration complete.
2011-06-24 11:28:13,312 - Velocimacro : allowInline = true : VMs can be defined inline in templates
2011-06-24 11:28:13,312 - Velocimacro : allowInlineToOverride = false : VMs defined inline may NOT replace previous VM definitions
2011-06-24 11:28:13,312 - Velocimacro : allowInlineLocal = false : VMs defined inline will be  global in scope if allowed.
2011-06-24 11:28:13,312 - Velocimacro : messages on  : VM system will output logging messages
2011-06-24 11:28:13,312 - Velocimacro : autoload off  : VM system will not automatically reload global library macros
2011-06-24 11:28:13,312 - Velocimacro : initialization complete.
2011-06-24 11:28:13,312 - Velocity successfully started.
2011-06-24 11:40:37,526 - SimpleLog4JLogSystem initialized using logfile 'velocity.log'
2011-06-24 11:40:37,526 - ************************************************************** 
2011-06-24 11:40:37,526 - Starting Jakarta Velocity v1.4
2011-06-24 11:40:37,526 - RuntimeInstance initializing.
2011-06-24 11:40:37,526 - Default Properties File: org\apache\velocity\runtime\defaults\velocity.properties
2011-06-24 11:40:37,526 - Trying to use logger class org.apache.velocity.runtime.log.SimpleLog4JLogSystem
2011-06-24 11:40:37,526 - Using logger class org.apache.velocity.runtime.log.SimpleLog4JLogSystem
2011-06-24 11:40:37,558 - Default ResourceManager initializing. (class org.apache.velocity.runtime.resource.ResourceManagerImpl)
2011-06-24 11:40:37,589 - Resource Loader Instantiated: org.apache.velocity.runtime.resource.loader.ClasspathResourceLoader
2011-06-24 11:40:37,589 - ClasspathResourceLoader : initialization starting.
2011-06-24 11:40:37,589 - ClasspathResourceLoader : initialization complete.
2011-06-24 11:40:37,604 - ResourceCache : initialized. (class org.apache.velocity.runtime.resource.ResourceCacheImpl)
2011-06-24 11:40:37,604 - Default ResourceManager initialization complete.
2011-06-24 11:40:37,620 - Loaded System Directive: org.apache.velocity.runtime.directive.Literal
2011-06-24 11:40:37,636 - Loaded System Directive: org.apache.velocity.runtime.directive.Macro
2011-06-24 11:40:37,667 - Loaded System Directive: org.apache.velocity.runtime.directive.Parse
2011-06-24 11:40:37,683 - Loaded System Directive: org.apache.velocity.runtime.directive.Include
2011-06-24 11:40:37,698 - Loaded System Directive: org.apache.velocity.runtime.directive.Foreach
2011-06-24 11:40:37,964 - Created: 20 parsers.
2011-06-24 11:40:38,073 - Velocimacro : initialization starting.
2011-06-24 11:40:38,073 - Velocimacro : adding VMs from VM library template : VM_global_library.vm
2011-06-24 11:40:38,120 - ResourceManager : unable to find resource 'VM_global_library.vm' in any resource loader.
2011-06-24 11:40:38,120 - Velocimacro : error using  VM library template VM_global_library.vm : org.apache.velocity.exception.ResourceNotFoundException: Unable to find resource 'VM_global_library.vm'
2011-06-24 11:40:38,120 - Velocimacro :  VM library template macro registration complete.
2011-06-24 11:40:38,120 - Velocimacro : allowInline = true : VMs can be defined inline in templates
2011-06-24 11:40:38,120 - Velocimacro : allowInlineToOverride = false : VMs defined inline may NOT replace previous VM definitions
2011-06-24 11:40:38,120 - Velocimacro : allowInlineLocal = false : VMs defined inline will be  global in scope if allowed.
2011-06-24 11:40:38,120 - Velocimacro : messages on  : VM system will output logging messages
2011-06-24 11:40:38,120 - Velocimacro : autoload off  : VM system will not automatically reload global library macros
2011-06-24 11:40:38,120 - Velocimacro : initialization complete.
2011-06-24 11:40:38,120 - Velocity successfully started.
2011-06-24 11:45:02,728 - SimpleLog4JLogSystem initialized using logfile 'velocity.log'
2011-06-24 11:45:02,728 - ************************************************************** 
2011-06-24 11:45:02,728 - Starting Jakarta Velocity v1.4
2011-06-24 11:45:02,728 - RuntimeInstance initializing.
2011-06-24 11:45:02,728 - Default Properties File: org\apache\velocity\runtime\defaults\velocity.properties
2011-06-24 11:45:02,728 - Trying to use logger class org.apache.velocity.runtime.log.SimpleLog4JLogSystem
2011-06-24 11:45:02,728 - Using logger class org.apache.velocity.runtime.log.SimpleLog4JLogSystem
2011-06-24 11:45:02,759 - Default ResourceManager initializing. (class org.apache.velocity.runtime.resource.ResourceManagerImpl)
2011-06-24 11:45:02,790 - Resource Loader Instantiated: org.apache.velocity.runtime.resource.loader.ClasspathResourceLoader
2011-06-24 11:45:02,790 - ClasspathResourceLoader : initialization starting.
2011-06-24 11:45:02,790 - ClasspathResourceLoader : initialization complete.
2011-06-24 11:45:02,806 - ResourceCache : initialized. (class org.apache.velocity.runtime.resource.ResourceCacheImpl)
2011-06-24 11:45:02,806 - Default ResourceManager initialization complete.
2011-06-24 11:45:02,821 - Loaded System Directive: org.apache.velocity.runtime.directive.Literal
2011-06-24 11:45:02,853 - Loaded System Directive: org.apache.velocity.runtime.directive.Macro
2011-06-24 11:45:02,884 - Loaded System Directive: org.apache.velocity.runtime.directive.Parse
2011-06-24 11:45:02,899 - Loaded System Directive: org.apache.velocity.runtime.directive.Include
2011-06-24 11:45:02,915 - Loaded System Directive: org.apache.velocity.runtime.directive.Foreach
2011-06-24 11:45:03,149 - Created: 20 parsers.
2011-06-24 11:45:03,243 - Velocimacro : initialization starting.
2011-06-24 11:45:03,243 - Velocimacro : adding VMs from VM library template : VM_global_library.vm
2011-06-24 11:45:03,290 - ResourceManager : unable to find resource 'VM_global_library.vm' in any resource loader.
2011-06-24 11:45:03,290 - Velocimacro : error using  VM library template VM_global_library.vm : org.apache.velocity.exception.ResourceNotFoundException: Unable to find resource 'VM_global_library.vm'
2011-06-24 11:45:03,290 - Velocimacro :  VM library template macro registration complete.
2011-06-24 11:45:03,290 - Velocimacro : allowInline = true : VMs can be defined inline in templates
2011-06-24 11:45:03,290 - Velocimacro : allowInlineToOverride = false : VMs defined inline may NOT replace previous VM definitions
2011-06-24 11:45:03,290 - Velocimacro : allowInlineLocal = false : VMs defined inline will be  global in scope if allowed.
2011-06-24 11:45:03,290 - Velocimacro : messages on  : VM system will output logging messages
2011-06-24 11:45:03,290 - Velocimacro : autoload off  : VM system will not automatically reload global library macros
2011-06-24 11:45:03,290 - Velocimacro : initialization complete.
2011-06-24 11:45:03,290 - Velocity successfully started.
2011-06-24 11:48:13,085 - SimpleLog4JLogSystem initialized using logfile 'velocity.log'
2011-06-24 11:48:13,087 - ************************************************************** 
2011-06-24 11:48:13,087 - Starting Jakarta Velocity v1.4
2011-06-24 11:48:13,087 - RuntimeInstance initializing.
2011-06-24 11:48:13,087 - Default Properties File: org\apache\velocity\runtime\defaults\velocity.properties
2011-06-24 11:48:13,088 - Trying to use logger class org.apache.velocity.runtime.log.SimpleLog4JLogSystem
2011-06-24 11:48:13,088 - Using logger class org.apache.velocity.runtime.log.SimpleLog4JLogSystem
2011-06-24 11:48:13,128 - Default ResourceManager initializing. (class org.apache.velocity.runtime.resource.ResourceManagerImpl)
2011-06-24 11:48:13,167 - Resource Loader Instantiated: org.apache.velocity.runtime.resource.loader.ClasspathResourceLoader
2011-06-24 11:48:13,168 - ClasspathResourceLoader : initialization starting.
2011-06-24 11:48:13,168 - ClasspathResourceLoader : initialization complete.
2011-06-24 11:48:13,188 - ResourceCache : initialized. (class org.apache.velocity.runtime.resource.ResourceCacheImpl)
2011-06-24 11:48:13,188 - Default ResourceManager initialization complete.
2011-06-24 11:48:13,234 - Loaded System Directive: org.apache.velocity.runtime.directive.Literal
2011-06-24 11:48:13,281 - Loaded System Directive: org.apache.velocity.runtime.directive.Macro
2011-06-24 11:48:13,376 - Loaded System Directive: org.apache.velocity.runtime.directive.Parse
2011-06-24 11:48:13,452 - Loaded System Directive: org.apache.velocity.runtime.directive.Include
2011-06-24 11:48:13,468 - Loaded System Directive: org.apache.velocity.runtime.directive.Foreach
2011-06-24 11:48:14,087 - Created: 20 parsers.
2011-06-24 11:48:14,310 - Velocimacro : initialization starting.
2011-06-24 11:48:14,310 - Velocimacro : adding VMs from VM library template : VM_global_library.vm
2011-06-24 11:48:14,401 - ResourceManager : unable to find resource 'VM_global_library.vm' in any resource loader.
2011-06-24 11:48:14,401 - Velocimacro : error using  VM library template VM_global_library.vm : org.apache.velocity.exception.ResourceNotFoundException: Unable to find resource 'VM_global_library.vm'
2011-06-24 11:48:14,401 - Velocimacro :  VM library template macro registration complete.
2011-06-24 11:48:14,402 - Velocimacro : allowInline = true : VMs can be defined inline in templates
2011-06-24 11:48:14,402 - Velocimacro : allowInlineToOverride = false : VMs defined inline may NOT replace previous VM definitions
2011-06-24 11:48:14,402 - Velocimacro : allowInlineLocal = false : VMs defined inline will be  global in scope if allowed.
2011-06-24 11:48:14,402 - Velocimacro : messages on  : VM system will output logging messages
2011-06-24 11:48:14,402 - Velocimacro : autoload off  : VM system will not automatically reload global library macros
2011-06-24 11:48:14,402 - Velocimacro : initialization complete.
2011-06-24 11:48:14,402 - Velocity successfully started.
