2011-05-29 22:39:56,703 - Velocimacro : allowInline = true : VMs can be defined inline in templates
2011-05-29 22:39:56,703 - Velocimacro : allowInlineToOverride = false : VMs defined inline may NOT replace previous VM definitions
2011-05-29 22:39:56,703 - Velocimacro : allowInlineLocal = false : VMs defined inline will be  global in scope if allowed.
2011-05-29 22:39:56,703 - Velocimacro : messages on  : VM system will output logging messages
2011-05-29 22:39:56,713 - Velocimacro : autoload off  : VM system will not automatically reload global library macros
2011-05-29 22:39:56,713 - Velocimacro : initialization complete.
2011-05-29 22:39:56,713 - Velocity successfully started.
2011-05-29 22:44:21,266 - SimpleLog4JLogSystem initialized using logfile 'velocity.log'
2011-05-29 22:44:21,266 - ************************************************************** 
2011-05-29 22:44:21,266 - Starting Jakarta Velocity v1.4
2011-05-29 22:44:21,266 - RuntimeInstance initializing.
2011-05-29 22:44:21,266 - Default Properties File: org\apache\velocity\runtime\defaults\velocity.properties
2011-05-29 22:44:21,266 - Trying to use logger class org.apache.velocity.runtime.log.SimpleLog4JLogSystem
2011-05-29 22:44:21,266 - Using logger class org.apache.velocity.runtime.log.SimpleLog4JLogSystem
2011-05-29 22:44:21,276 - Default ResourceManager initializing. (class org.apache.velocity.runtime.resource.ResourceManagerImpl)
2011-05-29 22:44:21,296 - Resource Loader Instantiated: org.apache.velocity.runtime.resource.loader.ClasspathResourceLoader
2011-05-29 22:44:21,296 - ClasspathResourceLoader : initialization starting.
2011-05-29 22:44:21,296 - ClasspathResourceLoader : initialization complete.
2011-05-29 22:44:21,306 - ResourceCache : initialized. (class org.apache.velocity.runtime.resource.ResourceCacheImpl)
2011-05-29 22:44:21,306 - Default ResourceManager initialization complete.
2011-05-29 22:44:21,306 - Loaded System Directive: org.apache.velocity.runtime.directive.Literal
2011-05-29 22:44:21,326 - Loaded System Directive: org.apache.velocity.runtime.directive.Macro
2011-05-29 22:44:21,336 - Loaded System Directive: org.apache.velocity.runtime.directive.Parse
2011-05-29 22:44:21,346 - Loaded System Directive: org.apache.velocity.runtime.directive.Include
2011-05-29 22:44:21,346 - Loaded System Directive: org.apache.velocity.runtime.directive.Foreach
2011-05-29 22:44:21,456 - Created: 20 parsers.
2011-05-29 22:44:21,496 - Velocimacro : initialization starting.
2011-05-29 22:44:21,496 - Velocimacro : adding VMs from VM library template : VM_global_library.vm
2011-05-29 22:44:21,516 - ResourceManager : unable to find resource 'VM_global_library.vm' in any resource loader.
2011-05-29 22:44:21,516 - Velocimacro : error using  VM library template VM_global_library.vm : org.apache.velocity.exception.ResourceNotFoundException: Unable to find resource 'VM_global_library.vm'
2011-05-29 22:44:21,516 - Velocimacro :  VM library template macro registration complete.
2011-05-29 22:44:21,516 - Velocimacro : allowInline = true : VMs can be defined inline in templates
2011-05-29 22:44:21,516 - Velocimacro : allowInlineToOverride = false : VMs defined inline may NOT replace previous VM definitions
2011-05-29 22:44:21,516 - Velocimacro : allowInlineLocal = false : VMs defined inline will be  global in scope if allowed.
2011-05-29 22:44:21,516 - Velocimacro : messages on  : VM system will output logging messages
2011-05-29 22:44:21,516 - Velocimacro : autoload off  : VM system will not automatically reload global library macros
2011-05-29 22:44:21,516 - Velocimacro : initialization complete.
2011-05-29 22:44:21,516 - Velocity successfully started.
2011-05-29 22:45:56,945 - SimpleLog4JLogSystem initialized using logfile 'velocity.log'
2011-05-29 22:45:56,945 - ************************************************************** 
2011-05-29 22:45:56,945 - Starting Jakarta Velocity v1.4
2011-05-29 22:45:56,945 - RuntimeInstance initializing.
2011-05-29 22:45:56,945 - Default Properties File: org\apache\velocity\runtime\defaults\velocity.properties
2011-05-29 22:45:56,945 - Trying to use logger class org.apache.velocity.runtime.log.SimpleLog4JLogSystem
2011-05-29 22:45:56,945 - Using logger class org.apache.velocity.runtime.log.SimpleLog4JLogSystem
2011-05-29 22:45:56,955 - Default ResourceManager initializing. (class org.apache.velocity.runtime.resource.ResourceManagerImpl)
2011-05-29 22:45:56,965 - Resource Loader Instantiated: org.apache.velocity.runtime.resource.loader.ClasspathResourceLoader
2011-05-29 22:45:56,965 - ClasspathResourceLoader : initialization starting.
2011-05-29 22:45:56,965 - ClasspathResourceLoader : initialization complete.
2011-05-29 22:45:56,975 - ResourceCache : initialized. (class org.apache.velocity.runtime.resource.ResourceCacheImpl)
2011-05-29 22:45:56,975 - Default ResourceManager initialization complete.
2011-05-29 22:45:56,985 - Loaded System Directive: org.apache.velocity.runtime.directive.Literal
2011-05-29 22:45:56,985 - Loaded System Directive: org.apache.velocity.runtime.directive.Macro
2011-05-29 22:45:57,005 - Loaded System Directive: org.apache.velocity.runtime.directive.Parse
2011-05-29 22:45:57,015 - Loaded System Directive: org.apache.velocity.runtime.directive.Include
2011-05-29 22:45:57,015 - Loaded System Directive: org.apache.velocity.runtime.directive.Foreach
2011-05-29 22:45:57,095 - Created: 20 parsers.
2011-05-29 22:45:57,125 - Velocimacro : initialization starting.
2011-05-29 22:45:57,125 - Velocimacro : adding VMs from VM library template : VM_global_library.vm
2011-05-29 22:45:57,145 - ResourceManager : unable to find resource 'VM_global_library.vm' in any resource loader.
2011-05-29 22:45:57,145 - Velocimacro : error using  VM library template VM_global_library.vm : org.apache.velocity.exception.ResourceNotFoundException: Unable to find resource 'VM_global_library.vm'
2011-05-29 22:45:57,145 - Velocimacro :  VM library template macro registration complete.
2011-05-29 22:45:57,145 - Velocimacro : allowInline = true : VMs can be defined inline in templates
2011-05-29 22:45:57,145 - Velocimacro : allowInlineToOverride = false : VMs defined inline may NOT replace previous VM definitions
2011-05-29 22:45:57,145 - Velocimacro : allowInlineLocal = false : VMs defined inline will be  global in scope if allowed.
2011-05-29 22:45:57,145 - Velocimacro : messages on  : VM system will output logging messages
2011-05-29 22:45:57,145 - Velocimacro : autoload off  : VM system will not automatically reload global library macros
2011-05-29 22:45:57,145 - Velocimacro : initialization complete.
2011-05-29 22:45:57,145 - Velocity successfully started.
2011-05-29 22:45:58,911 - SimpleLog4JLogSystem initialized using logfile 'velocity.log'
2011-05-29 22:45:58,911 - ************************************************************** 
2011-05-29 22:45:58,911 - Starting Jakarta Velocity v1.4
2011-05-29 22:45:58,911 - RuntimeInstance initializing.
2011-05-29 22:45:58,911 - Default Properties File: org\apache\velocity\runtime\defaults\velocity.properties
2011-05-29 22:45:58,911 - Trying to use logger class org.apache.velocity.runtime.log.SimpleLog4JLogSystem
2011-05-29 22:45:58,911 - Using logger class org.apache.velocity.runtime.log.SimpleLog4JLogSystem
2011-05-29 22:45:58,931 - Default ResourceManager initializing. (class org.apache.velocity.runtime.resource.ResourceManagerImpl)
2011-05-29 22:45:58,941 - Resource Loader Instantiated: org.apache.velocity.runtime.resource.loader.ClasspathResourceLoader
2011-05-29 22:45:58,941 - ClasspathResourceLoader : initialization starting.
2011-05-29 22:45:58,941 - ClasspathResourceLoader : initialization complete.
2011-05-29 22:45:58,941 - ResourceCache : initialized. (class org.apache.velocity.runtime.resource.ResourceCacheImpl)
2011-05-29 22:45:58,941 - Default ResourceManager initialization complete.
2011-05-29 22:45:58,961 - Loaded System Directive: org.apache.velocity.runtime.directive.Literal
2011-05-29 22:45:58,971 - Loaded System Directive: org.apache.velocity.runtime.directive.Macro
2011-05-29 22:45:58,991 - Loaded System Directive: org.apache.velocity.runtime.directive.Parse
2011-05-29 22:45:58,991 - Loaded System Directive: org.apache.velocity.runtime.directive.Include
2011-05-29 22:45:59,001 - Loaded System Directive: org.apache.velocity.runtime.directive.Foreach
2011-05-29 22:45:59,091 - Created: 20 parsers.
2011-05-29 22:45:59,131 - Velocimacro : initialization starting.
2011-05-29 22:45:59,131 - Velocimacro : adding VMs from VM library template : VM_global_library.vm
2011-05-29 22:45:59,141 - ResourceManager : unable to find resource 'VM_global_library.vm' in any resource loader.
2011-05-29 22:45:59,141 - Velocimacro : error using  VM library template VM_global_library.vm : org.apache.velocity.exception.ResourceNotFoundException: Unable to find resource 'VM_global_library.vm'
2011-05-29 22:45:59,141 - Velocimacro :  VM library template macro registration complete.
2011-05-29 22:45:59,141 - Velocimacro : allowInline = true : VMs can be defined inline in templates
2011-05-29 22:45:59,141 - Velocimacro : allowInlineToOverride = false : VMs defined inline may NOT replace previous VM definitions
2011-05-29 22:45:59,141 - Velocimacro : allowInlineLocal = false : VMs defined inline will be  global in scope if allowed.
2011-05-29 22:45:59,141 - Velocimacro : messages on  : VM system will output logging messages
2011-05-29 22:45:59,141 - Velocimacro : autoload off  : VM system will not automatically reload global library macros
2011-05-29 22:45:59,141 - Velocimacro : initialization complete.
2011-05-29 22:45:59,141 - Velocity successfully started.
2011-05-29 22:47:22,307 - SimpleLog4JLogSystem initialized using logfile 'velocity.log'
2011-05-29 22:47:22,307 - ************************************************************** 
2011-05-29 22:47:22,307 - Starting Jakarta Velocity v1.4
2011-05-29 22:47:22,307 - RuntimeInstance initializing.
2011-05-29 22:47:22,307 - Default Properties File: org\apache\velocity\runtime\defaults\velocity.properties
2011-05-29 22:47:22,307 - Trying to use logger class org.apache.velocity.runtime.log.SimpleLog4JLogSystem
2011-05-29 22:47:22,307 - Using logger class org.apache.velocity.runtime.log.SimpleLog4JLogSystem
2011-05-29 22:47:22,327 - Default ResourceManager initializing. (class org.apache.velocity.runtime.resource.ResourceManagerImpl)
2011-05-29 22:47:22,347 - Resource Loader Instantiated: org.apache.velocity.runtime.resource.loader.ClasspathResourceLoader
2011-05-29 22:47:22,347 - ClasspathResourceLoader : initialization starting.
2011-05-29 22:47:22,347 - ClasspathResourceLoader : initialization complete.
2011-05-29 22:47:22,357 - ResourceCache : initialized. (class org.apache.velocity.runtime.resource.ResourceCacheImpl)
2011-05-29 22:47:22,357 - Default ResourceManager initialization complete.
2011-05-29 22:47:22,377 - Loaded System Directive: org.apache.velocity.runtime.directive.Literal
2011-05-29 22:47:22,387 - Loaded System Directive: org.apache.velocity.runtime.directive.Macro
2011-05-29 22:47:22,407 - Loaded System Directive: org.apache.velocity.runtime.directive.Parse
2011-05-29 22:47:22,417 - Loaded System Directive: org.apache.velocity.runtime.directive.Include
2011-05-29 22:47:22,427 - Loaded System Directive: org.apache.velocity.runtime.directive.Foreach
2011-05-29 22:47:22,567 - Created: 20 parsers.
2011-05-29 22:47:22,627 - Velocimacro : initialization starting.
2011-05-29 22:47:22,627 - Velocimacro : adding VMs from VM library template : VM_global_library.vm
2011-05-29 22:47:22,657 - ResourceManager : unable to find resource 'VM_global_library.vm' in any resource loader.
2011-05-29 22:47:22,657 - Velocimacro : error using  VM library template VM_global_library.vm : org.apache.velocity.exception.ResourceNotFoundException: Unable to find resource 'VM_global_library.vm'
2011-05-29 22:47:22,657 - Velocimacro :  VM library template macro registration complete.
2011-05-29 22:47:22,657 - Velocimacro : allowInline = true : VMs can be defined inline in templates
2011-05-29 22:47:22,657 - Velocimacro : allowInlineToOverride = false : VMs defined inline may NOT replace previous VM definitions
2011-05-29 22:47:22,657 - Velocimacro : allowInlineLocal = false : VMs defined inline will be  global in scope if allowed.
2011-05-29 22:47:22,657 - Velocimacro : messages on  : VM system will output logging messages
2011-05-29 22:47:22,657 - Velocimacro : autoload off  : VM system will not automatically reload global library macros
2011-05-29 22:47:22,657 - Velocimacro : initialization complete.
2011-05-29 22:47:22,657 - Velocity successfully started.
2011-05-29 22:51:35,612 - SimpleLog4JLogSystem initialized using logfile 'velocity.log'
2011-05-29 22:51:35,612 - ************************************************************** 
2011-05-29 22:51:35,612 - Starting Jakarta Velocity v1.4
2011-05-29 22:51:35,612 - RuntimeInstance initializing.
2011-05-29 22:51:35,612 - Default Properties File: org\apache\velocity\runtime\defaults\velocity.properties
2011-05-29 22:51:35,612 - Trying to use logger class org.apache.velocity.runtime.log.SimpleLog4JLogSystem
2011-05-29 22:51:35,612 - Using logger class org.apache.velocity.runtime.log.SimpleLog4JLogSystem
2011-05-29 22:51:35,622 - Default ResourceManager initializing. (class org.apache.velocity.runtime.resource.ResourceManagerImpl)
2011-05-29 22:51:35,642 - Resource Loader Instantiated: org.apache.velocity.runtime.resource.loader.ClasspathResourceLoader
2011-05-29 22:51:35,642 - ClasspathResourceLoader : initialization starting.
2011-05-29 22:51:35,642 - ClasspathResourceLoader : initialization complete.
2011-05-29 22:51:35,652 - ResourceCache : initialized. (class org.apache.velocity.runtime.resource.ResourceCacheImpl)
2011-05-29 22:51:35,652 - Default ResourceManager initialization complete.
2011-05-29 22:51:35,662 - Loaded System Directive: org.apache.velocity.runtime.directive.Literal
2011-05-29 22:51:35,672 - Loaded System Directive: org.apache.velocity.runtime.directive.Macro
2011-05-29 22:51:35,682 - Loaded System Directive: org.apache.velocity.runtime.directive.Parse
2011-05-29 22:51:35,692 - Loaded System Directive: org.apache.velocity.runtime.directive.Include
2011-05-29 22:51:35,702 - Loaded System Directive: org.apache.velocity.runtime.directive.Foreach
2011-05-29 22:51:35,812 - Created: 20 parsers.
2011-05-29 22:51:35,862 - Velocimacro : initialization starting.
2011-05-29 22:51:35,862 - Velocimacro : adding VMs from VM library template : VM_global_library.vm
2011-05-29 22:51:35,892 - ResourceManager : unable to find resource 'VM_global_library.vm' in any resource loader.
2011-05-29 22:51:35,892 - Velocimacro : error using  VM library template VM_global_library.vm : org.apache.velocity.exception.ResourceNotFoundException: Unable to find resource 'VM_global_library.vm'
2011-05-29 22:51:35,892 - Velocimacro :  VM library template macro registration complete.
2011-05-29 22:51:35,892 - Velocimacro : allowInline = true : VMs can be defined inline in templates
2011-05-29 22:51:35,892 - Velocimacro : allowInlineToOverride = false : VMs defined inline may NOT replace previous VM definitions
2011-05-29 22:51:35,892 - Velocimacro : allowInlineLocal = false : VMs defined inline will be  global in scope if allowed.
2011-05-29 22:51:35,892 - Velocimacro : messages on  : VM system will output logging messages
2011-05-29 22:51:35,892 - Velocimacro : autoload off  : VM system will not automatically reload global library macros
2011-05-29 22:51:35,892 - Velocimacro : initialization complete.
2011-05-29 22:51:35,892 - Velocity successfully started.
2011-05-29 22:53:38,083 - SimpleLog4JLogSystem initialized using logfile 'velocity.log'
2011-05-29 22:53:38,083 - ************************************************************** 
2011-05-29 22:53:38,083 - Starting Jakarta Velocity v1.4
2011-05-29 22:53:38,083 - RuntimeInstance initializing.
2011-05-29 22:53:38,083 - Default Properties File: org\apache\velocity\runtime\defaults\velocity.properties
2011-05-29 22:53:38,083 - Trying to use logger class org.apache.velocity.runtime.log.SimpleLog4JLogSystem
2011-05-29 22:53:38,083 - Using logger class org.apache.velocity.runtime.log.SimpleLog4JLogSystem
2011-05-29 22:53:38,103 - Default ResourceManager initializing. (class org.apache.velocity.runtime.resource.ResourceManagerImpl)
2011-05-29 22:53:38,123 - Resource Loader Instantiated: org.apache.velocity.runtime.resource.loader.ClasspathResourceLoader
2011-05-29 22:53:38,123 - ClasspathResourceLoader : initialization starting.
2011-05-29 22:53:38,123 - ClasspathResourceLoader : initialization complete.
2011-05-29 22:53:38,133 - ResourceCache : initialized. (class org.apache.velocity.runtime.resource.ResourceCacheImpl)
2011-05-29 22:53:38,133 - Default ResourceManager initialization complete.
2011-05-29 22:53:38,143 - Loaded System Directive: org.apache.velocity.runtime.directive.Literal
2011-05-29 22:53:38,163 - Loaded System Directive: org.apache.velocity.runtime.directive.Macro
2011-05-29 22:53:38,173 - Loaded System Directive: org.apache.velocity.runtime.directive.Parse
2011-05-29 22:53:38,193 - Loaded System Directive: org.apache.velocity.runtime.directive.Include
2011-05-29 22:53:38,193 - Loaded System Directive: org.apache.velocity.runtime.directive.Foreach
2011-05-29 22:53:38,343 - Created: 20 parsers.
2011-05-29 22:53:38,403 - Velocimacro : initialization starting.
2011-05-29 22:53:38,403 - Velocimacro : adding VMs from VM library template : VM_global_library.vm
2011-05-29 22:53:38,423 - ResourceManager : unable to find resource 'VM_global_library.vm' in any resource loader.
2011-05-29 22:53:38,423 - Velocimacro : error using  VM library template VM_global_library.vm : org.apache.velocity.exception.ResourceNotFoundException: Unable to find resource 'VM_global_library.vm'
2011-05-29 22:53:38,423 - Velocimacro :  VM library template macro registration complete.
2011-05-29 22:53:38,423 - Velocimacro : allowInline = true : VMs can be defined inline in templates
2011-05-29 22:53:38,423 - Velocimacro : allowInlineToOverride = false : VMs defined inline may NOT replace previous VM definitions
2011-05-29 22:53:38,423 - Velocimacro : allowInlineLocal = false : VMs defined inline will be  global in scope if allowed.
2011-05-29 22:53:38,423 - Velocimacro : messages on  : VM system will output logging messages
2011-05-29 22:53:38,423 - Velocimacro : autoload off  : VM system will not automatically reload global library macros
2011-05-29 22:53:38,423 - Velocimacro : initialization complete.
2011-05-29 22:53:38,423 - Velocity successfully started.
2011-05-29 22:55:00,366 - SimpleLog4JLogSystem initialized using logfile 'velocity.log'
2011-05-29 22:55:00,376 - ************************************************************** 
2011-05-29 22:55:00,376 - Starting Jakarta Velocity v1.4
2011-05-29 22:55:00,376 - RuntimeInstance initializing.
2011-05-29 22:55:00,376 - Default Properties File: org\apache\velocity\runtime\defaults\velocity.properties
2011-05-29 22:55:00,376 - Trying to use logger class org.apache.velocity.runtime.log.SimpleLog4JLogSystem
2011-05-29 22:55:00,376 - Using logger class org.apache.velocity.runtime.log.SimpleLog4JLogSystem
2011-05-29 22:55:00,386 - Default ResourceManager initializing. (class org.apache.velocity.runtime.resource.ResourceManagerImpl)
2011-05-29 22:55:00,416 - Resource Loader Instantiated: org.apache.velocity.runtime.resource.loader.ClasspathResourceLoader
2011-05-29 22:55:00,416 - ClasspathResourceLoader : initialization starting.
2011-05-29 22:55:00,416 - ClasspathResourceLoader : initialization complete.
2011-05-29 22:55:00,426 - ResourceCache : initialized. (class org.apache.velocity.runtime.resource.ResourceCacheImpl)
2011-05-29 22:55:00,426 - Default ResourceManager initialization complete.
2011-05-29 22:55:00,436 - Loaded System Directive: org.apache.velocity.runtime.directive.Literal
2011-05-29 22:55:00,446 - Loaded System Directive: org.apache.velocity.runtime.directive.Macro
2011-05-29 22:55:00,466 - Loaded System Directive: org.apache.velocity.runtime.directive.Parse
2011-05-29 22:55:00,476 - Loaded System Directive: org.apache.velocity.runtime.directive.Include
2011-05-29 22:55:00,486 - Loaded System Directive: org.apache.velocity.runtime.directive.Foreach
2011-05-29 22:55:00,636 - Created: 20 parsers.
2011-05-29 22:55:00,696 - Velocimacro : initialization starting.
2011-05-29 22:55:00,696 - Velocimacro : adding VMs from VM library template : VM_global_library.vm
2011-05-29 22:55:00,716 - ResourceManager : unable to find resource 'VM_global_library.vm' in any resource loader.
2011-05-29 22:55:00,716 - Velocimacro : error using  VM library template VM_global_library.vm : org.apache.velocity.exception.ResourceNotFoundException: Unable to find resource 'VM_global_library.vm'
2011-05-29 22:55:00,716 - Velocimacro :  VM library template macro registration complete.
2011-05-29 22:55:00,716 - Velocimacro : allowInline = true : VMs can be defined inline in templates
2011-05-29 22:55:00,716 - Velocimacro : allowInlineToOverride = false : VMs defined inline may NOT replace previous VM definitions
2011-05-29 22:55:00,716 - Velocimacro : allowInlineLocal = false : VMs defined inline will be  global in scope if allowed.
2011-05-29 22:55:00,716 - Velocimacro : messages on  : VM system will output logging messages
2011-05-29 22:55:00,716 - Velocimacro : autoload off  : VM system will not automatically reload global library macros
2011-05-29 22:55:00,716 - Velocimacro : initialization complete.
2011-05-29 22:55:00,716 - Velocity successfully started.
2011-05-29 22:56:32,832 - SimpleLog4JLogSystem initialized using logfile 'velocity.log'
2011-05-29 22:56:32,832 - ************************************************************** 
2011-05-29 22:56:32,832 - Starting Jakarta Velocity v1.4
2011-05-29 22:56:32,832 - RuntimeInstance initializing.
2011-05-29 22:56:32,832 - Default Properties File: org\apache\velocity\runtime\defaults\velocity.properties
2011-05-29 22:56:32,832 - Trying to use logger class org.apache.velocity.runtime.log.SimpleLog4JLogSystem
2011-05-29 22:56:32,832 - Using logger class org.apache.velocity.runtime.log.SimpleLog4JLogSystem
2011-05-29 22:56:32,852 - Default ResourceManager initializing. (class org.apache.velocity.runtime.resource.ResourceManagerImpl)
2011-05-29 22:56:32,872 - Resource Loader Instantiated: org.apache.velocity.runtime.resource.loader.ClasspathResourceLoader
2011-05-29 22:56:32,882 - ClasspathResourceLoader : initialization starting.
2011-05-29 22:56:32,882 - ClasspathResourceLoader : initialization complete.
2011-05-29 22:56:32,892 - ResourceCache : initialized. (class org.apache.velocity.runtime.resource.ResourceCacheImpl)
2011-05-29 22:56:32,892 - Default ResourceManager initialization complete.
2011-05-29 22:56:32,902 - Loaded System Directive: org.apache.velocity.runtime.directive.Literal
2011-05-29 22:56:32,912 - Loaded System Directive: org.apache.velocity.runtime.directive.Macro
2011-05-29 22:56:32,932 - Loaded System Directive: org.apache.velocity.runtime.directive.Parse
2011-05-29 22:56:32,942 - Loaded System Directive: org.apache.velocity.runtime.directive.Include
2011-05-29 22:56:32,952 - Loaded System Directive: org.apache.velocity.runtime.directive.Foreach
2011-05-29 22:56:33,102 - Created: 20 parsers.
2011-05-29 22:56:33,162 - Velocimacro : initialization starting.
2011-05-29 22:56:33,162 - Velocimacro : adding VMs from VM library template : VM_global_library.vm
2011-05-29 22:56:33,192 - ResourceManager : unable to find resource 'VM_global_library.vm' in any resource loader.
2011-05-29 22:56:33,192 - Velocimacro : error using  VM library template VM_global_library.vm : org.apache.velocity.exception.ResourceNotFoundException: Unable to find resource 'VM_global_library.vm'
2011-05-29 22:56:33,192 - Velocimacro :  VM library template macro registration complete.
2011-05-29 22:56:33,192 - Velocimacro : allowInline = true : VMs can be defined inline in templates
2011-05-29 22:56:33,192 - Velocimacro : allowInlineToOverride = false : VMs defined inline may NOT replace previous VM definitions
2011-05-29 22:56:33,192 - Velocimacro : allowInlineLocal = false : VMs defined inline will be  global in scope if allowed.
2011-05-29 22:56:33,192 - Velocimacro : messages on  : VM system will output logging messages
2011-05-29 22:56:33,192 - Velocimacro : autoload off  : VM system will not automatically reload global library macros
2011-05-29 22:56:33,192 - Velocimacro : initialization complete.
2011-05-29 22:56:33,192 - Velocity successfully started.
2011-05-29 22:59:37,543 - SimpleLog4JLogSystem initialized using logfile 'velocity.log'
2011-05-29 22:59:37,543 - ************************************************************** 
2011-05-29 22:59:37,543 - Starting Jakarta Velocity v1.4
2011-05-29 22:59:37,543 - RuntimeInstance initializing.
2011-05-29 22:59:37,543 - Default Properties File: org\apache\velocity\runtime\defaults\velocity.properties
2011-05-29 22:59:37,543 - Trying to use logger class org.apache.velocity.runtime.log.SimpleLog4JLogSystem
2011-05-29 22:59:37,543 - Using logger class org.apache.velocity.runtime.log.SimpleLog4JLogSystem
2011-05-29 22:59:37,563 - Default ResourceManager initializing. (class org.apache.velocity.runtime.resource.ResourceManagerImpl)
2011-05-29 22:59:37,583 - Resource Loader Instantiated: org.apache.velocity.runtime.resource.loader.ClasspathResourceLoader
2011-05-29 22:59:37,583 - ClasspathResourceLoader : initialization starting.
2011-05-29 22:59:37,583 - ClasspathResourceLoader : initialization complete.
2011-05-29 22:59:37,603 - ResourceCache : initialized. (class org.apache.velocity.runtime.resource.ResourceCacheImpl)
2011-05-29 22:59:37,603 - Default ResourceManager initialization complete.
2011-05-29 22:59:37,613 - Loaded System Directive: org.apache.velocity.runtime.directive.Literal
2011-05-29 22:59:37,623 - Loaded System Directive: org.apache.velocity.runtime.directive.Macro
2011-05-29 22:59:37,643 - Loaded System Directive: org.apache.velocity.runtime.directive.Parse
2011-05-29 22:59:37,653 - Loaded System Directive: org.apache.velocity.runtime.directive.Include
2011-05-29 22:59:37,663 - Loaded System Directive: org.apache.velocity.runtime.directive.Foreach
2011-05-29 22:59:37,803 - Created: 20 parsers.
2011-05-29 22:59:37,863 - Velocimacro : initialization starting.
2011-05-29 22:59:37,863 - Velocimacro : adding VMs from VM library template : VM_global_library.vm
2011-05-29 22:59:37,893 - ResourceManager : unable to find resource 'VM_global_library.vm' in any resource loader.
2011-05-29 22:59:37,893 - Velocimacro : error using  VM library template VM_global_library.vm : org.apache.velocity.exception.ResourceNotFoundException: Unable to find resource 'VM_global_library.vm'
2011-05-29 22:59:37,893 - Velocimacro :  VM library template macro registration complete.
2011-05-29 22:59:37,893 - Velocimacro : allowInline = true : VMs can be defined inline in templates
2011-05-29 22:59:37,893 - Velocimacro : allowInlineToOverride = false : VMs defined inline may NOT replace previous VM definitions
2011-05-29 22:59:37,893 - Velocimacro : allowInlineLocal = false : VMs defined inline will be  global in scope if allowed.
2011-05-29 22:59:37,893 - Velocimacro : messages on  : VM system will output logging messages
2011-05-29 22:59:37,893 - Velocimacro : autoload off  : VM system will not automatically reload global library macros
2011-05-29 22:59:37,893 - Velocimacro : initialization complete.
2011-05-29 22:59:37,893 - Velocity successfully started.
2011-05-30 01:25:37,843 - SimpleLog4JLogSystem initialized using logfile 'velocity.log'
2011-05-30 01:25:37,844 - ************************************************************** 
2011-05-30 01:25:37,844 - Starting Jakarta Velocity v1.4
2011-05-30 01:25:37,844 - RuntimeInstance initializing.
2011-05-30 01:25:37,844 - Default Properties File: org\apache\velocity\runtime\defaults\velocity.properties
2011-05-30 01:25:37,844 - Trying to use logger class org.apache.velocity.runtime.log.SimpleLog4JLogSystem
2011-05-30 01:25:37,844 - Using logger class org.apache.velocity.runtime.log.SimpleLog4JLogSystem
2011-05-30 01:25:37,863 - Default ResourceManager initializing. (class org.apache.velocity.runtime.resource.ResourceManagerImpl)
2011-05-30 01:25:37,885 - Resource Loader Instantiated: org.apache.velocity.runtime.resource.loader.ClasspathResourceLoader
2011-05-30 01:25:37,885 - ClasspathResourceLoader : initialization starting.
2011-05-30 01:25:37,885 - ClasspathResourceLoader : initialization complete.
2011-05-30 01:25:37,898 - ResourceCache : initialized. (class org.apache.velocity.runtime.resource.ResourceCacheImpl)
2011-05-30 01:25:37,898 - Default ResourceManager initialization complete.
2011-05-30 01:25:37,915 - Loaded System Directive: org.apache.velocity.runtime.directive.Literal
2011-05-30 01:25:37,934 - Loaded System Directive: org.apache.velocity.runtime.directive.Macro
2011-05-30 01:25:37,953 - Loaded System Directive: org.apache.velocity.runtime.directive.Parse
2011-05-30 01:25:37,966 - Loaded System Directive: org.apache.velocity.runtime.directive.Include
2011-05-30 01:25:37,976 - Loaded System Directive: org.apache.velocity.runtime.directive.Foreach
2011-05-30 01:25:38,150 - Created: 20 parsers.
2011-05-30 01:25:38,222 - Velocimacro : initialization starting.
2011-05-30 01:25:38,222 - Velocimacro : adding VMs from VM library template : VM_global_library.vm
2011-05-30 01:25:38,247 - ResourceManager : unable to find resource 'VM_global_library.vm' in any resource loader.
2011-05-30 01:25:38,248 - Velocimacro : error using  VM library template VM_global_library.vm : org.apache.velocity.exception.ResourceNotFoundException: Unable to find resource 'VM_global_library.vm'
2011-05-30 01:25:38,248 - Velocimacro :  VM library template macro registration complete.
2011-05-30 01:25:38,248 - Velocimacro : allowInline = true : VMs can be defined inline in templates
2011-05-30 01:25:38,248 - Velocimacro : allowInlineToOverride = false : VMs defined inline may NOT replace previous VM definitions
2011-05-30 01:25:38,248 - Velocimacro : allowInlineLocal = false : VMs defined inline will be  global in scope if allowed.
2011-05-30 01:25:38,248 - Velocimacro : messages on  : VM system will output logging messages
2011-05-30 01:25:38,248 - Velocimacro : autoload off  : VM system will not automatically reload global library macros
2011-05-30 01:25:38,248 - Velocimacro : initialization complete.
2011-05-30 01:25:38,248 - Velocity successfully started.
2011-05-31 00:52:12,958 - SimpleLog4JLogSystem initialized using logfile 'velocity.log'
2011-05-31 00:52:12,984 - ************************************************************** 
2011-05-31 00:52:12,984 - Starting Jakarta Velocity v1.4
2011-05-31 00:52:12,984 - RuntimeInstance initializing.
2011-05-31 00:52:12,984 - Default Properties File: org\apache\velocity\runtime\defaults\velocity.properties
2011-05-31 00:52:12,984 - Trying to use logger class org.apache.velocity.runtime.log.SimpleLog4JLogSystem
2011-05-31 00:52:12,984 - Using logger class org.apache.velocity.runtime.log.SimpleLog4JLogSystem
2011-05-31 00:52:13,003 - Default ResourceManager initializing. (class org.apache.velocity.runtime.resource.ResourceManagerImpl)
2011-05-31 00:52:13,024 - Resource Loader Instantiated: org.apache.velocity.runtime.resource.loader.ClasspathResourceLoader
2011-05-31 00:52:13,024 - ClasspathResourceLoader : initialization starting.
2011-05-31 00:52:13,025 - ClasspathResourceLoader : initialization complete.
2011-05-31 00:52:13,036 - ResourceCache : initialized. (class org.apache.velocity.runtime.resource.ResourceCacheImpl)
2011-05-31 00:52:13,036 - Default ResourceManager initialization complete.
2011-05-31 00:52:13,047 - Loaded System Directive: org.apache.velocity.runtime.directive.Literal
2011-05-31 00:52:13,062 - Loaded System Directive: org.apache.velocity.runtime.directive.Macro
2011-05-31 00:52:13,080 - Loaded System Directive: org.apache.velocity.runtime.directive.Parse
2011-05-31 00:52:13,092 - Loaded System Directive: org.apache.velocity.runtime.directive.Include
2011-05-31 00:52:13,098 - Loaded System Directive: org.apache.velocity.runtime.directive.Foreach
2011-05-31 00:52:13,243 - Created: 20 parsers.
2011-05-31 00:52:13,290 - Velocimacro : initialization starting.
2011-05-31 00:52:13,290 - Velocimacro : adding VMs from VM library template : VM_global_library.vm
2011-05-31 00:52:13,310 - ResourceManager : unable to find resource 'VM_global_library.vm' in any resource loader.
2011-05-31 00:52:13,310 - Velocimacro : error using  VM library template VM_global_library.vm : org.apache.velocity.exception.ResourceNotFoundException: Unable to find resource 'VM_global_library.vm'
2011-05-31 00:52:13,310 - Velocimacro :  VM library template macro registration complete.
2011-05-31 00:52:13,310 - Velocimacro : allowInline = true : VMs can be defined inline in templates
2011-05-31 00:52:13,310 - Velocimacro : allowInlineToOverride = false : VMs defined inline may NOT replace previous VM definitions
2011-05-31 00:52:13,310 - Velocimacro : allowInlineLocal = false : VMs defined inline will be  global in scope if allowed.
2011-05-31 00:52:13,310 - Velocimacro : messages on  : VM system will output logging messages
2011-05-31 00:52:13,310 - Velocimacro : autoload off  : VM system will not automatically reload global library macros
2011-05-31 00:52:13,310 - Velocimacro : initialization complete.
2011-05-31 00:52:13,310 - Velocity successfully started.
2011-05-31 00:54:04,053 - SimpleLog4JLogSystem initialized using logfile 'velocity.log'
2011-05-31 00:54:04,053 - ************************************************************** 
2011-05-31 00:54:04,053 - Starting Jakarta Velocity v1.4
2011-05-31 00:54:04,053 - RuntimeInstance initializing.
2011-05-31 00:54:04,053 - Default Properties File: org\apache\velocity\runtime\defaults\velocity.properties
2011-05-31 00:54:04,053 - Trying to use logger class org.apache.velocity.runtime.log.SimpleLog4JLogSystem
2011-05-31 00:54:04,053 - Using logger class org.apache.velocity.runtime.log.SimpleLog4JLogSystem
2011-05-31 00:54:04,063 - Default ResourceManager initializing. (class org.apache.velocity.runtime.resource.ResourceManagerImpl)
2011-05-31 00:54:04,074 - Resource Loader Instantiated: org.apache.velocity.runtime.resource.loader.ClasspathResourceLoader
2011-05-31 00:54:04,074 - ClasspathResourceLoader : initialization starting.
2011-05-31 00:54:04,074 - ClasspathResourceLoader : initialization complete.
2011-05-31 00:54:04,080 - ResourceCache : initialized. (class org.apache.velocity.runtime.resource.ResourceCacheImpl)
2011-05-31 00:54:04,080 - Default ResourceManager initialization complete.
2011-05-31 00:54:04,086 - Loaded System Directive: org.apache.velocity.runtime.directive.Literal
2011-05-31 00:54:04,091 - Loaded System Directive: org.apache.velocity.runtime.directive.Macro
2011-05-31 00:54:04,103 - Loaded System Directive: org.apache.velocity.runtime.directive.Parse
2011-05-31 00:54:04,109 - Loaded System Directive: org.apache.velocity.runtime.directive.Include
2011-05-31 00:54:04,112 - Loaded System Directive: org.apache.velocity.runtime.directive.Foreach
2011-05-31 00:54:04,185 - Created: 20 parsers.
2011-05-31 00:54:04,216 - Velocimacro : initialization starting.
2011-05-31 00:54:04,216 - Velocimacro : adding VMs from VM library template : VM_global_library.vm
2011-05-31 00:54:04,229 - ResourceManager : unable to find resource 'VM_global_library.vm' in any resource loader.
2011-05-31 00:54:04,229 - Velocimacro : error using  VM library template VM_global_library.vm : org.apache.velocity.exception.ResourceNotFoundException: Unable to find resource 'VM_global_library.vm'
2011-05-31 00:54:04,229 - Velocimacro :  VM library template macro registration complete.
2011-05-31 00:54:04,229 - Velocimacro : allowInline = true : VMs can be defined inline in templates
2011-05-31 00:54:04,229 - Velocimacro : allowInlineToOverride = false : VMs defined inline may NOT replace previous VM definitions
2011-05-31 00:54:04,229 - Velocimacro : allowInlineLocal = false : VMs defined inline will be  global in scope if allowed.
2011-05-31 00:54:04,229 - Velocimacro : messages on  : VM system will output logging messages
2011-05-31 00:54:04,229 - Velocimacro : autoload off  : VM system will not automatically reload global library macros
2011-05-31 00:54:04,229 - Velocimacro : initialization complete.
2011-05-31 00:54:04,229 - Velocity successfully started.
2011-05-31 00:56:51,357 - SimpleLog4JLogSystem initialized using logfile 'velocity.log'
2011-05-31 00:56:51,357 - ************************************************************** 
2011-05-31 00:56:51,357 - Starting Jakarta Velocity v1.4
2011-05-31 00:56:51,357 - RuntimeInstance initializing.
2011-05-31 00:56:51,357 - Default Properties File: org\apache\velocity\runtime\defaults\velocity.properties
2011-05-31 00:56:51,357 - Trying to use logger class org.apache.velocity.runtime.log.SimpleLog4JLogSystem
2011-05-31 00:56:51,357 - Using logger class org.apache.velocity.runtime.log.SimpleLog4JLogSystem
2011-05-31 00:56:51,367 - Default ResourceManager initializing. (class org.apache.velocity.runtime.resource.ResourceManagerImpl)
2011-05-31 00:56:51,378 - Resource Loader Instantiated: org.apache.velocity.runtime.resource.loader.ClasspathResourceLoader
2011-05-31 00:56:51,378 - ClasspathResourceLoader : initialization starting.
2011-05-31 00:56:51,378 - ClasspathResourceLoader : initialization complete.
2011-05-31 00:56:51,384 - ResourceCache : initialized. (class org.apache.velocity.runtime.resource.ResourceCacheImpl)
2011-05-31 00:56:51,384 - Default ResourceManager initialization complete.
2011-05-31 00:56:51,389 - Loaded System Directive: org.apache.velocity.runtime.directive.Literal
2011-05-31 00:56:51,395 - Loaded System Directive: org.apache.velocity.runtime.directive.Macro
2011-05-31 00:56:51,407 - Loaded System Directive: org.apache.velocity.runtime.directive.Parse
2011-05-31 00:56:51,413 - Loaded System Directive: org.apache.velocity.runtime.directive.Include
2011-05-31 00:56:51,416 - Loaded System Directive: org.apache.velocity.runtime.directive.Foreach
2011-05-31 00:56:51,491 - Created: 20 parsers.
2011-05-31 00:56:51,526 - Velocimacro : initialization starting.
2011-05-31 00:56:51,526 - Velocimacro : adding VMs from VM library template : VM_global_library.vm
2011-05-31 00:56:51,539 - ResourceManager : unable to find resource 'VM_global_library.vm' in any resource loader.
2011-05-31 00:56:51,539 - Velocimacro : error using  VM library template VM_global_library.vm : org.apache.velocity.exception.ResourceNotFoundException: Unable to find resource 'VM_global_library.vm'
2011-05-31 00:56:51,539 - Velocimacro :  VM library template macro registration complete.
2011-05-31 00:56:51,539 - Velocimacro : allowInline = true : VMs can be defined inline in templates
2011-05-31 00:56:51,539 - Velocimacro : allowInlineToOverride = false : VMs defined inline may NOT replace previous VM definitions
2011-05-31 00:56:51,539 - Velocimacro : allowInlineLocal = false : VMs defined inline will be  global in scope if allowed.
2011-05-31 00:56:51,539 - Velocimacro : messages on  : VM system will output logging messages
2011-05-31 00:56:51,539 - Velocimacro : autoload off  : VM system will not automatically reload global library macros
2011-05-31 00:56:51,540 - Velocimacro : initialization complete.
2011-05-31 00:56:51,540 - Velocity successfully started.
2011-05-31 01:36:58,604 - SimpleLog4JLogSystem initialized using logfile 'velocity.log'
2011-05-31 01:36:58,605 - ************************************************************** 
2011-05-31 01:36:58,605 - Starting Jakarta Velocity v1.4
2011-05-31 01:36:58,605 - RuntimeInstance initializing.
2011-05-31 01:36:58,605 - Default Properties File: org\apache\velocity\runtime\defaults\velocity.properties
2011-05-31 01:36:58,605 - Trying to use logger class org.apache.velocity.runtime.log.SimpleLog4JLogSystem
2011-05-31 01:36:58,605 - Using logger class org.apache.velocity.runtime.log.SimpleLog4JLogSystem
2011-05-31 01:36:58,614 - Default ResourceManager initializing. (class org.apache.velocity.runtime.resource.ResourceManagerImpl)
2011-05-31 01:36:58,625 - Resource Loader Instantiated: org.apache.velocity.runtime.resource.loader.ClasspathResourceLoader
2011-05-31 01:36:58,626 - ClasspathResourceLoader : initialization starting.
2011-05-31 01:36:58,626 - ClasspathResourceLoader : initialization complete.
2011-05-31 01:36:58,632 - ResourceCache : initialized. (class org.apache.velocity.runtime.resource.ResourceCacheImpl)
2011-05-31 01:36:58,632 - Default ResourceManager initialization complete.
2011-05-31 01:36:58,638 - Loaded System Directive: org.apache.velocity.runtime.directive.Literal
2011-05-31 01:36:58,644 - Loaded System Directive: org.apache.velocity.runtime.directive.Macro
2011-05-31 01:36:58,655 - Loaded System Directive: org.apache.velocity.runtime.directive.Parse
2011-05-31 01:36:58,661 - Loaded System Directive: org.apache.velocity.runtime.directive.Include
2011-05-31 01:36:58,664 - Loaded System Directive: org.apache.velocity.runtime.directive.Foreach
2011-05-31 01:36:58,738 - Created: 20 parsers.
2011-05-31 01:36:58,769 - Velocimacro : initialization starting.
2011-05-31 01:36:58,769 - Velocimacro : adding VMs from VM library template : VM_global_library.vm
2011-05-31 01:36:58,782 - ResourceManager : unable to find resource 'VM_global_library.vm' in any resource loader.
2011-05-31 01:36:58,782 - Velocimacro : error using  VM library template VM_global_library.vm : org.apache.velocity.exception.ResourceNotFoundException: Unable to find resource 'VM_global_library.vm'
2011-05-31 01:36:58,782 - Velocimacro :  VM library template macro registration complete.
2011-05-31 01:36:58,782 - Velocimacro : allowInline = true : VMs can be defined inline in templates
2011-05-31 01:36:58,782 - Velocimacro : allowInlineToOverride = false : VMs defined inline may NOT replace previous VM definitions
2011-05-31 01:36:58,782 - Velocimacro : allowInlineLocal = false : VMs defined inline will be  global in scope if allowed.
2011-05-31 01:36:58,782 - Velocimacro : messages on  : VM system will output logging messages
2011-05-31 01:36:58,782 - Velocimacro : autoload off  : VM system will not automatically reload global library macros
2011-05-31 01:36:58,782 - Velocimacro : initialization complete.
2011-05-31 01:36:58,782 - Velocity successfully started.
2011-05-31 23:31:55,675 - SimpleLog4JLogSystem initialized using logfile 'velocity.log'
2011-05-31 23:31:55,701 - ************************************************************** 
2011-05-31 23:31:55,701 - Starting Jakarta Velocity v1.4
2011-05-31 23:31:55,701 - RuntimeInstance initializing.
2011-05-31 23:31:55,702 - Default Properties File: org\apache\velocity\runtime\defaults\velocity.properties
2011-05-31 23:31:55,702 - Trying to use logger class org.apache.velocity.runtime.log.SimpleLog4JLogSystem
2011-05-31 23:31:55,702 - Using logger class org.apache.velocity.runtime.log.SimpleLog4JLogSystem
2011-05-31 23:31:55,721 - Default ResourceManager initializing. (class org.apache.velocity.runtime.resource.ResourceManagerImpl)
2011-05-31 23:31:55,743 - Resource Loader Instantiated: org.apache.velocity.runtime.resource.loader.ClasspathResourceLoader
2011-05-31 23:31:55,744 - ClasspathResourceLoader : initialization starting.
2011-05-31 23:31:55,744 - ClasspathResourceLoader : initialization complete.
2011-05-31 23:31:55,755 - ResourceCache : initialized. (class org.apache.velocity.runtime.resource.ResourceCacheImpl)
2011-05-31 23:31:55,755 - Default ResourceManager initialization complete.
2011-05-31 23:31:55,767 - Loaded System Directive: org.apache.velocity.runtime.directive.Literal
2011-05-31 23:31:55,779 - Loaded System Directive: org.apache.velocity.runtime.directive.Macro
2011-05-31 23:31:55,801 - Loaded System Directive: org.apache.velocity.runtime.directive.Parse
2011-05-31 23:31:55,813 - Loaded System Directive: org.apache.velocity.runtime.directive.Include
2011-05-31 23:31:55,819 - Loaded System Directive: org.apache.velocity.runtime.directive.Foreach
2011-05-31 23:31:55,968 - Created: 20 parsers.
2011-05-31 23:31:56,028 - Velocimacro : initialization starting.
2011-05-31 23:31:56,029 - Velocimacro : adding VMs from VM library template : VM_global_library.vm
2011-05-31 23:31:56,054 - ResourceManager : unable to find resource 'VM_global_library.vm' in any resource loader.
2011-05-31 23:31:56,054 - Velocimacro : error using  VM library template VM_global_library.vm : org.apache.velocity.exception.ResourceNotFoundException: Unable to find resource 'VM_global_library.vm'
2011-05-31 23:31:56,054 - Velocimacro :  VM library template macro registration complete.
2011-05-31 23:31:56,054 - Velocimacro : allowInline = true : VMs can be defined inline in templates
2011-05-31 23:31:56,055 - Velocimacro : allowInlineToOverride = false : VMs defined inline may NOT replace previous VM definitions
2011-05-31 23:31:56,055 - Velocimacro : allowInlineLocal = false : VMs defined inline will be  global in scope if allowed.
2011-05-31 23:31:56,055 - Velocimacro : messages on  : VM system will output logging messages
2011-05-31 23:31:56,055 - Velocimacro : autoload off  : VM system will not automatically reload global library macros
2011-05-31 23:31:56,055 - Velocimacro : initialization complete.
2011-05-31 23:31:56,055 - Velocity successfully started.
2011-06-01 10:08:27,265 - SimpleLog4JLogSystem initialized using logfile 'velocity.log'
2011-06-01 10:08:27,285 - ************************************************************** 
2011-06-01 10:08:27,285 - Starting Jakarta Velocity v1.4
2011-06-01 10:08:27,285 - RuntimeInstance initializing.
2011-06-01 10:08:27,285 - Default Properties File: org\apache\velocity\runtime\defaults\velocity.properties
2011-06-01 10:08:27,285 - Trying to use logger class org.apache.velocity.runtime.log.SimpleLog4JLogSystem
2011-06-01 10:08:27,285 - Using logger class org.apache.velocity.runtime.log.SimpleLog4JLogSystem
2011-06-01 10:08:27,305 - Default ResourceManager initializing. (class org.apache.velocity.runtime.resource.ResourceManagerImpl)
2011-06-01 10:08:27,325 - Resource Loader Instantiated: org.apache.velocity.runtime.resource.loader.ClasspathResourceLoader
2011-06-01 10:08:27,325 - ClasspathResourceLoader : initialization starting.
2011-06-01 10:08:27,325 - ClasspathResourceLoader : initialization complete.
2011-06-01 10:08:27,335 - ResourceCache : initialized. (class org.apache.velocity.runtime.resource.ResourceCacheImpl)
2011-06-01 10:08:27,335 - Default ResourceManager initialization complete.
2011-06-01 10:08:27,355 - Loaded System Directive: org.apache.velocity.runtime.directive.Literal
2011-06-01 10:08:27,365 - Loaded System Directive: org.apache.velocity.runtime.directive.Macro
2011-06-01 10:08:27,385 - Loaded System Directive: org.apache.velocity.runtime.directive.Parse
2011-06-01 10:08:27,395 - Loaded System Directive: org.apache.velocity.runtime.directive.Include
2011-06-01 10:08:27,405 - Loaded System Directive: org.apache.velocity.runtime.directive.Foreach
2011-06-01 10:08:27,545 - Created: 20 parsers.
2011-06-01 10:08:27,605 - Velocimacro : initialization starting.
2011-06-01 10:08:27,605 - Velocimacro : adding VMs from VM library template : VM_global_library.vm
2011-06-01 10:08:27,635 - ResourceManager : unable to find resource 'VM_global_library.vm' in any resource loader.
2011-06-01 10:08:27,635 - Velocimacro : error using  VM library template VM_global_library.vm : org.apache.velocity.exception.ResourceNotFoundException: Unable to find resource 'VM_global_library.vm'
2011-06-01 10:08:27,635 - Velocimacro :  VM library template macro registration complete.
2011-06-01 10:08:27,635 - Velocimacro : allowInline = true : VMs can be defined inline in templates
2011-06-01 10:08:27,635 - Velocimacro : allowInlineToOverride = false : VMs defined inline may NOT replace previous VM definitions
2011-06-01 10:08:27,635 - Velocimacro : allowInlineLocal = false : VMs defined inline will be  global in scope if allowed.
2011-06-01 10:08:27,635 - Velocimacro : messages on  : VM system will output logging messages
2011-06-01 10:08:27,635 - Velocimacro : autoload off  : VM system will not automatically reload global library macros
2011-06-01 10:08:27,635 - Velocimacro : initialization complete.
2011-06-01 10:08:27,635 - Velocity successfully started.
2011-06-01 21:14:45,831 - SimpleLog4JLogSystem initialized using logfile 'velocity.log'
2011-06-01 21:14:45,861 - ************************************************************** 
2011-06-01 21:14:45,861 - Starting Jakarta Velocity v1.4
2011-06-01 21:14:45,861 - RuntimeInstance initializing.
2011-06-01 21:14:45,861 - Default Properties File: org\apache\velocity\runtime\defaults\velocity.properties
2011-06-01 21:14:45,861 - Trying to use logger class org.apache.velocity.runtime.log.SimpleLog4JLogSystem
2011-06-01 21:14:45,861 - Using logger class org.apache.velocity.runtime.log.SimpleLog4JLogSystem
2011-06-01 21:14:45,881 - Default ResourceManager initializing. (class org.apache.velocity.runtime.resource.ResourceManagerImpl)
2011-06-01 21:14:45,901 - Resource Loader Instantiated: org.apache.velocity.runtime.resource.loader.ClasspathResourceLoader
2011-06-01 21:14:45,901 - ClasspathResourceLoader : initialization starting.
2011-06-01 21:14:45,901 - ClasspathResourceLoader : initialization complete.
2011-06-01 21:14:45,911 - ResourceCache : initialized. (class org.apache.velocity.runtime.resource.ResourceCacheImpl)
2011-06-01 21:14:45,911 - Default ResourceManager initialization complete.
2011-06-01 21:14:45,921 - Loaded System Directive: org.apache.velocity.runtime.directive.Literal
2011-06-01 21:14:45,941 - Loaded System Directive: org.apache.velocity.runtime.directive.Macro
2011-06-01 21:14:45,951 - Loaded System Directive: org.apache.velocity.runtime.directive.Parse
2011-06-01 21:14:45,971 - Loaded System Directive: org.apache.velocity.runtime.directive.Include
2011-06-01 21:14:45,971 - Loaded System Directive: org.apache.velocity.runtime.directive.Foreach
2011-06-01 21:14:46,121 - Created: 20 parsers.
2011-06-01 21:14:46,181 - Velocimacro : initialization starting.
2011-06-01 21:14:46,181 - Velocimacro : adding VMs from VM library template : VM_global_library.vm
2011-06-01 21:14:46,201 - ResourceManager : unable to find resource 'VM_global_library.vm' in any resource loader.
2011-06-01 21:14:46,201 - Velocimacro : error using  VM library template VM_global_library.vm : org.apache.velocity.exception.ResourceNotFoundException: Unable to find resource 'VM_global_library.vm'
2011-06-01 21:14:46,201 - Velocimacro :  VM library template macro registration complete.
2011-06-01 21:14:46,201 - Velocimacro : allowInline = true : VMs can be defined inline in templates
2011-06-01 21:14:46,201 - Velocimacro : allowInlineToOverride = false : VMs defined inline may NOT replace previous VM definitions
2011-06-01 21:14:46,201 - Velocimacro : allowInlineLocal = false : VMs defined inline will be  global in scope if allowed.
2011-06-01 21:14:46,201 - Velocimacro : messages on  : VM system will output logging messages
2011-06-01 21:14:46,201 - Velocimacro : autoload off  : VM system will not automatically reload global library macros
2011-06-01 21:14:46,201 - Velocimacro : initialization complete.
2011-06-01 21:14:46,201 - Velocity successfully started.
2011-06-01 21:15:37,414 - SimpleLog4JLogSystem initialized using logfile 'velocity.log'
2011-06-01 21:15:37,414 - ************************************************************** 
2011-06-01 21:15:37,414 - Starting Jakarta Velocity v1.4
2011-06-01 21:15:37,414 - RuntimeInstance initializing.
2011-06-01 21:15:37,414 - Default Properties File: org\apache\velocity\runtime\defaults\velocity.properties
2011-06-01 21:15:37,414 - Trying to use logger class org.apache.velocity.runtime.log.SimpleLog4JLogSystem
2011-06-01 21:15:37,414 - Using logger class org.apache.velocity.runtime.log.SimpleLog4JLogSystem
2011-06-01 21:15:37,434 - Default ResourceManager initializing. (class org.apache.velocity.runtime.resource.ResourceManagerImpl)
2011-06-01 21:15:37,454 - Resource Loader Instantiated: org.apache.velocity.runtime.resource.loader.ClasspathResourceLoader
2011-06-01 21:15:37,454 - ClasspathResourceLoader : initialization starting.
2011-06-01 21:15:37,454 - ClasspathResourceLoader : initialization complete.
2011-06-01 21:15:37,474 - ResourceCache : initialized. (class org.apache.velocity.runtime.resource.ResourceCacheImpl)
2011-06-01 21:15:37,474 - Default ResourceManager initialization complete.
2011-06-01 21:15:37,484 - Loaded System Directive: org.apache.velocity.runtime.directive.Literal
2011-06-01 21:15:37,494 - Loaded System Directive: org.apache.velocity.runtime.directive.Macro
2011-06-01 21:15:37,514 - Loaded System Directive: org.apache.velocity.runtime.directive.Parse
2011-06-01 21:15:37,524 - Loaded System Directive: org.apache.velocity.runtime.directive.Include
2011-06-01 21:15:37,534 - Loaded System Directive: org.apache.velocity.runtime.directive.Foreach
2011-06-01 21:15:37,674 - Created: 20 parsers.
2011-06-01 21:15:37,734 - Velocimacro : initialization starting.
2011-06-01 21:15:37,734 - Velocimacro : adding VMs from VM library template : VM_global_library.vm
2011-06-01 21:15:37,764 - ResourceManager : unable to find resource 'VM_global_library.vm' in any resource loader.
2011-06-01 21:15:37,764 - Velocimacro : error using  VM library template VM_global_library.vm : org.apache.velocity.exception.ResourceNotFoundException: Unable to find resource 'VM_global_library.vm'
2011-06-01 21:15:37,764 - Velocimacro :  VM library template macro registration complete.
2011-06-01 21:15:37,764 - Velocimacro : allowInline = true : VMs can be defined inline in templates
2011-06-01 21:15:37,764 - Velocimacro : allowInlineToOverride = false : VMs defined inline may NOT replace previous VM definitions
2011-06-01 21:15:37,764 - Velocimacro : allowInlineLocal = false : VMs defined inline will be  global in scope if allowed.
2011-06-01 21:15:37,764 - Velocimacro : messages on  : VM system will output logging messages
2011-06-01 21:15:37,764 - Velocimacro : autoload off  : VM system will not automatically reload global library macros
2011-06-01 21:15:37,764 - Velocimacro : initialization complete.
2011-06-01 21:15:37,764 - Velocity successfully started.
2011-06-01 21:20:26,775 - ResourceManager : found repast/simphony/scenario/Scenario.vt with loader org.apache.velocity.runtime.resource.loader.ClasspathResourceLoader
2011-06-01 21:20:27,075 - ResourceManager : found repast/simphony/parameter/parameters.vt with loader org.apache.velocity.runtime.resource.loader.ClasspathResourceLoader
2011-06-01 21:21:12,435 - ResourceManager : found repast/simphony/scenario/Scenario.vt with loader org.apache.velocity.runtime.resource.loader.ClasspathResourceLoader
2011-06-01 21:21:12,455 - ResourceManager : found repast/simphony/parameter/parameters.vt with loader org.apache.velocity.runtime.resource.loader.ClasspathResourceLoader
2011-06-01 21:21:17,335 - ResourceManager : found repast/simphony/scenario/Scenario.vt with loader org.apache.velocity.runtime.resource.loader.ClasspathResourceLoader
2011-06-01 21:21:17,355 - ResourceManager : found repast/simphony/parameter/parameters.vt with loader org.apache.velocity.runtime.resource.loader.ClasspathResourceLoader
2011-06-01 21:33:31,581 - SimpleLog4JLogSystem initialized using logfile 'velocity.log'
2011-06-01 21:33:31,581 - ************************************************************** 
2011-06-01 21:33:31,581 - Starting Jakarta Velocity v1.4
2011-06-01 21:33:31,581 - RuntimeInstance initializing.
2011-06-01 21:33:31,581 - Default Properties File: org\apache\velocity\runtime\defaults\velocity.properties
2011-06-01 21:33:31,581 - Trying to use logger class org.apache.velocity.runtime.log.SimpleLog4JLogSystem
2011-06-01 21:33:31,581 - Using logger class org.apache.velocity.runtime.log.SimpleLog4JLogSystem
2011-06-01 21:33:31,601 - Default ResourceManager initializing. (class org.apache.velocity.runtime.resource.ResourceManagerImpl)
2011-06-01 21:33:31,621 - Resource Loader Instantiated: org.apache.velocity.runtime.resource.loader.ClasspathResourceLoader
2011-06-01 21:33:31,621 - ClasspathResourceLoader : initialization starting.
2011-06-01 21:33:31,621 - ClasspathResourceLoader : initialization complete.
2011-06-01 21:33:31,631 - ResourceCache : initialized. (class org.apache.velocity.runtime.resource.ResourceCacheImpl)
2011-06-01 21:33:31,631 - Default ResourceManager initialization complete.
2011-06-01 21:33:31,641 - Loaded System Directive: org.apache.velocity.runtime.directive.Literal
2011-06-01 21:33:31,661 - Loaded System Directive: org.apache.velocity.runtime.directive.Macro
2011-06-01 21:33:31,671 - Loaded System Directive: org.apache.velocity.runtime.directive.Parse
2011-06-01 21:33:31,691 - Loaded System Directive: org.apache.velocity.runtime.directive.Include
2011-06-01 21:33:31,691 - Loaded System Directive: org.apache.velocity.runtime.directive.Foreach
2011-06-01 21:33:31,841 - Created: 20 parsers.
2011-06-01 21:33:31,901 - Velocimacro : initialization starting.
2011-06-01 21:33:31,901 - Velocimacro : adding VMs from VM library template : VM_global_library.vm
2011-06-01 21:33:31,921 - ResourceManager : unable to find resource 'VM_global_library.vm' in any resource loader.
2011-06-01 21:33:31,921 - Velocimacro : error using  VM library template VM_global_library.vm : org.apache.velocity.exception.ResourceNotFoundException: Unable to find resource 'VM_global_library.vm'
2011-06-01 21:33:31,921 - Velocimacro :  VM library template macro registration complete.
2011-06-01 21:33:31,921 - Velocimacro : allowInline = true : VMs can be defined inline in templates
2011-06-01 21:33:31,921 - Velocimacro : allowInlineToOverride = false : VMs defined inline may NOT replace previous VM definitions
2011-06-01 21:33:31,921 - Velocimacro : allowInlineLocal = false : VMs defined inline will be  global in scope if allowed.
2011-06-01 21:33:31,921 - Velocimacro : messages on  : VM system will output logging messages
2011-06-01 21:33:31,921 - Velocimacro : autoload off  : VM system will not automatically reload global library macros
2011-06-01 21:33:31,921 - Velocimacro : initialization complete.
2011-06-01 21:33:31,921 - Velocity successfully started.
2011-06-01 21:42:41,232 - SimpleLog4JLogSystem initialized using logfile 'velocity.log'
2011-06-01 21:42:41,232 - ************************************************************** 
2011-06-01 21:42:41,232 - Starting Jakarta Velocity v1.4
2011-06-01 21:42:41,232 - RuntimeInstance initializing.
2011-06-01 21:42:41,232 - Default Properties File: org\apache\velocity\runtime\defaults\velocity.properties
2011-06-01 21:42:41,232 - Trying to use logger class org.apache.velocity.runtime.log.SimpleLog4JLogSystem
2011-06-01 21:42:41,242 - Using logger class org.apache.velocity.runtime.log.SimpleLog4JLogSystem
2011-06-01 21:42:41,252 - Default ResourceManager initializing. (class org.apache.velocity.runtime.resource.ResourceManagerImpl)
2011-06-01 21:42:41,272 - Resource Loader Instantiated: org.apache.velocity.runtime.resource.loader.ClasspathResourceLoader
2011-06-01 21:42:41,272 - ClasspathResourceLoader : initialization starting.
2011-06-01 21:42:41,272 - ClasspathResourceLoader : initialization complete.
2011-06-01 21:42:41,292 - ResourceCache : initialized. (class org.apache.velocity.runtime.resource.ResourceCacheImpl)
2011-06-01 21:42:41,292 - Default ResourceManager initialization complete.
2011-06-01 21:42:41,302 - Loaded System Directive: org.apache.velocity.runtime.directive.Literal
2011-06-01 21:42:41,312 - Loaded System Directive: org.apache.velocity.runtime.directive.Macro
2011-06-01 21:42:41,332 - Loaded System Directive: org.apache.velocity.runtime.directive.Parse
2011-06-01 21:42:41,342 - Loaded System Directive: org.apache.velocity.runtime.directive.Include
2011-06-01 21:42:41,352 - Loaded System Directive: org.apache.velocity.runtime.directive.Foreach
2011-06-01 21:42:41,492 - Created: 20 parsers.
2011-06-01 21:42:41,552 - Velocimacro : initialization starting.
2011-06-01 21:42:41,552 - Velocimacro : adding VMs from VM library template : VM_global_library.vm
2011-06-01 21:42:41,582 - ResourceManager : unable to find resource 'VM_global_library.vm' in any resource loader.
2011-06-01 21:42:41,582 - Velocimacro : error using  VM library template VM_global_library.vm : org.apache.velocity.exception.ResourceNotFoundException: Unable to find resource 'VM_global_library.vm'
2011-06-01 21:42:41,582 - Velocimacro :  VM library template macro registration complete.
2011-06-01 21:42:41,582 - Velocimacro : allowInline = true : VMs can be defined inline in templates
2011-06-01 21:42:41,582 - Velocimacro : allowInlineToOverride = false : VMs defined inline may NOT replace previous VM definitions
2011-06-01 21:42:41,582 - Velocimacro : allowInlineLocal = false : VMs defined inline will be  global in scope if allowed.
2011-06-01 21:42:41,582 - Velocimacro : messages on  : VM system will output logging messages
2011-06-01 21:42:41,582 - Velocimacro : autoload off  : VM system will not automatically reload global library macros
2011-06-01 21:42:41,582 - Velocimacro : initialization complete.
2011-06-01 21:42:41,582 - Velocity successfully started.
2011-06-01 21:52:33,062 - ResourceManager : found repast/simphony/scenario/Scenario.vt with loader org.apache.velocity.runtime.resource.loader.ClasspathResourceLoader
2011-06-01 21:52:33,162 - ResourceManager : found repast/simphony/parameter/parameters.vt with loader org.apache.velocity.runtime.resource.loader.ClasspathResourceLoader
