2011-06-18 21:01:06,100 - Loaded System Directive: org.apache.velocity.runtime.directive.Foreach
2011-06-18 21:01:06,193 - Created: 20 parsers.
2011-06-18 21:01:06,245 - Velocimacro : initialization starting.
2011-06-18 21:01:06,246 - Velocimacro : adding VMs from VM library template : VM_global_library.vm
2011-06-18 21:01:06,272 - ResourceManager : unable to find resource 'VM_global_library.vm' in any resource loader.
2011-06-18 21:01:06,272 - Velocimacro : error using  VM library template VM_global_library.vm : org.apache.velocity.exception.ResourceNotFoundException: Unable to find resource 'VM_global_library.vm'
2011-06-18 21:01:06,272 - Velocimacro :  VM library template macro registration complete.
2011-06-18 21:01:06,272 - Velocimacro : allowInline = true : VMs can be defined inline in templates
2011-06-18 21:01:06,272 - Velocimacro : allowInlineToOverride = false : VMs defined inline may NOT replace previous VM definitions
2011-06-18 21:01:06,272 - Velocimacro : allowInlineLocal = false : VMs defined inline will be  global in scope if allowed.
2011-06-18 21:01:06,272 - Velocimacro : messages on  : VM system will output logging messages
2011-06-18 21:01:06,273 - Velocimacro : autoload off  : VM system will not automatically reload global library macros
2011-06-18 21:01:06,273 - Velocimacro : initialization complete.
2011-06-18 21:01:06,273 - Velocity successfully started.
2011-06-18 21:08:37,204 - ResourceManager : found repast/simphony/parameter/parameters.vt with loader org.apache.velocity.runtime.resource.loader.ClasspathResourceLoader
2011-06-18 21:09:37,722 - ResourceManager : found repast/simphony/scenario/Scenario.vt with loader org.apache.velocity.runtime.resource.loader.ClasspathResourceLoader
2011-06-18 21:09:37,732 - ResourceManager : found repast/simphony/parameter/parameters.vt with loader org.apache.velocity.runtime.resource.loader.ClasspathResourceLoader
2011-06-18 21:16:29,423 - SimpleLog4JLogSystem initialized using logfile 'velocity.log'
2011-06-18 21:16:29,424 - ************************************************************** 
2011-06-18 21:16:29,424 - Starting Jakarta Velocity v1.4
2011-06-18 21:16:29,424 - RuntimeInstance initializing.
2011-06-18 21:16:29,424 - Default Properties File: org\apache\velocity\runtime\defaults\velocity.properties
2011-06-18 21:16:29,424 - Trying to use logger class org.apache.velocity.runtime.log.SimpleLog4JLogSystem
2011-06-18 21:16:29,424 - Using logger class org.apache.velocity.runtime.log.SimpleLog4JLogSystem
2011-06-18 21:16:29,436 - Default ResourceManager initializing. (class org.apache.velocity.runtime.resource.ResourceManagerImpl)
2011-06-18 21:16:29,451 - Resource Loader Instantiated: org.apache.velocity.runtime.resource.loader.ClasspathResourceLoader
2011-06-18 21:16:29,451 - ClasspathResourceLoader : initialization starting.
2011-06-18 21:16:29,451 - ClasspathResourceLoader : initialization complete.
2011-06-18 21:16:29,457 - ResourceCache : initialized. (class org.apache.velocity.runtime.resource.ResourceCacheImpl)
2011-06-18 21:16:29,457 - Default ResourceManager initialization complete.
2011-06-18 21:16:29,465 - Loaded System Directive: org.apache.velocity.runtime.directive.Literal
2011-06-18 21:16:29,472 - Loaded System Directive: org.apache.velocity.runtime.directive.Macro
2011-06-18 21:16:29,487 - Loaded System Directive: org.apache.velocity.runtime.directive.Parse
2011-06-18 21:16:29,496 - Loaded System Directive: org.apache.velocity.runtime.directive.Include
2011-06-18 21:16:29,501 - Loaded System Directive: org.apache.velocity.runtime.directive.Foreach
2011-06-18 21:16:29,592 - Created: 20 parsers.
2011-06-18 21:16:29,627 - Velocimacro : initialization starting.
2011-06-18 21:16:29,627 - Velocimacro : adding VMs from VM library template : VM_global_library.vm
2011-06-18 21:16:29,642 - ResourceManager : unable to find resource 'VM_global_library.vm' in any resource loader.
2011-06-18 21:16:29,643 - Velocimacro : error using  VM library template VM_global_library.vm : org.apache.velocity.exception.ResourceNotFoundException: Unable to find resource 'VM_global_library.vm'
2011-06-18 21:16:29,643 - Velocimacro :  VM library template macro registration complete.
2011-06-18 21:16:29,643 - Velocimacro : allowInline = true : VMs can be defined inline in templates
2011-06-18 21:16:29,643 - Velocimacro : allowInlineToOverride = false : VMs defined inline may NOT replace previous VM definitions
2011-06-18 21:16:29,643 - Velocimacro : allowInlineLocal = false : VMs defined inline will be  global in scope if allowed.
2011-06-18 21:16:29,643 - Velocimacro : messages on  : VM system will output logging messages
2011-06-18 21:16:29,643 - Velocimacro : autoload off  : VM system will not automatically reload global library macros
2011-06-18 21:16:29,643 - Velocimacro : initialization complete.
2011-06-18 21:16:29,643 - Velocity successfully started.
2011-06-18 21:19:13,127 - SimpleLog4JLogSystem initialized using logfile 'velocity.log'
2011-06-18 21:19:13,128 - ************************************************************** 
2011-06-18 21:19:13,128 - Starting Jakarta Velocity v1.4
2011-06-18 21:19:13,128 - RuntimeInstance initializing.
2011-06-18 21:19:13,128 - Default Properties File: org\apache\velocity\runtime\defaults\velocity.properties
2011-06-18 21:19:13,129 - Trying to use logger class org.apache.velocity.runtime.log.SimpleLog4JLogSystem
2011-06-18 21:19:13,129 - Using logger class org.apache.velocity.runtime.log.SimpleLog4JLogSystem
2011-06-18 21:19:13,147 - Default ResourceManager initializing. (class org.apache.velocity.runtime.resource.ResourceManagerImpl)
2011-06-18 21:19:13,168 - Resource Loader Instantiated: org.apache.velocity.runtime.resource.loader.ClasspathResourceLoader
2011-06-18 21:19:13,168 - ClasspathResourceLoader : initialization starting.
2011-06-18 21:19:13,168 - ClasspathResourceLoader : initialization complete.
2011-06-18 21:19:13,179 - ResourceCache : initialized. (class org.apache.velocity.runtime.resource.ResourceCacheImpl)
2011-06-18 21:19:13,179 - Default ResourceManager initialization complete.
2011-06-18 21:19:13,188 - Loaded System Directive: org.apache.velocity.runtime.directive.Literal
2011-06-18 21:19:13,198 - Loaded System Directive: org.apache.velocity.runtime.directive.Macro
2011-06-18 21:19:13,215 - Loaded System Directive: org.apache.velocity.runtime.directive.Parse
2011-06-18 21:19:13,224 - Loaded System Directive: org.apache.velocity.runtime.directive.Include
2011-06-18 21:19:13,229 - Loaded System Directive: org.apache.velocity.runtime.directive.Foreach
2011-06-18 21:19:13,322 - Created: 20 parsers.
2011-06-18 21:19:13,362 - Velocimacro : initialization starting.
2011-06-18 21:19:13,362 - Velocimacro : adding VMs from VM library template : VM_global_library.vm
2011-06-18 21:19:13,378 - ResourceManager : unable to find resource 'VM_global_library.vm' in any resource loader.
2011-06-18 21:19:13,378 - Velocimacro : error using  VM library template VM_global_library.vm : org.apache.velocity.exception.ResourceNotFoundException: Unable to find resource 'VM_global_library.vm'
2011-06-18 21:19:13,378 - Velocimacro :  VM library template macro registration complete.
2011-06-18 21:19:13,378 - Velocimacro : allowInline = true : VMs can be defined inline in templates
2011-06-18 21:19:13,378 - Velocimacro : allowInlineToOverride = false : VMs defined inline may NOT replace previous VM definitions
2011-06-18 21:19:13,378 - Velocimacro : allowInlineLocal = false : VMs defined inline will be  global in scope if allowed.
2011-06-18 21:19:13,378 - Velocimacro : messages on  : VM system will output logging messages
2011-06-18 21:19:13,378 - Velocimacro : autoload off  : VM system will not automatically reload global library macros
2011-06-18 21:19:13,378 - Velocimacro : initialization complete.
2011-06-18 21:19:13,378 - Velocity successfully started.
2011-06-18 21:36:57,191 - SimpleLog4JLogSystem initialized using logfile 'velocity.log'
2011-06-18 21:36:57,192 - ************************************************************** 
2011-06-18 21:36:57,192 - Starting Jakarta Velocity v1.4
2011-06-18 21:36:57,192 - RuntimeInstance initializing.
2011-06-18 21:36:57,192 - Default Properties File: org\apache\velocity\runtime\defaults\velocity.properties
2011-06-18 21:36:57,192 - Trying to use logger class org.apache.velocity.runtime.log.SimpleLog4JLogSystem
2011-06-18 21:36:57,192 - Using logger class org.apache.velocity.runtime.log.SimpleLog4JLogSystem
2011-06-18 21:36:57,204 - Default ResourceManager initializing. (class org.apache.velocity.runtime.resource.ResourceManagerImpl)
2011-06-18 21:36:57,223 - Resource Loader Instantiated: org.apache.velocity.runtime.resource.loader.ClasspathResourceLoader
2011-06-18 21:36:57,224 - ClasspathResourceLoader : initialization starting.
2011-06-18 21:36:57,224 - ClasspathResourceLoader : initialization complete.
2011-06-18 21:36:57,231 - ResourceCache : initialized. (class org.apache.velocity.runtime.resource.ResourceCacheImpl)
2011-06-18 21:36:57,231 - Default ResourceManager initialization complete.
2011-06-18 21:36:57,241 - Loaded System Directive: org.apache.velocity.runtime.directive.Literal
2011-06-18 21:36:57,249 - Loaded System Directive: org.apache.velocity.runtime.directive.Macro
2011-06-18 21:36:57,262 - Loaded System Directive: org.apache.velocity.runtime.directive.Parse
2011-06-18 21:36:57,272 - Loaded System Directive: org.apache.velocity.runtime.directive.Include
2011-06-18 21:36:57,276 - Loaded System Directive: org.apache.velocity.runtime.directive.Foreach
2011-06-18 21:36:57,366 - Created: 20 parsers.
2011-06-18 21:36:57,403 - Velocimacro : initialization starting.
2011-06-18 21:36:57,403 - Velocimacro : adding VMs from VM library template : VM_global_library.vm
2011-06-18 21:36:57,423 - ResourceManager : unable to find resource 'VM_global_library.vm' in any resource loader.
2011-06-18 21:36:57,423 - Velocimacro : error using  VM library template VM_global_library.vm : org.apache.velocity.exception.ResourceNotFoundException: Unable to find resource 'VM_global_library.vm'
2011-06-18 21:36:57,423 - Velocimacro :  VM library template macro registration complete.
2011-06-18 21:36:57,424 - Velocimacro : allowInline = true : VMs can be defined inline in templates
2011-06-18 21:36:57,424 - Velocimacro : allowInlineToOverride = false : VMs defined inline may NOT replace previous VM definitions
2011-06-18 21:36:57,424 - Velocimacro : allowInlineLocal = false : VMs defined inline will be  global in scope if allowed.
2011-06-18 21:36:57,424 - Velocimacro : messages on  : VM system will output logging messages
2011-06-18 21:36:57,424 - Velocimacro : autoload off  : VM system will not automatically reload global library macros
2011-06-18 21:36:57,424 - Velocimacro : initialization complete.
2011-06-18 21:36:57,424 - Velocity successfully started.
2011-06-18 21:49:57,682 - SimpleLog4JLogSystem initialized using logfile 'velocity.log'
2011-06-18 21:49:57,683 - ************************************************************** 
2011-06-18 21:49:57,683 - Starting Jakarta Velocity v1.4
2011-06-18 21:49:57,683 - RuntimeInstance initializing.
2011-06-18 21:49:57,683 - Default Properties File: org\apache\velocity\runtime\defaults\velocity.properties
2011-06-18 21:49:57,683 - Trying to use logger class org.apache.velocity.runtime.log.SimpleLog4JLogSystem
2011-06-18 21:49:57,683 - Using logger class org.apache.velocity.runtime.log.SimpleLog4JLogSystem
2011-06-18 21:49:57,694 - Default ResourceManager initializing. (class org.apache.velocity.runtime.resource.ResourceManagerImpl)
2011-06-18 21:49:57,714 - Resource Loader Instantiated: org.apache.velocity.runtime.resource.loader.ClasspathResourceLoader
2011-06-18 21:49:57,714 - ClasspathResourceLoader : initialization starting.
2011-06-18 21:49:57,714 - ClasspathResourceLoader : initialization complete.
2011-06-18 21:49:57,721 - ResourceCache : initialized. (class org.apache.velocity.runtime.resource.ResourceCacheImpl)
2011-06-18 21:49:57,721 - Default ResourceManager initialization complete.
2011-06-18 21:49:57,727 - Loaded System Directive: org.apache.velocity.runtime.directive.Literal
2011-06-18 21:49:57,734 - Loaded System Directive: org.apache.velocity.runtime.directive.Macro
2011-06-18 21:49:57,746 - Loaded System Directive: org.apache.velocity.runtime.directive.Parse
2011-06-18 21:49:57,752 - Loaded System Directive: org.apache.velocity.runtime.directive.Include
2011-06-18 21:49:57,757 - Loaded System Directive: org.apache.velocity.runtime.directive.Foreach
2011-06-18 21:49:57,839 - Created: 20 parsers.
2011-06-18 21:49:57,871 - Velocimacro : initialization starting.
2011-06-18 21:49:57,871 - Velocimacro : adding VMs from VM library template : VM_global_library.vm
2011-06-18 21:49:57,885 - ResourceManager : unable to find resource 'VM_global_library.vm' in any resource loader.
2011-06-18 21:49:57,885 - Velocimacro : error using  VM library template VM_global_library.vm : org.apache.velocity.exception.ResourceNotFoundException: Unable to find resource 'VM_global_library.vm'
2011-06-18 21:49:57,885 - Velocimacro :  VM library template macro registration complete.
2011-06-18 21:49:57,885 - Velocimacro : allowInline = true : VMs can be defined inline in templates
2011-06-18 21:49:57,885 - Velocimacro : allowInlineToOverride = false : VMs defined inline may NOT replace previous VM definitions
2011-06-18 21:49:57,885 - Velocimacro : allowInlineLocal = false : VMs defined inline will be  global in scope if allowed.
2011-06-18 21:49:57,885 - Velocimacro : messages on  : VM system will output logging messages
2011-06-18 21:49:57,885 - Velocimacro : autoload off  : VM system will not automatically reload global library macros
2011-06-18 21:49:57,885 - Velocimacro : initialization complete.
2011-06-18 21:49:57,885 - Velocity successfully started.
2011-06-18 21:54:38,937 - ResourceManager : found repast/simphony/parameter/parameters.vt with loader org.apache.velocity.runtime.resource.loader.ClasspathResourceLoader
2011-06-18 21:55:11,584 - ResourceManager : found repast/simphony/parameter/parameters.vt with loader org.apache.velocity.runtime.resource.loader.ClasspathResourceLoader
2011-06-18 21:56:49,374 - SimpleLog4JLogSystem initialized using logfile 'velocity.log'
2011-06-18 21:56:49,374 - ************************************************************** 
2011-06-18 21:56:49,375 - Starting Jakarta Velocity v1.4
2011-06-18 21:56:49,375 - RuntimeInstance initializing.
2011-06-18 21:56:49,375 - Default Properties File: org\apache\velocity\runtime\defaults\velocity.properties
2011-06-18 21:56:49,375 - Trying to use logger class org.apache.velocity.runtime.log.SimpleLog4JLogSystem
2011-06-18 21:56:49,375 - Using logger class org.apache.velocity.runtime.log.SimpleLog4JLogSystem
2011-06-18 21:56:49,385 - Default ResourceManager initializing. (class org.apache.velocity.runtime.resource.ResourceManagerImpl)
2011-06-18 21:56:49,398 - Resource Loader Instantiated: org.apache.velocity.runtime.resource.loader.ClasspathResourceLoader
2011-06-18 21:56:49,398 - ClasspathResourceLoader : initialization starting.
2011-06-18 21:56:49,398 - ClasspathResourceLoader : initialization complete.
2011-06-18 21:56:49,404 - ResourceCache : initialized. (class org.apache.velocity.runtime.resource.ResourceCacheImpl)
2011-06-18 21:56:49,404 - Default ResourceManager initialization complete.
2011-06-18 21:56:49,410 - Loaded System Directive: org.apache.velocity.runtime.directive.Literal
2011-06-18 21:56:49,418 - Loaded System Directive: org.apache.velocity.runtime.directive.Macro
2011-06-18 21:56:49,431 - Loaded System Directive: org.apache.velocity.runtime.directive.Parse
2011-06-18 21:56:49,437 - Loaded System Directive: org.apache.velocity.runtime.directive.Include
2011-06-18 21:56:49,441 - Loaded System Directive: org.apache.velocity.runtime.directive.Foreach
2011-06-18 21:56:49,524 - Created: 20 parsers.
2011-06-18 21:56:49,564 - Velocimacro : initialization starting.
2011-06-18 21:56:49,564 - Velocimacro : adding VMs from VM library template : VM_global_library.vm
2011-06-18 21:56:49,578 - ResourceManager : unable to find resource 'VM_global_library.vm' in any resource loader.
2011-06-18 21:56:49,578 - Velocimacro : error using  VM library template VM_global_library.vm : org.apache.velocity.exception.ResourceNotFoundException: Unable to find resource 'VM_global_library.vm'
2011-06-18 21:56:49,578 - Velocimacro :  VM library template macro registration complete.
2011-06-18 21:56:49,578 - Velocimacro : allowInline = true : VMs can be defined inline in templates
2011-06-18 21:56:49,578 - Velocimacro : allowInlineToOverride = false : VMs defined inline may NOT replace previous VM definitions
2011-06-18 21:56:49,579 - Velocimacro : allowInlineLocal = false : VMs defined inline will be  global in scope if allowed.
2011-06-18 21:56:49,579 - Velocimacro : messages on  : VM system will output logging messages
2011-06-18 21:56:49,579 - Velocimacro : autoload off  : VM system will not automatically reload global library macros
2011-06-18 21:56:49,579 - Velocimacro : initialization complete.
2011-06-18 21:56:49,579 - Velocity successfully started.
2011-06-18 21:59:32,207 - ResourceManager : found repast/simphony/parameter/parameters.vt with loader org.apache.velocity.runtime.resource.loader.ClasspathResourceLoader
2011-06-18 22:00:20,068 - ResourceManager : found repast/simphony/parameter/parameters.vt with loader org.apache.velocity.runtime.resource.loader.ClasspathResourceLoader
2011-06-18 22:00:42,900 - ResourceManager : found repast/simphony/parameter/parameters.vt with loader org.apache.velocity.runtime.resource.loader.ClasspathResourceLoader
2011-06-18 22:01:29,362 - ResourceManager : found repast/simphony/parameter/parameters.vt with loader org.apache.velocity.runtime.resource.loader.ClasspathResourceLoader
2011-06-18 22:05:15,509 - ResourceManager : found repast/simphony/parameter/parameters.vt with loader org.apache.velocity.runtime.resource.loader.ClasspathResourceLoader
2011-06-18 22:07:23,918 - ResourceManager : found repast/simphony/parameter/parameters.vt with loader org.apache.velocity.runtime.resource.loader.ClasspathResourceLoader
2011-06-18 22:07:45,183 - ResourceManager : found repast/simphony/parameter/parameters.vt with loader org.apache.velocity.runtime.resource.loader.ClasspathResourceLoader
2011-06-18 22:08:04,109 - ResourceManager : found repast/simphony/parameter/parameters.vt with loader org.apache.velocity.runtime.resource.loader.ClasspathResourceLoader
2011-06-18 22:08:17,862 - ResourceManager : found repast/simphony/parameter/parameters.vt with loader org.apache.velocity.runtime.resource.loader.ClasspathResourceLoader
2011-06-18 22:08:25,108 - ResourceManager : found repast/simphony/scenario/Scenario.vt with loader org.apache.velocity.runtime.resource.loader.ClasspathResourceLoader
2011-06-18 22:08:25,115 - ResourceManager : found repast/simphony/parameter/parameters.vt with loader org.apache.velocity.runtime.resource.loader.ClasspathResourceLoader
2011-06-19 11:36:44,198 - ResourceManager : found repast/simphony/scenario/Scenario.vt with loader org.apache.velocity.runtime.resource.loader.ClasspathResourceLoader
2011-06-19 11:36:44,214 - ResourceManager : found repast/simphony/parameter/parameters.vt with loader org.apache.velocity.runtime.resource.loader.ClasspathResourceLoader
2011-06-19 11:36:54,264 - SimpleLog4JLogSystem initialized using logfile 'velocity.log'
2011-06-19 11:36:54,265 - ************************************************************** 
2011-06-19 11:36:54,265 - Starting Jakarta Velocity v1.4
2011-06-19 11:36:54,265 - RuntimeInstance initializing.
2011-06-19 11:36:54,265 - Default Properties File: org\apache\velocity\runtime\defaults\velocity.properties
2011-06-19 11:36:54,265 - Trying to use logger class org.apache.velocity.runtime.log.SimpleLog4JLogSystem
2011-06-19 11:36:54,265 - Using logger class org.apache.velocity.runtime.log.SimpleLog4JLogSystem
2011-06-19 11:36:54,275 - Default ResourceManager initializing. (class org.apache.velocity.runtime.resource.ResourceManagerImpl)
2011-06-19 11:36:54,287 - Resource Loader Instantiated: org.apache.velocity.runtime.resource.loader.ClasspathResourceLoader
2011-06-19 11:36:54,287 - ClasspathResourceLoader : initialization starting.
2011-06-19 11:36:54,287 - ClasspathResourceLoader : initialization complete.
2011-06-19 11:36:54,293 - ResourceCache : initialized. (class org.apache.velocity.runtime.resource.ResourceCacheImpl)
2011-06-19 11:36:54,293 - Default ResourceManager initialization complete.
2011-06-19 11:36:54,299 - Loaded System Directive: org.apache.velocity.runtime.directive.Literal
2011-06-19 11:36:54,304 - Loaded System Directive: org.apache.velocity.runtime.directive.Macro
2011-06-19 11:36:54,316 - Loaded System Directive: org.apache.velocity.runtime.directive.Parse
2011-06-19 11:36:54,322 - Loaded System Directive: org.apache.velocity.runtime.directive.Include
2011-06-19 11:36:54,328 - Loaded System Directive: org.apache.velocity.runtime.directive.Foreach
2011-06-19 11:36:54,408 - Created: 20 parsers.
2011-06-19 11:36:54,446 - Velocimacro : initialization starting.
2011-06-19 11:36:54,446 - Velocimacro : adding VMs from VM library template : VM_global_library.vm
2011-06-19 11:36:54,460 - ResourceManager : unable to find resource 'VM_global_library.vm' in any resource loader.
2011-06-19 11:36:54,460 - Velocimacro : error using  VM library template VM_global_library.vm : org.apache.velocity.exception.ResourceNotFoundException: Unable to find resource 'VM_global_library.vm'
2011-06-19 11:36:54,460 - Velocimacro :  VM library template macro registration complete.
2011-06-19 11:36:54,460 - Velocimacro : allowInline = true : VMs can be defined inline in templates
2011-06-19 11:36:54,460 - Velocimacro : allowInlineToOverride = false : VMs defined inline may NOT replace previous VM definitions
2011-06-19 11:36:54,460 - Velocimacro : allowInlineLocal = false : VMs defined inline will be  global in scope if allowed.
2011-06-19 11:36:54,460 - Velocimacro : messages on  : VM system will output logging messages
2011-06-19 11:36:54,460 - Velocimacro : autoload off  : VM system will not automatically reload global library macros
2011-06-19 11:36:54,461 - Velocimacro : initialization complete.
2011-06-19 11:36:54,461 - Velocity successfully started.
2011-06-19 11:45:41,233 - SimpleLog4JLogSystem initialized using logfile 'velocity.log'
2011-06-19 11:45:41,234 - ************************************************************** 
2011-06-19 11:45:41,234 - Starting Jakarta Velocity v1.4
2011-06-19 11:45:41,234 - RuntimeInstance initializing.
2011-06-19 11:45:41,234 - Default Properties File: org\apache\velocity\runtime\defaults\velocity.properties
2011-06-19 11:45:41,234 - Trying to use logger class org.apache.velocity.runtime.log.SimpleLog4JLogSystem
2011-06-19 11:45:41,234 - Using logger class org.apache.velocity.runtime.log.SimpleLog4JLogSystem
2011-06-19 11:45:41,244 - Default ResourceManager initializing. (class org.apache.velocity.runtime.resource.ResourceManagerImpl)
2011-06-19 11:45:41,256 - Resource Loader Instantiated: org.apache.velocity.runtime.resource.loader.ClasspathResourceLoader
2011-06-19 11:45:41,256 - ClasspathResourceLoader : initialization starting.
2011-06-19 11:45:41,256 - ClasspathResourceLoader : initialization complete.
2011-06-19 11:45:41,262 - ResourceCache : initialized. (class org.apache.velocity.runtime.resource.ResourceCacheImpl)
2011-06-19 11:45:41,262 - Default ResourceManager initialization complete.
2011-06-19 11:45:41,267 - Loaded System Directive: org.apache.velocity.runtime.directive.Literal
2011-06-19 11:45:41,273 - Loaded System Directive: org.apache.velocity.runtime.directive.Macro
2011-06-19 11:45:41,285 - Loaded System Directive: org.apache.velocity.runtime.directive.Parse
2011-06-19 11:45:41,291 - Loaded System Directive: org.apache.velocity.runtime.directive.Include
2011-06-19 11:45:41,294 - Loaded System Directive: org.apache.velocity.runtime.directive.Foreach
2011-06-19 11:45:41,382 - Created: 20 parsers.
2011-06-19 11:45:41,415 - Velocimacro : initialization starting.
2011-06-19 11:45:41,415 - Velocimacro : adding VMs from VM library template : VM_global_library.vm
2011-06-19 11:45:41,428 - ResourceManager : unable to find resource 'VM_global_library.vm' in any resource loader.
2011-06-19 11:45:41,428 - Velocimacro : error using  VM library template VM_global_library.vm : org.apache.velocity.exception.ResourceNotFoundException: Unable to find resource 'VM_global_library.vm'
2011-06-19 11:45:41,428 - Velocimacro :  VM library template macro registration complete.
2011-06-19 11:45:41,428 - Velocimacro : allowInline = true : VMs can be defined inline in templates
2011-06-19 11:45:41,428 - Velocimacro : allowInlineToOverride = false : VMs defined inline may NOT replace previous VM definitions
2011-06-19 11:45:41,428 - Velocimacro : allowInlineLocal = false : VMs defined inline will be  global in scope if allowed.
2011-06-19 11:45:41,428 - Velocimacro : messages on  : VM system will output logging messages
2011-06-19 11:45:41,428 - Velocimacro : autoload off  : VM system will not automatically reload global library macros
2011-06-19 11:45:41,428 - Velocimacro : initialization complete.
2011-06-19 11:45:41,428 - Velocity successfully started.
2011-06-19 13:28:55,341 - SimpleLog4JLogSystem initialized using logfile 'velocity.log'
2011-06-19 13:28:55,342 - ************************************************************** 
2011-06-19 13:28:55,342 - Starting Jakarta Velocity v1.4
2011-06-19 13:28:55,342 - RuntimeInstance initializing.
2011-06-19 13:28:55,342 - Default Properties File: org\apache\velocity\runtime\defaults\velocity.properties
2011-06-19 13:28:55,342 - Trying to use logger class org.apache.velocity.runtime.log.SimpleLog4JLogSystem
2011-06-19 13:28:55,342 - Using logger class org.apache.velocity.runtime.log.SimpleLog4JLogSystem
2011-06-19 13:28:55,353 - Default ResourceManager initializing. (class org.apache.velocity.runtime.resource.ResourceManagerImpl)
2011-06-19 13:28:55,366 - Resource Loader Instantiated: org.apache.velocity.runtime.resource.loader.ClasspathResourceLoader
2011-06-19 13:28:55,366 - ClasspathResourceLoader : initialization starting.
2011-06-19 13:28:55,366 - ClasspathResourceLoader : initialization complete.
2011-06-19 13:28:55,372 - ResourceCache : initialized. (class org.apache.velocity.runtime.resource.ResourceCacheImpl)
2011-06-19 13:28:55,373 - Default ResourceManager initialization complete.
2011-06-19 13:28:55,379 - Loaded System Directive: org.apache.velocity.runtime.directive.Literal
2011-06-19 13:28:55,385 - Loaded System Directive: org.apache.velocity.runtime.directive.Macro
2011-06-19 13:28:55,398 - Loaded System Directive: org.apache.velocity.runtime.directive.Parse
2011-06-19 13:28:55,404 - Loaded System Directive: org.apache.velocity.runtime.directive.Include
2011-06-19 13:28:55,408 - Loaded System Directive: org.apache.velocity.runtime.directive.Foreach
2011-06-19 13:28:55,488 - Created: 20 parsers.
2011-06-19 13:28:55,528 - Velocimacro : initialization starting.
2011-06-19 13:28:55,529 - Velocimacro : adding VMs from VM library template : VM_global_library.vm
2011-06-19 13:28:55,543 - ResourceManager : unable to find resource 'VM_global_library.vm' in any resource loader.
2011-06-19 13:28:55,543 - Velocimacro : error using  VM library template VM_global_library.vm : org.apache.velocity.exception.ResourceNotFoundException: Unable to find resource 'VM_global_library.vm'
2011-06-19 13:28:55,543 - Velocimacro :  VM library template macro registration complete.
2011-06-19 13:28:55,543 - Velocimacro : allowInline = true : VMs can be defined inline in templates
2011-06-19 13:28:55,543 - Velocimacro : allowInlineToOverride = false : VMs defined inline may NOT replace previous VM definitions
2011-06-19 13:28:55,543 - Velocimacro : allowInlineLocal = false : VMs defined inline will be  global in scope if allowed.
2011-06-19 13:28:55,544 - Velocimacro : messages on  : VM system will output logging messages
2011-06-19 13:28:55,544 - Velocimacro : autoload off  : VM system will not automatically reload global library macros
2011-06-19 13:28:55,544 - Velocimacro : initialization complete.
2011-06-19 13:28:55,544 - Velocity successfully started.
2011-06-19 23:11:41,544 - SimpleLog4JLogSystem initialized using logfile 'velocity.log'
2011-06-19 23:11:41,545 - ************************************************************** 
2011-06-19 23:11:41,545 - Starting Jakarta Velocity v1.4
2011-06-19 23:11:41,545 - RuntimeInstance initializing.
2011-06-19 23:11:41,545 - Default Properties File: org\apache\velocity\runtime\defaults\velocity.properties
2011-06-19 23:11:41,546 - Trying to use logger class org.apache.velocity.runtime.log.SimpleLog4JLogSystem
2011-06-19 23:11:41,546 - Using logger class org.apache.velocity.runtime.log.SimpleLog4JLogSystem
2011-06-19 23:11:41,555 - Default ResourceManager initializing. (class org.apache.velocity.runtime.resource.ResourceManagerImpl)
2011-06-19 23:11:41,567 - Resource Loader Instantiated: org.apache.velocity.runtime.resource.loader.ClasspathResourceLoader
2011-06-19 23:11:41,567 - ClasspathResourceLoader : initialization starting.
2011-06-19 23:11:41,567 - ClasspathResourceLoader : initialization complete.
2011-06-19 23:11:41,573 - ResourceCache : initialized. (class org.apache.velocity.runtime.resource.ResourceCacheImpl)
2011-06-19 23:11:41,573 - Default ResourceManager initialization complete.
2011-06-19 23:11:41,578 - Loaded System Directive: org.apache.velocity.runtime.directive.Literal
2011-06-19 23:11:41,584 - Loaded System Directive: org.apache.velocity.runtime.directive.Macro
2011-06-19 23:11:41,595 - Loaded System Directive: org.apache.velocity.runtime.directive.Parse
2011-06-19 23:11:41,604 - Loaded System Directive: org.apache.velocity.runtime.directive.Include
2011-06-19 23:11:41,609 - Loaded System Directive: org.apache.velocity.runtime.directive.Foreach
2011-06-19 23:11:41,691 - Created: 20 parsers.
2011-06-19 23:11:41,722 - Velocimacro : initialization starting.
2011-06-19 23:11:41,722 - Velocimacro : adding VMs from VM library template : VM_global_library.vm
2011-06-19 23:11:41,735 - ResourceManager : unable to find resource 'VM_global_library.vm' in any resource loader.
2011-06-19 23:11:41,735 - Velocimacro : error using  VM library template VM_global_library.vm : org.apache.velocity.exception.ResourceNotFoundException: Unable to find resource 'VM_global_library.vm'
2011-06-19 23:11:41,735 - Velocimacro :  VM library template macro registration complete.
2011-06-19 23:11:41,735 - Velocimacro : allowInline = true : VMs can be defined inline in templates
2011-06-19 23:11:41,735 - Velocimacro : allowInlineToOverride = false : VMs defined inline may NOT replace previous VM definitions
2011-06-19 23:11:41,735 - Velocimacro : allowInlineLocal = false : VMs defined inline will be  global in scope if allowed.
2011-06-19 23:11:41,735 - Velocimacro : messages on  : VM system will output logging messages
2011-06-19 23:11:41,735 - Velocimacro : autoload off  : VM system will not automatically reload global library macros
2011-06-19 23:11:41,735 - Velocimacro : initialization complete.
2011-06-19 23:11:41,735 - Velocity successfully started.
2011-06-19 23:14:09,740 - SimpleLog4JLogSystem initialized using logfile 'velocity.log'
2011-06-19 23:14:09,740 - ************************************************************** 
2011-06-19 23:14:09,740 - Starting Jakarta Velocity v1.4
2011-06-19 23:14:09,740 - RuntimeInstance initializing.
2011-06-19 23:14:09,740 - Default Properties File: org\apache\velocity\runtime\defaults\velocity.properties
2011-06-19 23:14:09,740 - Trying to use logger class org.apache.velocity.runtime.log.SimpleLog4JLogSystem
2011-06-19 23:14:09,741 - Using logger class org.apache.velocity.runtime.log.SimpleLog4JLogSystem
2011-06-19 23:14:09,750 - Default ResourceManager initializing. (class org.apache.velocity.runtime.resource.ResourceManagerImpl)
2011-06-19 23:14:09,766 - Resource Loader Instantiated: org.apache.velocity.runtime.resource.loader.ClasspathResourceLoader
2011-06-19 23:14:09,767 - ClasspathResourceLoader : initialization starting.
2011-06-19 23:14:09,767 - ClasspathResourceLoader : initialization complete.
2011-06-19 23:14:09,773 - ResourceCache : initialized. (class org.apache.velocity.runtime.resource.ResourceCacheImpl)
2011-06-19 23:14:09,773 - Default ResourceManager initialization complete.
2011-06-19 23:14:09,780 - Loaded System Directive: org.apache.velocity.runtime.directive.Literal
2011-06-19 23:14:09,786 - Loaded System Directive: org.apache.velocity.runtime.directive.Macro
2011-06-19 23:14:09,800 - Loaded System Directive: org.apache.velocity.runtime.directive.Parse
2011-06-19 23:14:09,807 - Loaded System Directive: org.apache.velocity.runtime.directive.Include
2011-06-19 23:14:09,811 - Loaded System Directive: org.apache.velocity.runtime.directive.Foreach
2011-06-19 23:14:09,890 - Created: 20 parsers.
2011-06-19 23:14:09,922 - Velocimacro : initialization starting.
2011-06-19 23:14:09,922 - Velocimacro : adding VMs from VM library template : VM_global_library.vm
2011-06-19 23:14:09,935 - ResourceManager : unable to find resource 'VM_global_library.vm' in any resource loader.
2011-06-19 23:14:09,935 - Velocimacro : error using  VM library template VM_global_library.vm : org.apache.velocity.exception.ResourceNotFoundException: Unable to find resource 'VM_global_library.vm'
2011-06-19 23:14:09,936 - Velocimacro :  VM library template macro registration complete.
2011-06-19 23:14:09,936 - Velocimacro : allowInline = true : VMs can be defined inline in templates
2011-06-19 23:14:09,936 - Velocimacro : allowInlineToOverride = false : VMs defined inline may NOT replace previous VM definitions
2011-06-19 23:14:09,936 - Velocimacro : allowInlineLocal = false : VMs defined inline will be  global in scope if allowed.
2011-06-19 23:14:09,936 - Velocimacro : messages on  : VM system will output logging messages
2011-06-19 23:14:09,936 - Velocimacro : autoload off  : VM system will not automatically reload global library macros
2011-06-19 23:14:09,936 - Velocimacro : initialization complete.
2011-06-19 23:14:09,936 - Velocity successfully started.
2011-06-19 23:19:29,986 - SimpleLog4JLogSystem initialized using logfile 'velocity.log'
2011-06-19 23:19:29,986 - ************************************************************** 
2011-06-19 23:19:29,986 - Starting Jakarta Velocity v1.4
2011-06-19 23:19:29,987 - RuntimeInstance initializing.
2011-06-19 23:19:29,987 - Default Properties File: org\apache\velocity\runtime\defaults\velocity.properties
2011-06-19 23:19:29,987 - Trying to use logger class org.apache.velocity.runtime.log.SimpleLog4JLogSystem
2011-06-19 23:19:29,987 - Using logger class org.apache.velocity.runtime.log.SimpleLog4JLogSystem
2011-06-19 23:19:29,997 - Default ResourceManager initializing. (class org.apache.velocity.runtime.resource.ResourceManagerImpl)
2011-06-19 23:19:30,010 - Resource Loader Instantiated: org.apache.velocity.runtime.resource.loader.ClasspathResourceLoader
2011-06-19 23:19:30,010 - ClasspathResourceLoader : initialization starting.
2011-06-19 23:19:30,010 - ClasspathResourceLoader : initialization complete.
2011-06-19 23:19:30,016 - ResourceCache : initialized. (class org.apache.velocity.runtime.resource.ResourceCacheImpl)
2011-06-19 23:19:30,016 - Default ResourceManager initialization complete.
2011-06-19 23:19:30,023 - Loaded System Directive: org.apache.velocity.runtime.directive.Literal
2011-06-19 23:19:30,028 - Loaded System Directive: org.apache.velocity.runtime.directive.Macro
2011-06-19 23:19:30,039 - Loaded System Directive: org.apache.velocity.runtime.directive.Parse
2011-06-19 23:19:30,045 - Loaded System Directive: org.apache.velocity.runtime.directive.Include
2011-06-19 23:19:30,049 - Loaded System Directive: org.apache.velocity.runtime.directive.Foreach
2011-06-19 23:19:30,128 - Created: 20 parsers.
2011-06-19 23:19:30,161 - Velocimacro : initialization starting.
2011-06-19 23:19:30,161 - Velocimacro : adding VMs from VM library template : VM_global_library.vm
2011-06-19 23:19:30,174 - ResourceManager : unable to find resource 'VM_global_library.vm' in any resource loader.
2011-06-19 23:19:30,175 - Velocimacro : error using  VM library template VM_global_library.vm : org.apache.velocity.exception.ResourceNotFoundException: Unable to find resource 'VM_global_library.vm'
2011-06-19 23:19:30,175 - Velocimacro :  VM library template macro registration complete.
2011-06-19 23:19:30,175 - Velocimacro : allowInline = true : VMs can be defined inline in templates
2011-06-19 23:19:30,175 - Velocimacro : allowInlineToOverride = false : VMs defined inline may NOT replace previous VM definitions
2011-06-19 23:19:30,175 - Velocimacro : allowInlineLocal = false : VMs defined inline will be  global in scope if allowed.
2011-06-19 23:19:30,175 - Velocimacro : messages on  : VM system will output logging messages
2011-06-19 23:19:30,175 - Velocimacro : autoload off  : VM system will not automatically reload global library macros
2011-06-19 23:19:30,175 - Velocimacro : initialization complete.
2011-06-19 23:19:30,175 - Velocity successfully started.
2011-06-19 23:26:37,678 - SimpleLog4JLogSystem initialized using logfile 'velocity.log'
2011-06-19 23:26:37,678 - ************************************************************** 
2011-06-19 23:26:37,679 - Starting Jakarta Velocity v1.4
2011-06-19 23:26:37,679 - RuntimeInstance initializing.
2011-06-19 23:26:37,679 - Default Properties File: org\apache\velocity\runtime\defaults\velocity.properties
2011-06-19 23:26:37,679 - Trying to use logger class org.apache.velocity.runtime.log.SimpleLog4JLogSystem
2011-06-19 23:26:37,679 - Using logger class org.apache.velocity.runtime.log.SimpleLog4JLogSystem
2011-06-19 23:26:37,688 - Default ResourceManager initializing. (class org.apache.velocity.runtime.resource.ResourceManagerImpl)
2011-06-19 23:26:37,700 - Resource Loader Instantiated: org.apache.velocity.runtime.resource.loader.ClasspathResourceLoader
2011-06-19 23:26:37,700 - ClasspathResourceLoader : initialization starting.
2011-06-19 23:26:37,700 - ClasspathResourceLoader : initialization complete.
2011-06-19 23:26:37,707 - ResourceCache : initialized. (class org.apache.velocity.runtime.resource.ResourceCacheImpl)
2011-06-19 23:26:37,707 - Default ResourceManager initialization complete.
2011-06-19 23:26:37,713 - Loaded System Directive: org.apache.velocity.runtime.directive.Literal
2011-06-19 23:26:37,719 - Loaded System Directive: org.apache.velocity.runtime.directive.Macro
2011-06-19 23:26:37,730 - Loaded System Directive: org.apache.velocity.runtime.directive.Parse
2011-06-19 23:26:37,737 - Loaded System Directive: org.apache.velocity.runtime.directive.Include
2011-06-19 23:26:37,741 - Loaded System Directive: org.apache.velocity.runtime.directive.Foreach
2011-06-19 23:26:37,825 - Created: 20 parsers.
2011-06-19 23:26:37,862 - Velocimacro : initialization starting.
2011-06-19 23:26:37,862 - Velocimacro : adding VMs from VM library template : VM_global_library.vm
2011-06-19 23:26:37,877 - ResourceManager : unable to find resource 'VM_global_library.vm' in any resource loader.
2011-06-19 23:26:37,877 - Velocimacro : error using  VM library template VM_global_library.vm : org.apache.velocity.exception.ResourceNotFoundException: Unable to find resource 'VM_global_library.vm'
2011-06-19 23:26:37,877 - Velocimacro :  VM library template macro registration complete.
2011-06-19 23:26:37,877 - Velocimacro : allowInline = true : VMs can be defined inline in templates
2011-06-19 23:26:37,877 - Velocimacro : allowInlineToOverride = false : VMs defined inline may NOT replace previous VM definitions
2011-06-19 23:26:37,877 - Velocimacro : allowInlineLocal = false : VMs defined inline will be  global in scope if allowed.
2011-06-19 23:26:37,877 - Velocimacro : messages on  : VM system will output logging messages
2011-06-19 23:26:37,877 - Velocimacro : autoload off  : VM system will not automatically reload global library macros
2011-06-19 23:26:37,877 - Velocimacro : initialization complete.
2011-06-19 23:26:37,877 - Velocity successfully started.
2011-06-19 23:33:02,691 - SimpleLog4JLogSystem initialized using logfile 'velocity.log'
2011-06-19 23:33:02,692 - ************************************************************** 
2011-06-19 23:33:02,692 - Starting Jakarta Velocity v1.4
2011-06-19 23:33:02,692 - RuntimeInstance initializing.
2011-06-19 23:33:02,692 - Default Properties File: org\apache\velocity\runtime\defaults\velocity.properties
2011-06-19 23:33:02,692 - Trying to use logger class org.apache.velocity.runtime.log.SimpleLog4JLogSystem
2011-06-19 23:33:02,692 - Using logger class org.apache.velocity.runtime.log.SimpleLog4JLogSystem
2011-06-19 23:33:02,702 - Default ResourceManager initializing. (class org.apache.velocity.runtime.resource.ResourceManagerImpl)
2011-06-19 23:33:02,714 - Resource Loader Instantiated: org.apache.velocity.runtime.resource.loader.ClasspathResourceLoader
2011-06-19 23:33:02,714 - ClasspathResourceLoader : initialization starting.
2011-06-19 23:33:02,714 - ClasspathResourceLoader : initialization complete.
2011-06-19 23:33:02,720 - ResourceCache : initialized. (class org.apache.velocity.runtime.resource.ResourceCacheImpl)
2011-06-19 23:33:02,720 - Default ResourceManager initialization complete.
2011-06-19 23:33:02,725 - Loaded System Directive: org.apache.velocity.runtime.directive.Literal
2011-06-19 23:33:02,731 - Loaded System Directive: org.apache.velocity.runtime.directive.Macro
2011-06-19 23:33:02,745 - Loaded System Directive: org.apache.velocity.runtime.directive.Parse
2011-06-19 23:33:02,751 - Loaded System Directive: org.apache.velocity.runtime.directive.Include
2011-06-19 23:33:02,754 - Loaded System Directive: org.apache.velocity.runtime.directive.Foreach
2011-06-19 23:33:02,833 - Created: 20 parsers.
2011-06-19 23:33:02,867 - Velocimacro : initialization starting.
2011-06-19 23:33:02,868 - Velocimacro : adding VMs from VM library template : VM_global_library.vm
2011-06-19 23:33:02,881 - ResourceManager : unable to find resource 'VM_global_library.vm' in any resource loader.
2011-06-19 23:33:02,881 - Velocimacro : error using  VM library template VM_global_library.vm : org.apache.velocity.exception.ResourceNotFoundException: Unable to find resource 'VM_global_library.vm'
2011-06-19 23:33:02,881 - Velocimacro :  VM library template macro registration complete.
2011-06-19 23:33:02,881 - Velocimacro : allowInline = true : VMs can be defined inline in templates
2011-06-19 23:33:02,881 - Velocimacro : allowInlineToOverride = false : VMs defined inline may NOT replace previous VM definitions
2011-06-19 23:33:02,881 - Velocimacro : allowInlineLocal = false : VMs defined inline will be  global in scope if allowed.
2011-06-19 23:33:02,881 - Velocimacro : messages on  : VM system will output logging messages
2011-06-19 23:33:02,881 - Velocimacro : autoload off  : VM system will not automatically reload global library macros
2011-06-19 23:33:02,881 - Velocimacro : initialization complete.
2011-06-19 23:33:02,882 - Velocity successfully started.
2011-06-19 23:41:26,630 - SimpleLog4JLogSystem initialized using logfile 'velocity.log'
2011-06-19 23:41:26,630 - ************************************************************** 
2011-06-19 23:41:26,630 - Starting Jakarta Velocity v1.4
2011-06-19 23:41:26,631 - RuntimeInstance initializing.
2011-06-19 23:41:26,631 - Default Properties File: org\apache\velocity\runtime\defaults\velocity.properties
2011-06-19 23:41:26,631 - Trying to use logger class org.apache.velocity.runtime.log.SimpleLog4JLogSystem
2011-06-19 23:41:26,631 - Using logger class org.apache.velocity.runtime.log.SimpleLog4JLogSystem
2011-06-19 23:41:26,640 - Default ResourceManager initializing. (class org.apache.velocity.runtime.resource.ResourceManagerImpl)
2011-06-19 23:41:26,652 - Resource Loader Instantiated: org.apache.velocity.runtime.resource.loader.ClasspathResourceLoader
2011-06-19 23:41:26,652 - ClasspathResourceLoader : initialization starting.
2011-06-19 23:41:26,652 - ClasspathResourceLoader : initialization complete.
2011-06-19 23:41:26,658 - ResourceCache : initialized. (class org.apache.velocity.runtime.resource.ResourceCacheImpl)
2011-06-19 23:41:26,658 - Default ResourceManager initialization complete.
2011-06-19 23:41:26,664 - Loaded System Directive: org.apache.velocity.runtime.directive.Literal
2011-06-19 23:41:26,669 - Loaded System Directive: org.apache.velocity.runtime.directive.Macro
2011-06-19 23:41:26,680 - Loaded System Directive: org.apache.velocity.runtime.directive.Parse
2011-06-19 23:41:26,686 - Loaded System Directive: org.apache.velocity.runtime.directive.Include
2011-06-19 23:41:26,690 - Loaded System Directive: org.apache.velocity.runtime.directive.Foreach
2011-06-19 23:41:26,764 - Created: 20 parsers.
2011-06-19 23:41:26,798 - Velocimacro : initialization starting.
2011-06-19 23:41:26,799 - Velocimacro : adding VMs from VM library template : VM_global_library.vm
2011-06-19 23:41:26,813 - ResourceManager : unable to find resource 'VM_global_library.vm' in any resource loader.
2011-06-19 23:41:26,813 - Velocimacro : error using  VM library template VM_global_library.vm : org.apache.velocity.exception.ResourceNotFoundException: Unable to find resource 'VM_global_library.vm'
2011-06-19 23:41:26,813 - Velocimacro :  VM library template macro registration complete.
2011-06-19 23:41:26,813 - Velocimacro : allowInline = true : VMs can be defined inline in templates
2011-06-19 23:41:26,813 - Velocimacro : allowInlineToOverride = false : VMs defined inline may NOT replace previous VM definitions
2011-06-19 23:41:26,813 - Velocimacro : allowInlineLocal = false : VMs defined inline will be  global in scope if allowed.
2011-06-19 23:41:26,813 - Velocimacro : messages on  : VM system will output logging messages
2011-06-19 23:41:26,813 - Velocimacro : autoload off  : VM system will not automatically reload global library macros
2011-06-19 23:41:26,813 - Velocimacro : initialization complete.
2011-06-19 23:41:26,813 - Velocity successfully started.
2011-06-19 23:44:48,001 - SimpleLog4JLogSystem initialized using logfile 'velocity.log'
2011-06-19 23:44:48,002 - ************************************************************** 
2011-06-19 23:44:48,002 - Starting Jakarta Velocity v1.4
2011-06-19 23:44:48,002 - RuntimeInstance initializing.
2011-06-19 23:44:48,002 - Default Properties File: org\apache\velocity\runtime\defaults\velocity.properties
2011-06-19 23:44:48,002 - Trying to use logger class org.apache.velocity.runtime.log.SimpleLog4JLogSystem
2011-06-19 23:44:48,002 - Using logger class org.apache.velocity.runtime.log.SimpleLog4JLogSystem
2011-06-19 23:44:48,011 - Default ResourceManager initializing. (class org.apache.velocity.runtime.resource.ResourceManagerImpl)
2011-06-19 23:44:48,023 - Resource Loader Instantiated: org.apache.velocity.runtime.resource.loader.ClasspathResourceLoader
2011-06-19 23:44:48,023 - ClasspathResourceLoader : initialization starting.
2011-06-19 23:44:48,024 - ClasspathResourceLoader : initialization complete.
2011-06-19 23:44:48,029 - ResourceCache : initialized. (class org.apache.velocity.runtime.resource.ResourceCacheImpl)
2011-06-19 23:44:48,029 - Default ResourceManager initialization complete.
2011-06-19 23:44:48,035 - Loaded System Directive: org.apache.velocity.runtime.directive.Literal
2011-06-19 23:44:48,040 - Loaded System Directive: org.apache.velocity.runtime.directive.Macro
2011-06-19 23:44:48,053 - Loaded System Directive: org.apache.velocity.runtime.directive.Parse
2011-06-19 23:44:48,060 - Loaded System Directive: org.apache.velocity.runtime.directive.Include
2011-06-19 23:44:48,065 - Loaded System Directive: org.apache.velocity.runtime.directive.Foreach
2011-06-19 23:44:48,164 - Created: 20 parsers.
2011-06-19 23:44:48,194 - Velocimacro : initialization starting.
2011-06-19 23:44:48,194 - Velocimacro : adding VMs from VM library template : VM_global_library.vm
2011-06-19 23:44:48,207 - ResourceManager : unable to find resource 'VM_global_library.vm' in any resource loader.
2011-06-19 23:44:48,208 - Velocimacro : error using  VM library template VM_global_library.vm : org.apache.velocity.exception.ResourceNotFoundException: Unable to find resource 'VM_global_library.vm'
2011-06-19 23:44:48,208 - Velocimacro :  VM library template macro registration complete.
2011-06-19 23:44:48,208 - Velocimacro : allowInline = true : VMs can be defined inline in templates
2011-06-19 23:44:48,208 - Velocimacro : allowInlineToOverride = false : VMs defined inline may NOT replace previous VM definitions
2011-06-19 23:44:48,208 - Velocimacro : allowInlineLocal = false : VMs defined inline will be  global in scope if allowed.
2011-06-19 23:44:48,208 - Velocimacro : messages on  : VM system will output logging messages
2011-06-19 23:44:48,208 - Velocimacro : autoload off  : VM system will not automatically reload global library macros
2011-06-19 23:44:48,208 - Velocimacro : initialization complete.
2011-06-19 23:44:48,208 - Velocity successfully started.
2011-06-19 23:49:20,886 - SimpleLog4JLogSystem initialized using logfile 'velocity.log'
2011-06-19 23:49:20,887 - ************************************************************** 
2011-06-19 23:49:20,887 - Starting Jakarta Velocity v1.4
2011-06-19 23:49:20,887 - RuntimeInstance initializing.
2011-06-19 23:49:20,887 - Default Properties File: org\apache\velocity\runtime\defaults\velocity.properties
2011-06-19 23:49:20,887 - Trying to use logger class org.apache.velocity.runtime.log.SimpleLog4JLogSystem
2011-06-19 23:49:20,887 - Using logger class org.apache.velocity.runtime.log.SimpleLog4JLogSystem
2011-06-19 23:49:20,896 - Default ResourceManager initializing. (class org.apache.velocity.runtime.resource.ResourceManagerImpl)
2011-06-19 23:49:20,911 - Resource Loader Instantiated: org.apache.velocity.runtime.resource.loader.ClasspathResourceLoader
2011-06-19 23:49:20,911 - ClasspathResourceLoader : initialization starting.
2011-06-19 23:49:20,911 - ClasspathResourceLoader : initialization complete.
2011-06-19 23:49:20,917 - ResourceCache : initialized. (class org.apache.velocity.runtime.resource.ResourceCacheImpl)
2011-06-19 23:49:20,917 - Default ResourceManager initialization complete.
2011-06-19 23:49:20,924 - Loaded System Directive: org.apache.velocity.runtime.directive.Literal
2011-06-19 23:49:20,930 - Loaded System Directive: org.apache.velocity.runtime.directive.Macro
2011-06-19 23:49:20,942 - Loaded System Directive: org.apache.velocity.runtime.directive.Parse
2011-06-19 23:49:20,948 - Loaded System Directive: org.apache.velocity.runtime.directive.Include
2011-06-19 23:49:20,952 - Loaded System Directive: org.apache.velocity.runtime.directive.Foreach
2011-06-19 23:49:21,044 - Created: 20 parsers.
2011-06-19 23:49:21,076 - Velocimacro : initialization starting.
2011-06-19 23:49:21,076 - Velocimacro : adding VMs from VM library template : VM_global_library.vm
2011-06-19 23:49:21,090 - ResourceManager : unable to find resource 'VM_global_library.vm' in any resource loader.
2011-06-19 23:49:21,090 - Velocimacro : error using  VM library template VM_global_library.vm : org.apache.velocity.exception.ResourceNotFoundException: Unable to find resource 'VM_global_library.vm'
2011-06-19 23:49:21,090 - Velocimacro :  VM library template macro registration complete.
2011-06-19 23:49:21,090 - Velocimacro : allowInline = true : VMs can be defined inline in templates
2011-06-19 23:49:21,090 - Velocimacro : allowInlineToOverride = false : VMs defined inline may NOT replace previous VM definitions
2011-06-19 23:49:21,090 - Velocimacro : allowInlineLocal = false : VMs defined inline will be  global in scope if allowed.
2011-06-19 23:49:21,090 - Velocimacro : messages on  : VM system will output logging messages
2011-06-19 23:49:21,090 - Velocimacro : autoload off  : VM system will not automatically reload global library macros
2011-06-19 23:49:21,090 - Velocimacro : initialization complete.
2011-06-19 23:49:21,090 - Velocity successfully started.
2011-06-21 01:39:38,001 - SimpleLog4JLogSystem initialized using logfile 'velocity.log'
2011-06-21 01:39:38,002 - ************************************************************** 
2011-06-21 01:39:38,002 - Starting Jakarta Velocity v1.4
2011-06-21 01:39:38,002 - RuntimeInstance initializing.
2011-06-21 01:39:38,002 - Default Properties File: org\apache\velocity\runtime\defaults\velocity.properties
2011-06-21 01:39:38,002 - Trying to use logger class org.apache.velocity.runtime.log.SimpleLog4JLogSystem
2011-06-21 01:39:38,002 - Using logger class org.apache.velocity.runtime.log.SimpleLog4JLogSystem
2011-06-21 01:39:38,012 - Default ResourceManager initializing. (class org.apache.velocity.runtime.resource.ResourceManagerImpl)
2011-06-21 01:39:38,024 - Resource Loader Instantiated: org.apache.velocity.runtime.resource.loader.ClasspathResourceLoader
2011-06-21 01:39:38,024 - ClasspathResourceLoader : initialization starting.
2011-06-21 01:39:38,024 - ClasspathResourceLoader : initialization complete.
2011-06-21 01:39:38,033 - ResourceCache : initialized. (class org.apache.velocity.runtime.resource.ResourceCacheImpl)
2011-06-21 01:39:38,033 - Default ResourceManager initialization complete.
2011-06-21 01:39:38,039 - Loaded System Directive: org.apache.velocity.runtime.directive.Literal
2011-06-21 01:39:38,045 - Loaded System Directive: org.apache.velocity.runtime.directive.Macro
2011-06-21 01:39:38,056 - Loaded System Directive: org.apache.velocity.runtime.directive.Parse
2011-06-21 01:39:38,062 - Loaded System Directive: org.apache.velocity.runtime.directive.Include
2011-06-21 01:39:38,066 - Loaded System Directive: org.apache.velocity.runtime.directive.Foreach
2011-06-21 01:39:38,143 - Created: 20 parsers.
2011-06-21 01:39:38,185 - Velocimacro : initialization starting.
2011-06-21 01:39:38,185 - Velocimacro : adding VMs from VM library template : VM_global_library.vm
2011-06-21 01:39:38,202 - ResourceManager : unable to find resource 'VM_global_library.vm' in any resource loader.
2011-06-21 01:39:38,202 - Velocimacro : error using  VM library template VM_global_library.vm : org.apache.velocity.exception.ResourceNotFoundException: Unable to find resource 'VM_global_library.vm'
2011-06-21 01:39:38,202 - Velocimacro :  VM library template macro registration complete.
2011-06-21 01:39:38,202 - Velocimacro : allowInline = true : VMs can be defined inline in templates
2011-06-21 01:39:38,203 - Velocimacro : allowInlineToOverride = false : VMs defined inline may NOT replace previous VM definitions
2011-06-21 01:39:38,203 - Velocimacro : allowInlineLocal = false : VMs defined inline will be  global in scope if allowed.
2011-06-21 01:39:38,203 - Velocimacro : messages on  : VM system will output logging messages
2011-06-21 01:39:38,203 - Velocimacro : autoload off  : VM system will not automatically reload global library macros
2011-06-21 01:39:38,203 - Velocimacro : initialization complete.
2011-06-21 01:39:38,203 - Velocity successfully started.
2011-06-23 00:18:30,056 - ResourceManager : found repast/simphony/parameter/parameters.vt with loader org.apache.velocity.runtime.resource.loader.ClasspathResourceLoader
2011-06-23 00:19:21,307 - ResourceManager : found repast/simphony/parameter/parameters.vt with loader org.apache.velocity.runtime.resource.loader.ClasspathResourceLoader
2011-06-23 00:23:50,443 - SimpleLog4JLogSystem initialized using logfile 'velocity.log'
2011-06-23 00:23:50,444 - ************************************************************** 
2011-06-23 00:23:50,444 - Starting Jakarta Velocity v1.4
2011-06-23 00:23:50,444 - RuntimeInstance initializing.
2011-06-23 00:23:50,444 - Default Properties File: org\apache\velocity\runtime\defaults\velocity.properties
2011-06-23 00:23:50,444 - Trying to use logger class org.apache.velocity.runtime.log.SimpleLog4JLogSystem
2011-06-23 00:23:50,444 - Using logger class org.apache.velocity.runtime.log.SimpleLog4JLogSystem
2011-06-23 00:23:50,454 - Default ResourceManager initializing. (class org.apache.velocity.runtime.resource.ResourceManagerImpl)
2011-06-23 00:23:50,467 - Resource Loader Instantiated: org.apache.velocity.runtime.resource.loader.ClasspathResourceLoader
2011-06-23 00:23:50,467 - ClasspathResourceLoader : initialization starting.
2011-06-23 00:23:50,467 - ClasspathResourceLoader : initialization complete.
2011-06-23 00:23:50,473 - ResourceCache : initialized. (class org.apache.velocity.runtime.resource.ResourceCacheImpl)
2011-06-23 00:23:50,473 - Default ResourceManager initialization complete.
2011-06-23 00:23:50,480 - Loaded System Directive: org.apache.velocity.runtime.directive.Literal
2011-06-23 00:23:50,486 - Loaded System Directive: org.apache.velocity.runtime.directive.Macro
2011-06-23 00:23:50,498 - Loaded System Directive: org.apache.velocity.runtime.directive.Parse
2011-06-23 00:23:50,504 - Loaded System Directive: org.apache.velocity.runtime.directive.Include
2011-06-23 00:23:50,508 - Loaded System Directive: org.apache.velocity.runtime.directive.Foreach
2011-06-23 00:23:50,589 - Created: 20 parsers.
2011-06-23 00:23:50,622 - Velocimacro : initialization starting.
2011-06-23 00:23:50,623 - Velocimacro : adding VMs from VM library template : VM_global_library.vm
2011-06-23 00:23:50,637 - ResourceManager : unable to find resource 'VM_global_library.vm' in any resource loader.
2011-06-23 00:23:50,637 - Velocimacro : error using  VM library template VM_global_library.vm : org.apache.velocity.exception.ResourceNotFoundException: Unable to find resource 'VM_global_library.vm'
2011-06-23 00:23:50,637 - Velocimacro :  VM library template macro registration complete.
2011-06-23 00:23:50,637 - Velocimacro : allowInline = true : VMs can be defined inline in templates
2011-06-23 00:23:50,637 - Velocimacro : allowInlineToOverride = false : VMs defined inline may NOT replace previous VM definitions
2011-06-23 00:23:50,637 - Velocimacro : allowInlineLocal = false : VMs defined inline will be  global in scope if allowed.
2011-06-23 00:23:50,637 - Velocimacro : messages on  : VM system will output logging messages
2011-06-23 00:23:50,637 - Velocimacro : autoload off  : VM system will not automatically reload global library macros
2011-06-23 00:23:50,637 - Velocimacro : initialization complete.
2011-06-23 00:23:50,637 - Velocity successfully started.
2011-06-23 00:24:51,575 - ResourceManager : found repast/simphony/parameter/parameters.vt with loader org.apache.velocity.runtime.resource.loader.ClasspathResourceLoader
2011-06-23 00:26:21,486 - ResourceManager : found repast/simphony/parameter/parameters.vt with loader org.apache.velocity.runtime.resource.loader.ClasspathResourceLoader
2011-06-23 00:26:41,403 - ResourceManager : found repast/simphony/parameter/parameters.vt with loader org.apache.velocity.runtime.resource.loader.ClasspathResourceLoader
2011-06-23 00:40:56,352 - ResourceManager : found repast/simphony/parameter/parameters.vt with loader org.apache.velocity.runtime.resource.loader.ClasspathResourceLoader
2011-06-23 00:41:21,707 - ResourceManager : found repast/simphony/parameter/parameters.vt with loader org.apache.velocity.runtime.resource.loader.ClasspathResourceLoader
2011-06-23 00:48:31,102 - ResourceManager : found repast/simphony/parameter/parameters.vt with loader org.apache.velocity.runtime.resource.loader.ClasspathResourceLoader
2011-06-23 00:49:56,314 - ResourceManager : found repast/simphony/parameter/parameters.vt with loader org.apache.velocity.runtime.resource.loader.ClasspathResourceLoader
2011-06-23 00:52:25,091 - ResourceManager : found repast/simphony/parameter/parameters.vt with loader org.apache.velocity.runtime.resource.loader.ClasspathResourceLoader
2011-06-23 00:52:53,261 - ResourceManager : found repast/simphony/parameter/parameters.vt with loader org.apache.velocity.runtime.resource.loader.ClasspathResourceLoader
2011-06-23 00:52:56,909 - ResourceManager : found repast/simphony/scenario/Scenario.vt with loader org.apache.velocity.runtime.resource.loader.ClasspathResourceLoader
2011-06-23 00:52:56,916 - ResourceManager : found repast/simphony/parameter/parameters.vt with loader org.apache.velocity.runtime.resource.loader.ClasspathResourceLoader
2011-06-23 01:38:23,537 - SimpleLog4JLogSystem initialized using logfile 'velocity.log'
2011-06-23 01:38:23,537 - ************************************************************** 
2011-06-23 01:38:23,538 - Starting Jakarta Velocity v1.4
2011-06-23 01:38:23,538 - RuntimeInstance initializing.
2011-06-23 01:38:23,538 - Default Properties File: org\apache\velocity\runtime\defaults\velocity.properties
2011-06-23 01:38:23,538 - Trying to use logger class org.apache.velocity.runtime.log.SimpleLog4JLogSystem
2011-06-23 01:38:23,538 - Using logger class org.apache.velocity.runtime.log.SimpleLog4JLogSystem
2011-06-23 01:38:23,548 - Default ResourceManager initializing. (class org.apache.velocity.runtime.resource.ResourceManagerImpl)
2011-06-23 01:38:23,563 - Resource Loader Instantiated: org.apache.velocity.runtime.resource.loader.ClasspathResourceLoader
2011-06-23 01:38:23,563 - ClasspathResourceLoader : initialization starting.
2011-06-23 01:38:23,563 - ClasspathResourceLoader : initialization complete.
2011-06-23 01:38:23,573 - ResourceCache : initialized. (class org.apache.velocity.runtime.resource.ResourceCacheImpl)
2011-06-23 01:38:23,573 - Default ResourceManager initialization complete.
2011-06-23 01:38:23,580 - Loaded System Directive: org.apache.velocity.runtime.directive.Literal
2011-06-23 01:38:23,587 - Loaded System Directive: org.apache.velocity.runtime.directive.Macro
2011-06-23 01:38:23,601 - Loaded System Directive: org.apache.velocity.runtime.directive.Parse
2011-06-23 01:38:23,607 - Loaded System Directive: org.apache.velocity.runtime.directive.Include
2011-06-23 01:38:23,612 - Loaded System Directive: org.apache.velocity.runtime.directive.Foreach
2011-06-23 01:38:23,692 - Created: 20 parsers.
2011-06-23 01:38:23,725 - Velocimacro : initialization starting.
2011-06-23 01:38:23,725 - Velocimacro : adding VMs from VM library template : VM_global_library.vm
2011-06-23 01:38:23,739 - ResourceManager : unable to find resource 'VM_global_library.vm' in any resource loader.
2011-06-23 01:38:23,739 - Velocimacro : error using  VM library template VM_global_library.vm : org.apache.velocity.exception.ResourceNotFoundException: Unable to find resource 'VM_global_library.vm'
2011-06-23 01:38:23,739 - Velocimacro :  VM library template macro registration complete.
2011-06-23 01:38:23,739 - Velocimacro : allowInline = true : VMs can be defined inline in templates
2011-06-23 01:38:23,739 - Velocimacro : allowInlineToOverride = false : VMs defined inline may NOT replace previous VM definitions
2011-06-23 01:38:23,739 - Velocimacro : allowInlineLocal = false : VMs defined inline will be  global in scope if allowed.
2011-06-23 01:38:23,739 - Velocimacro : messages on  : VM system will output logging messages
2011-06-23 01:38:23,739 - Velocimacro : autoload off  : VM system will not automatically reload global library macros
2011-06-23 01:38:23,740 - Velocimacro : initialization complete.
2011-06-23 01:38:23,740 - Velocity successfully started.
2011-06-23 02:13:17,405 - SimpleLog4JLogSystem initialized using logfile 'velocity.log'
2011-06-23 02:13:17,406 - ************************************************************** 
2011-06-23 02:13:17,407 - Starting Jakarta Velocity v1.4
2011-06-23 02:13:17,407 - RuntimeInstance initializing.
2011-06-23 02:13:17,407 - Default Properties File: org\apache\velocity\runtime\defaults\velocity.properties
2011-06-23 02:13:17,407 - Trying to use logger class org.apache.velocity.runtime.log.SimpleLog4JLogSystem
2011-06-23 02:13:17,407 - Using logger class org.apache.velocity.runtime.log.SimpleLog4JLogSystem
2011-06-23 02:13:17,423 - Default ResourceManager initializing. (class org.apache.velocity.runtime.resource.ResourceManagerImpl)
2011-06-23 02:13:17,439 - Resource Loader Instantiated: org.apache.velocity.runtime.resource.loader.ClasspathResourceLoader
2011-06-23 02:13:17,439 - ClasspathResourceLoader : initialization starting.
2011-06-23 02:13:17,439 - ClasspathResourceLoader : initialization complete.
2011-06-23 02:13:17,445 - ResourceCache : initialized. (class org.apache.velocity.runtime.resource.ResourceCacheImpl)
2011-06-23 02:13:17,446 - Default ResourceManager initialization complete.
2011-06-23 02:13:17,452 - Loaded System Directive: org.apache.velocity.runtime.directive.Literal
2011-06-23 02:13:17,458 - Loaded System Directive: org.apache.velocity.runtime.directive.Macro
2011-06-23 02:13:17,470 - Loaded System Directive: org.apache.velocity.runtime.directive.Parse
2011-06-23 02:13:17,477 - Loaded System Directive: org.apache.velocity.runtime.directive.Include
2011-06-23 02:13:17,481 - Loaded System Directive: org.apache.velocity.runtime.directive.Foreach
2011-06-23 02:13:17,580 - Created: 20 parsers.
2011-06-23 02:13:17,612 - Velocimacro : initialization starting.
2011-06-23 02:13:17,612 - Velocimacro : adding VMs from VM library template : VM_global_library.vm
2011-06-23 02:13:17,626 - ResourceManager : unable to find resource 'VM_global_library.vm' in any resource loader.
2011-06-23 02:13:17,626 - Velocimacro : error using  VM library template VM_global_library.vm : org.apache.velocity.exception.ResourceNotFoundException: Unable to find resource 'VM_global_library.vm'
2011-06-23 02:13:17,626 - Velocimacro :  VM library template macro registration complete.
2011-06-23 02:13:17,626 - Velocimacro : allowInline = true : VMs can be defined inline in templates
2011-06-23 02:13:17,626 - Velocimacro : allowInlineToOverride = false : VMs defined inline may NOT replace previous VM definitions
2011-06-23 02:13:17,626 - Velocimacro : allowInlineLocal = false : VMs defined inline will be  global in scope if allowed.
2011-06-23 02:13:17,626 - Velocimacro : messages on  : VM system will output logging messages
2011-06-23 02:13:17,626 - Velocimacro : autoload off  : VM system will not automatically reload global library macros
2011-06-23 02:13:17,626 - Velocimacro : initialization complete.
2011-06-23 02:13:17,626 - Velocity successfully started.
2011-06-23 02:34:05,273 - SimpleLog4JLogSystem initialized using logfile 'velocity.log'
2011-06-23 02:34:05,274 - ************************************************************** 
2011-06-23 02:34:05,274 - Starting Jakarta Velocity v1.4
2011-06-23 02:34:05,274 - RuntimeInstance initializing.
2011-06-23 02:34:05,275 - Default Properties File: org\apache\velocity\runtime\defaults\velocity.properties
2011-06-23 02:34:05,275 - Trying to use logger class org.apache.velocity.runtime.log.SimpleLog4JLogSystem
2011-06-23 02:34:05,275 - Using logger class org.apache.velocity.runtime.log.SimpleLog4JLogSystem
2011-06-23 02:34:05,286 - Default ResourceManager initializing. (class org.apache.velocity.runtime.resource.ResourceManagerImpl)
2011-06-23 02:34:05,301 - Resource Loader Instantiated: org.apache.velocity.runtime.resource.loader.ClasspathResourceLoader
2011-06-23 02:34:05,301 - ClasspathResourceLoader : initialization starting.
2011-06-23 02:34:05,301 - ClasspathResourceLoader : initialization complete.
2011-06-23 02:34:05,309 - ResourceCache : initialized. (class org.apache.velocity.runtime.resource.ResourceCacheImpl)
2011-06-23 02:34:05,309 - Default ResourceManager initialization complete.
2011-06-23 02:34:05,315 - Loaded System Directive: org.apache.velocity.runtime.directive.Literal
2011-06-23 02:34:05,322 - Loaded System Directive: org.apache.velocity.runtime.directive.Macro
2011-06-23 02:34:05,335 - Loaded System Directive: org.apache.velocity.runtime.directive.Parse
2011-06-23 02:34:05,341 - Loaded System Directive: org.apache.velocity.runtime.directive.Include
2011-06-23 02:34:05,345 - Loaded System Directive: org.apache.velocity.runtime.directive.Foreach
2011-06-23 02:34:05,428 - Created: 20 parsers.
2011-06-23 02:34:05,460 - Velocimacro : initialization starting.
2011-06-23 02:34:05,460 - Velocimacro : adding VMs from VM library template : VM_global_library.vm
2011-06-23 02:34:05,474 - ResourceManager : unable to find resource 'VM_global_library.vm' in any resource loader.
2011-06-23 02:34:05,474 - Velocimacro : error using  VM library template VM_global_library.vm : org.apache.velocity.exception.ResourceNotFoundException: Unable to find resource 'VM_global_library.vm'
2011-06-23 02:34:05,474 - Velocimacro :  VM library template macro registration complete.
2011-06-23 02:34:05,474 - Velocimacro : allowInline = true : VMs can be defined inline in templates
2011-06-23 02:34:05,474 - Velocimacro : allowInlineToOverride = false : VMs defined inline may NOT replace previous VM definitions
2011-06-23 02:34:05,474 - Velocimacro : allowInlineLocal = false : VMs defined inline will be  global in scope if allowed.
2011-06-23 02:34:05,474 - Velocimacro : messages on  : VM system will output logging messages
2011-06-23 02:34:05,474 - Velocimacro : autoload off  : VM system will not automatically reload global library macros
2011-06-23 02:34:05,474 - Velocimacro : initialization complete.
2011-06-23 02:34:05,474 - Velocity successfully started.
