2011-07-14 19:31:46,133 - ResourceCache : initialized. (class org.apache.velocity.runtime.resource.ResourceCacheImpl)
2011-07-14 19:31:46,133 - Default ResourceManager initialization complete.
2011-07-14 19:31:46,140 - Loaded System Directive: org.apache.velocity.runtime.directive.Literal
2011-07-14 19:31:46,146 - Loaded System Directive: org.apache.velocity.runtime.directive.Macro
2011-07-14 19:31:46,168 - Loaded System Directive: org.apache.velocity.runtime.directive.Parse
2011-07-14 19:31:46,180 - Loaded System Directive: org.apache.velocity.runtime.directive.Include
2011-07-14 19:31:46,184 - Loaded System Directive: org.apache.velocity.runtime.directive.Foreach
2011-07-14 19:31:46,306 - Created: 20 parsers.
2011-07-14 19:31:46,381 - Velocimacro : initialization starting.
2011-07-14 19:31:46,381 - Velocimacro : adding VMs from VM library template : VM_global_library.vm
2011-07-14 19:31:46,414 - ResourceManager : unable to find resource 'VM_global_library.vm' in any resource loader.
2011-07-14 19:31:46,414 - Velocimacro : error using  VM library template VM_global_library.vm : org.apache.velocity.exception.ResourceNotFoundException: Unable to find resource 'VM_global_library.vm'
2011-07-14 19:31:46,414 - Velocimacro :  VM library template macro registration complete.
2011-07-14 19:31:46,414 - Velocimacro : allowInline = true : VMs can be defined inline in templates
2011-07-14 19:31:46,414 - Velocimacro : allowInlineToOverride = false : VMs defined inline may NOT replace previous VM definitions
2011-07-14 19:31:46,414 - Velocimacro : allowInlineLocal = false : VMs defined inline will be  global in scope if allowed.
2011-07-14 19:31:46,414 - Velocimacro : messages on  : VM system will output logging messages
2011-07-14 19:31:46,414 - Velocimacro : autoload off  : VM system will not automatically reload global library macros
2011-07-14 19:31:46,414 - Velocimacro : initialization complete.
2011-07-14 19:31:46,414 - Velocity successfully started.
2011-07-14 19:33:25,554 - SimpleLog4JLogSystem initialized using logfile 'velocity.log'
2011-07-14 19:33:25,554 - ************************************************************** 
2011-07-14 19:33:25,554 - Starting Jakarta Velocity v1.4
2011-07-14 19:33:25,554 - RuntimeInstance initializing.
2011-07-14 19:33:25,554 - Default Properties File: org\apache\velocity\runtime\defaults\velocity.properties
2011-07-14 19:33:25,555 - Trying to use logger class org.apache.velocity.runtime.log.SimpleLog4JLogSystem
2011-07-14 19:33:25,555 - Using logger class org.apache.velocity.runtime.log.SimpleLog4JLogSystem
2011-07-14 19:33:25,564 - Default ResourceManager initializing. (class org.apache.velocity.runtime.resource.ResourceManagerImpl)
2011-07-14 19:33:25,576 - Resource Loader Instantiated: org.apache.velocity.runtime.resource.loader.ClasspathResourceLoader
2011-07-14 19:33:25,576 - ClasspathResourceLoader : initialization starting.
2011-07-14 19:33:25,576 - ClasspathResourceLoader : initialization complete.
2011-07-14 19:33:25,583 - ResourceCache : initialized. (class org.apache.velocity.runtime.resource.ResourceCacheImpl)
2011-07-14 19:33:25,583 - Default ResourceManager initialization complete.
2011-07-14 19:33:25,589 - Loaded System Directive: org.apache.velocity.runtime.directive.Literal
2011-07-14 19:33:25,595 - Loaded System Directive: org.apache.velocity.runtime.directive.Macro
2011-07-14 19:33:25,606 - Loaded System Directive: org.apache.velocity.runtime.directive.Parse
2011-07-14 19:33:25,613 - Loaded System Directive: org.apache.velocity.runtime.directive.Include
2011-07-14 19:33:25,616 - Loaded System Directive: org.apache.velocity.runtime.directive.Foreach
2011-07-14 19:33:25,705 - Created: 20 parsers.
2011-07-14 19:33:25,739 - Velocimacro : initialization starting.
2011-07-14 19:33:25,740 - Velocimacro : adding VMs from VM library template : VM_global_library.vm
2011-07-14 19:33:25,754 - ResourceManager : unable to find resource 'VM_global_library.vm' in any resource loader.
2011-07-14 19:33:25,754 - Velocimacro : error using  VM library template VM_global_library.vm : org.apache.velocity.exception.ResourceNotFoundException: Unable to find resource 'VM_global_library.vm'
2011-07-14 19:33:25,754 - Velocimacro :  VM library template macro registration complete.
2011-07-14 19:33:25,754 - Velocimacro : allowInline = true : VMs can be defined inline in templates
2011-07-14 19:33:25,754 - Velocimacro : allowInlineToOverride = false : VMs defined inline may NOT replace previous VM definitions
2011-07-14 19:33:25,754 - Velocimacro : allowInlineLocal = false : VMs defined inline will be  global in scope if allowed.
2011-07-14 19:33:25,754 - Velocimacro : messages on  : VM system will output logging messages
2011-07-14 19:33:25,754 - Velocimacro : autoload off  : VM system will not automatically reload global library macros
2011-07-14 19:33:25,754 - Velocimacro : initialization complete.
2011-07-14 19:33:25,754 - Velocity successfully started.
2011-07-14 20:17:17,342 - SimpleLog4JLogSystem initialized using logfile 'velocity.log'
2011-07-14 20:17:17,344 - ************************************************************** 
2011-07-14 20:17:17,344 - Starting Jakarta Velocity v1.4
2011-07-14 20:17:17,344 - RuntimeInstance initializing.
2011-07-14 20:17:17,344 - Default Properties File: org\apache\velocity\runtime\defaults\velocity.properties
2011-07-14 20:17:17,344 - Trying to use logger class org.apache.velocity.runtime.log.SimpleLog4JLogSystem
2011-07-14 20:17:17,344 - Using logger class org.apache.velocity.runtime.log.SimpleLog4JLogSystem
2011-07-14 20:17:17,373 - Default ResourceManager initializing. (class org.apache.velocity.runtime.resource.ResourceManagerImpl)
2011-07-14 20:17:17,405 - Resource Loader Instantiated: org.apache.velocity.runtime.resource.loader.ClasspathResourceLoader
2011-07-14 20:17:17,405 - ClasspathResourceLoader : initialization starting.
2011-07-14 20:17:17,405 - ClasspathResourceLoader : initialization complete.
2011-07-14 20:17:17,422 - ResourceCache : initialized. (class org.apache.velocity.runtime.resource.ResourceCacheImpl)
2011-07-14 20:17:17,422 - Default ResourceManager initialization complete.
2011-07-14 20:17:17,439 - Loaded System Directive: org.apache.velocity.runtime.directive.Literal
2011-07-14 20:17:17,456 - Loaded System Directive: org.apache.velocity.runtime.directive.Macro
2011-07-14 20:17:17,488 - Loaded System Directive: org.apache.velocity.runtime.directive.Parse
2011-07-14 20:17:17,505 - Loaded System Directive: org.apache.velocity.runtime.directive.Include
2011-07-14 20:17:17,515 - Loaded System Directive: org.apache.velocity.runtime.directive.Foreach
2011-07-14 20:17:17,740 - Created: 20 parsers.
2011-07-14 20:17:17,829 - Velocimacro : initialization starting.
2011-07-14 20:17:17,829 - Velocimacro : adding VMs from VM library template : VM_global_library.vm
2011-07-14 20:17:17,867 - ResourceManager : unable to find resource 'VM_global_library.vm' in any resource loader.
2011-07-14 20:17:17,868 - Velocimacro : error using  VM library template VM_global_library.vm : org.apache.velocity.exception.ResourceNotFoundException: Unable to find resource 'VM_global_library.vm'
2011-07-14 20:17:17,868 - Velocimacro :  VM library template macro registration complete.
2011-07-14 20:17:17,868 - Velocimacro : allowInline = true : VMs can be defined inline in templates
2011-07-14 20:17:17,868 - Velocimacro : allowInlineToOverride = false : VMs defined inline may NOT replace previous VM definitions
2011-07-14 20:17:17,868 - Velocimacro : allowInlineLocal = false : VMs defined inline will be  global in scope if allowed.
2011-07-14 20:17:17,869 - Velocimacro : messages on  : VM system will output logging messages
2011-07-14 20:17:17,869 - Velocimacro : autoload off  : VM system will not automatically reload global library macros
2011-07-14 20:17:17,869 - Velocimacro : initialization complete.
2011-07-14 20:17:17,869 - Velocity successfully started.
2011-07-14 20:35:35,875 - SimpleLog4JLogSystem initialized using logfile 'velocity.log'
2011-07-14 20:35:35,876 - ************************************************************** 
2011-07-14 20:35:35,877 - Starting Jakarta Velocity v1.4
2011-07-14 20:35:35,877 - RuntimeInstance initializing.
2011-07-14 20:35:35,877 - Default Properties File: org\apache\velocity\runtime\defaults\velocity.properties
2011-07-14 20:35:35,877 - Trying to use logger class org.apache.velocity.runtime.log.SimpleLog4JLogSystem
2011-07-14 20:35:35,877 - Using logger class org.apache.velocity.runtime.log.SimpleLog4JLogSystem
2011-07-14 20:35:35,907 - Default ResourceManager initializing. (class org.apache.velocity.runtime.resource.ResourceManagerImpl)
2011-07-14 20:35:35,939 - Resource Loader Instantiated: org.apache.velocity.runtime.resource.loader.ClasspathResourceLoader
2011-07-14 20:35:35,940 - ClasspathResourceLoader : initialization starting.
2011-07-14 20:35:35,940 - ClasspathResourceLoader : initialization complete.
2011-07-14 20:35:35,956 - ResourceCache : initialized. (class org.apache.velocity.runtime.resource.ResourceCacheImpl)
2011-07-14 20:35:35,957 - Default ResourceManager initialization complete.
2011-07-14 20:35:35,974 - Loaded System Directive: org.apache.velocity.runtime.directive.Literal
2011-07-14 20:35:35,996 - Loaded System Directive: org.apache.velocity.runtime.directive.Macro
2011-07-14 20:35:36,022 - Loaded System Directive: org.apache.velocity.runtime.directive.Parse
2011-07-14 20:35:36,040 - Loaded System Directive: org.apache.velocity.runtime.directive.Include
2011-07-14 20:35:36,050 - Loaded System Directive: org.apache.velocity.runtime.directive.Foreach
2011-07-14 20:35:36,269 - Created: 20 parsers.
2011-07-14 20:35:36,361 - Velocimacro : initialization starting.
2011-07-14 20:35:36,362 - Velocimacro : adding VMs from VM library template : VM_global_library.vm
2011-07-14 20:35:36,400 - ResourceManager : unable to find resource 'VM_global_library.vm' in any resource loader.
2011-07-14 20:35:36,401 - Velocimacro : error using  VM library template VM_global_library.vm : org.apache.velocity.exception.ResourceNotFoundException: Unable to find resource 'VM_global_library.vm'
2011-07-14 20:35:36,401 - Velocimacro :  VM library template macro registration complete.
2011-07-14 20:35:36,401 - Velocimacro : allowInline = true : VMs can be defined inline in templates
2011-07-14 20:35:36,401 - Velocimacro : allowInlineToOverride = false : VMs defined inline may NOT replace previous VM definitions
2011-07-14 20:35:36,401 - Velocimacro : allowInlineLocal = false : VMs defined inline will be  global in scope if allowed.
2011-07-14 20:35:36,401 - Velocimacro : messages on  : VM system will output logging messages
2011-07-14 20:35:36,401 - Velocimacro : autoload off  : VM system will not automatically reload global library macros
2011-07-14 20:35:36,402 - Velocimacro : initialization complete.
2011-07-14 20:35:36,402 - Velocity successfully started.
2011-07-14 20:40:41,294 - ResourceManager : found repast/simphony/scenario/Scenario.vt with loader org.apache.velocity.runtime.resource.loader.ClasspathResourceLoader
2011-07-14 20:40:41,524 - ResourceManager : found repast/simphony/parameter/parameters.vt with loader org.apache.velocity.runtime.resource.loader.ClasspathResourceLoader
2011-07-14 20:42:25,360 - ResourceManager : found repast/simphony/scenario/Scenario.vt with loader org.apache.velocity.runtime.resource.loader.ClasspathResourceLoader
2011-07-14 20:42:25,390 - ResourceManager : found repast/simphony/parameter/parameters.vt with loader org.apache.velocity.runtime.resource.loader.ClasspathResourceLoader
2011-07-14 20:45:28,845 - SimpleLog4JLogSystem initialized using logfile 'velocity.log'
2011-07-14 20:45:28,847 - ************************************************************** 
2011-07-14 20:45:28,847 - Starting Jakarta Velocity v1.4
2011-07-14 20:45:28,847 - RuntimeInstance initializing.
2011-07-14 20:45:28,848 - Default Properties File: org\apache\velocity\runtime\defaults\velocity.properties
2011-07-14 20:45:28,848 - Trying to use logger class org.apache.velocity.runtime.log.SimpleLog4JLogSystem
2011-07-14 20:45:28,848 - Using logger class org.apache.velocity.runtime.log.SimpleLog4JLogSystem
2011-07-14 20:45:28,876 - Default ResourceManager initializing. (class org.apache.velocity.runtime.resource.ResourceManagerImpl)
2011-07-14 20:45:28,909 - Resource Loader Instantiated: org.apache.velocity.runtime.resource.loader.ClasspathResourceLoader
2011-07-14 20:45:28,910 - ClasspathResourceLoader : initialization starting.
2011-07-14 20:45:28,910 - ClasspathResourceLoader : initialization complete.
2011-07-14 20:45:28,928 - ResourceCache : initialized. (class org.apache.velocity.runtime.resource.ResourceCacheImpl)
2011-07-14 20:45:28,929 - Default ResourceManager initialization complete.
2011-07-14 20:45:28,950 - Loaded System Directive: org.apache.velocity.runtime.directive.Literal
2011-07-14 20:45:28,971 - Loaded System Directive: org.apache.velocity.runtime.directive.Macro
2011-07-14 20:45:29,008 - Loaded System Directive: org.apache.velocity.runtime.directive.Parse
2011-07-14 20:45:29,029 - Loaded System Directive: org.apache.velocity.runtime.directive.Include
2011-07-14 20:45:29,039 - Loaded System Directive: org.apache.velocity.runtime.directive.Foreach
2011-07-14 20:45:29,275 - Created: 20 parsers.
2011-07-14 20:45:29,366 - Velocimacro : initialization starting.
2011-07-14 20:45:29,366 - Velocimacro : adding VMs from VM library template : VM_global_library.vm
2011-07-14 20:45:29,411 - ResourceManager : unable to find resource 'VM_global_library.vm' in any resource loader.
2011-07-14 20:45:29,411 - Velocimacro : error using  VM library template VM_global_library.vm : org.apache.velocity.exception.ResourceNotFoundException: Unable to find resource 'VM_global_library.vm'
2011-07-14 20:45:29,411 - Velocimacro :  VM library template macro registration complete.
2011-07-14 20:45:29,411 - Velocimacro : allowInline = true : VMs can be defined inline in templates
2011-07-14 20:45:29,412 - Velocimacro : allowInlineToOverride = false : VMs defined inline may NOT replace previous VM definitions
2011-07-14 20:45:29,412 - Velocimacro : allowInlineLocal = false : VMs defined inline will be  global in scope if allowed.
2011-07-14 20:45:29,412 - Velocimacro : messages on  : VM system will output logging messages
2011-07-14 20:45:29,412 - Velocimacro : autoload off  : VM system will not automatically reload global library macros
2011-07-14 20:45:29,412 - Velocimacro : initialization complete.
2011-07-14 20:45:29,412 - Velocity successfully started.
2011-07-14 20:47:43,580 - SimpleLog4JLogSystem initialized using logfile 'velocity.log'
2011-07-14 20:47:43,582 - ************************************************************** 
2011-07-14 20:47:43,583 - Starting Jakarta Velocity v1.4
2011-07-14 20:47:43,583 - RuntimeInstance initializing.
2011-07-14 20:47:43,583 - Default Properties File: org\apache\velocity\runtime\defaults\velocity.properties
2011-07-14 20:47:43,583 - Trying to use logger class org.apache.velocity.runtime.log.SimpleLog4JLogSystem
2011-07-14 20:47:43,583 - Using logger class org.apache.velocity.runtime.log.SimpleLog4JLogSystem
2011-07-14 20:47:43,625 - Default ResourceManager initializing. (class org.apache.velocity.runtime.resource.ResourceManagerImpl)
2011-07-14 20:47:43,673 - Resource Loader Instantiated: org.apache.velocity.runtime.resource.loader.ClasspathResourceLoader
2011-07-14 20:47:43,674 - ClasspathResourceLoader : initialization starting.
2011-07-14 20:47:43,674 - ClasspathResourceLoader : initialization complete.
2011-07-14 20:47:43,693 - ResourceCache : initialized. (class org.apache.velocity.runtime.resource.ResourceCacheImpl)
2011-07-14 20:47:43,693 - Default ResourceManager initialization complete.
2011-07-14 20:47:43,711 - Loaded System Directive: org.apache.velocity.runtime.directive.Literal
2011-07-14 20:47:43,734 - Loaded System Directive: org.apache.velocity.runtime.directive.Macro
2011-07-14 20:47:43,760 - Loaded System Directive: org.apache.velocity.runtime.directive.Parse
2011-07-14 20:47:43,778 - Loaded System Directive: org.apache.velocity.runtime.directive.Include
2011-07-14 20:47:43,815 - Loaded System Directive: org.apache.velocity.runtime.directive.Foreach
2011-07-14 20:47:44,132 - Created: 20 parsers.
2011-07-14 20:47:44,228 - Velocimacro : initialization starting.
2011-07-14 20:47:44,228 - Velocimacro : adding VMs from VM library template : VM_global_library.vm
2011-07-14 20:47:44,268 - ResourceManager : unable to find resource 'VM_global_library.vm' in any resource loader.
2011-07-14 20:47:44,268 - Velocimacro : error using  VM library template VM_global_library.vm : org.apache.velocity.exception.ResourceNotFoundException: Unable to find resource 'VM_global_library.vm'
2011-07-14 20:47:44,268 - Velocimacro :  VM library template macro registration complete.
2011-07-14 20:47:44,268 - Velocimacro : allowInline = true : VMs can be defined inline in templates
2011-07-14 20:47:44,269 - Velocimacro : allowInlineToOverride = false : VMs defined inline may NOT replace previous VM definitions
2011-07-14 20:47:44,269 - Velocimacro : allowInlineLocal = false : VMs defined inline will be  global in scope if allowed.
2011-07-14 20:47:44,269 - Velocimacro : messages on  : VM system will output logging messages
2011-07-14 20:47:44,269 - Velocimacro : autoload off  : VM system will not automatically reload global library macros
2011-07-14 20:47:44,269 - Velocimacro : initialization complete.
2011-07-14 20:47:44,269 - Velocity successfully started.
2011-07-14 20:50:07,511 - ResourceManager : found repast/simphony/scenario/Scenario.vt with loader org.apache.velocity.runtime.resource.loader.ClasspathResourceLoader
2011-07-14 20:50:07,692 - ResourceManager : found repast/simphony/parameter/parameters.vt with loader org.apache.velocity.runtime.resource.loader.ClasspathResourceLoader
2011-08-12 23:17:38,743 - SimpleLog4JLogSystem initialized using logfile 'velocity.log'
2011-08-12 23:17:38,763 - ************************************************************** 
2011-08-12 23:17:38,763 - Starting Jakarta Velocity v1.4
2011-08-12 23:17:38,763 - RuntimeInstance initializing.
2011-08-12 23:17:38,763 - Default Properties File: org\apache\velocity\runtime\defaults\velocity.properties
2011-08-12 23:17:38,763 - Trying to use logger class org.apache.velocity.runtime.log.SimpleLog4JLogSystem
2011-08-12 23:17:38,763 - Using logger class org.apache.velocity.runtime.log.SimpleLog4JLogSystem
2011-08-12 23:17:38,783 - Default ResourceManager initializing. (class org.apache.velocity.runtime.resource.ResourceManagerImpl)
2011-08-12 23:17:38,793 - Resource Loader Instantiated: org.apache.velocity.runtime.resource.loader.ClasspathResourceLoader
2011-08-12 23:17:38,793 - ClasspathResourceLoader : initialization starting.
2011-08-12 23:17:38,793 - ClasspathResourceLoader : initialization complete.
2011-08-12 23:17:38,803 - ResourceCache : initialized. (class org.apache.velocity.runtime.resource.ResourceCacheImpl)
2011-08-12 23:17:38,803 - Default ResourceManager initialization complete.
2011-08-12 23:17:38,803 - Loaded System Directive: org.apache.velocity.runtime.directive.Literal
2011-08-12 23:17:38,813 - Loaded System Directive: org.apache.velocity.runtime.directive.Macro
2011-08-12 23:17:38,823 - Loaded System Directive: org.apache.velocity.runtime.directive.Parse
2011-08-12 23:17:38,833 - Loaded System Directive: org.apache.velocity.runtime.directive.Include
2011-08-12 23:17:38,833 - Loaded System Directive: org.apache.velocity.runtime.directive.Foreach
2011-08-12 23:17:38,913 - Created: 20 parsers.
2011-08-12 23:17:38,943 - Velocimacro : initialization starting.
2011-08-12 23:17:38,943 - Velocimacro : adding VMs from VM library template : VM_global_library.vm
2011-08-12 23:17:38,963 - ResourceManager : unable to find resource 'VM_global_library.vm' in any resource loader.
2011-08-12 23:17:38,963 - Velocimacro : error using  VM library template VM_global_library.vm : org.apache.velocity.exception.ResourceNotFoundException: Unable to find resource 'VM_global_library.vm'
2011-08-12 23:17:38,963 - Velocimacro :  VM library template macro registration complete.
2011-08-12 23:17:38,963 - Velocimacro : allowInline = true : VMs can be defined inline in templates
2011-08-12 23:17:38,963 - Velocimacro : allowInlineToOverride = false : VMs defined inline may NOT replace previous VM definitions
2011-08-12 23:17:38,963 - Velocimacro : allowInlineLocal = false : VMs defined inline will be  global in scope if allowed.
2011-08-12 23:17:38,963 - Velocimacro : messages on  : VM system will output logging messages
2011-08-12 23:17:38,963 - Velocimacro : autoload off  : VM system will not automatically reload global library macros
2011-08-12 23:17:38,963 - Velocimacro : initialization complete.
2011-08-12 23:17:38,963 - Velocity successfully started.
2011-08-17 01:13:00,354 - SimpleLog4JLogSystem initialized using logfile 'velocity.log'
2011-08-17 01:13:00,394 - ************************************************************** 
2011-08-17 01:13:00,394 - Starting Jakarta Velocity v1.4
2011-08-17 01:13:00,394 - RuntimeInstance initializing.
2011-08-17 01:13:00,394 - Default Properties File: org\apache\velocity\runtime\defaults\velocity.properties
2011-08-17 01:13:00,394 - Trying to use logger class org.apache.velocity.runtime.log.SimpleLog4JLogSystem
2011-08-17 01:13:00,394 - Using logger class org.apache.velocity.runtime.log.SimpleLog4JLogSystem
2011-08-17 01:13:00,404 - Default ResourceManager initializing. (class org.apache.velocity.runtime.resource.ResourceManagerImpl)
2011-08-17 01:13:00,414 - Resource Loader Instantiated: org.apache.velocity.runtime.resource.loader.ClasspathResourceLoader
2011-08-17 01:13:00,414 - ClasspathResourceLoader : initialization starting.
2011-08-17 01:13:00,414 - ClasspathResourceLoader : initialization complete.
2011-08-17 01:13:00,474 - ResourceCache : initialized. (class org.apache.velocity.runtime.resource.ResourceCacheImpl)
2011-08-17 01:13:00,474 - Default ResourceManager initialization complete.
2011-08-17 01:13:00,484 - Loaded System Directive: org.apache.velocity.runtime.directive.Literal
2011-08-17 01:13:00,484 - Loaded System Directive: org.apache.velocity.runtime.directive.Macro
2011-08-17 01:13:00,504 - Loaded System Directive: org.apache.velocity.runtime.directive.Parse
2011-08-17 01:13:00,504 - Loaded System Directive: org.apache.velocity.runtime.directive.Include
2011-08-17 01:13:00,514 - Loaded System Directive: org.apache.velocity.runtime.directive.Foreach
2011-08-17 01:13:00,654 - Created: 20 parsers.
2011-08-17 01:13:00,694 - Velocimacro : initialization starting.
2011-08-17 01:13:00,694 - Velocimacro : adding VMs from VM library template : VM_global_library.vm
2011-08-17 01:13:00,704 - ResourceManager : unable to find resource 'VM_global_library.vm' in any resource loader.
2011-08-17 01:13:00,704 - Velocimacro : error using  VM library template VM_global_library.vm : org.apache.velocity.exception.ResourceNotFoundException: Unable to find resource 'VM_global_library.vm'
2011-08-17 01:13:00,704 - Velocimacro :  VM library template macro registration complete.
2011-08-17 01:13:00,704 - Velocimacro : allowInline = true : VMs can be defined inline in templates
2011-08-17 01:13:00,704 - Velocimacro : allowInlineToOverride = false : VMs defined inline may NOT replace previous VM definitions
2011-08-17 01:13:00,704 - Velocimacro : allowInlineLocal = false : VMs defined inline will be  global in scope if allowed.
2011-08-17 01:13:00,704 - Velocimacro : messages on  : VM system will output logging messages
2011-08-17 01:13:00,704 - Velocimacro : autoload off  : VM system will not automatically reload global library macros
2011-08-17 01:13:00,704 - Velocimacro : initialization complete.
2011-08-17 01:13:00,704 - Velocity successfully started.
2011-08-17 01:19:50,236 - SimpleLog4JLogSystem initialized using logfile 'velocity.log'
2011-08-17 01:19:50,236 - ************************************************************** 
2011-08-17 01:19:50,236 - Starting Jakarta Velocity v1.4
2011-08-17 01:19:50,236 - RuntimeInstance initializing.
2011-08-17 01:19:50,236 - Default Properties File: org\apache\velocity\runtime\defaults\velocity.properties
2011-08-17 01:19:50,236 - Trying to use logger class org.apache.velocity.runtime.log.SimpleLog4JLogSystem
2011-08-17 01:19:50,236 - Using logger class org.apache.velocity.runtime.log.SimpleLog4JLogSystem
2011-08-17 01:19:50,246 - Default ResourceManager initializing. (class org.apache.velocity.runtime.resource.ResourceManagerImpl)
2011-08-17 01:19:50,256 - Resource Loader Instantiated: org.apache.velocity.runtime.resource.loader.ClasspathResourceLoader
2011-08-17 01:19:50,256 - ClasspathResourceLoader : initialization starting.
2011-08-17 01:19:50,256 - ClasspathResourceLoader : initialization complete.
2011-08-17 01:19:50,266 - ResourceCache : initialized. (class org.apache.velocity.runtime.resource.ResourceCacheImpl)
2011-08-17 01:19:50,266 - Default ResourceManager initialization complete.
2011-08-17 01:19:50,266 - Loaded System Directive: org.apache.velocity.runtime.directive.Literal
2011-08-17 01:19:50,276 - Loaded System Directive: org.apache.velocity.runtime.directive.Macro
2011-08-17 01:19:50,286 - Loaded System Directive: org.apache.velocity.runtime.directive.Parse
2011-08-17 01:19:50,286 - Loaded System Directive: org.apache.velocity.runtime.directive.Include
2011-08-17 01:19:50,296 - Loaded System Directive: org.apache.velocity.runtime.directive.Foreach
2011-08-17 01:19:50,366 - Created: 20 parsers.
2011-08-17 01:19:50,396 - Velocimacro : initialization starting.
2011-08-17 01:19:50,396 - Velocimacro : adding VMs from VM library template : VM_global_library.vm
2011-08-17 01:19:50,406 - ResourceManager : unable to find resource 'VM_global_library.vm' in any resource loader.
2011-08-17 01:19:50,406 - Velocimacro : error using  VM library template VM_global_library.vm : org.apache.velocity.exception.ResourceNotFoundException: Unable to find resource 'VM_global_library.vm'
2011-08-17 01:19:50,406 - Velocimacro :  VM library template macro registration complete.
2011-08-17 01:19:50,406 - Velocimacro : allowInline = true : VMs can be defined inline in templates
2011-08-17 01:19:50,406 - Velocimacro : allowInlineToOverride = false : VMs defined inline may NOT replace previous VM definitions
2011-08-17 01:19:50,406 - Velocimacro : allowInlineLocal = false : VMs defined inline will be  global in scope if allowed.
2011-08-17 01:19:50,406 - Velocimacro : messages on  : VM system will output logging messages
2011-08-17 01:19:50,406 - Velocimacro : autoload off  : VM system will not automatically reload global library macros
2011-08-17 01:19:50,406 - Velocimacro : initialization complete.
2011-08-17 01:19:50,406 - Velocity successfully started.
2011-08-17 01:21:59,492 - SimpleLog4JLogSystem initialized using logfile 'velocity.log'
2011-08-17 01:21:59,492 - ************************************************************** 
2011-08-17 01:21:59,492 - Starting Jakarta Velocity v1.4
2011-08-17 01:21:59,492 - RuntimeInstance initializing.
2011-08-17 01:21:59,492 - Default Properties File: org\apache\velocity\runtime\defaults\velocity.properties
2011-08-17 01:21:59,492 - Trying to use logger class org.apache.velocity.runtime.log.SimpleLog4JLogSystem
2011-08-17 01:21:59,492 - Using logger class org.apache.velocity.runtime.log.SimpleLog4JLogSystem
2011-08-17 01:21:59,502 - Default ResourceManager initializing. (class org.apache.velocity.runtime.resource.ResourceManagerImpl)
2011-08-17 01:21:59,512 - Resource Loader Instantiated: org.apache.velocity.runtime.resource.loader.ClasspathResourceLoader
2011-08-17 01:21:59,512 - ClasspathResourceLoader : initialization starting.
2011-08-17 01:21:59,512 - ClasspathResourceLoader : initialization complete.
2011-08-17 01:21:59,512 - ResourceCache : initialized. (class org.apache.velocity.runtime.resource.ResourceCacheImpl)
2011-08-17 01:21:59,512 - Default ResourceManager initialization complete.
2011-08-17 01:21:59,522 - Loaded System Directive: org.apache.velocity.runtime.directive.Literal
2011-08-17 01:21:59,522 - Loaded System Directive: org.apache.velocity.runtime.directive.Macro
2011-08-17 01:21:59,532 - Loaded System Directive: org.apache.velocity.runtime.directive.Parse
2011-08-17 01:21:59,542 - Loaded System Directive: org.apache.velocity.runtime.directive.Include
2011-08-17 01:21:59,542 - Loaded System Directive: org.apache.velocity.runtime.directive.Foreach
2011-08-17 01:21:59,622 - Created: 20 parsers.
2011-08-17 01:21:59,652 - Velocimacro : initialization starting.
2011-08-17 01:21:59,652 - Velocimacro : adding VMs from VM library template : VM_global_library.vm
2011-08-17 01:21:59,662 - ResourceManager : unable to find resource 'VM_global_library.vm' in any resource loader.
2011-08-17 01:21:59,662 - Velocimacro : error using  VM library template VM_global_library.vm : org.apache.velocity.exception.ResourceNotFoundException: Unable to find resource 'VM_global_library.vm'
2011-08-17 01:21:59,662 - Velocimacro :  VM library template macro registration complete.
2011-08-17 01:21:59,662 - Velocimacro : allowInline = true : VMs can be defined inline in templates
2011-08-17 01:21:59,662 - Velocimacro : allowInlineToOverride = false : VMs defined inline may NOT replace previous VM definitions
2011-08-17 01:21:59,662 - Velocimacro : allowInlineLocal = false : VMs defined inline will be  global in scope if allowed.
2011-08-17 01:21:59,662 - Velocimacro : messages on  : VM system will output logging messages
2011-08-17 01:21:59,662 - Velocimacro : autoload off  : VM system will not automatically reload global library macros
2011-08-17 01:21:59,662 - Velocimacro : initialization complete.
2011-08-17 01:21:59,662 - Velocity successfully started.
2011-08-17 01:26:54,186 - SimpleLog4JLogSystem initialized using logfile 'velocity.log'
2011-08-17 01:26:54,186 - ************************************************************** 
2011-08-17 01:26:54,186 - Starting Jakarta Velocity v1.4
2011-08-17 01:26:54,186 - RuntimeInstance initializing.
2011-08-17 01:26:54,186 - Default Properties File: org\apache\velocity\runtime\defaults\velocity.properties
2011-08-17 01:26:54,186 - Trying to use logger class org.apache.velocity.runtime.log.SimpleLog4JLogSystem
2011-08-17 01:26:54,186 - Using logger class org.apache.velocity.runtime.log.SimpleLog4JLogSystem
2011-08-17 01:26:54,196 - Default ResourceManager initializing. (class org.apache.velocity.runtime.resource.ResourceManagerImpl)
2011-08-17 01:26:54,206 - Resource Loader Instantiated: org.apache.velocity.runtime.resource.loader.ClasspathResourceLoader
2011-08-17 01:26:54,206 - ClasspathResourceLoader : initialization starting.
2011-08-17 01:26:54,206 - ClasspathResourceLoader : initialization complete.
2011-08-17 01:26:54,206 - ResourceCache : initialized. (class org.apache.velocity.runtime.resource.ResourceCacheImpl)
2011-08-17 01:26:54,206 - Default ResourceManager initialization complete.
2011-08-17 01:26:54,216 - Loaded System Directive: org.apache.velocity.runtime.directive.Literal
2011-08-17 01:26:54,226 - Loaded System Directive: org.apache.velocity.runtime.directive.Macro
2011-08-17 01:26:54,236 - Loaded System Directive: org.apache.velocity.runtime.directive.Parse
2011-08-17 01:26:54,236 - Loaded System Directive: org.apache.velocity.runtime.directive.Include
2011-08-17 01:26:54,246 - Loaded System Directive: org.apache.velocity.runtime.directive.Foreach
2011-08-17 01:26:54,316 - Created: 20 parsers.
2011-08-17 01:26:54,346 - Velocimacro : initialization starting.
2011-08-17 01:26:54,346 - Velocimacro : adding VMs from VM library template : VM_global_library.vm
2011-08-17 01:26:54,356 - ResourceManager : unable to find resource 'VM_global_library.vm' in any resource loader.
2011-08-17 01:26:54,356 - Velocimacro : error using  VM library template VM_global_library.vm : org.apache.velocity.exception.ResourceNotFoundException: Unable to find resource 'VM_global_library.vm'
2011-08-17 01:26:54,356 - Velocimacro :  VM library template macro registration complete.
2011-08-17 01:26:54,356 - Velocimacro : allowInline = true : VMs can be defined inline in templates
2011-08-17 01:26:54,356 - Velocimacro : allowInlineToOverride = false : VMs defined inline may NOT replace previous VM definitions
2011-08-17 01:26:54,356 - Velocimacro : allowInlineLocal = false : VMs defined inline will be  global in scope if allowed.
2011-08-17 01:26:54,356 - Velocimacro : messages on  : VM system will output logging messages
2011-08-17 01:26:54,356 - Velocimacro : autoload off  : VM system will not automatically reload global library macros
2011-08-17 01:26:54,356 - Velocimacro : initialization complete.
2011-08-17 01:26:54,356 - Velocity successfully started.
2011-08-17 01:28:53,948 - SimpleLog4JLogSystem initialized using logfile 'velocity.log'
2011-08-17 01:28:53,948 - ************************************************************** 
2011-08-17 01:28:53,948 - Starting Jakarta Velocity v1.4
2011-08-17 01:28:53,948 - RuntimeInstance initializing.
2011-08-17 01:28:53,948 - Default Properties File: org\apache\velocity\runtime\defaults\velocity.properties
2011-08-17 01:28:53,948 - Trying to use logger class org.apache.velocity.runtime.log.SimpleLog4JLogSystem
2011-08-17 01:28:53,948 - Using logger class org.apache.velocity.runtime.log.SimpleLog4JLogSystem
2011-08-17 01:28:53,958 - Default ResourceManager initializing. (class org.apache.velocity.runtime.resource.ResourceManagerImpl)
2011-08-17 01:28:53,978 - Resource Loader Instantiated: org.apache.velocity.runtime.resource.loader.ClasspathResourceLoader
2011-08-17 01:28:53,978 - ClasspathResourceLoader : initialization starting.
2011-08-17 01:28:53,978 - ClasspathResourceLoader : initialization complete.
2011-08-17 01:28:53,978 - ResourceCache : initialized. (class org.apache.velocity.runtime.resource.ResourceCacheImpl)
2011-08-17 01:28:53,978 - Default ResourceManager initialization complete.
2011-08-17 01:28:53,988 - Loaded System Directive: org.apache.velocity.runtime.directive.Literal
2011-08-17 01:28:53,988 - Loaded System Directive: org.apache.velocity.runtime.directive.Macro
2011-08-17 01:28:53,998 - Loaded System Directive: org.apache.velocity.runtime.directive.Parse
2011-08-17 01:28:54,008 - Loaded System Directive: org.apache.velocity.runtime.directive.Include
2011-08-17 01:28:54,008 - Loaded System Directive: org.apache.velocity.runtime.directive.Foreach
2011-08-17 01:28:54,088 - Created: 20 parsers.
2011-08-17 01:28:54,118 - Velocimacro : initialization starting.
2011-08-17 01:28:54,118 - Velocimacro : adding VMs from VM library template : VM_global_library.vm
2011-08-17 01:28:54,128 - ResourceManager : unable to find resource 'VM_global_library.vm' in any resource loader.
2011-08-17 01:28:54,128 - Velocimacro : error using  VM library template VM_global_library.vm : org.apache.velocity.exception.ResourceNotFoundException: Unable to find resource 'VM_global_library.vm'
2011-08-17 01:28:54,128 - Velocimacro :  VM library template macro registration complete.
2011-08-17 01:28:54,128 - Velocimacro : allowInline = true : VMs can be defined inline in templates
2011-08-17 01:28:54,128 - Velocimacro : allowInlineToOverride = false : VMs defined inline may NOT replace previous VM definitions
2011-08-17 01:28:54,128 - Velocimacro : allowInlineLocal = false : VMs defined inline will be  global in scope if allowed.
2011-08-17 01:28:54,128 - Velocimacro : messages on  : VM system will output logging messages
2011-08-17 01:28:54,128 - Velocimacro : autoload off  : VM system will not automatically reload global library macros
2011-08-17 01:28:54,128 - Velocimacro : initialization complete.
2011-08-17 01:28:54,128 - Velocity successfully started.
2011-08-18 02:00:11,597 - SimpleLog4JLogSystem initialized using logfile 'velocity.log'
2011-08-18 02:00:11,617 - ************************************************************** 
2011-08-18 02:00:11,617 - Starting Jakarta Velocity v1.4
2011-08-18 02:00:11,617 - RuntimeInstance initializing.
2011-08-18 02:00:11,617 - Default Properties File: org\apache\velocity\runtime\defaults\velocity.properties
2011-08-18 02:00:11,617 - Trying to use logger class org.apache.velocity.runtime.log.SimpleLog4JLogSystem
2011-08-18 02:00:11,617 - Using logger class org.apache.velocity.runtime.log.SimpleLog4JLogSystem
2011-08-18 02:00:11,637 - Default ResourceManager initializing. (class org.apache.velocity.runtime.resource.ResourceManagerImpl)
2011-08-18 02:00:11,647 - Resource Loader Instantiated: org.apache.velocity.runtime.resource.loader.ClasspathResourceLoader
2011-08-18 02:00:11,647 - ClasspathResourceLoader : initialization starting.
2011-08-18 02:00:11,647 - ClasspathResourceLoader : initialization complete.
2011-08-18 02:00:11,657 - ResourceCache : initialized. (class org.apache.velocity.runtime.resource.ResourceCacheImpl)
2011-08-18 02:00:11,657 - Default ResourceManager initialization complete.
2011-08-18 02:00:11,657 - Loaded System Directive: org.apache.velocity.runtime.directive.Literal
2011-08-18 02:00:11,667 - Loaded System Directive: org.apache.velocity.runtime.directive.Macro
2011-08-18 02:00:11,677 - Loaded System Directive: org.apache.velocity.runtime.directive.Parse
2011-08-18 02:00:11,687 - Loaded System Directive: org.apache.velocity.runtime.directive.Include
2011-08-18 02:00:11,687 - Loaded System Directive: org.apache.velocity.runtime.directive.Foreach
2011-08-18 02:00:11,757 - Created: 20 parsers.
2011-08-18 02:00:11,797 - Velocimacro : initialization starting.
2011-08-18 02:00:11,797 - Velocimacro : adding VMs from VM library template : VM_global_library.vm
2011-08-18 02:00:11,807 - ResourceManager : unable to find resource 'VM_global_library.vm' in any resource loader.
2011-08-18 02:00:11,807 - Velocimacro : error using  VM library template VM_global_library.vm : org.apache.velocity.exception.ResourceNotFoundException: Unable to find resource 'VM_global_library.vm'
2011-08-18 02:00:11,807 - Velocimacro :  VM library template macro registration complete.
2011-08-18 02:00:11,807 - Velocimacro : allowInline = true : VMs can be defined inline in templates
2011-08-18 02:00:11,807 - Velocimacro : allowInlineToOverride = false : VMs defined inline may NOT replace previous VM definitions
2011-08-18 02:00:11,807 - Velocimacro : allowInlineLocal = false : VMs defined inline will be  global in scope if allowed.
2011-08-18 02:00:11,807 - Velocimacro : messages on  : VM system will output logging messages
2011-08-18 02:00:11,807 - Velocimacro : autoload off  : VM system will not automatically reload global library macros
2011-08-18 02:00:11,807 - Velocimacro : initialization complete.
2011-08-18 02:00:11,807 - Velocity successfully started.
2011-08-18 02:00:31,899 - SimpleLog4JLogSystem initialized using logfile 'velocity.log'
2011-08-18 02:00:31,899 - ************************************************************** 
2011-08-18 02:00:31,899 - Starting Jakarta Velocity v1.4
2011-08-18 02:00:31,899 - RuntimeInstance initializing.
2011-08-18 02:00:31,899 - Default Properties File: org\apache\velocity\runtime\defaults\velocity.properties
2011-08-18 02:00:31,899 - Trying to use logger class org.apache.velocity.runtime.log.SimpleLog4JLogSystem
2011-08-18 02:00:31,899 - Using logger class org.apache.velocity.runtime.log.SimpleLog4JLogSystem
2011-08-18 02:00:31,909 - Default ResourceManager initializing. (class org.apache.velocity.runtime.resource.ResourceManagerImpl)
2011-08-18 02:00:31,919 - Resource Loader Instantiated: org.apache.velocity.runtime.resource.loader.ClasspathResourceLoader
2011-08-18 02:00:31,919 - ClasspathResourceLoader : initialization starting.
2011-08-18 02:00:31,919 - ClasspathResourceLoader : initialization complete.
2011-08-18 02:00:31,919 - ResourceCache : initialized. (class org.apache.velocity.runtime.resource.ResourceCacheImpl)
2011-08-18 02:00:31,919 - Default ResourceManager initialization complete.
2011-08-18 02:00:31,929 - Loaded System Directive: org.apache.velocity.runtime.directive.Literal
2011-08-18 02:00:31,929 - Loaded System Directive: org.apache.velocity.runtime.directive.Macro
2011-08-18 02:00:31,949 - Loaded System Directive: org.apache.velocity.runtime.directive.Parse
2011-08-18 02:00:31,949 - Loaded System Directive: org.apache.velocity.runtime.directive.Include
2011-08-18 02:00:31,949 - Loaded System Directive: org.apache.velocity.runtime.directive.Foreach
2011-08-18 02:00:32,029 - Created: 20 parsers.
2011-08-18 02:00:32,059 - Velocimacro : initialization starting.
2011-08-18 02:00:32,059 - Velocimacro : adding VMs from VM library template : VM_global_library.vm
2011-08-18 02:00:32,069 - ResourceManager : unable to find resource 'VM_global_library.vm' in any resource loader.
2011-08-18 02:00:32,069 - Velocimacro : error using  VM library template VM_global_library.vm : org.apache.velocity.exception.ResourceNotFoundException: Unable to find resource 'VM_global_library.vm'
2011-08-18 02:00:32,069 - Velocimacro :  VM library template macro registration complete.
2011-08-18 02:00:32,069 - Velocimacro : allowInline = true : VMs can be defined inline in templates
2011-08-18 02:00:32,069 - Velocimacro : allowInlineToOverride = false : VMs defined inline may NOT replace previous VM definitions
2011-08-18 02:00:32,069 - Velocimacro : allowInlineLocal = false : VMs defined inline will be  global in scope if allowed.
2011-08-18 02:00:32,069 - Velocimacro : messages on  : VM system will output logging messages
2011-08-18 02:00:32,069 - Velocimacro : autoload off  : VM system will not automatically reload global library macros
2011-08-18 02:00:32,069 - Velocimacro : initialization complete.
2011-08-18 02:00:32,069 - Velocity successfully started.
2011-08-18 02:03:43,743 - ResourceManager : found repast/simphony/scenario/Scenario.vt with loader org.apache.velocity.runtime.resource.loader.ClasspathResourceLoader
2011-08-18 02:03:43,793 - ResourceManager : found repast/simphony/parameter/parameters.vt with loader org.apache.velocity.runtime.resource.loader.ClasspathResourceLoader
2011-08-18 02:07:12,364 - SimpleLog4JLogSystem initialized using logfile 'velocity.log'
2011-08-18 02:07:12,364 - ************************************************************** 
2011-08-18 02:07:12,364 - Starting Jakarta Velocity v1.4
2011-08-18 02:07:12,364 - RuntimeInstance initializing.
2011-08-18 02:07:12,364 - Default Properties File: org\apache\velocity\runtime\defaults\velocity.properties
2011-08-18 02:07:12,364 - Trying to use logger class org.apache.velocity.runtime.log.SimpleLog4JLogSystem
2011-08-18 02:07:12,364 - Using logger class org.apache.velocity.runtime.log.SimpleLog4JLogSystem
2011-08-18 02:07:12,374 - Default ResourceManager initializing. (class org.apache.velocity.runtime.resource.ResourceManagerImpl)
2011-08-18 02:07:12,384 - Resource Loader Instantiated: org.apache.velocity.runtime.resource.loader.ClasspathResourceLoader
2011-08-18 02:07:12,384 - ClasspathResourceLoader : initialization starting.
2011-08-18 02:07:12,384 - ClasspathResourceLoader : initialization complete.
2011-08-18 02:07:12,394 - ResourceCache : initialized. (class org.apache.velocity.runtime.resource.ResourceCacheImpl)
2011-08-18 02:07:12,394 - Default ResourceManager initialization complete.
2011-08-18 02:07:12,404 - Loaded System Directive: org.apache.velocity.runtime.directive.Literal
2011-08-18 02:07:12,404 - Loaded System Directive: org.apache.velocity.runtime.directive.Macro
2011-08-18 02:07:12,414 - Loaded System Directive: org.apache.velocity.runtime.directive.Parse
2011-08-18 02:07:12,424 - Loaded System Directive: org.apache.velocity.runtime.directive.Include
2011-08-18 02:07:12,424 - Loaded System Directive: org.apache.velocity.runtime.directive.Foreach
2011-08-18 02:07:12,494 - Created: 20 parsers.
2011-08-18 02:07:12,524 - Velocimacro : initialization starting.
2011-08-18 02:07:12,524 - Velocimacro : adding VMs from VM library template : VM_global_library.vm
2011-08-18 02:07:12,544 - ResourceManager : unable to find resource 'VM_global_library.vm' in any resource loader.
2011-08-18 02:07:12,544 - Velocimacro : error using  VM library template VM_global_library.vm : org.apache.velocity.exception.ResourceNotFoundException: Unable to find resource 'VM_global_library.vm'
2011-08-18 02:07:12,544 - Velocimacro :  VM library template macro registration complete.
2011-08-18 02:07:12,544 - Velocimacro : allowInline = true : VMs can be defined inline in templates
2011-08-18 02:07:12,544 - Velocimacro : allowInlineToOverride = false : VMs defined inline may NOT replace previous VM definitions
2011-08-18 02:07:12,544 - Velocimacro : allowInlineLocal = false : VMs defined inline will be  global in scope if allowed.
2011-08-18 02:07:12,544 - Velocimacro : messages on  : VM system will output logging messages
2011-08-18 02:07:12,544 - Velocimacro : autoload off  : VM system will not automatically reload global library macros
2011-08-18 02:07:12,544 - Velocimacro : initialization complete.
2011-08-18 02:07:12,544 - Velocity successfully started.
2011-08-18 02:08:51,615 - SimpleLog4JLogSystem initialized using logfile 'velocity.log'
2011-08-18 02:08:51,615 - ************************************************************** 
2011-08-18 02:08:51,615 - Starting Jakarta Velocity v1.4
2011-08-18 02:08:51,615 - RuntimeInstance initializing.
2011-08-18 02:08:51,615 - Default Properties File: org\apache\velocity\runtime\defaults\velocity.properties
2011-08-18 02:08:51,615 - Trying to use logger class org.apache.velocity.runtime.log.SimpleLog4JLogSystem
2011-08-18 02:08:51,615 - Using logger class org.apache.velocity.runtime.log.SimpleLog4JLogSystem
2011-08-18 02:08:51,625 - Default ResourceManager initializing. (class org.apache.velocity.runtime.resource.ResourceManagerImpl)
2011-08-18 02:08:51,635 - Resource Loader Instantiated: org.apache.velocity.runtime.resource.loader.ClasspathResourceLoader
2011-08-18 02:08:51,635 - ClasspathResourceLoader : initialization starting.
2011-08-18 02:08:51,635 - ClasspathResourceLoader : initialization complete.
2011-08-18 02:08:51,645 - ResourceCache : initialized. (class org.apache.velocity.runtime.resource.ResourceCacheImpl)
2011-08-18 02:08:51,645 - Default ResourceManager initialization complete.
2011-08-18 02:08:51,645 - Loaded System Directive: org.apache.velocity.runtime.directive.Literal
2011-08-18 02:08:51,655 - Loaded System Directive: org.apache.velocity.runtime.directive.Macro
2011-08-18 02:08:51,665 - Loaded System Directive: org.apache.velocity.runtime.directive.Parse
2011-08-18 02:08:51,665 - Loaded System Directive: org.apache.velocity.runtime.directive.Include
2011-08-18 02:08:51,675 - Loaded System Directive: org.apache.velocity.runtime.directive.Foreach
2011-08-18 02:08:51,745 - Created: 20 parsers.
2011-08-18 02:08:51,775 - Velocimacro : initialization starting.
2011-08-18 02:08:51,775 - Velocimacro : adding VMs from VM library template : VM_global_library.vm
2011-08-18 02:08:51,785 - ResourceManager : unable to find resource 'VM_global_library.vm' in any resource loader.
2011-08-18 02:08:51,785 - Velocimacro : error using  VM library template VM_global_library.vm : org.apache.velocity.exception.ResourceNotFoundException: Unable to find resource 'VM_global_library.vm'
2011-08-18 02:08:51,785 - Velocimacro :  VM library template macro registration complete.
2011-08-18 02:08:51,785 - Velocimacro : allowInline = true : VMs can be defined inline in templates
2011-08-18 02:08:51,785 - Velocimacro : allowInlineToOverride = false : VMs defined inline may NOT replace previous VM definitions
2011-08-18 02:08:51,785 - Velocimacro : allowInlineLocal = false : VMs defined inline will be  global in scope if allowed.
2011-08-18 02:08:51,785 - Velocimacro : messages on  : VM system will output logging messages
2011-08-18 02:08:51,785 - Velocimacro : autoload off  : VM system will not automatically reload global library macros
2011-08-18 02:08:51,785 - Velocimacro : initialization complete.
2011-08-18 02:08:51,785 - Velocity successfully started.
2011-08-18 02:10:42,485 - ResourceManager : found repast/simphony/scenario/Scenario.vt with loader org.apache.velocity.runtime.resource.loader.ClasspathResourceLoader
2011-08-18 02:10:42,535 - ResourceManager : found repast/simphony/parameter/parameters.vt with loader org.apache.velocity.runtime.resource.loader.ClasspathResourceLoader
2011-08-18 02:10:43,015 - ResourceManager : found repast/simphony/scenario/Scenario.vt with loader org.apache.velocity.runtime.resource.loader.ClasspathResourceLoader
2011-08-18 02:10:43,025 - ResourceManager : found repast/simphony/parameter/parameters.vt with loader org.apache.velocity.runtime.resource.loader.ClasspathResourceLoader
2011-08-18 02:12:42,897 - SimpleLog4JLogSystem initialized using logfile 'velocity.log'
2011-08-18 02:12:42,897 - ************************************************************** 
2011-08-18 02:12:42,897 - Starting Jakarta Velocity v1.4
2011-08-18 02:12:42,897 - RuntimeInstance initializing.
2011-08-18 02:12:42,897 - Default Properties File: org\apache\velocity\runtime\defaults\velocity.properties
2011-08-18 02:12:42,897 - Trying to use logger class org.apache.velocity.runtime.log.SimpleLog4JLogSystem
2011-08-18 02:12:42,897 - Using logger class org.apache.velocity.runtime.log.SimpleLog4JLogSystem
2011-08-18 02:12:42,907 - Default ResourceManager initializing. (class org.apache.velocity.runtime.resource.ResourceManagerImpl)
2011-08-18 02:12:42,927 - Resource Loader Instantiated: org.apache.velocity.runtime.resource.loader.ClasspathResourceLoader
2011-08-18 02:12:42,927 - ClasspathResourceLoader : initialization starting.
2011-08-18 02:12:42,927 - ClasspathResourceLoader : initialization complete.
2011-08-18 02:12:42,927 - ResourceCache : initialized. (class org.apache.velocity.runtime.resource.ResourceCacheImpl)
2011-08-18 02:12:42,927 - Default ResourceManager initialization complete.
2011-08-18 02:12:42,937 - Loaded System Directive: org.apache.velocity.runtime.directive.Literal
2011-08-18 02:12:42,937 - Loaded System Directive: org.apache.velocity.runtime.directive.Macro
2011-08-18 02:12:42,947 - Loaded System Directive: org.apache.velocity.runtime.directive.Parse
2011-08-18 02:12:42,957 - Loaded System Directive: org.apache.velocity.runtime.directive.Include
2011-08-18 02:12:42,957 - Loaded System Directive: org.apache.velocity.runtime.directive.Foreach
2011-08-18 02:12:43,037 - Created: 20 parsers.
2011-08-18 02:12:43,067 - Velocimacro : initialization starting.
2011-08-18 02:12:43,067 - Velocimacro : adding VMs from VM library template : VM_global_library.vm
2011-08-18 02:12:43,087 - ResourceManager : unable to find resource 'VM_global_library.vm' in any resource loader.
2011-08-18 02:12:43,087 - Velocimacro : error using  VM library template VM_global_library.vm : org.apache.velocity.exception.ResourceNotFoundException: Unable to find resource 'VM_global_library.vm'
2011-08-18 02:12:43,087 - Velocimacro :  VM library template macro registration complete.
2011-08-18 02:12:43,087 - Velocimacro : allowInline = true : VMs can be defined inline in templates
2011-08-18 02:12:43,087 - Velocimacro : allowInlineToOverride = false : VMs defined inline may NOT replace previous VM definitions
2011-08-18 02:12:43,087 - Velocimacro : allowInlineLocal = false : VMs defined inline will be  global in scope if allowed.
2011-08-18 02:12:43,087 - Velocimacro : messages on  : VM system will output logging messages
2011-08-18 02:12:43,087 - Velocimacro : autoload off  : VM system will not automatically reload global library macros
2011-08-18 02:12:43,087 - Velocimacro : initialization complete.
2011-08-18 02:12:43,087 - Velocity successfully started.
2011-08-18 02:13:55,913 - SimpleLog4JLogSystem initialized using logfile 'velocity.log'
2011-08-18 02:13:55,913 - ************************************************************** 
2011-08-18 02:13:55,913 - Starting Jakarta Velocity v1.4
2011-08-18 02:13:55,913 - RuntimeInstance initializing.
2011-08-18 02:13:55,913 - Default Properties File: org\apache\velocity\runtime\defaults\velocity.properties
2011-08-18 02:13:55,913 - Trying to use logger class org.apache.velocity.runtime.log.SimpleLog4JLogSystem
2011-08-18 02:13:55,913 - Using logger class org.apache.velocity.runtime.log.SimpleLog4JLogSystem
2011-08-18 02:13:55,923 - Default ResourceManager initializing. (class org.apache.velocity.runtime.resource.ResourceManagerImpl)
2011-08-18 02:13:55,933 - Resource Loader Instantiated: org.apache.velocity.runtime.resource.loader.ClasspathResourceLoader
2011-08-18 02:13:55,933 - ClasspathResourceLoader : initialization starting.
2011-08-18 02:13:55,933 - ClasspathResourceLoader : initialization complete.
2011-08-18 02:13:55,943 - ResourceCache : initialized. (class org.apache.velocity.runtime.resource.ResourceCacheImpl)
2011-08-18 02:13:55,943 - Default ResourceManager initialization complete.
2011-08-18 02:13:55,943 - Loaded System Directive: org.apache.velocity.runtime.directive.Literal
2011-08-18 02:13:55,953 - Loaded System Directive: org.apache.velocity.runtime.directive.Macro
2011-08-18 02:13:55,963 - Loaded System Directive: org.apache.velocity.runtime.directive.Parse
2011-08-18 02:13:55,973 - Loaded System Directive: org.apache.velocity.runtime.directive.Include
2011-08-18 02:13:55,973 - Loaded System Directive: org.apache.velocity.runtime.directive.Foreach
2011-08-18 02:13:56,043 - Created: 20 parsers.
2011-08-18 02:13:56,073 - Velocimacro : initialization starting.
2011-08-18 02:13:56,073 - Velocimacro : adding VMs from VM library template : VM_global_library.vm
2011-08-18 02:13:56,093 - ResourceManager : unable to find resource 'VM_global_library.vm' in any resource loader.
2011-08-18 02:13:56,093 - Velocimacro : error using  VM library template VM_global_library.vm : org.apache.velocity.exception.ResourceNotFoundException: Unable to find resource 'VM_global_library.vm'
2011-08-18 02:13:56,093 - Velocimacro :  VM library template macro registration complete.
2011-08-18 02:13:56,093 - Velocimacro : allowInline = true : VMs can be defined inline in templates
2011-08-18 02:13:56,093 - Velocimacro : allowInlineToOverride = false : VMs defined inline may NOT replace previous VM definitions
2011-08-18 02:13:56,093 - Velocimacro : allowInlineLocal = false : VMs defined inline will be  global in scope if allowed.
2011-08-18 02:13:56,093 - Velocimacro : messages on  : VM system will output logging messages
2011-08-18 02:13:56,093 - Velocimacro : autoload off  : VM system will not automatically reload global library macros
2011-08-18 02:13:56,093 - Velocimacro : initialization complete.
2011-08-18 02:13:56,093 - Velocity successfully started.
2011-08-18 02:16:56,834 - ResourceManager : found repast/simphony/scenario/Scenario.vt with loader org.apache.velocity.runtime.resource.loader.ClasspathResourceLoader
2011-08-18 02:16:56,894 - ResourceManager : found repast/simphony/parameter/parameters.vt with loader org.apache.velocity.runtime.resource.loader.ClasspathResourceLoader
2011-08-18 03:36:22,817 - SimpleLog4JLogSystem initialized using logfile 'velocity.log'
2011-08-18 03:36:22,827 - ************************************************************** 
2011-08-18 03:36:22,827 - Starting Jakarta Velocity v1.4
2011-08-18 03:36:22,827 - RuntimeInstance initializing.
2011-08-18 03:36:22,827 - Default Properties File: org\apache\velocity\runtime\defaults\velocity.properties
2011-08-18 03:36:22,827 - Trying to use logger class org.apache.velocity.runtime.log.SimpleLog4JLogSystem
2011-08-18 03:36:22,827 - Using logger class org.apache.velocity.runtime.log.SimpleLog4JLogSystem
2011-08-18 03:36:22,837 - Default ResourceManager initializing. (class org.apache.velocity.runtime.resource.ResourceManagerImpl)
2011-08-18 03:36:22,847 - Resource Loader Instantiated: org.apache.velocity.runtime.resource.loader.ClasspathResourceLoader
2011-08-18 03:36:22,847 - ClasspathResourceLoader : initialization starting.
2011-08-18 03:36:22,847 - ClasspathResourceLoader : initialization complete.
2011-08-18 03:36:22,847 - ResourceCache : initialized. (class org.apache.velocity.runtime.resource.ResourceCacheImpl)
2011-08-18 03:36:22,847 - Default ResourceManager initialization complete.
2011-08-18 03:36:22,857 - Loaded System Directive: org.apache.velocity.runtime.directive.Literal
2011-08-18 03:36:22,857 - Loaded System Directive: org.apache.velocity.runtime.directive.Macro
2011-08-18 03:36:22,867 - Loaded System Directive: org.apache.velocity.runtime.directive.Parse
2011-08-18 03:36:22,877 - Loaded System Directive: org.apache.velocity.runtime.directive.Include
2011-08-18 03:36:22,877 - Loaded System Directive: org.apache.velocity.runtime.directive.Foreach
2011-08-18 03:36:22,957 - Created: 20 parsers.
2011-08-18 03:36:22,987 - Velocimacro : initialization starting.
2011-08-18 03:36:22,987 - Velocimacro : adding VMs from VM library template : VM_global_library.vm
2011-08-18 03:36:22,997 - ResourceManager : unable to find resource 'VM_global_library.vm' in any resource loader.
2011-08-18 03:36:22,997 - Velocimacro : error using  VM library template VM_global_library.vm : org.apache.velocity.exception.ResourceNotFoundException: Unable to find resource 'VM_global_library.vm'
2011-08-18 03:36:22,997 - Velocimacro :  VM library template macro registration complete.
2011-08-18 03:36:22,997 - Velocimacro : allowInline = true : VMs can be defined inline in templates
2011-08-18 03:36:22,997 - Velocimacro : allowInlineToOverride = false : VMs defined inline may NOT replace previous VM definitions
2011-08-18 03:36:22,997 - Velocimacro : allowInlineLocal = false : VMs defined inline will be  global in scope if allowed.
2011-08-18 03:36:22,997 - Velocimacro : messages on  : VM system will output logging messages
2011-08-18 03:36:22,997 - Velocimacro : autoload off  : VM system will not automatically reload global library macros
2011-08-18 03:36:22,997 - Velocimacro : initialization complete.
2011-08-18 03:36:22,997 - Velocity successfully started.
2011-08-18 03:42:55,274 - SimpleLog4JLogSystem initialized using logfile 'velocity.log'
2011-08-18 03:42:55,274 - ************************************************************** 
2011-08-18 03:42:55,274 - Starting Jakarta Velocity v1.4
2011-08-18 03:42:55,274 - RuntimeInstance initializing.
2011-08-18 03:42:55,274 - Default Properties File: org\apache\velocity\runtime\defaults\velocity.properties
2011-08-18 03:42:55,274 - Trying to use logger class org.apache.velocity.runtime.log.SimpleLog4JLogSystem
2011-08-18 03:42:55,274 - Using logger class org.apache.velocity.runtime.log.SimpleLog4JLogSystem
2011-08-18 03:42:55,284 - Default ResourceManager initializing. (class org.apache.velocity.runtime.resource.ResourceManagerImpl)
2011-08-18 03:42:55,294 - Resource Loader Instantiated: org.apache.velocity.runtime.resource.loader.ClasspathResourceLoader
2011-08-18 03:42:55,294 - ClasspathResourceLoader : initialization starting.
2011-08-18 03:42:55,294 - ClasspathResourceLoader : initialization complete.
2011-08-18 03:42:55,304 - ResourceCache : initialized. (class org.apache.velocity.runtime.resource.ResourceCacheImpl)
2011-08-18 03:42:55,304 - Default ResourceManager initialization complete.
2011-08-18 03:42:55,304 - Loaded System Directive: org.apache.velocity.runtime.directive.Literal
2011-08-18 03:42:55,314 - Loaded System Directive: org.apache.velocity.runtime.directive.Macro
2011-08-18 03:42:55,324 - Loaded System Directive: org.apache.velocity.runtime.directive.Parse
2011-08-18 03:42:55,334 - Loaded System Directive: org.apache.velocity.runtime.directive.Include
2011-08-18 03:42:55,334 - Loaded System Directive: org.apache.velocity.runtime.directive.Foreach
2011-08-18 03:42:55,404 - Created: 20 parsers.
2011-08-18 03:42:55,434 - Velocimacro : initialization starting.
2011-08-18 03:42:55,434 - Velocimacro : adding VMs from VM library template : VM_global_library.vm
2011-08-18 03:42:55,444 - ResourceManager : unable to find resource 'VM_global_library.vm' in any resource loader.
2011-08-18 03:42:55,454 - Velocimacro : error using  VM library template VM_global_library.vm : org.apache.velocity.exception.ResourceNotFoundException: Unable to find resource 'VM_global_library.vm'
2011-08-18 03:42:55,454 - Velocimacro :  VM library template macro registration complete.
2011-08-18 03:42:55,454 - Velocimacro : allowInline = true : VMs can be defined inline in templates
2011-08-18 03:42:55,454 - Velocimacro : allowInlineToOverride = false : VMs defined inline may NOT replace previous VM definitions
2011-08-18 03:42:55,454 - Velocimacro : allowInlineLocal = false : VMs defined inline will be  global in scope if allowed.
2011-08-18 03:42:55,454 - Velocimacro : messages on  : VM system will output logging messages
2011-08-18 03:42:55,454 - Velocimacro : autoload off  : VM system will not automatically reload global library macros
2011-08-18 03:42:55,454 - Velocimacro : initialization complete.
2011-08-18 03:42:55,454 - Velocity successfully started.
2011-08-18 03:47:55,667 - SimpleLog4JLogSystem initialized using logfile 'velocity.log'
2011-08-18 03:47:55,667 - ************************************************************** 
2011-08-18 03:47:55,667 - Starting Jakarta Velocity v1.4
2011-08-18 03:47:55,667 - RuntimeInstance initializing.
2011-08-18 03:47:55,667 - Default Properties File: org\apache\velocity\runtime\defaults\velocity.properties
2011-08-18 03:47:55,667 - Trying to use logger class org.apache.velocity.runtime.log.SimpleLog4JLogSystem
2011-08-18 03:47:55,667 - Using logger class org.apache.velocity.runtime.log.SimpleLog4JLogSystem
2011-08-18 03:47:55,677 - Default ResourceManager initializing. (class org.apache.velocity.runtime.resource.ResourceManagerImpl)
2011-08-18 03:47:55,697 - Resource Loader Instantiated: org.apache.velocity.runtime.resource.loader.ClasspathResourceLoader
2011-08-18 03:47:55,697 - ClasspathResourceLoader : initialization starting.
2011-08-18 03:47:55,697 - ClasspathResourceLoader : initialization complete.
2011-08-18 03:47:55,697 - ResourceCache : initialized. (class org.apache.velocity.runtime.resource.ResourceCacheImpl)
2011-08-18 03:47:55,697 - Default ResourceManager initialization complete.
2011-08-18 03:47:55,707 - Loaded System Directive: org.apache.velocity.runtime.directive.Literal
2011-08-18 03:47:55,707 - Loaded System Directive: org.apache.velocity.runtime.directive.Macro
2011-08-18 03:47:55,717 - Loaded System Directive: org.apache.velocity.runtime.directive.Parse
2011-08-18 03:47:55,727 - Loaded System Directive: org.apache.velocity.runtime.directive.Include
2011-08-18 03:47:55,727 - Loaded System Directive: org.apache.velocity.runtime.directive.Foreach
2011-08-18 03:47:55,797 - Created: 20 parsers.
2011-08-18 03:47:55,827 - Velocimacro : initialization starting.
2011-08-18 03:47:55,837 - Velocimacro : adding VMs from VM library template : VM_global_library.vm
2011-08-18 03:47:55,847 - ResourceManager : unable to find resource 'VM_global_library.vm' in any resource loader.
2011-08-18 03:47:55,847 - Velocimacro : error using  VM library template VM_global_library.vm : org.apache.velocity.exception.ResourceNotFoundException: Unable to find resource 'VM_global_library.vm'
2011-08-18 03:47:55,847 - Velocimacro :  VM library template macro registration complete.
2011-08-18 03:47:55,847 - Velocimacro : allowInline = true : VMs can be defined inline in templates
2011-08-18 03:47:55,847 - Velocimacro : allowInlineToOverride = false : VMs defined inline may NOT replace previous VM definitions
2011-08-18 03:47:55,847 - Velocimacro : allowInlineLocal = false : VMs defined inline will be  global in scope if allowed.
2011-08-18 03:47:55,847 - Velocimacro : messages on  : VM system will output logging messages
2011-08-18 03:47:55,847 - Velocimacro : autoload off  : VM system will not automatically reload global library macros
2011-08-18 03:47:55,847 - Velocimacro : initialization complete.
2011-08-18 03:47:55,847 - Velocity successfully started.
2011-08-18 03:48:50,317 - ResourceManager : found repast/simphony/scenario/Scenario.vt with loader org.apache.velocity.runtime.resource.loader.ClasspathResourceLoader
2011-08-18 03:48:50,367 - ResourceManager : found repast/simphony/parameter/parameters.vt with loader org.apache.velocity.runtime.resource.loader.ClasspathResourceLoader
2011-08-18 12:37:32,610 - SimpleLog4JLogSystem initialized using logfile 'velocity.log'
2011-08-18 12:37:32,610 - ************************************************************** 
2011-08-18 12:37:32,610 - Starting Jakarta Velocity v1.4
2011-08-18 12:37:32,610 - RuntimeInstance initializing.
2011-08-18 12:37:32,610 - Default Properties File: org\apache\velocity\runtime\defaults\velocity.properties
2011-08-18 12:37:32,610 - Trying to use logger class org.apache.velocity.runtime.log.SimpleLog4JLogSystem
2011-08-18 12:37:32,610 - Using logger class org.apache.velocity.runtime.log.SimpleLog4JLogSystem
2011-08-18 12:37:32,620 - Default ResourceManager initializing. (class org.apache.velocity.runtime.resource.ResourceManagerImpl)
2011-08-18 12:37:32,630 - Resource Loader Instantiated: org.apache.velocity.runtime.resource.loader.ClasspathResourceLoader
2011-08-18 12:37:32,630 - ClasspathResourceLoader : initialization starting.
2011-08-18 12:37:32,630 - ClasspathResourceLoader : initialization complete.
2011-08-18 12:37:32,640 - ResourceCache : initialized. (class org.apache.velocity.runtime.resource.ResourceCacheImpl)
2011-08-18 12:37:32,640 - Default ResourceManager initialization complete.
2011-08-18 12:37:32,640 - Loaded System Directive: org.apache.velocity.runtime.directive.Literal
2011-08-18 12:37:32,650 - Loaded System Directive: org.apache.velocity.runtime.directive.Macro
2011-08-18 12:37:32,660 - Loaded System Directive: org.apache.velocity.runtime.directive.Parse
2011-08-18 12:37:32,670 - Loaded System Directive: org.apache.velocity.runtime.directive.Include
2011-08-18 12:37:32,670 - Loaded System Directive: org.apache.velocity.runtime.directive.Foreach
2011-08-18 12:37:32,740 - Created: 20 parsers.
2011-08-18 12:37:32,770 - Velocimacro : initialization starting.
2011-08-18 12:37:32,770 - Velocimacro : adding VMs from VM library template : VM_global_library.vm
2011-08-18 12:37:32,780 - ResourceManager : unable to find resource 'VM_global_library.vm' in any resource loader.
2011-08-18 12:37:32,780 - Velocimacro : error using  VM library template VM_global_library.vm : org.apache.velocity.exception.ResourceNotFoundException: Unable to find resource 'VM_global_library.vm'
2011-08-18 12:37:32,780 - Velocimacro :  VM library template macro registration complete.
2011-08-18 12:37:32,780 - Velocimacro : allowInline = true : VMs can be defined inline in templates
2011-08-18 12:37:32,780 - Velocimacro : allowInlineToOverride = false : VMs defined inline may NOT replace previous VM definitions
2011-08-18 12:37:32,780 - Velocimacro : allowInlineLocal = false : VMs defined inline will be  global in scope if allowed.
2011-08-18 12:37:32,780 - Velocimacro : messages on  : VM system will output logging messages
2011-08-18 12:37:32,780 - Velocimacro : autoload off  : VM system will not automatically reload global library macros
2011-08-18 12:37:32,780 - Velocimacro : initialization complete.
2011-08-18 12:37:32,780 - Velocity successfully started.
2011-08-18 12:40:08,470 - ResourceManager : found repast/simphony/scenario/Scenario.vt with loader org.apache.velocity.runtime.resource.loader.ClasspathResourceLoader
2011-08-18 12:40:08,520 - ResourceManager : found repast/simphony/parameter/parameters.vt with loader org.apache.velocity.runtime.resource.loader.ClasspathResourceLoader
