2011-08-12 02:02:55,977 - Created: 20 parsers.
2011-08-12 02:02:56,067 - Velocimacro : initialization starting.
2011-08-12 02:02:56,067 - Velocimacro : adding VMs from VM library template : VM_global_library.vm
2011-08-12 02:02:56,147 - ResourceManager : unable to find resource 'VM_global_library.vm' in any resource loader.
2011-08-12 02:02:56,147 - Velocimacro : error using  VM library template VM_global_library.vm : org.apache.velocity.exception.ResourceNotFoundException: Unable to find resource 'VM_global_library.vm'
2011-08-12 02:02:56,147 - Velocimacro :  VM library template macro registration complete.
2011-08-12 02:02:56,147 - Velocimacro : allowInline = true : VMs can be defined inline in templates
2011-08-12 02:02:56,147 - Velocimacro : allowInlineToOverride = false : VMs defined inline may NOT replace previous VM definitions
2011-08-12 02:02:56,147 - Velocimacro : allowInlineLocal = false : VMs defined inline will be  global in scope if allowed.
2011-08-12 02:02:56,147 - Velocimacro : messages on  : VM system will output logging messages
2011-08-12 02:02:56,147 - Velocimacro : autoload off  : VM system will not automatically reload global library macros
2011-08-12 02:02:56,147 - Velocimacro : initialization complete.
2011-08-12 02:02:56,147 - Velocity successfully started.
2011-08-12 02:06:55,679 - SimpleLog4JLogSystem initialized using logfile 'velocity.log'
2011-08-12 02:06:55,679 - ************************************************************** 
2011-08-12 02:06:55,679 - Starting Jakarta Velocity v1.4
2011-08-12 02:06:55,679 - RuntimeInstance initializing.
2011-08-12 02:06:55,679 - Default Properties File: org\apache\velocity\runtime\defaults\velocity.properties
2011-08-12 02:06:55,679 - Trying to use logger class org.apache.velocity.runtime.log.SimpleLog4JLogSystem
2011-08-12 02:06:55,679 - Using logger class org.apache.velocity.runtime.log.SimpleLog4JLogSystem
2011-08-12 02:06:55,709 - Default ResourceManager initializing. (class org.apache.velocity.runtime.resource.ResourceManagerImpl)
2011-08-12 02:06:55,739 - Resource Loader Instantiated: org.apache.velocity.runtime.resource.loader.ClasspathResourceLoader
2011-08-12 02:06:55,739 - ClasspathResourceLoader : initialization starting.
2011-08-12 02:06:55,739 - ClasspathResourceLoader : initialization complete.
2011-08-12 02:06:55,759 - ResourceCache : initialized. (class org.apache.velocity.runtime.resource.ResourceCacheImpl)
2011-08-12 02:06:55,759 - Default ResourceManager initialization complete.
2011-08-12 02:06:55,769 - Loaded System Directive: org.apache.velocity.runtime.directive.Literal
2011-08-12 02:06:55,789 - Loaded System Directive: org.apache.velocity.runtime.directive.Macro
2011-08-12 02:06:55,819 - Loaded System Directive: org.apache.velocity.runtime.directive.Parse
2011-08-12 02:06:55,839 - Loaded System Directive: org.apache.velocity.runtime.directive.Include
2011-08-12 02:06:55,849 - Loaded System Directive: org.apache.velocity.runtime.directive.Foreach
2011-08-12 02:06:56,049 - Created: 20 parsers.
2011-08-12 02:06:56,149 - Velocimacro : initialization starting.
2011-08-12 02:06:56,149 - Velocimacro : adding VMs from VM library template : VM_global_library.vm
2011-08-12 02:06:56,179 - ResourceManager : unable to find resource 'VM_global_library.vm' in any resource loader.
2011-08-12 02:06:56,179 - Velocimacro : error using  VM library template VM_global_library.vm : org.apache.velocity.exception.ResourceNotFoundException: Unable to find resource 'VM_global_library.vm'
2011-08-12 02:06:56,179 - Velocimacro :  VM library template macro registration complete.
2011-08-12 02:06:56,179 - Velocimacro : allowInline = true : VMs can be defined inline in templates
2011-08-12 02:06:56,179 - Velocimacro : allowInlineToOverride = false : VMs defined inline may NOT replace previous VM definitions
2011-08-12 02:06:56,179 - Velocimacro : allowInlineLocal = false : VMs defined inline will be  global in scope if allowed.
2011-08-12 02:06:56,179 - Velocimacro : messages on  : VM system will output logging messages
2011-08-12 02:06:56,179 - Velocimacro : autoload off  : VM system will not automatically reload global library macros
2011-08-12 02:06:56,179 - Velocimacro : initialization complete.
2011-08-12 02:06:56,179 - Velocity successfully started.
2011-08-12 02:12:57,661 - SimpleLog4JLogSystem initialized using logfile 'velocity.log'
2011-08-12 02:12:57,671 - ************************************************************** 
2011-08-12 02:12:57,671 - Starting Jakarta Velocity v1.4
2011-08-12 02:12:57,671 - RuntimeInstance initializing.
2011-08-12 02:12:57,671 - Default Properties File: org\apache\velocity\runtime\defaults\velocity.properties
2011-08-12 02:12:57,671 - Trying to use logger class org.apache.velocity.runtime.log.SimpleLog4JLogSystem
2011-08-12 02:12:57,671 - Using logger class org.apache.velocity.runtime.log.SimpleLog4JLogSystem
2011-08-12 02:12:57,691 - Default ResourceManager initializing. (class org.apache.velocity.runtime.resource.ResourceManagerImpl)
2011-08-12 02:12:57,731 - Resource Loader Instantiated: org.apache.velocity.runtime.resource.loader.ClasspathResourceLoader
2011-08-12 02:12:57,731 - ClasspathResourceLoader : initialization starting.
2011-08-12 02:12:57,731 - ClasspathResourceLoader : initialization complete.
2011-08-12 02:12:57,741 - ResourceCache : initialized. (class org.apache.velocity.runtime.resource.ResourceCacheImpl)
2011-08-12 02:12:57,741 - Default ResourceManager initialization complete.
2011-08-12 02:12:57,761 - Loaded System Directive: org.apache.velocity.runtime.directive.Literal
2011-08-12 02:12:57,771 - Loaded System Directive: org.apache.velocity.runtime.directive.Macro
2011-08-12 02:12:57,801 - Loaded System Directive: org.apache.velocity.runtime.directive.Parse
2011-08-12 02:12:57,821 - Loaded System Directive: org.apache.velocity.runtime.directive.Include
2011-08-12 02:12:57,831 - Loaded System Directive: org.apache.velocity.runtime.directive.Foreach
2011-08-12 02:12:58,041 - Created: 20 parsers.
2011-08-12 02:12:58,121 - Velocimacro : initialization starting.
2011-08-12 02:12:58,121 - Velocimacro : adding VMs from VM library template : VM_global_library.vm
2011-08-12 02:12:58,161 - ResourceManager : unable to find resource 'VM_global_library.vm' in any resource loader.
2011-08-12 02:12:58,161 - Velocimacro : error using  VM library template VM_global_library.vm : org.apache.velocity.exception.ResourceNotFoundException: Unable to find resource 'VM_global_library.vm'
2011-08-12 02:12:58,161 - Velocimacro :  VM library template macro registration complete.
2011-08-12 02:12:58,161 - Velocimacro : allowInline = true : VMs can be defined inline in templates
2011-08-12 02:12:58,161 - Velocimacro : allowInlineToOverride = false : VMs defined inline may NOT replace previous VM definitions
2011-08-12 02:12:58,161 - Velocimacro : allowInlineLocal = false : VMs defined inline will be  global in scope if allowed.
2011-08-12 02:12:58,161 - Velocimacro : messages on  : VM system will output logging messages
2011-08-12 02:12:58,161 - Velocimacro : autoload off  : VM system will not automatically reload global library macros
2011-08-12 02:12:58,161 - Velocimacro : initialization complete.
2011-08-12 02:12:58,161 - Velocity successfully started.
2011-08-12 02:17:38,892 - SimpleLog4JLogSystem initialized using logfile 'velocity.log'
2011-08-12 02:17:38,892 - ************************************************************** 
2011-08-12 02:17:38,892 - Starting Jakarta Velocity v1.4
2011-08-12 02:17:38,892 - RuntimeInstance initializing.
2011-08-12 02:17:38,892 - Default Properties File: org\apache\velocity\runtime\defaults\velocity.properties
2011-08-12 02:17:38,892 - Trying to use logger class org.apache.velocity.runtime.log.SimpleLog4JLogSystem
2011-08-12 02:17:38,892 - Using logger class org.apache.velocity.runtime.log.SimpleLog4JLogSystem
2011-08-12 02:17:38,922 - Default ResourceManager initializing. (class org.apache.velocity.runtime.resource.ResourceManagerImpl)
2011-08-12 02:17:38,952 - Resource Loader Instantiated: org.apache.velocity.runtime.resource.loader.ClasspathResourceLoader
2011-08-12 02:17:38,952 - ClasspathResourceLoader : initialization starting.
2011-08-12 02:17:38,952 - ClasspathResourceLoader : initialization complete.
2011-08-12 02:17:38,972 - ResourceCache : initialized. (class org.apache.velocity.runtime.resource.ResourceCacheImpl)
2011-08-12 02:17:38,972 - Default ResourceManager initialization complete.
2011-08-12 02:17:38,982 - Loaded System Directive: org.apache.velocity.runtime.directive.Literal
2011-08-12 02:17:39,002 - Loaded System Directive: org.apache.velocity.runtime.directive.Macro
2011-08-12 02:17:39,032 - Loaded System Directive: org.apache.velocity.runtime.directive.Parse
2011-08-12 02:17:39,052 - Loaded System Directive: org.apache.velocity.runtime.directive.Include
2011-08-12 02:17:39,062 - Loaded System Directive: org.apache.velocity.runtime.directive.Foreach
2011-08-12 02:17:39,272 - Created: 20 parsers.
2011-08-12 02:17:39,362 - Velocimacro : initialization starting.
2011-08-12 02:17:39,362 - Velocimacro : adding VMs from VM library template : VM_global_library.vm
2011-08-12 02:17:39,412 - ResourceManager : unable to find resource 'VM_global_library.vm' in any resource loader.
2011-08-12 02:17:39,412 - Velocimacro : error using  VM library template VM_global_library.vm : org.apache.velocity.exception.ResourceNotFoundException: Unable to find resource 'VM_global_library.vm'
2011-08-12 02:17:39,412 - Velocimacro :  VM library template macro registration complete.
2011-08-12 02:17:39,412 - Velocimacro : allowInline = true : VMs can be defined inline in templates
2011-08-12 02:17:39,412 - Velocimacro : allowInlineToOverride = false : VMs defined inline may NOT replace previous VM definitions
2011-08-12 02:17:39,412 - Velocimacro : allowInlineLocal = false : VMs defined inline will be  global in scope if allowed.
2011-08-12 02:17:39,412 - Velocimacro : messages on  : VM system will output logging messages
2011-08-12 02:17:39,412 - Velocimacro : autoload off  : VM system will not automatically reload global library macros
2011-08-12 02:17:39,412 - Velocimacro : initialization complete.
2011-08-12 02:17:39,412 - Velocity successfully started.
2011-08-12 02:22:57,235 - SimpleLog4JLogSystem initialized using logfile 'velocity.log'
2011-08-12 02:22:57,235 - ************************************************************** 
2011-08-12 02:22:57,235 - Starting Jakarta Velocity v1.4
2011-08-12 02:22:57,235 - RuntimeInstance initializing.
2011-08-12 02:22:57,235 - Default Properties File: org\apache\velocity\runtime\defaults\velocity.properties
2011-08-12 02:22:57,235 - Trying to use logger class org.apache.velocity.runtime.log.SimpleLog4JLogSystem
2011-08-12 02:22:57,235 - Using logger class org.apache.velocity.runtime.log.SimpleLog4JLogSystem
2011-08-12 02:22:57,265 - Default ResourceManager initializing. (class org.apache.velocity.runtime.resource.ResourceManagerImpl)
2011-08-12 02:22:57,295 - Resource Loader Instantiated: org.apache.velocity.runtime.resource.loader.ClasspathResourceLoader
2011-08-12 02:22:57,295 - ClasspathResourceLoader : initialization starting.
2011-08-12 02:22:57,295 - ClasspathResourceLoader : initialization complete.
2011-08-12 02:22:57,305 - ResourceCache : initialized. (class org.apache.velocity.runtime.resource.ResourceCacheImpl)
2011-08-12 02:22:57,305 - Default ResourceManager initialization complete.
2011-08-12 02:22:57,325 - Loaded System Directive: org.apache.velocity.runtime.directive.Literal
2011-08-12 02:22:57,345 - Loaded System Directive: org.apache.velocity.runtime.directive.Macro
2011-08-12 02:22:57,375 - Loaded System Directive: org.apache.velocity.runtime.directive.Parse
2011-08-12 02:22:57,385 - Loaded System Directive: org.apache.velocity.runtime.directive.Include
2011-08-12 02:22:57,395 - Loaded System Directive: org.apache.velocity.runtime.directive.Foreach
2011-08-12 02:22:57,605 - Created: 20 parsers.
2011-08-12 02:22:57,685 - Velocimacro : initialization starting.
2011-08-12 02:22:57,685 - Velocimacro : adding VMs from VM library template : VM_global_library.vm
2011-08-12 02:22:57,725 - ResourceManager : unable to find resource 'VM_global_library.vm' in any resource loader.
2011-08-12 02:22:57,725 - Velocimacro : error using  VM library template VM_global_library.vm : org.apache.velocity.exception.ResourceNotFoundException: Unable to find resource 'VM_global_library.vm'
2011-08-12 02:22:57,725 - Velocimacro :  VM library template macro registration complete.
2011-08-12 02:22:57,725 - Velocimacro : allowInline = true : VMs can be defined inline in templates
2011-08-12 02:22:57,725 - Velocimacro : allowInlineToOverride = false : VMs defined inline may NOT replace previous VM definitions
2011-08-12 02:22:57,725 - Velocimacro : allowInlineLocal = false : VMs defined inline will be  global in scope if allowed.
2011-08-12 02:22:57,725 - Velocimacro : messages on  : VM system will output logging messages
2011-08-12 02:22:57,725 - Velocimacro : autoload off  : VM system will not automatically reload global library macros
2011-08-12 02:22:57,725 - Velocimacro : initialization complete.
2011-08-12 02:22:57,725 - Velocity successfully started.
2011-08-12 02:26:00,967 - SimpleLog4JLogSystem initialized using logfile 'velocity.log'
2011-08-12 02:26:00,967 - ************************************************************** 
2011-08-12 02:26:00,967 - Starting Jakarta Velocity v1.4
2011-08-12 02:26:00,967 - RuntimeInstance initializing.
2011-08-12 02:26:00,967 - Default Properties File: org\apache\velocity\runtime\defaults\velocity.properties
2011-08-12 02:26:00,967 - Trying to use logger class org.apache.velocity.runtime.log.SimpleLog4JLogSystem
2011-08-12 02:26:00,967 - Using logger class org.apache.velocity.runtime.log.SimpleLog4JLogSystem
2011-08-12 02:26:00,997 - Default ResourceManager initializing. (class org.apache.velocity.runtime.resource.ResourceManagerImpl)
2011-08-12 02:26:01,027 - Resource Loader Instantiated: org.apache.velocity.runtime.resource.loader.ClasspathResourceLoader
2011-08-12 02:26:01,027 - ClasspathResourceLoader : initialization starting.
2011-08-12 02:26:01,027 - ClasspathResourceLoader : initialization complete.
2011-08-12 02:26:01,037 - ResourceCache : initialized. (class org.apache.velocity.runtime.resource.ResourceCacheImpl)
2011-08-12 02:26:01,047 - Default ResourceManager initialization complete.
2011-08-12 02:26:01,057 - Loaded System Directive: org.apache.velocity.runtime.directive.Literal
2011-08-12 02:26:01,077 - Loaded System Directive: org.apache.velocity.runtime.directive.Macro
2011-08-12 02:26:01,107 - Loaded System Directive: org.apache.velocity.runtime.directive.Parse
2011-08-12 02:26:01,117 - Loaded System Directive: org.apache.velocity.runtime.directive.Include
2011-08-12 02:26:01,127 - Loaded System Directive: org.apache.velocity.runtime.directive.Foreach
2011-08-12 02:26:01,337 - Created: 20 parsers.
2011-08-12 02:26:01,427 - Velocimacro : initialization starting.
2011-08-12 02:26:01,427 - Velocimacro : adding VMs from VM library template : VM_global_library.vm
2011-08-12 02:26:01,457 - ResourceManager : unable to find resource 'VM_global_library.vm' in any resource loader.
2011-08-12 02:26:01,457 - Velocimacro : error using  VM library template VM_global_library.vm : org.apache.velocity.exception.ResourceNotFoundException: Unable to find resource 'VM_global_library.vm'
2011-08-12 02:26:01,457 - Velocimacro :  VM library template macro registration complete.
2011-08-12 02:26:01,457 - Velocimacro : allowInline = true : VMs can be defined inline in templates
2011-08-12 02:26:01,457 - Velocimacro : allowInlineToOverride = false : VMs defined inline may NOT replace previous VM definitions
2011-08-12 02:26:01,457 - Velocimacro : allowInlineLocal = false : VMs defined inline will be  global in scope if allowed.
2011-08-12 02:26:01,457 - Velocimacro : messages on  : VM system will output logging messages
2011-08-12 02:26:01,457 - Velocimacro : autoload off  : VM system will not automatically reload global library macros
2011-08-12 02:26:01,457 - Velocimacro : initialization complete.
2011-08-12 02:26:01,457 - Velocity successfully started.
2011-08-12 02:29:56,078 - SimpleLog4JLogSystem initialized using logfile 'velocity.log'
2011-08-12 02:29:56,078 - ************************************************************** 
2011-08-12 02:29:56,088 - Starting Jakarta Velocity v1.4
2011-08-12 02:29:56,088 - RuntimeInstance initializing.
2011-08-12 02:29:56,088 - Default Properties File: org\apache\velocity\runtime\defaults\velocity.properties
2011-08-12 02:29:56,088 - Trying to use logger class org.apache.velocity.runtime.log.SimpleLog4JLogSystem
2011-08-12 02:29:56,088 - Using logger class org.apache.velocity.runtime.log.SimpleLog4JLogSystem
2011-08-12 02:29:56,108 - Default ResourceManager initializing. (class org.apache.velocity.runtime.resource.ResourceManagerImpl)
2011-08-12 02:29:56,168 - Resource Loader Instantiated: org.apache.velocity.runtime.resource.loader.ClasspathResourceLoader
2011-08-12 02:29:56,168 - ClasspathResourceLoader : initialization starting.
2011-08-12 02:29:56,168 - ClasspathResourceLoader : initialization complete.
2011-08-12 02:29:56,188 - ResourceCache : initialized. (class org.apache.velocity.runtime.resource.ResourceCacheImpl)
2011-08-12 02:29:56,188 - Default ResourceManager initialization complete.
2011-08-12 02:29:56,208 - Loaded System Directive: org.apache.velocity.runtime.directive.Literal
2011-08-12 02:29:56,218 - Loaded System Directive: org.apache.velocity.runtime.directive.Macro
2011-08-12 02:29:56,248 - Loaded System Directive: org.apache.velocity.runtime.directive.Parse
2011-08-12 02:29:56,268 - Loaded System Directive: org.apache.velocity.runtime.directive.Include
2011-08-12 02:29:56,278 - Loaded System Directive: org.apache.velocity.runtime.directive.Foreach
2011-08-12 02:29:56,498 - Created: 20 parsers.
2011-08-12 02:29:56,588 - Velocimacro : initialization starting.
2011-08-12 02:29:56,588 - Velocimacro : adding VMs from VM library template : VM_global_library.vm
2011-08-12 02:29:56,628 - ResourceManager : unable to find resource 'VM_global_library.vm' in any resource loader.
2011-08-12 02:29:56,628 - Velocimacro : error using  VM library template VM_global_library.vm : org.apache.velocity.exception.ResourceNotFoundException: Unable to find resource 'VM_global_library.vm'
2011-08-12 02:29:56,628 - Velocimacro :  VM library template macro registration complete.
2011-08-12 02:29:56,628 - Velocimacro : allowInline = true : VMs can be defined inline in templates
2011-08-12 02:29:56,628 - Velocimacro : allowInlineToOverride = false : VMs defined inline may NOT replace previous VM definitions
2011-08-12 02:29:56,628 - Velocimacro : allowInlineLocal = false : VMs defined inline will be  global in scope if allowed.
2011-08-12 02:29:56,628 - Velocimacro : messages on  : VM system will output logging messages
2011-08-12 02:29:56,628 - Velocimacro : autoload off  : VM system will not automatically reload global library macros
2011-08-12 02:29:56,628 - Velocimacro : initialization complete.
2011-08-12 02:29:56,628 - Velocity successfully started.
2011-08-12 02:34:52,680 - SimpleLog4JLogSystem initialized using logfile 'velocity.log'
2011-08-12 02:34:52,680 - ************************************************************** 
2011-08-12 02:34:52,680 - Starting Jakarta Velocity v1.4
2011-08-12 02:34:52,680 - RuntimeInstance initializing.
2011-08-12 02:34:52,680 - Default Properties File: org\apache\velocity\runtime\defaults\velocity.properties
2011-08-12 02:34:52,680 - Trying to use logger class org.apache.velocity.runtime.log.SimpleLog4JLogSystem
2011-08-12 02:34:52,680 - Using logger class org.apache.velocity.runtime.log.SimpleLog4JLogSystem
2011-08-12 02:34:52,710 - Default ResourceManager initializing. (class org.apache.velocity.runtime.resource.ResourceManagerImpl)
2011-08-12 02:34:52,740 - Resource Loader Instantiated: org.apache.velocity.runtime.resource.loader.ClasspathResourceLoader
2011-08-12 02:34:52,740 - ClasspathResourceLoader : initialization starting.
2011-08-12 02:34:52,740 - ClasspathResourceLoader : initialization complete.
2011-08-12 02:34:52,760 - ResourceCache : initialized. (class org.apache.velocity.runtime.resource.ResourceCacheImpl)
2011-08-12 02:34:52,760 - Default ResourceManager initialization complete.
2011-08-12 02:34:52,780 - Loaded System Directive: org.apache.velocity.runtime.directive.Literal
2011-08-12 02:34:52,790 - Loaded System Directive: org.apache.velocity.runtime.directive.Macro
2011-08-12 02:34:52,820 - Loaded System Directive: org.apache.velocity.runtime.directive.Parse
2011-08-12 02:34:52,840 - Loaded System Directive: org.apache.velocity.runtime.directive.Include
2011-08-12 02:34:52,850 - Loaded System Directive: org.apache.velocity.runtime.directive.Foreach
2011-08-12 02:34:53,060 - Created: 20 parsers.
2011-08-12 02:34:53,140 - Velocimacro : initialization starting.
2011-08-12 02:34:53,140 - Velocimacro : adding VMs from VM library template : VM_global_library.vm
2011-08-12 02:34:53,180 - ResourceManager : unable to find resource 'VM_global_library.vm' in any resource loader.
2011-08-12 02:34:53,180 - Velocimacro : error using  VM library template VM_global_library.vm : org.apache.velocity.exception.ResourceNotFoundException: Unable to find resource 'VM_global_library.vm'
2011-08-12 02:34:53,180 - Velocimacro :  VM library template macro registration complete.
2011-08-12 02:34:53,180 - Velocimacro : allowInline = true : VMs can be defined inline in templates
2011-08-12 02:34:53,180 - Velocimacro : allowInlineToOverride = false : VMs defined inline may NOT replace previous VM definitions
2011-08-12 02:34:53,180 - Velocimacro : allowInlineLocal = false : VMs defined inline will be  global in scope if allowed.
2011-08-12 02:34:53,180 - Velocimacro : messages on  : VM system will output logging messages
2011-08-12 02:34:53,180 - Velocimacro : autoload off  : VM system will not automatically reload global library macros
2011-08-12 02:34:53,180 - Velocimacro : initialization complete.
2011-08-12 02:34:53,180 - Velocity successfully started.
2011-08-12 02:38:47,343 - SimpleLog4JLogSystem initialized using logfile 'velocity.log'
2011-08-12 02:38:47,343 - ************************************************************** 
2011-08-12 02:38:47,343 - Starting Jakarta Velocity v1.4
2011-08-12 02:38:47,343 - RuntimeInstance initializing.
2011-08-12 02:38:47,343 - Default Properties File: org\apache\velocity\runtime\defaults\velocity.properties
2011-08-12 02:38:47,343 - Trying to use logger class org.apache.velocity.runtime.log.SimpleLog4JLogSystem
2011-08-12 02:38:47,343 - Using logger class org.apache.velocity.runtime.log.SimpleLog4JLogSystem
2011-08-12 02:38:47,363 - Default ResourceManager initializing. (class org.apache.velocity.runtime.resource.ResourceManagerImpl)
2011-08-12 02:38:47,403 - Resource Loader Instantiated: org.apache.velocity.runtime.resource.loader.ClasspathResourceLoader
2011-08-12 02:38:47,403 - ClasspathResourceLoader : initialization starting.
2011-08-12 02:38:47,403 - ClasspathResourceLoader : initialization complete.
2011-08-12 02:38:47,413 - ResourceCache : initialized. (class org.apache.velocity.runtime.resource.ResourceCacheImpl)
2011-08-12 02:38:47,413 - Default ResourceManager initialization complete.
2011-08-12 02:38:47,433 - Loaded System Directive: org.apache.velocity.runtime.directive.Literal
2011-08-12 02:38:47,443 - Loaded System Directive: org.apache.velocity.runtime.directive.Macro
2011-08-12 02:38:47,473 - Loaded System Directive: org.apache.velocity.runtime.directive.Parse
2011-08-12 02:38:47,493 - Loaded System Directive: org.apache.velocity.runtime.directive.Include
2011-08-12 02:38:47,503 - Loaded System Directive: org.apache.velocity.runtime.directive.Foreach
2011-08-12 02:38:47,713 - Created: 20 parsers.
2011-08-12 02:38:47,793 - Velocimacro : initialization starting.
2011-08-12 02:38:47,793 - Velocimacro : adding VMs from VM library template : VM_global_library.vm
2011-08-12 02:38:47,833 - ResourceManager : unable to find resource 'VM_global_library.vm' in any resource loader.
2011-08-12 02:38:47,833 - Velocimacro : error using  VM library template VM_global_library.vm : org.apache.velocity.exception.ResourceNotFoundException: Unable to find resource 'VM_global_library.vm'
2011-08-12 02:38:47,833 - Velocimacro :  VM library template macro registration complete.
2011-08-12 02:38:47,833 - Velocimacro : allowInline = true : VMs can be defined inline in templates
2011-08-12 02:38:47,833 - Velocimacro : allowInlineToOverride = false : VMs defined inline may NOT replace previous VM definitions
2011-08-12 02:38:47,833 - Velocimacro : allowInlineLocal = false : VMs defined inline will be  global in scope if allowed.
2011-08-12 02:38:47,833 - Velocimacro : messages on  : VM system will output logging messages
2011-08-12 02:38:47,833 - Velocimacro : autoload off  : VM system will not automatically reload global library macros
2011-08-12 02:38:47,833 - Velocimacro : initialization complete.
2011-08-12 02:38:47,833 - Velocity successfully started.
2011-08-12 02:52:43,346 - SimpleLog4JLogSystem initialized using logfile 'velocity.log'
2011-08-12 02:52:43,346 - ************************************************************** 
2011-08-12 02:52:43,346 - Starting Jakarta Velocity v1.4
2011-08-12 02:52:43,346 - RuntimeInstance initializing.
2011-08-12 02:52:43,346 - Default Properties File: org\apache\velocity\runtime\defaults\velocity.properties
2011-08-12 02:52:43,346 - Trying to use logger class org.apache.velocity.runtime.log.SimpleLog4JLogSystem
2011-08-12 02:52:43,356 - Using logger class org.apache.velocity.runtime.log.SimpleLog4JLogSystem
2011-08-12 02:52:43,376 - Default ResourceManager initializing. (class org.apache.velocity.runtime.resource.ResourceManagerImpl)
2011-08-12 02:52:43,406 - Resource Loader Instantiated: org.apache.velocity.runtime.resource.loader.ClasspathResourceLoader
2011-08-12 02:52:43,406 - ClasspathResourceLoader : initialization starting.
2011-08-12 02:52:43,406 - ClasspathResourceLoader : initialization complete.
2011-08-12 02:52:43,426 - ResourceCache : initialized. (class org.apache.velocity.runtime.resource.ResourceCacheImpl)
2011-08-12 02:52:43,426 - Default ResourceManager initialization complete.
2011-08-12 02:52:43,446 - Loaded System Directive: org.apache.velocity.runtime.directive.Literal
2011-08-12 02:52:43,456 - Loaded System Directive: org.apache.velocity.runtime.directive.Macro
2011-08-12 02:52:43,486 - Loaded System Directive: org.apache.velocity.runtime.directive.Parse
2011-08-12 02:52:43,506 - Loaded System Directive: org.apache.velocity.runtime.directive.Include
2011-08-12 02:52:43,516 - Loaded System Directive: org.apache.velocity.runtime.directive.Foreach
2011-08-12 02:52:43,726 - Created: 20 parsers.
2011-08-12 02:52:43,816 - Velocimacro : initialization starting.
2011-08-12 02:52:43,816 - Velocimacro : adding VMs from VM library template : VM_global_library.vm
2011-08-12 02:52:43,856 - ResourceManager : unable to find resource 'VM_global_library.vm' in any resource loader.
2011-08-12 02:52:43,856 - Velocimacro : error using  VM library template VM_global_library.vm : org.apache.velocity.exception.ResourceNotFoundException: Unable to find resource 'VM_global_library.vm'
2011-08-12 02:52:43,856 - Velocimacro :  VM library template macro registration complete.
2011-08-12 02:52:43,856 - Velocimacro : allowInline = true : VMs can be defined inline in templates
2011-08-12 02:52:43,856 - Velocimacro : allowInlineToOverride = false : VMs defined inline may NOT replace previous VM definitions
2011-08-12 02:52:43,856 - Velocimacro : allowInlineLocal = false : VMs defined inline will be  global in scope if allowed.
2011-08-12 02:52:43,856 - Velocimacro : messages on  : VM system will output logging messages
2011-08-12 02:52:43,856 - Velocimacro : autoload off  : VM system will not automatically reload global library macros
2011-08-12 02:52:43,856 - Velocimacro : initialization complete.
2011-08-12 02:52:43,856 - Velocity successfully started.
2011-08-12 02:56:40,991 - SimpleLog4JLogSystem initialized using logfile 'velocity.log'
2011-08-12 02:56:41,001 - ************************************************************** 
2011-08-12 02:56:41,001 - Starting Jakarta Velocity v1.4
2011-08-12 02:56:41,001 - RuntimeInstance initializing.
2011-08-12 02:56:41,001 - Default Properties File: org\apache\velocity\runtime\defaults\velocity.properties
2011-08-12 02:56:41,001 - Trying to use logger class org.apache.velocity.runtime.log.SimpleLog4JLogSystem
2011-08-12 02:56:41,001 - Using logger class org.apache.velocity.runtime.log.SimpleLog4JLogSystem
2011-08-12 02:56:41,021 - Default ResourceManager initializing. (class org.apache.velocity.runtime.resource.ResourceManagerImpl)
2011-08-12 02:56:41,061 - Resource Loader Instantiated: org.apache.velocity.runtime.resource.loader.ClasspathResourceLoader
2011-08-12 02:56:41,061 - ClasspathResourceLoader : initialization starting.
2011-08-12 02:56:41,061 - ClasspathResourceLoader : initialization complete.
2011-08-12 02:56:41,071 - ResourceCache : initialized. (class org.apache.velocity.runtime.resource.ResourceCacheImpl)
2011-08-12 02:56:41,071 - Default ResourceManager initialization complete.
2011-08-12 02:56:41,091 - Loaded System Directive: org.apache.velocity.runtime.directive.Literal
2011-08-12 02:56:41,101 - Loaded System Directive: org.apache.velocity.runtime.directive.Macro
2011-08-12 02:56:41,131 - Loaded System Directive: org.apache.velocity.runtime.directive.Parse
2011-08-12 02:56:41,151 - Loaded System Directive: org.apache.velocity.runtime.directive.Include
2011-08-12 02:56:41,161 - Loaded System Directive: org.apache.velocity.runtime.directive.Foreach
2011-08-12 02:56:41,371 - Created: 20 parsers.
2011-08-12 02:56:41,451 - Velocimacro : initialization starting.
2011-08-12 02:56:41,451 - Velocimacro : adding VMs from VM library template : VM_global_library.vm
2011-08-12 02:56:41,491 - ResourceManager : unable to find resource 'VM_global_library.vm' in any resource loader.
2011-08-12 02:56:41,491 - Velocimacro : error using  VM library template VM_global_library.vm : org.apache.velocity.exception.ResourceNotFoundException: Unable to find resource 'VM_global_library.vm'
2011-08-12 02:56:41,491 - Velocimacro :  VM library template macro registration complete.
2011-08-12 02:56:41,491 - Velocimacro : allowInline = true : VMs can be defined inline in templates
2011-08-12 02:56:41,491 - Velocimacro : allowInlineToOverride = false : VMs defined inline may NOT replace previous VM definitions
2011-08-12 02:56:41,491 - Velocimacro : allowInlineLocal = false : VMs defined inline will be  global in scope if allowed.
2011-08-12 02:56:41,491 - Velocimacro : messages on  : VM system will output logging messages
2011-08-12 02:56:41,491 - Velocimacro : autoload off  : VM system will not automatically reload global library macros
2011-08-12 02:56:41,491 - Velocimacro : initialization complete.
2011-08-12 02:56:41,491 - Velocity successfully started.
2011-08-12 03:02:31,846 - SimpleLog4JLogSystem initialized using logfile 'velocity.log'
2011-08-12 03:02:31,846 - ************************************************************** 
2011-08-12 03:02:31,846 - Starting Jakarta Velocity v1.4
2011-08-12 03:02:31,846 - RuntimeInstance initializing.
2011-08-12 03:02:31,846 - Default Properties File: org\apache\velocity\runtime\defaults\velocity.properties
2011-08-12 03:02:31,846 - Trying to use logger class org.apache.velocity.runtime.log.SimpleLog4JLogSystem
2011-08-12 03:02:31,846 - Using logger class org.apache.velocity.runtime.log.SimpleLog4JLogSystem
2011-08-12 03:02:31,876 - Default ResourceManager initializing. (class org.apache.velocity.runtime.resource.ResourceManagerImpl)
2011-08-12 03:02:31,906 - Resource Loader Instantiated: org.apache.velocity.runtime.resource.loader.ClasspathResourceLoader
2011-08-12 03:02:31,906 - ClasspathResourceLoader : initialization starting.
2011-08-12 03:02:31,906 - ClasspathResourceLoader : initialization complete.
2011-08-12 03:02:31,926 - ResourceCache : initialized. (class org.apache.velocity.runtime.resource.ResourceCacheImpl)
2011-08-12 03:02:31,926 - Default ResourceManager initialization complete.
2011-08-12 03:02:31,936 - Loaded System Directive: org.apache.velocity.runtime.directive.Literal
2011-08-12 03:02:31,956 - Loaded System Directive: org.apache.velocity.runtime.directive.Macro
2011-08-12 03:02:31,986 - Loaded System Directive: org.apache.velocity.runtime.directive.Parse
2011-08-12 03:02:32,006 - Loaded System Directive: org.apache.velocity.runtime.directive.Include
2011-08-12 03:02:32,016 - Loaded System Directive: org.apache.velocity.runtime.directive.Foreach
2011-08-12 03:02:32,226 - Created: 20 parsers.
2011-08-12 03:02:32,306 - Velocimacro : initialization starting.
2011-08-12 03:02:32,306 - Velocimacro : adding VMs from VM library template : VM_global_library.vm
2011-08-12 03:02:32,346 - ResourceManager : unable to find resource 'VM_global_library.vm' in any resource loader.
2011-08-12 03:02:32,346 - Velocimacro : error using  VM library template VM_global_library.vm : org.apache.velocity.exception.ResourceNotFoundException: Unable to find resource 'VM_global_library.vm'
2011-08-12 03:02:32,346 - Velocimacro :  VM library template macro registration complete.
2011-08-12 03:02:32,346 - Velocimacro : allowInline = true : VMs can be defined inline in templates
2011-08-12 03:02:32,346 - Velocimacro : allowInlineToOverride = false : VMs defined inline may NOT replace previous VM definitions
2011-08-12 03:02:32,346 - Velocimacro : allowInlineLocal = false : VMs defined inline will be  global in scope if allowed.
2011-08-12 03:02:32,346 - Velocimacro : messages on  : VM system will output logging messages
2011-08-12 03:02:32,346 - Velocimacro : autoload off  : VM system will not automatically reload global library macros
2011-08-12 03:02:32,346 - Velocimacro : initialization complete.
2011-08-12 03:02:32,346 - Velocity successfully started.
2011-08-12 03:05:34,732 - SimpleLog4JLogSystem initialized using logfile 'velocity.log'
2011-08-12 03:05:34,732 - ************************************************************** 
2011-08-12 03:05:34,732 - Starting Jakarta Velocity v1.4
2011-08-12 03:05:34,732 - RuntimeInstance initializing.
2011-08-12 03:05:34,732 - Default Properties File: org\apache\velocity\runtime\defaults\velocity.properties
2011-08-12 03:05:34,732 - Trying to use logger class org.apache.velocity.runtime.log.SimpleLog4JLogSystem
2011-08-12 03:05:34,732 - Using logger class org.apache.velocity.runtime.log.SimpleLog4JLogSystem
2011-08-12 03:05:34,762 - Default ResourceManager initializing. (class org.apache.velocity.runtime.resource.ResourceManagerImpl)
2011-08-12 03:05:34,792 - Resource Loader Instantiated: org.apache.velocity.runtime.resource.loader.ClasspathResourceLoader
2011-08-12 03:05:34,792 - ClasspathResourceLoader : initialization starting.
2011-08-12 03:05:34,792 - ClasspathResourceLoader : initialization complete.
2011-08-12 03:05:34,812 - ResourceCache : initialized. (class org.apache.velocity.runtime.resource.ResourceCacheImpl)
2011-08-12 03:05:34,812 - Default ResourceManager initialization complete.
2011-08-12 03:05:34,832 - Loaded System Directive: org.apache.velocity.runtime.directive.Literal
2011-08-12 03:05:34,842 - Loaded System Directive: org.apache.velocity.runtime.directive.Macro
2011-08-12 03:05:34,872 - Loaded System Directive: org.apache.velocity.runtime.directive.Parse
2011-08-12 03:05:34,892 - Loaded System Directive: org.apache.velocity.runtime.directive.Include
2011-08-12 03:05:34,902 - Loaded System Directive: org.apache.velocity.runtime.directive.Foreach
2011-08-12 03:05:35,112 - Created: 20 parsers.
2011-08-12 03:05:35,192 - Velocimacro : initialization starting.
2011-08-12 03:05:35,192 - Velocimacro : adding VMs from VM library template : VM_global_library.vm
2011-08-12 03:05:35,232 - ResourceManager : unable to find resource 'VM_global_library.vm' in any resource loader.
2011-08-12 03:05:35,232 - Velocimacro : error using  VM library template VM_global_library.vm : org.apache.velocity.exception.ResourceNotFoundException: Unable to find resource 'VM_global_library.vm'
2011-08-12 03:05:35,232 - Velocimacro :  VM library template macro registration complete.
2011-08-12 03:05:35,232 - Velocimacro : allowInline = true : VMs can be defined inline in templates
2011-08-12 03:05:35,232 - Velocimacro : allowInlineToOverride = false : VMs defined inline may NOT replace previous VM definitions
2011-08-12 03:05:35,232 - Velocimacro : allowInlineLocal = false : VMs defined inline will be  global in scope if allowed.
2011-08-12 03:05:35,232 - Velocimacro : messages on  : VM system will output logging messages
2011-08-12 03:05:35,232 - Velocimacro : autoload off  : VM system will not automatically reload global library macros
2011-08-12 03:05:35,232 - Velocimacro : initialization complete.
2011-08-12 03:05:35,232 - Velocity successfully started.
2011-08-12 03:10:15,589 - SimpleLog4JLogSystem initialized using logfile 'velocity.log'
2011-08-12 03:10:15,589 - ************************************************************** 
2011-08-12 03:10:15,589 - Starting Jakarta Velocity v1.4
2011-08-12 03:10:15,589 - RuntimeInstance initializing.
2011-08-12 03:10:15,589 - Default Properties File: org\apache\velocity\runtime\defaults\velocity.properties
2011-08-12 03:10:15,589 - Trying to use logger class org.apache.velocity.runtime.log.SimpleLog4JLogSystem
2011-08-12 03:10:15,589 - Using logger class org.apache.velocity.runtime.log.SimpleLog4JLogSystem
2011-08-12 03:10:15,619 - Default ResourceManager initializing. (class org.apache.velocity.runtime.resource.ResourceManagerImpl)
2011-08-12 03:10:15,649 - Resource Loader Instantiated: org.apache.velocity.runtime.resource.loader.ClasspathResourceLoader
2011-08-12 03:10:15,649 - ClasspathResourceLoader : initialization starting.
2011-08-12 03:10:15,649 - ClasspathResourceLoader : initialization complete.
2011-08-12 03:10:15,669 - ResourceCache : initialized. (class org.apache.velocity.runtime.resource.ResourceCacheImpl)
2011-08-12 03:10:15,669 - Default ResourceManager initialization complete.
2011-08-12 03:10:15,679 - Loaded System Directive: org.apache.velocity.runtime.directive.Literal
2011-08-12 03:10:15,709 - Loaded System Directive: org.apache.velocity.runtime.directive.Macro
2011-08-12 03:10:15,729 - Loaded System Directive: org.apache.velocity.runtime.directive.Parse
2011-08-12 03:10:15,749 - Loaded System Directive: org.apache.velocity.runtime.directive.Include
2011-08-12 03:10:15,759 - Loaded System Directive: org.apache.velocity.runtime.directive.Foreach
2011-08-12 03:10:15,969 - Created: 20 parsers.
2011-08-12 03:10:16,049 - Velocimacro : initialization starting.
2011-08-12 03:10:16,049 - Velocimacro : adding VMs from VM library template : VM_global_library.vm
2011-08-12 03:10:16,089 - ResourceManager : unable to find resource 'VM_global_library.vm' in any resource loader.
2011-08-12 03:10:16,089 - Velocimacro : error using  VM library template VM_global_library.vm : org.apache.velocity.exception.ResourceNotFoundException: Unable to find resource 'VM_global_library.vm'
2011-08-12 03:10:16,089 - Velocimacro :  VM library template macro registration complete.
2011-08-12 03:10:16,089 - Velocimacro : allowInline = true : VMs can be defined inline in templates
2011-08-12 03:10:16,089 - Velocimacro : allowInlineToOverride = false : VMs defined inline may NOT replace previous VM definitions
2011-08-12 03:10:16,089 - Velocimacro : allowInlineLocal = false : VMs defined inline will be  global in scope if allowed.
2011-08-12 03:10:16,089 - Velocimacro : messages on  : VM system will output logging messages
2011-08-12 03:10:16,089 - Velocimacro : autoload off  : VM system will not automatically reload global library macros
2011-08-12 03:10:16,089 - Velocimacro : initialization complete.
2011-08-12 03:10:16,089 - Velocity successfully started.
2011-08-12 10:10:00,846 - SimpleLog4JLogSystem initialized using logfile 'velocity.log'
2011-08-12 10:10:00,856 - ************************************************************** 
2011-08-12 10:10:00,856 - Starting Jakarta Velocity v1.4
2011-08-12 10:10:00,856 - RuntimeInstance initializing.
2011-08-12 10:10:00,856 - Default Properties File: org\apache\velocity\runtime\defaults\velocity.properties
2011-08-12 10:10:00,856 - Trying to use logger class org.apache.velocity.runtime.log.SimpleLog4JLogSystem
2011-08-12 10:10:00,856 - Using logger class org.apache.velocity.runtime.log.SimpleLog4JLogSystem
2011-08-12 10:10:00,876 - Default ResourceManager initializing. (class org.apache.velocity.runtime.resource.ResourceManagerImpl)
2011-08-12 10:10:00,916 - Resource Loader Instantiated: org.apache.velocity.runtime.resource.loader.ClasspathResourceLoader
2011-08-12 10:10:00,916 - ClasspathResourceLoader : initialization starting.
2011-08-12 10:10:00,916 - ClasspathResourceLoader : initialization complete.
2011-08-12 10:10:00,926 - ResourceCache : initialized. (class org.apache.velocity.runtime.resource.ResourceCacheImpl)
2011-08-12 10:10:00,936 - Default ResourceManager initialization complete.
2011-08-12 10:10:00,946 - Loaded System Directive: org.apache.velocity.runtime.directive.Literal
2011-08-12 10:10:00,966 - Loaded System Directive: org.apache.velocity.runtime.directive.Macro
2011-08-12 10:10:00,996 - Loaded System Directive: org.apache.velocity.runtime.directive.Parse
2011-08-12 10:10:01,016 - Loaded System Directive: org.apache.velocity.runtime.directive.Include
2011-08-12 10:10:01,026 - Loaded System Directive: org.apache.velocity.runtime.directive.Foreach
2011-08-12 10:10:01,256 - Created: 20 parsers.
2011-08-12 10:10:01,336 - Velocimacro : initialization starting.
2011-08-12 10:10:01,336 - Velocimacro : adding VMs from VM library template : VM_global_library.vm
2011-08-12 10:10:01,376 - ResourceManager : unable to find resource 'VM_global_library.vm' in any resource loader.
2011-08-12 10:10:01,376 - Velocimacro : error using  VM library template VM_global_library.vm : org.apache.velocity.exception.ResourceNotFoundException: Unable to find resource 'VM_global_library.vm'
2011-08-12 10:10:01,376 - Velocimacro :  VM library template macro registration complete.
2011-08-12 10:10:01,376 - Velocimacro : allowInline = true : VMs can be defined inline in templates
2011-08-12 10:10:01,376 - Velocimacro : allowInlineToOverride = false : VMs defined inline may NOT replace previous VM definitions
2011-08-12 10:10:01,376 - Velocimacro : allowInlineLocal = false : VMs defined inline will be  global in scope if allowed.
2011-08-12 10:10:01,376 - Velocimacro : messages on  : VM system will output logging messages
2011-08-12 10:10:01,376 - Velocimacro : autoload off  : VM system will not automatically reload global library macros
2011-08-12 10:10:01,376 - Velocimacro : initialization complete.
2011-08-12 10:10:01,376 - Velocity successfully started.
