2011-08-20 21:57:24,119 - SimpleLog4JLogSystem initialized using logfile 'velocity.log'
2011-08-20 21:57:24,119 - ************************************************************** 
2011-08-20 21:57:24,119 - Starting Jakarta Velocity v1.4
2011-08-20 21:57:24,119 - RuntimeInstance initializing.
2011-08-20 21:57:24,119 - Default Properties File: org\apache\velocity\runtime\defaults\velocity.properties
2011-08-20 21:57:24,119 - Trying to use logger class org.apache.velocity.runtime.log.SimpleLog4JLogSystem
2011-08-20 21:57:24,119 - Using logger class org.apache.velocity.runtime.log.SimpleLog4JLogSystem
2011-08-20 21:57:24,129 - Default ResourceManager initializing. (class org.apache.velocity.runtime.resource.ResourceManagerImpl)
2011-08-20 21:57:24,139 - Resource Loader Instantiated: org.apache.velocity.runtime.resource.loader.ClasspathResourceLoader
2011-08-20 21:57:24,139 - ClasspathResourceLoader : initialization starting.
2011-08-20 21:57:24,139 - ClasspathResourceLoader : initialization complete.
2011-08-20 21:57:24,149 - ResourceCache : initialized. (class org.apache.velocity.runtime.resource.ResourceCacheImpl)
2011-08-20 21:57:24,149 - Default ResourceManager initialization complete.
2011-08-20 21:57:24,159 - Loaded System Directive: org.apache.velocity.runtime.directive.Literal
2011-08-20 21:57:24,159 - Loaded System Directive: org.apache.velocity.runtime.directive.Macro
2011-08-20 21:57:24,169 - Loaded System Directive: org.apache.velocity.runtime.directive.Parse
2011-08-20 21:57:24,179 - Loaded System Directive: org.apache.velocity.runtime.directive.Include
2011-08-20 21:57:24,179 - Loaded System Directive: org.apache.velocity.runtime.directive.Foreach
2011-08-20 21:57:24,249 - Created: 20 parsers.
2011-08-20 21:57:24,279 - Velocimacro : initialization starting.
2011-08-20 21:57:24,279 - Velocimacro : adding VMs from VM library template : VM_global_library.vm
2011-08-20 21:57:24,299 - ResourceManager : unable to find resource 'VM_global_library.vm' in any resource loader.
2011-08-20 21:57:24,299 - Velocimacro : error using  VM library template VM_global_library.vm : org.apache.velocity.exception.ResourceNotFoundException: Unable to find resource 'VM_global_library.vm'
2011-08-20 21:57:24,299 - Velocimacro :  VM library template macro registration complete.
2011-08-20 21:57:24,299 - Velocimacro : allowInline = true : VMs can be defined inline in templates
2011-08-20 21:57:24,299 - Velocimacro : allowInlineToOverride = false : VMs defined inline may NOT replace previous VM definitions
2011-08-20 21:57:24,299 - Velocimacro : allowInlineLocal = false : VMs defined inline will be  global in scope if allowed.
2011-08-20 21:57:24,299 - Velocimacro : messages on  : VM system will output logging messages
2011-08-20 21:57:24,299 - Velocimacro : autoload off  : VM system will not automatically reload global library macros
2011-08-20 21:57:24,299 - Velocimacro : initialization complete.
2011-08-20 21:57:24,299 - Velocity successfully started.
2011-08-20 21:59:47,751 - SimpleLog4JLogSystem initialized using logfile 'velocity.log'
2011-08-20 21:59:47,751 - ************************************************************** 
2011-08-20 21:59:47,751 - Starting Jakarta Velocity v1.4
2011-08-20 21:59:47,751 - RuntimeInstance initializing.
2011-08-20 21:59:47,761 - Default Properties File: org\apache\velocity\runtime\defaults\velocity.properties
2011-08-20 21:59:47,761 - Trying to use logger class org.apache.velocity.runtime.log.SimpleLog4JLogSystem
2011-08-20 21:59:47,761 - Using logger class org.apache.velocity.runtime.log.SimpleLog4JLogSystem
2011-08-20 21:59:47,771 - Default ResourceManager initializing. (class org.apache.velocity.runtime.resource.ResourceManagerImpl)
2011-08-20 21:59:47,781 - Resource Loader Instantiated: org.apache.velocity.runtime.resource.loader.ClasspathResourceLoader
2011-08-20 21:59:47,781 - ClasspathResourceLoader : initialization starting.
2011-08-20 21:59:47,781 - ClasspathResourceLoader : initialization complete.
2011-08-20 21:59:47,781 - ResourceCache : initialized. (class org.apache.velocity.runtime.resource.ResourceCacheImpl)
2011-08-20 21:59:47,781 - Default ResourceManager initialization complete.
2011-08-20 21:59:47,791 - Loaded System Directive: org.apache.velocity.runtime.directive.Literal
2011-08-20 21:59:47,791 - Loaded System Directive: org.apache.velocity.runtime.directive.Macro
2011-08-20 21:59:47,811 - Loaded System Directive: org.apache.velocity.runtime.directive.Parse
2011-08-20 21:59:47,811 - Loaded System Directive: org.apache.velocity.runtime.directive.Include
2011-08-20 21:59:47,821 - Loaded System Directive: org.apache.velocity.runtime.directive.Foreach
2011-08-20 21:59:47,891 - Created: 20 parsers.
2011-08-20 21:59:47,921 - Velocimacro : initialization starting.
2011-08-20 21:59:47,921 - Velocimacro : adding VMs from VM library template : VM_global_library.vm
2011-08-20 21:59:47,941 - ResourceManager : unable to find resource 'VM_global_library.vm' in any resource loader.
2011-08-20 21:59:47,941 - Velocimacro : error using  VM library template VM_global_library.vm : org.apache.velocity.exception.ResourceNotFoundException: Unable to find resource 'VM_global_library.vm'
2011-08-20 21:59:47,941 - Velocimacro :  VM library template macro registration complete.
2011-08-20 21:59:47,941 - Velocimacro : allowInline = true : VMs can be defined inline in templates
2011-08-20 21:59:47,941 - Velocimacro : allowInlineToOverride = false : VMs defined inline may NOT replace previous VM definitions
2011-08-20 21:59:47,941 - Velocimacro : allowInlineLocal = false : VMs defined inline will be  global in scope if allowed.
2011-08-20 21:59:47,941 - Velocimacro : messages on  : VM system will output logging messages
2011-08-20 21:59:47,941 - Velocimacro : autoload off  : VM system will not automatically reload global library macros
2011-08-20 21:59:47,941 - Velocimacro : initialization complete.
2011-08-20 21:59:47,941 - Velocity successfully started.
2011-08-20 22:01:53,013 - SimpleLog4JLogSystem initialized using logfile 'velocity.log'
2011-08-20 22:01:53,013 - ************************************************************** 
2011-08-20 22:01:53,013 - Starting Jakarta Velocity v1.4
2011-08-20 22:01:53,013 - RuntimeInstance initializing.
2011-08-20 22:01:53,013 - Default Properties File: org\apache\velocity\runtime\defaults\velocity.properties
2011-08-20 22:01:53,013 - Trying to use logger class org.apache.velocity.runtime.log.SimpleLog4JLogSystem
2011-08-20 22:01:53,013 - Using logger class org.apache.velocity.runtime.log.SimpleLog4JLogSystem
2011-08-20 22:01:53,023 - Default ResourceManager initializing. (class org.apache.velocity.runtime.resource.ResourceManagerImpl)
2011-08-20 22:01:53,033 - Resource Loader Instantiated: org.apache.velocity.runtime.resource.loader.ClasspathResourceLoader
2011-08-20 22:01:53,033 - ClasspathResourceLoader : initialization starting.
2011-08-20 22:01:53,033 - ClasspathResourceLoader : initialization complete.
2011-08-20 22:01:53,043 - ResourceCache : initialized. (class org.apache.velocity.runtime.resource.ResourceCacheImpl)
2011-08-20 22:01:53,043 - Default ResourceManager initialization complete.
2011-08-20 22:01:53,053 - Loaded System Directive: org.apache.velocity.runtime.directive.Literal
2011-08-20 22:01:53,053 - Loaded System Directive: org.apache.velocity.runtime.directive.Macro
2011-08-20 22:01:53,063 - Loaded System Directive: org.apache.velocity.runtime.directive.Parse
2011-08-20 22:01:53,073 - Loaded System Directive: org.apache.velocity.runtime.directive.Include
2011-08-20 22:01:53,073 - Loaded System Directive: org.apache.velocity.runtime.directive.Foreach
2011-08-20 22:01:53,153 - Created: 20 parsers.
2011-08-20 22:01:53,183 - Velocimacro : initialization starting.
2011-08-20 22:01:53,183 - Velocimacro : adding VMs from VM library template : VM_global_library.vm
2011-08-20 22:01:53,193 - ResourceManager : unable to find resource 'VM_global_library.vm' in any resource loader.
2011-08-20 22:01:53,193 - Velocimacro : error using  VM library template VM_global_library.vm : org.apache.velocity.exception.ResourceNotFoundException: Unable to find resource 'VM_global_library.vm'
2011-08-20 22:01:53,193 - Velocimacro :  VM library template macro registration complete.
2011-08-20 22:01:53,193 - Velocimacro : allowInline = true : VMs can be defined inline in templates
2011-08-20 22:01:53,193 - Velocimacro : allowInlineToOverride = false : VMs defined inline may NOT replace previous VM definitions
2011-08-20 22:01:53,193 - Velocimacro : allowInlineLocal = false : VMs defined inline will be  global in scope if allowed.
2011-08-20 22:01:53,193 - Velocimacro : messages on  : VM system will output logging messages
2011-08-20 22:01:53,193 - Velocimacro : autoload off  : VM system will not automatically reload global library macros
2011-08-20 22:01:53,193 - Velocimacro : initialization complete.
2011-08-20 22:01:53,193 - Velocity successfully started.
2011-08-20 22:18:05,748 - SimpleLog4JLogSystem initialized using logfile 'velocity.log'
2011-08-20 22:18:05,748 - ************************************************************** 
2011-08-20 22:18:05,748 - Starting Jakarta Velocity v1.4
2011-08-20 22:18:05,748 - RuntimeInstance initializing.
2011-08-20 22:18:05,748 - Default Properties File: org\apache\velocity\runtime\defaults\velocity.properties
2011-08-20 22:18:05,748 - Trying to use logger class org.apache.velocity.runtime.log.SimpleLog4JLogSystem
2011-08-20 22:18:05,748 - Using logger class org.apache.velocity.runtime.log.SimpleLog4JLogSystem
2011-08-20 22:18:05,758 - Default ResourceManager initializing. (class org.apache.velocity.runtime.resource.ResourceManagerImpl)
2011-08-20 22:18:05,768 - Resource Loader Instantiated: org.apache.velocity.runtime.resource.loader.ClasspathResourceLoader
2011-08-20 22:18:05,768 - ClasspathResourceLoader : initialization starting.
2011-08-20 22:18:05,768 - ClasspathResourceLoader : initialization complete.
2011-08-20 22:18:05,768 - ResourceCache : initialized. (class org.apache.velocity.runtime.resource.ResourceCacheImpl)
2011-08-20 22:18:05,768 - Default ResourceManager initialization complete.
2011-08-20 22:18:05,778 - Loaded System Directive: org.apache.velocity.runtime.directive.Literal
2011-08-20 22:18:05,788 - Loaded System Directive: org.apache.velocity.runtime.directive.Macro
2011-08-20 22:18:05,798 - Loaded System Directive: org.apache.velocity.runtime.directive.Parse
2011-08-20 22:18:05,798 - Loaded System Directive: org.apache.velocity.runtime.directive.Include
2011-08-20 22:18:05,808 - Loaded System Directive: org.apache.velocity.runtime.directive.Foreach
2011-08-20 22:18:05,878 - Created: 20 parsers.
2011-08-20 22:18:05,908 - Velocimacro : initialization starting.
2011-08-20 22:18:05,908 - Velocimacro : adding VMs from VM library template : VM_global_library.vm
2011-08-20 22:18:05,918 - ResourceManager : unable to find resource 'VM_global_library.vm' in any resource loader.
2011-08-20 22:18:05,918 - Velocimacro : error using  VM library template VM_global_library.vm : org.apache.velocity.exception.ResourceNotFoundException: Unable to find resource 'VM_global_library.vm'
2011-08-20 22:18:05,918 - Velocimacro :  VM library template macro registration complete.
2011-08-20 22:18:05,918 - Velocimacro : allowInline = true : VMs can be defined inline in templates
2011-08-20 22:18:05,918 - Velocimacro : allowInlineToOverride = false : VMs defined inline may NOT replace previous VM definitions
2011-08-20 22:18:05,918 - Velocimacro : allowInlineLocal = false : VMs defined inline will be  global in scope if allowed.
2011-08-20 22:18:05,918 - Velocimacro : messages on  : VM system will output logging messages
2011-08-20 22:18:05,918 - Velocimacro : autoload off  : VM system will not automatically reload global library macros
2011-08-20 22:18:05,918 - Velocimacro : initialization complete.
2011-08-20 22:18:05,918 - Velocity successfully started.
2011-08-20 22:20:10,838 - SimpleLog4JLogSystem initialized using logfile 'velocity.log'
2011-08-20 22:20:10,838 - ************************************************************** 
2011-08-20 22:20:10,838 - Starting Jakarta Velocity v1.4
2011-08-20 22:20:10,838 - RuntimeInstance initializing.
2011-08-20 22:20:10,838 - Default Properties File: org\apache\velocity\runtime\defaults\velocity.properties
2011-08-20 22:20:10,838 - Trying to use logger class org.apache.velocity.runtime.log.SimpleLog4JLogSystem
2011-08-20 22:20:10,838 - Using logger class org.apache.velocity.runtime.log.SimpleLog4JLogSystem
2011-08-20 22:20:10,848 - Default ResourceManager initializing. (class org.apache.velocity.runtime.resource.ResourceManagerImpl)
2011-08-20 22:20:10,868 - Resource Loader Instantiated: org.apache.velocity.runtime.resource.loader.ClasspathResourceLoader
2011-08-20 22:20:10,868 - ClasspathResourceLoader : initialization starting.
2011-08-20 22:20:10,868 - ClasspathResourceLoader : initialization complete.
2011-08-20 22:20:10,878 - ResourceCache : initialized. (class org.apache.velocity.runtime.resource.ResourceCacheImpl)
2011-08-20 22:20:10,878 - Default ResourceManager initialization complete.
2011-08-20 22:20:10,878 - Loaded System Directive: org.apache.velocity.runtime.directive.Literal
2011-08-20 22:20:10,888 - Loaded System Directive: org.apache.velocity.runtime.directive.Macro
2011-08-20 22:20:10,908 - Loaded System Directive: org.apache.velocity.runtime.directive.Parse
2011-08-20 22:20:10,918 - Loaded System Directive: org.apache.velocity.runtime.directive.Include
2011-08-20 22:20:10,918 - Loaded System Directive: org.apache.velocity.runtime.directive.Foreach
2011-08-20 22:20:11,018 - Created: 20 parsers.
2011-08-20 22:20:11,048 - Velocimacro : initialization starting.
2011-08-20 22:20:11,048 - Velocimacro : adding VMs from VM library template : VM_global_library.vm
2011-08-20 22:20:11,068 - ResourceManager : unable to find resource 'VM_global_library.vm' in any resource loader.
2011-08-20 22:20:11,068 - Velocimacro : error using  VM library template VM_global_library.vm : org.apache.velocity.exception.ResourceNotFoundException: Unable to find resource 'VM_global_library.vm'
2011-08-20 22:20:11,098 - Velocimacro :  VM library template macro registration complete.
2011-08-20 22:20:11,098 - Velocimacro : allowInline = true : VMs can be defined inline in templates
2011-08-20 22:20:11,098 - Velocimacro : allowInlineToOverride = false : VMs defined inline may NOT replace previous VM definitions
2011-08-20 22:20:11,098 - Velocimacro : allowInlineLocal = false : VMs defined inline will be  global in scope if allowed.
2011-08-20 22:20:11,098 - Velocimacro : messages on  : VM system will output logging messages
2011-08-20 22:20:11,098 - Velocimacro : autoload off  : VM system will not automatically reload global library macros
2011-08-20 22:20:11,098 - Velocimacro : initialization complete.
2011-08-20 22:20:11,098 - Velocity successfully started.
2011-08-20 22:22:24,227 - SimpleLog4JLogSystem initialized using logfile 'velocity.log'
2011-08-20 22:22:24,227 - ************************************************************** 
2011-08-20 22:22:24,227 - Starting Jakarta Velocity v1.4
2011-08-20 22:22:24,227 - RuntimeInstance initializing.
2011-08-20 22:22:24,227 - Default Properties File: org\apache\velocity\runtime\defaults\velocity.properties
2011-08-20 22:22:24,227 - Trying to use logger class org.apache.velocity.runtime.log.SimpleLog4JLogSystem
2011-08-20 22:22:24,227 - Using logger class org.apache.velocity.runtime.log.SimpleLog4JLogSystem
2011-08-20 22:22:24,237 - Default ResourceManager initializing. (class org.apache.velocity.runtime.resource.ResourceManagerImpl)
2011-08-20 22:22:24,247 - Resource Loader Instantiated: org.apache.velocity.runtime.resource.loader.ClasspathResourceLoader
2011-08-20 22:22:24,247 - ClasspathResourceLoader : initialization starting.
2011-08-20 22:22:24,247 - ClasspathResourceLoader : initialization complete.
2011-08-20 22:22:24,257 - ResourceCache : initialized. (class org.apache.velocity.runtime.resource.ResourceCacheImpl)
2011-08-20 22:22:24,257 - Default ResourceManager initialization complete.
2011-08-20 22:22:24,257 - Loaded System Directive: org.apache.velocity.runtime.directive.Literal
2011-08-20 22:22:24,267 - Loaded System Directive: org.apache.velocity.runtime.directive.Macro
2011-08-20 22:22:24,277 - Loaded System Directive: org.apache.velocity.runtime.directive.Parse
2011-08-20 22:22:24,277 - Loaded System Directive: org.apache.velocity.runtime.directive.Include
2011-08-20 22:22:24,287 - Loaded System Directive: org.apache.velocity.runtime.directive.Foreach
2011-08-20 22:22:24,357 - Created: 20 parsers.
2011-08-20 22:22:24,387 - Velocimacro : initialization starting.
2011-08-20 22:22:24,387 - Velocimacro : adding VMs from VM library template : VM_global_library.vm
2011-08-20 22:22:24,397 - ResourceManager : unable to find resource 'VM_global_library.vm' in any resource loader.
2011-08-20 22:22:24,407 - Velocimacro : error using  VM library template VM_global_library.vm : org.apache.velocity.exception.ResourceNotFoundException: Unable to find resource 'VM_global_library.vm'
2011-08-20 22:22:24,407 - Velocimacro :  VM library template macro registration complete.
2011-08-20 22:22:24,407 - Velocimacro : allowInline = true : VMs can be defined inline in templates
2011-08-20 22:22:24,407 - Velocimacro : allowInlineToOverride = false : VMs defined inline may NOT replace previous VM definitions
2011-08-20 22:22:24,407 - Velocimacro : allowInlineLocal = false : VMs defined inline will be  global in scope if allowed.
2011-08-20 22:22:24,407 - Velocimacro : messages on  : VM system will output logging messages
2011-08-20 22:22:24,407 - Velocimacro : autoload off  : VM system will not automatically reload global library macros
2011-08-20 22:22:24,407 - Velocimacro : initialization complete.
2011-08-20 22:22:24,407 - Velocity successfully started.
2011-08-20 22:30:03,840 - SimpleLog4JLogSystem initialized using logfile 'velocity.log'
2011-08-20 22:30:03,840 - ************************************************************** 
2011-08-20 22:30:03,840 - Starting Jakarta Velocity v1.4
2011-08-20 22:30:03,840 - RuntimeInstance initializing.
2011-08-20 22:30:03,840 - Default Properties File: org\apache\velocity\runtime\defaults\velocity.properties
2011-08-20 22:30:03,840 - Trying to use logger class org.apache.velocity.runtime.log.SimpleLog4JLogSystem
2011-08-20 22:30:03,840 - Using logger class org.apache.velocity.runtime.log.SimpleLog4JLogSystem
2011-08-20 22:30:03,850 - Default ResourceManager initializing. (class org.apache.velocity.runtime.resource.ResourceManagerImpl)
2011-08-20 22:30:03,860 - Resource Loader Instantiated: org.apache.velocity.runtime.resource.loader.ClasspathResourceLoader
2011-08-20 22:30:03,860 - ClasspathResourceLoader : initialization starting.
2011-08-20 22:30:03,860 - ClasspathResourceLoader : initialization complete.
2011-08-20 22:30:03,860 - ResourceCache : initialized. (class org.apache.velocity.runtime.resource.ResourceCacheImpl)
2011-08-20 22:30:03,860 - Default ResourceManager initialization complete.
2011-08-20 22:30:03,870 - Loaded System Directive: org.apache.velocity.runtime.directive.Literal
2011-08-20 22:30:03,870 - Loaded System Directive: org.apache.velocity.runtime.directive.Macro
2011-08-20 22:30:03,880 - Loaded System Directive: org.apache.velocity.runtime.directive.Parse
2011-08-20 22:30:03,890 - Loaded System Directive: org.apache.velocity.runtime.directive.Include
2011-08-20 22:30:03,890 - Loaded System Directive: org.apache.velocity.runtime.directive.Foreach
2011-08-20 22:30:03,970 - Created: 20 parsers.
2011-08-20 22:30:04,000 - Velocimacro : initialization starting.
2011-08-20 22:30:04,000 - Velocimacro : adding VMs from VM library template : VM_global_library.vm
2011-08-20 22:30:04,010 - ResourceManager : unable to find resource 'VM_global_library.vm' in any resource loader.
2011-08-20 22:30:04,010 - Velocimacro : error using  VM library template VM_global_library.vm : org.apache.velocity.exception.ResourceNotFoundException: Unable to find resource 'VM_global_library.vm'
2011-08-20 22:30:04,010 - Velocimacro :  VM library template macro registration complete.
2011-08-20 22:30:04,010 - Velocimacro : allowInline = true : VMs can be defined inline in templates
2011-08-20 22:30:04,010 - Velocimacro : allowInlineToOverride = false : VMs defined inline may NOT replace previous VM definitions
2011-08-20 22:30:04,010 - Velocimacro : allowInlineLocal = false : VMs defined inline will be  global in scope if allowed.
2011-08-20 22:30:04,010 - Velocimacro : messages on  : VM system will output logging messages
2011-08-20 22:30:04,010 - Velocimacro : autoload off  : VM system will not automatically reload global library macros
2011-08-20 22:30:04,010 - Velocimacro : initialization complete.
2011-08-20 22:30:04,010 - Velocity successfully started.
2011-08-20 22:32:13,652 - SimpleLog4JLogSystem initialized using logfile 'velocity.log'
2011-08-20 22:32:13,652 - ************************************************************** 
2011-08-20 22:32:13,652 - Starting Jakarta Velocity v1.4
2011-08-20 22:32:13,652 - RuntimeInstance initializing.
2011-08-20 22:32:13,652 - Default Properties File: org\apache\velocity\runtime\defaults\velocity.properties
2011-08-20 22:32:13,652 - Trying to use logger class org.apache.velocity.runtime.log.SimpleLog4JLogSystem
2011-08-20 22:32:13,652 - Using logger class org.apache.velocity.runtime.log.SimpleLog4JLogSystem
2011-08-20 22:32:13,662 - Default ResourceManager initializing. (class org.apache.velocity.runtime.resource.ResourceManagerImpl)
2011-08-20 22:32:13,682 - Resource Loader Instantiated: org.apache.velocity.runtime.resource.loader.ClasspathResourceLoader
2011-08-20 22:32:13,682 - ClasspathResourceLoader : initialization starting.
2011-08-20 22:32:13,682 - ClasspathResourceLoader : initialization complete.
2011-08-20 22:32:13,682 - ResourceCache : initialized. (class org.apache.velocity.runtime.resource.ResourceCacheImpl)
2011-08-20 22:32:13,682 - Default ResourceManager initialization complete.
2011-08-20 22:32:13,692 - Loaded System Directive: org.apache.velocity.runtime.directive.Literal
2011-08-20 22:32:13,692 - Loaded System Directive: org.apache.velocity.runtime.directive.Macro
2011-08-20 22:32:13,702 - Loaded System Directive: org.apache.velocity.runtime.directive.Parse
2011-08-20 22:32:13,712 - Loaded System Directive: org.apache.velocity.runtime.directive.Include
2011-08-20 22:32:13,712 - Loaded System Directive: org.apache.velocity.runtime.directive.Foreach
2011-08-20 22:32:13,792 - Created: 20 parsers.
2011-08-20 22:32:13,822 - Velocimacro : initialization starting.
2011-08-20 22:32:13,822 - Velocimacro : adding VMs from VM library template : VM_global_library.vm
2011-08-20 22:32:13,832 - ResourceManager : unable to find resource 'VM_global_library.vm' in any resource loader.
2011-08-20 22:32:13,832 - Velocimacro : error using  VM library template VM_global_library.vm : org.apache.velocity.exception.ResourceNotFoundException: Unable to find resource 'VM_global_library.vm'
2011-08-20 22:32:13,832 - Velocimacro :  VM library template macro registration complete.
2011-08-20 22:32:13,832 - Velocimacro : allowInline = true : VMs can be defined inline in templates
2011-08-20 22:32:13,832 - Velocimacro : allowInlineToOverride = false : VMs defined inline may NOT replace previous VM definitions
2011-08-20 22:32:13,832 - Velocimacro : allowInlineLocal = false : VMs defined inline will be  global in scope if allowed.
2011-08-20 22:32:13,832 - Velocimacro : messages on  : VM system will output logging messages
2011-08-20 22:32:13,832 - Velocimacro : autoload off  : VM system will not automatically reload global library macros
2011-08-20 22:32:13,832 - Velocimacro : initialization complete.
2011-08-20 22:32:13,832 - Velocity successfully started.
2011-08-20 22:33:27,134 - SimpleLog4JLogSystem initialized using logfile 'velocity.log'
2011-08-20 22:33:27,134 - ************************************************************** 
2011-08-20 22:33:27,134 - Starting Jakarta Velocity v1.4
2011-08-20 22:33:27,134 - RuntimeInstance initializing.
2011-08-20 22:33:27,134 - Default Properties File: org\apache\velocity\runtime\defaults\velocity.properties
2011-08-20 22:33:27,134 - Trying to use logger class org.apache.velocity.runtime.log.SimpleLog4JLogSystem
2011-08-20 22:33:27,134 - Using logger class org.apache.velocity.runtime.log.SimpleLog4JLogSystem
2011-08-20 22:33:27,144 - Default ResourceManager initializing. (class org.apache.velocity.runtime.resource.ResourceManagerImpl)
2011-08-20 22:33:27,154 - Resource Loader Instantiated: org.apache.velocity.runtime.resource.loader.ClasspathResourceLoader
2011-08-20 22:33:27,154 - ClasspathResourceLoader : initialization starting.
2011-08-20 22:33:27,154 - ClasspathResourceLoader : initialization complete.
2011-08-20 22:33:27,164 - ResourceCache : initialized. (class org.apache.velocity.runtime.resource.ResourceCacheImpl)
2011-08-20 22:33:27,164 - Default ResourceManager initialization complete.
2011-08-20 22:33:27,164 - Loaded System Directive: org.apache.velocity.runtime.directive.Literal
2011-08-20 22:33:27,174 - Loaded System Directive: org.apache.velocity.runtime.directive.Macro
2011-08-20 22:33:27,184 - Loaded System Directive: org.apache.velocity.runtime.directive.Parse
2011-08-20 22:33:27,194 - Loaded System Directive: org.apache.velocity.runtime.directive.Include
2011-08-20 22:33:27,194 - Loaded System Directive: org.apache.velocity.runtime.directive.Foreach
2011-08-20 22:33:27,274 - Created: 20 parsers.
2011-08-20 22:33:27,314 - Velocimacro : initialization starting.
2011-08-20 22:33:27,314 - Velocimacro : adding VMs from VM library template : VM_global_library.vm
2011-08-20 22:33:27,324 - ResourceManager : unable to find resource 'VM_global_library.vm' in any resource loader.
2011-08-20 22:33:27,324 - Velocimacro : error using  VM library template VM_global_library.vm : org.apache.velocity.exception.ResourceNotFoundException: Unable to find resource 'VM_global_library.vm'
2011-08-20 22:33:27,324 - Velocimacro :  VM library template macro registration complete.
2011-08-20 22:33:27,334 - Velocimacro : allowInline = true : VMs can be defined inline in templates
2011-08-20 22:33:27,334 - Velocimacro : allowInlineToOverride = false : VMs defined inline may NOT replace previous VM definitions
2011-08-20 22:33:27,334 - Velocimacro : allowInlineLocal = false : VMs defined inline will be  global in scope if allowed.
2011-08-20 22:33:27,334 - Velocimacro : messages on  : VM system will output logging messages
2011-08-20 22:33:27,334 - Velocimacro : autoload off  : VM system will not automatically reload global library macros
2011-08-20 22:33:27,334 - Velocimacro : initialization complete.
2011-08-20 22:33:27,334 - Velocity successfully started.
2011-08-20 22:44:56,100 - SimpleLog4JLogSystem initialized using logfile 'velocity.log'
2011-08-20 22:44:56,100 - ************************************************************** 
2011-08-20 22:44:56,100 - Starting Jakarta Velocity v1.4
2011-08-20 22:44:56,100 - RuntimeInstance initializing.
2011-08-20 22:44:56,100 - Default Properties File: org\apache\velocity\runtime\defaults\velocity.properties
2011-08-20 22:44:56,100 - Trying to use logger class org.apache.velocity.runtime.log.SimpleLog4JLogSystem
2011-08-20 22:44:56,110 - Using logger class org.apache.velocity.runtime.log.SimpleLog4JLogSystem
2011-08-20 22:44:56,110 - Default ResourceManager initializing. (class org.apache.velocity.runtime.resource.ResourceManagerImpl)
2011-08-20 22:44:56,130 - Resource Loader Instantiated: org.apache.velocity.runtime.resource.loader.ClasspathResourceLoader
2011-08-20 22:44:56,130 - ClasspathResourceLoader : initialization starting.
2011-08-20 22:44:56,130 - ClasspathResourceLoader : initialization complete.
2011-08-20 22:44:56,130 - ResourceCache : initialized. (class org.apache.velocity.runtime.resource.ResourceCacheImpl)
2011-08-20 22:44:56,130 - Default ResourceManager initialization complete.
2011-08-20 22:44:56,140 - Loaded System Directive: org.apache.velocity.runtime.directive.Literal
2011-08-20 22:44:56,140 - Loaded System Directive: org.apache.velocity.runtime.directive.Macro
2011-08-20 22:44:56,150 - Loaded System Directive: org.apache.velocity.runtime.directive.Parse
2011-08-20 22:44:56,160 - Loaded System Directive: org.apache.velocity.runtime.directive.Include
2011-08-20 22:44:56,160 - Loaded System Directive: org.apache.velocity.runtime.directive.Foreach
2011-08-20 22:44:56,240 - Created: 20 parsers.
2011-08-20 22:44:56,270 - Velocimacro : initialization starting.
2011-08-20 22:44:56,270 - Velocimacro : adding VMs from VM library template : VM_global_library.vm
2011-08-20 22:44:56,280 - ResourceManager : unable to find resource 'VM_global_library.vm' in any resource loader.
2011-08-20 22:44:56,280 - Velocimacro : error using  VM library template VM_global_library.vm : org.apache.velocity.exception.ResourceNotFoundException: Unable to find resource 'VM_global_library.vm'
2011-08-20 22:44:56,280 - Velocimacro :  VM library template macro registration complete.
2011-08-20 22:44:56,280 - Velocimacro : allowInline = true : VMs can be defined inline in templates
2011-08-20 22:44:56,280 - Velocimacro : allowInlineToOverride = false : VMs defined inline may NOT replace previous VM definitions
2011-08-20 22:44:56,280 - Velocimacro : allowInlineLocal = false : VMs defined inline will be  global in scope if allowed.
2011-08-20 22:44:56,280 - Velocimacro : messages on  : VM system will output logging messages
2011-08-20 22:44:56,280 - Velocimacro : autoload off  : VM system will not automatically reload global library macros
2011-08-20 22:44:56,280 - Velocimacro : initialization complete.
2011-08-20 22:44:56,280 - Velocity successfully started.
2011-08-20 22:48:51,570 - ResourceManager : found repast/simphony/scenario/Scenario.vt with loader org.apache.velocity.runtime.resource.loader.ClasspathResourceLoader
2011-08-20 22:48:52,010 - ResourceManager : found repast/simphony/parameter/parameters.vt with loader org.apache.velocity.runtime.resource.loader.ClasspathResourceLoader
2011-08-20 22:49:35,650 - ResourceManager : found repast/simphony/scenario/Scenario.vt with loader org.apache.velocity.runtime.resource.loader.ClasspathResourceLoader
2011-08-20 22:49:35,670 - ResourceManager : found repast/simphony/parameter/parameters.vt with loader org.apache.velocity.runtime.resource.loader.ClasspathResourceLoader
2011-08-20 22:52:19,890 - ResourceManager : found repast/simphony/scenario/Scenario.vt with loader org.apache.velocity.runtime.resource.loader.ClasspathResourceLoader
2011-08-20 22:52:19,890 - ResourceManager : found repast/simphony/parameter/parameters.vt with loader org.apache.velocity.runtime.resource.loader.ClasspathResourceLoader
2011-08-20 22:52:20,480 - ResourceManager : found repast/simphony/scenario/Scenario.vt with loader org.apache.velocity.runtime.resource.loader.ClasspathResourceLoader
2011-08-20 22:52:20,500 - ResourceManager : found repast/simphony/parameter/parameters.vt with loader org.apache.velocity.runtime.resource.loader.ClasspathResourceLoader
2011-08-20 22:52:20,650 - ResourceManager : found repast/simphony/scenario/Scenario.vt with loader org.apache.velocity.runtime.resource.loader.ClasspathResourceLoader
2011-08-20 22:52:20,660 - ResourceManager : found repast/simphony/parameter/parameters.vt with loader org.apache.velocity.runtime.resource.loader.ClasspathResourceLoader
2011-08-21 00:12:50,857 - SimpleLog4JLogSystem initialized using logfile 'velocity.log'
2011-08-21 00:12:50,857 - ************************************************************** 
2011-08-21 00:12:50,857 - Starting Jakarta Velocity v1.4
2011-08-21 00:12:50,857 - RuntimeInstance initializing.
2011-08-21 00:12:50,857 - Default Properties File: org\apache\velocity\runtime\defaults\velocity.properties
2011-08-21 00:12:50,857 - Trying to use logger class org.apache.velocity.runtime.log.SimpleLog4JLogSystem
2011-08-21 00:12:50,857 - Using logger class org.apache.velocity.runtime.log.SimpleLog4JLogSystem
2011-08-21 00:12:50,867 - Default ResourceManager initializing. (class org.apache.velocity.runtime.resource.ResourceManagerImpl)
2011-08-21 00:12:50,877 - Resource Loader Instantiated: org.apache.velocity.runtime.resource.loader.ClasspathResourceLoader
2011-08-21 00:12:50,877 - ClasspathResourceLoader : initialization starting.
2011-08-21 00:12:50,877 - ClasspathResourceLoader : initialization complete.
2011-08-21 00:12:50,887 - ResourceCache : initialized. (class org.apache.velocity.runtime.resource.ResourceCacheImpl)
2011-08-21 00:12:50,887 - Default ResourceManager initialization complete.
2011-08-21 00:12:50,897 - Loaded System Directive: org.apache.velocity.runtime.directive.Literal
2011-08-21 00:12:50,897 - Loaded System Directive: org.apache.velocity.runtime.directive.Macro
2011-08-21 00:12:50,907 - Loaded System Directive: org.apache.velocity.runtime.directive.Parse
2011-08-21 00:12:50,917 - Loaded System Directive: org.apache.velocity.runtime.directive.Include
2011-08-21 00:12:50,917 - Loaded System Directive: org.apache.velocity.runtime.directive.Foreach
2011-08-21 00:12:50,987 - Created: 20 parsers.
2011-08-21 00:12:51,027 - Velocimacro : initialization starting.
2011-08-21 00:12:51,027 - Velocimacro : adding VMs from VM library template : VM_global_library.vm
2011-08-21 00:12:51,037 - ResourceManager : unable to find resource 'VM_global_library.vm' in any resource loader.
2011-08-21 00:12:51,037 - Velocimacro : error using  VM library template VM_global_library.vm : org.apache.velocity.exception.ResourceNotFoundException: Unable to find resource 'VM_global_library.vm'
2011-08-21 00:12:51,037 - Velocimacro :  VM library template macro registration complete.
2011-08-21 00:12:51,037 - Velocimacro : allowInline = true : VMs can be defined inline in templates
2011-08-21 00:12:51,037 - Velocimacro : allowInlineToOverride = false : VMs defined inline may NOT replace previous VM definitions
2011-08-21 00:12:51,037 - Velocimacro : allowInlineLocal = false : VMs defined inline will be  global in scope if allowed.
2011-08-21 00:12:51,037 - Velocimacro : messages on  : VM system will output logging messages
2011-08-21 00:12:51,037 - Velocimacro : autoload off  : VM system will not automatically reload global library macros
2011-08-21 00:12:51,037 - Velocimacro : initialization complete.
2011-08-21 00:12:51,037 - Velocity successfully started.
