2011-08-04 13:52:39,031 - Created: 20 parsers.
2011-08-04 13:52:39,062 - Velocimacro : initialization starting.
2011-08-04 13:52:39,062 - Velocimacro : adding VMs from VM library template : VM_global_library.vm
2011-08-04 13:52:39,078 - ResourceManager : unable to find resource 'VM_global_library.vm' in any resource loader.
2011-08-04 13:52:39,078 - Velocimacro : error using  VM library template VM_global_library.vm : org.apache.velocity.exception.ResourceNotFoundException: Unable to find resource 'VM_global_library.vm'
2011-08-04 13:52:39,078 - Velocimacro :  VM library template macro registration complete.
2011-08-04 13:52:39,078 - Velocimacro : allowInline = true : VMs can be defined inline in templates
2011-08-04 13:52:39,078 - Velocimacro : allowInlineToOverride = false : VMs defined inline may NOT replace previous VM definitions
2011-08-04 13:52:39,078 - Velocimacro : allowInlineLocal = false : VMs defined inline will be  global in scope if allowed.
2011-08-04 13:52:39,078 - Velocimacro : messages on  : VM system will output logging messages
2011-08-04 13:52:39,078 - Velocimacro : autoload off  : VM system will not automatically reload global library macros
2011-08-04 13:52:39,078 - Velocimacro : initialization complete.
2011-08-04 13:52:39,078 - Velocity successfully started.
2011-08-04 14:03:10,826 - SimpleLog4JLogSystem initialized using logfile 'velocity.log'
2011-08-04 14:03:10,826 - ************************************************************** 
2011-08-04 14:03:10,826 - Starting Jakarta Velocity v1.4
2011-08-04 14:03:10,826 - RuntimeInstance initializing.
2011-08-04 14:03:10,826 - Default Properties File: org\apache\velocity\runtime\defaults\velocity.properties
2011-08-04 14:03:10,826 - Trying to use logger class org.apache.velocity.runtime.log.SimpleLog4JLogSystem
2011-08-04 14:03:10,826 - Using logger class org.apache.velocity.runtime.log.SimpleLog4JLogSystem
2011-08-04 14:03:10,842 - Default ResourceManager initializing. (class org.apache.velocity.runtime.resource.ResourceManagerImpl)
2011-08-04 14:03:10,858 - Resource Loader Instantiated: org.apache.velocity.runtime.resource.loader.ClasspathResourceLoader
2011-08-04 14:03:10,858 - ClasspathResourceLoader : initialization starting.
2011-08-04 14:03:10,858 - ClasspathResourceLoader : initialization complete.
2011-08-04 14:03:10,858 - ResourceCache : initialized. (class org.apache.velocity.runtime.resource.ResourceCacheImpl)
2011-08-04 14:03:10,858 - Default ResourceManager initialization complete.
2011-08-04 14:03:10,858 - Loaded System Directive: org.apache.velocity.runtime.directive.Literal
2011-08-04 14:03:10,873 - Loaded System Directive: org.apache.velocity.runtime.directive.Macro
2011-08-04 14:03:10,873 - Loaded System Directive: org.apache.velocity.runtime.directive.Parse
2011-08-04 14:03:10,889 - Loaded System Directive: org.apache.velocity.runtime.directive.Include
2011-08-04 14:03:10,889 - Loaded System Directive: org.apache.velocity.runtime.directive.Foreach
2011-08-04 14:03:10,982 - Created: 20 parsers.
2011-08-04 14:03:11,060 - Velocimacro : initialization starting.
2011-08-04 14:03:11,060 - Velocimacro : adding VMs from VM library template : VM_global_library.vm
2011-08-04 14:03:11,092 - ResourceManager : unable to find resource 'VM_global_library.vm' in any resource loader.
2011-08-04 14:03:11,092 - Velocimacro : error using  VM library template VM_global_library.vm : org.apache.velocity.exception.ResourceNotFoundException: Unable to find resource 'VM_global_library.vm'
2011-08-04 14:03:11,092 - Velocimacro :  VM library template macro registration complete.
2011-08-04 14:03:11,092 - Velocimacro : allowInline = true : VMs can be defined inline in templates
2011-08-04 14:03:11,092 - Velocimacro : allowInlineToOverride = false : VMs defined inline may NOT replace previous VM definitions
2011-08-04 14:03:11,092 - Velocimacro : allowInlineLocal = false : VMs defined inline will be  global in scope if allowed.
2011-08-04 14:03:11,092 - Velocimacro : messages on  : VM system will output logging messages
2011-08-04 14:03:11,092 - Velocimacro : autoload off  : VM system will not automatically reload global library macros
2011-08-04 14:03:11,092 - Velocimacro : initialization complete.
2011-08-04 14:03:11,092 - Velocity successfully started.
2011-08-04 14:09:40,283 - SimpleLog4JLogSystem initialized using logfile 'velocity.log'
2011-08-04 14:09:40,283 - ************************************************************** 
2011-08-04 14:09:40,283 - Starting Jakarta Velocity v1.4
2011-08-04 14:09:40,283 - RuntimeInstance initializing.
2011-08-04 14:09:40,283 - Default Properties File: org\apache\velocity\runtime\defaults\velocity.properties
2011-08-04 14:09:40,283 - Trying to use logger class org.apache.velocity.runtime.log.SimpleLog4JLogSystem
2011-08-04 14:09:40,283 - Using logger class org.apache.velocity.runtime.log.SimpleLog4JLogSystem
2011-08-04 14:09:40,283 - Default ResourceManager initializing. (class org.apache.velocity.runtime.resource.ResourceManagerImpl)
2011-08-04 14:09:40,298 - Resource Loader Instantiated: org.apache.velocity.runtime.resource.loader.ClasspathResourceLoader
2011-08-04 14:09:40,298 - ClasspathResourceLoader : initialization starting.
2011-08-04 14:09:40,298 - ClasspathResourceLoader : initialization complete.
2011-08-04 14:09:40,298 - ResourceCache : initialized. (class org.apache.velocity.runtime.resource.ResourceCacheImpl)
2011-08-04 14:09:40,298 - Default ResourceManager initialization complete.
2011-08-04 14:09:40,314 - Loaded System Directive: org.apache.velocity.runtime.directive.Literal
2011-08-04 14:09:40,314 - Loaded System Directive: org.apache.velocity.runtime.directive.Macro
2011-08-04 14:09:40,330 - Loaded System Directive: org.apache.velocity.runtime.directive.Parse
2011-08-04 14:09:40,330 - Loaded System Directive: org.apache.velocity.runtime.directive.Include
2011-08-04 14:09:40,330 - Loaded System Directive: org.apache.velocity.runtime.directive.Foreach
2011-08-04 14:09:40,392 - Created: 20 parsers.
2011-08-04 14:09:40,423 - Velocimacro : initialization starting.
2011-08-04 14:09:40,423 - Velocimacro : adding VMs from VM library template : VM_global_library.vm
2011-08-04 14:09:40,439 - ResourceManager : unable to find resource 'VM_global_library.vm' in any resource loader.
2011-08-04 14:09:40,439 - Velocimacro : error using  VM library template VM_global_library.vm : org.apache.velocity.exception.ResourceNotFoundException: Unable to find resource 'VM_global_library.vm'
2011-08-04 14:09:40,439 - Velocimacro :  VM library template macro registration complete.
2011-08-04 14:09:40,439 - Velocimacro : allowInline = true : VMs can be defined inline in templates
2011-08-04 14:09:40,439 - Velocimacro : allowInlineToOverride = false : VMs defined inline may NOT replace previous VM definitions
2011-08-04 14:09:40,439 - Velocimacro : allowInlineLocal = false : VMs defined inline will be  global in scope if allowed.
2011-08-04 14:09:40,439 - Velocimacro : messages on  : VM system will output logging messages
2011-08-04 14:09:40,439 - Velocimacro : autoload off  : VM system will not automatically reload global library macros
2011-08-04 14:09:40,439 - Velocimacro : initialization complete.
2011-08-04 14:09:40,439 - Velocity successfully started.
2011-08-04 14:12:08,723 - SimpleLog4JLogSystem initialized using logfile 'velocity.log'
2011-08-04 14:12:08,723 - ************************************************************** 
2011-08-04 14:12:08,723 - Starting Jakarta Velocity v1.4
2011-08-04 14:12:08,723 - RuntimeInstance initializing.
2011-08-04 14:12:08,723 - Default Properties File: org\apache\velocity\runtime\defaults\velocity.properties
2011-08-04 14:12:08,723 - Trying to use logger class org.apache.velocity.runtime.log.SimpleLog4JLogSystem
2011-08-04 14:12:08,723 - Using logger class org.apache.velocity.runtime.log.SimpleLog4JLogSystem
2011-08-04 14:12:08,739 - Default ResourceManager initializing. (class org.apache.velocity.runtime.resource.ResourceManagerImpl)
2011-08-04 14:12:08,770 - Resource Loader Instantiated: org.apache.velocity.runtime.resource.loader.ClasspathResourceLoader
2011-08-04 14:12:08,770 - ClasspathResourceLoader : initialization starting.
2011-08-04 14:12:08,770 - ClasspathResourceLoader : initialization complete.
2011-08-04 14:12:08,770 - ResourceCache : initialized. (class org.apache.velocity.runtime.resource.ResourceCacheImpl)
2011-08-04 14:12:08,770 - Default ResourceManager initialization complete.
2011-08-04 14:12:08,786 - Loaded System Directive: org.apache.velocity.runtime.directive.Literal
2011-08-04 14:12:08,786 - Loaded System Directive: org.apache.velocity.runtime.directive.Macro
2011-08-04 14:12:08,817 - Loaded System Directive: org.apache.velocity.runtime.directive.Parse
2011-08-04 14:12:08,817 - Loaded System Directive: org.apache.velocity.runtime.directive.Include
2011-08-04 14:12:08,833 - Loaded System Directive: org.apache.velocity.runtime.directive.Foreach
2011-08-04 14:12:08,911 - Created: 20 parsers.
2011-08-04 14:12:08,957 - Velocimacro : initialization starting.
2011-08-04 14:12:08,957 - Velocimacro : adding VMs from VM library template : VM_global_library.vm
2011-08-04 14:12:08,973 - ResourceManager : unable to find resource 'VM_global_library.vm' in any resource loader.
2011-08-04 14:12:08,973 - Velocimacro : error using  VM library template VM_global_library.vm : org.apache.velocity.exception.ResourceNotFoundException: Unable to find resource 'VM_global_library.vm'
2011-08-04 14:12:08,973 - Velocimacro :  VM library template macro registration complete.
2011-08-04 14:12:08,973 - Velocimacro : allowInline = true : VMs can be defined inline in templates
2011-08-04 14:12:08,973 - Velocimacro : allowInlineToOverride = false : VMs defined inline may NOT replace previous VM definitions
2011-08-04 14:12:08,973 - Velocimacro : allowInlineLocal = false : VMs defined inline will be  global in scope if allowed.
2011-08-04 14:12:08,973 - Velocimacro : messages on  : VM system will output logging messages
2011-08-04 14:12:08,973 - Velocimacro : autoload off  : VM system will not automatically reload global library macros
2011-08-04 14:12:08,973 - Velocimacro : initialization complete.
2011-08-04 14:12:08,973 - Velocity successfully started.
2011-08-04 14:12:46,784 - SimpleLog4JLogSystem initialized using logfile 'velocity.log'
2011-08-04 14:12:46,784 - ************************************************************** 
2011-08-04 14:12:46,784 - Starting Jakarta Velocity v1.4
2011-08-04 14:12:46,784 - RuntimeInstance initializing.
2011-08-04 14:12:46,784 - Default Properties File: org\apache\velocity\runtime\defaults\velocity.properties
2011-08-04 14:12:46,784 - Trying to use logger class org.apache.velocity.runtime.log.SimpleLog4JLogSystem
2011-08-04 14:12:46,784 - Using logger class org.apache.velocity.runtime.log.SimpleLog4JLogSystem
2011-08-04 14:12:46,794 - Default ResourceManager initializing. (class org.apache.velocity.runtime.resource.ResourceManagerImpl)
2011-08-04 14:12:46,804 - Resource Loader Instantiated: org.apache.velocity.runtime.resource.loader.ClasspathResourceLoader
2011-08-04 14:12:46,804 - ClasspathResourceLoader : initialization starting.
2011-08-04 14:12:46,804 - ClasspathResourceLoader : initialization complete.
2011-08-04 14:12:46,804 - ResourceCache : initialized. (class org.apache.velocity.runtime.resource.ResourceCacheImpl)
2011-08-04 14:12:46,804 - Default ResourceManager initialization complete.
2011-08-04 14:12:46,814 - Loaded System Directive: org.apache.velocity.runtime.directive.Literal
2011-08-04 14:12:46,814 - Loaded System Directive: org.apache.velocity.runtime.directive.Macro
2011-08-04 14:12:46,824 - Loaded System Directive: org.apache.velocity.runtime.directive.Parse
2011-08-04 14:12:46,834 - Loaded System Directive: org.apache.velocity.runtime.directive.Include
2011-08-04 14:12:46,834 - Loaded System Directive: org.apache.velocity.runtime.directive.Foreach
2011-08-04 14:12:46,894 - Created: 20 parsers.
2011-08-04 14:12:46,924 - Velocimacro : initialization starting.
2011-08-04 14:12:46,924 - Velocimacro : adding VMs from VM library template : VM_global_library.vm
2011-08-04 14:12:46,934 - ResourceManager : unable to find resource 'VM_global_library.vm' in any resource loader.
2011-08-04 14:12:46,934 - Velocimacro : error using  VM library template VM_global_library.vm : org.apache.velocity.exception.ResourceNotFoundException: Unable to find resource 'VM_global_library.vm'
2011-08-04 14:12:46,934 - Velocimacro :  VM library template macro registration complete.
2011-08-04 14:12:46,934 - Velocimacro : allowInline = true : VMs can be defined inline in templates
2011-08-04 14:12:46,934 - Velocimacro : allowInlineToOverride = false : VMs defined inline may NOT replace previous VM definitions
2011-08-04 14:12:46,934 - Velocimacro : allowInlineLocal = false : VMs defined inline will be  global in scope if allowed.
2011-08-04 14:12:46,934 - Velocimacro : messages on  : VM system will output logging messages
2011-08-04 14:12:46,934 - Velocimacro : autoload off  : VM system will not automatically reload global library macros
2011-08-04 14:12:46,934 - Velocimacro : initialization complete.
2011-08-04 14:12:46,934 - Velocity successfully started.
2011-08-04 14:15:05,217 - SimpleLog4JLogSystem initialized using logfile 'velocity.log'
2011-08-04 14:15:05,217 - ************************************************************** 
2011-08-04 14:15:05,217 - Starting Jakarta Velocity v1.4
2011-08-04 14:15:05,217 - RuntimeInstance initializing.
2011-08-04 14:15:05,217 - Default Properties File: org\apache\velocity\runtime\defaults\velocity.properties
2011-08-04 14:15:05,217 - Trying to use logger class org.apache.velocity.runtime.log.SimpleLog4JLogSystem
2011-08-04 14:15:05,217 - Using logger class org.apache.velocity.runtime.log.SimpleLog4JLogSystem
2011-08-04 14:15:05,217 - Default ResourceManager initializing. (class org.apache.velocity.runtime.resource.ResourceManagerImpl)
2011-08-04 14:15:05,248 - Resource Loader Instantiated: org.apache.velocity.runtime.resource.loader.ClasspathResourceLoader
2011-08-04 14:15:05,248 - ClasspathResourceLoader : initialization starting.
2011-08-04 14:15:05,248 - ClasspathResourceLoader : initialization complete.
2011-08-04 14:15:05,248 - ResourceCache : initialized. (class org.apache.velocity.runtime.resource.ResourceCacheImpl)
2011-08-04 14:15:05,248 - Default ResourceManager initialization complete.
2011-08-04 14:15:05,263 - Loaded System Directive: org.apache.velocity.runtime.directive.Literal
2011-08-04 14:15:05,279 - Loaded System Directive: org.apache.velocity.runtime.directive.Macro
2011-08-04 14:15:05,310 - Loaded System Directive: org.apache.velocity.runtime.directive.Parse
2011-08-04 14:15:05,310 - Loaded System Directive: org.apache.velocity.runtime.directive.Include
2011-08-04 14:15:05,310 - Loaded System Directive: org.apache.velocity.runtime.directive.Foreach
2011-08-04 14:15:05,404 - Created: 20 parsers.
2011-08-04 14:15:05,451 - Velocimacro : initialization starting.
2011-08-04 14:15:05,451 - Velocimacro : adding VMs from VM library template : VM_global_library.vm
2011-08-04 14:15:05,466 - ResourceManager : unable to find resource 'VM_global_library.vm' in any resource loader.
2011-08-04 14:15:05,466 - Velocimacro : error using  VM library template VM_global_library.vm : org.apache.velocity.exception.ResourceNotFoundException: Unable to find resource 'VM_global_library.vm'
2011-08-04 14:15:05,466 - Velocimacro :  VM library template macro registration complete.
2011-08-04 14:15:05,466 - Velocimacro : allowInline = true : VMs can be defined inline in templates
2011-08-04 14:15:05,466 - Velocimacro : allowInlineToOverride = false : VMs defined inline may NOT replace previous VM definitions
2011-08-04 14:15:05,466 - Velocimacro : allowInlineLocal = false : VMs defined inline will be  global in scope if allowed.
2011-08-04 14:15:05,466 - Velocimacro : messages on  : VM system will output logging messages
2011-08-04 14:15:05,466 - Velocimacro : autoload off  : VM system will not automatically reload global library macros
2011-08-04 14:15:05,466 - Velocimacro : initialization complete.
2011-08-04 14:15:05,466 - Velocity successfully started.
2011-08-04 14:16:34,583 - SimpleLog4JLogSystem initialized using logfile 'velocity.log'
2011-08-04 14:16:34,583 - ************************************************************** 
2011-08-04 14:16:34,583 - Starting Jakarta Velocity v1.4
2011-08-04 14:16:34,583 - RuntimeInstance initializing.
2011-08-04 14:16:34,583 - Default Properties File: org\apache\velocity\runtime\defaults\velocity.properties
2011-08-04 14:16:34,583 - Trying to use logger class org.apache.velocity.runtime.log.SimpleLog4JLogSystem
2011-08-04 14:16:34,583 - Using logger class org.apache.velocity.runtime.log.SimpleLog4JLogSystem
2011-08-04 14:16:34,593 - Default ResourceManager initializing. (class org.apache.velocity.runtime.resource.ResourceManagerImpl)
2011-08-04 14:16:34,613 - Resource Loader Instantiated: org.apache.velocity.runtime.resource.loader.ClasspathResourceLoader
2011-08-04 14:16:34,613 - ClasspathResourceLoader : initialization starting.
2011-08-04 14:16:34,613 - ClasspathResourceLoader : initialization complete.
2011-08-04 14:16:34,613 - ResourceCache : initialized. (class org.apache.velocity.runtime.resource.ResourceCacheImpl)
2011-08-04 14:16:34,613 - Default ResourceManager initialization complete.
2011-08-04 14:16:34,623 - Loaded System Directive: org.apache.velocity.runtime.directive.Literal
2011-08-04 14:16:34,623 - Loaded System Directive: org.apache.velocity.runtime.directive.Macro
2011-08-04 14:16:34,643 - Loaded System Directive: org.apache.velocity.runtime.directive.Parse
2011-08-04 14:16:34,643 - Loaded System Directive: org.apache.velocity.runtime.directive.Include
2011-08-04 14:16:34,653 - Loaded System Directive: org.apache.velocity.runtime.directive.Foreach
2011-08-04 14:16:34,713 - Created: 20 parsers.
2011-08-04 14:16:34,743 - Velocimacro : initialization starting.
2011-08-04 14:16:34,743 - Velocimacro : adding VMs from VM library template : VM_global_library.vm
2011-08-04 14:16:34,763 - ResourceManager : unable to find resource 'VM_global_library.vm' in any resource loader.
2011-08-04 14:16:34,763 - Velocimacro : error using  VM library template VM_global_library.vm : org.apache.velocity.exception.ResourceNotFoundException: Unable to find resource 'VM_global_library.vm'
2011-08-04 14:16:34,763 - Velocimacro :  VM library template macro registration complete.
2011-08-04 14:16:34,763 - Velocimacro : allowInline = true : VMs can be defined inline in templates
2011-08-04 14:16:34,763 - Velocimacro : allowInlineToOverride = false : VMs defined inline may NOT replace previous VM definitions
2011-08-04 14:16:34,763 - Velocimacro : allowInlineLocal = false : VMs defined inline will be  global in scope if allowed.
2011-08-04 14:16:34,763 - Velocimacro : messages on  : VM system will output logging messages
2011-08-04 14:16:34,763 - Velocimacro : autoload off  : VM system will not automatically reload global library macros
2011-08-04 14:16:34,763 - Velocimacro : initialization complete.
2011-08-04 14:16:34,763 - Velocity successfully started.
2011-08-04 14:20:20,716 - SimpleLog4JLogSystem initialized using logfile 'velocity.log'
2011-08-04 14:20:20,716 - ************************************************************** 
2011-08-04 14:20:20,716 - Starting Jakarta Velocity v1.4
2011-08-04 14:20:20,716 - RuntimeInstance initializing.
2011-08-04 14:20:20,716 - Default Properties File: org\apache\velocity\runtime\defaults\velocity.properties
2011-08-04 14:20:20,716 - Trying to use logger class org.apache.velocity.runtime.log.SimpleLog4JLogSystem
2011-08-04 14:20:20,716 - Using logger class org.apache.velocity.runtime.log.SimpleLog4JLogSystem
2011-08-04 14:20:20,747 - Default ResourceManager initializing. (class org.apache.velocity.runtime.resource.ResourceManagerImpl)
2011-08-04 14:20:20,763 - Resource Loader Instantiated: org.apache.velocity.runtime.resource.loader.ClasspathResourceLoader
2011-08-04 14:20:20,763 - ClasspathResourceLoader : initialization starting.
2011-08-04 14:20:20,763 - ClasspathResourceLoader : initialization complete.
2011-08-04 14:20:20,763 - ResourceCache : initialized. (class org.apache.velocity.runtime.resource.ResourceCacheImpl)
2011-08-04 14:20:20,763 - Default ResourceManager initialization complete.
2011-08-04 14:20:20,779 - Loaded System Directive: org.apache.velocity.runtime.directive.Literal
2011-08-04 14:20:20,794 - Loaded System Directive: org.apache.velocity.runtime.directive.Macro
2011-08-04 14:20:20,810 - Loaded System Directive: org.apache.velocity.runtime.directive.Parse
2011-08-04 14:20:20,825 - Loaded System Directive: org.apache.velocity.runtime.directive.Include
2011-08-04 14:20:20,841 - Loaded System Directive: org.apache.velocity.runtime.directive.Foreach
2011-08-04 14:20:20,981 - Created: 20 parsers.
2011-08-04 14:20:21,013 - Velocimacro : initialization starting.
2011-08-04 14:20:21,013 - Velocimacro : adding VMs from VM library template : VM_global_library.vm
2011-08-04 14:20:21,028 - ResourceManager : unable to find resource 'VM_global_library.vm' in any resource loader.
2011-08-04 14:20:21,028 - Velocimacro : error using  VM library template VM_global_library.vm : org.apache.velocity.exception.ResourceNotFoundException: Unable to find resource 'VM_global_library.vm'
2011-08-04 14:20:21,028 - Velocimacro :  VM library template macro registration complete.
2011-08-04 14:20:21,028 - Velocimacro : allowInline = true : VMs can be defined inline in templates
2011-08-04 14:20:21,028 - Velocimacro : allowInlineToOverride = false : VMs defined inline may NOT replace previous VM definitions
2011-08-04 14:20:21,028 - Velocimacro : allowInlineLocal = false : VMs defined inline will be  global in scope if allowed.
2011-08-04 14:20:21,028 - Velocimacro : messages on  : VM system will output logging messages
2011-08-04 14:20:21,028 - Velocimacro : autoload off  : VM system will not automatically reload global library macros
2011-08-04 14:20:21,028 - Velocimacro : initialization complete.
2011-08-04 14:20:21,028 - Velocity successfully started.
2011-08-04 14:22:07,542 - SimpleLog4JLogSystem initialized using logfile 'velocity.log'
2011-08-04 14:22:07,542 - ************************************************************** 
2011-08-04 14:22:07,542 - Starting Jakarta Velocity v1.4
2011-08-04 14:22:07,542 - RuntimeInstance initializing.
2011-08-04 14:22:07,542 - Default Properties File: org\apache\velocity\runtime\defaults\velocity.properties
2011-08-04 14:22:07,542 - Trying to use logger class org.apache.velocity.runtime.log.SimpleLog4JLogSystem
2011-08-04 14:22:07,542 - Using logger class org.apache.velocity.runtime.log.SimpleLog4JLogSystem
2011-08-04 14:22:07,542 - Default ResourceManager initializing. (class org.apache.velocity.runtime.resource.ResourceManagerImpl)
2011-08-04 14:22:07,558 - Resource Loader Instantiated: org.apache.velocity.runtime.resource.loader.ClasspathResourceLoader
2011-08-04 14:22:07,558 - ClasspathResourceLoader : initialization starting.
2011-08-04 14:22:07,558 - ClasspathResourceLoader : initialization complete.
2011-08-04 14:22:07,568 - ResourceCache : initialized. (class org.apache.velocity.runtime.resource.ResourceCacheImpl)
2011-08-04 14:22:07,568 - Default ResourceManager initialization complete.
2011-08-04 14:22:07,568 - Loaded System Directive: org.apache.velocity.runtime.directive.Literal
2011-08-04 14:22:07,578 - Loaded System Directive: org.apache.velocity.runtime.directive.Macro
2011-08-04 14:22:07,588 - Loaded System Directive: org.apache.velocity.runtime.directive.Parse
2011-08-04 14:22:07,598 - Loaded System Directive: org.apache.velocity.runtime.directive.Include
2011-08-04 14:22:07,598 - Loaded System Directive: org.apache.velocity.runtime.directive.Foreach
2011-08-04 14:22:07,654 - Created: 20 parsers.
2011-08-04 14:22:07,685 - Velocimacro : initialization starting.
2011-08-04 14:22:07,685 - Velocimacro : adding VMs from VM library template : VM_global_library.vm
2011-08-04 14:22:07,700 - ResourceManager : unable to find resource 'VM_global_library.vm' in any resource loader.
2011-08-04 14:22:07,700 - Velocimacro : error using  VM library template VM_global_library.vm : org.apache.velocity.exception.ResourceNotFoundException: Unable to find resource 'VM_global_library.vm'
2011-08-04 14:22:07,700 - Velocimacro :  VM library template macro registration complete.
2011-08-04 14:22:07,700 - Velocimacro : allowInline = true : VMs can be defined inline in templates
2011-08-04 14:22:07,700 - Velocimacro : allowInlineToOverride = false : VMs defined inline may NOT replace previous VM definitions
2011-08-04 14:22:07,700 - Velocimacro : allowInlineLocal = false : VMs defined inline will be  global in scope if allowed.
2011-08-04 14:22:07,700 - Velocimacro : messages on  : VM system will output logging messages
2011-08-04 14:22:07,700 - Velocimacro : autoload off  : VM system will not automatically reload global library macros
2011-08-04 14:22:07,700 - Velocimacro : initialization complete.
2011-08-04 14:22:07,700 - Velocity successfully started.
2011-08-04 14:22:08,059 - SimpleLog4JLogSystem initialized using logfile 'velocity.log'
2011-08-04 14:22:08,059 - ************************************************************** 
2011-08-04 14:22:08,059 - Starting Jakarta Velocity v1.4
2011-08-04 14:22:08,059 - RuntimeInstance initializing.
2011-08-04 14:22:08,059 - Default Properties File: org\apache\velocity\runtime\defaults\velocity.properties
2011-08-04 14:22:08,059 - Trying to use logger class org.apache.velocity.runtime.log.SimpleLog4JLogSystem
2011-08-04 14:22:08,059 - Using logger class org.apache.velocity.runtime.log.SimpleLog4JLogSystem
2011-08-04 14:22:08,059 - Default ResourceManager initializing. (class org.apache.velocity.runtime.resource.ResourceManagerImpl)
2011-08-04 14:22:08,075 - Resource Loader Instantiated: org.apache.velocity.runtime.resource.loader.ClasspathResourceLoader
2011-08-04 14:22:08,075 - ClasspathResourceLoader : initialization starting.
2011-08-04 14:22:08,075 - ClasspathResourceLoader : initialization complete.
2011-08-04 14:22:08,075 - ResourceCache : initialized. (class org.apache.velocity.runtime.resource.ResourceCacheImpl)
2011-08-04 14:22:08,075 - Default ResourceManager initialization complete.
2011-08-04 14:22:08,090 - Loaded System Directive: org.apache.velocity.runtime.directive.Literal
2011-08-04 14:22:08,090 - Loaded System Directive: org.apache.velocity.runtime.directive.Macro
2011-08-04 14:22:08,106 - Loaded System Directive: org.apache.velocity.runtime.directive.Parse
2011-08-04 14:22:08,106 - Loaded System Directive: org.apache.velocity.runtime.directive.Include
2011-08-04 14:22:08,106 - Loaded System Directive: org.apache.velocity.runtime.directive.Foreach
2011-08-04 14:22:08,168 - Created: 20 parsers.
2011-08-04 14:22:08,184 - Velocimacro : initialization starting.
2011-08-04 14:22:08,184 - Velocimacro : adding VMs from VM library template : VM_global_library.vm
2011-08-04 14:22:08,200 - ResourceManager : unable to find resource 'VM_global_library.vm' in any resource loader.
2011-08-04 14:22:08,200 - Velocimacro : error using  VM library template VM_global_library.vm : org.apache.velocity.exception.ResourceNotFoundException: Unable to find resource 'VM_global_library.vm'
2011-08-04 14:22:08,200 - Velocimacro :  VM library template macro registration complete.
2011-08-04 14:22:08,200 - Velocimacro : allowInline = true : VMs can be defined inline in templates
2011-08-04 14:22:08,200 - Velocimacro : allowInlineToOverride = false : VMs defined inline may NOT replace previous VM definitions
2011-08-04 14:22:08,200 - Velocimacro : allowInlineLocal = false : VMs defined inline will be  global in scope if allowed.
2011-08-04 14:22:08,200 - Velocimacro : messages on  : VM system will output logging messages
2011-08-04 14:22:08,200 - Velocimacro : autoload off  : VM system will not automatically reload global library macros
2011-08-04 14:22:08,200 - Velocimacro : initialization complete.
2011-08-04 14:22:08,200 - Velocity successfully started.
2011-08-04 14:30:51,076 - SimpleLog4JLogSystem initialized using logfile 'velocity.log'
2011-08-04 14:30:51,076 - ************************************************************** 
2011-08-04 14:30:51,076 - Starting Jakarta Velocity v1.4
2011-08-04 14:30:51,076 - RuntimeInstance initializing.
2011-08-04 14:30:51,076 - Default Properties File: org\apache\velocity\runtime\defaults\velocity.properties
2011-08-04 14:30:51,076 - Trying to use logger class org.apache.velocity.runtime.log.SimpleLog4JLogSystem
2011-08-04 14:30:51,076 - Using logger class org.apache.velocity.runtime.log.SimpleLog4JLogSystem
2011-08-04 14:30:51,092 - Default ResourceManager initializing. (class org.apache.velocity.runtime.resource.ResourceManagerImpl)
2011-08-04 14:30:51,123 - Resource Loader Instantiated: org.apache.velocity.runtime.resource.loader.ClasspathResourceLoader
2011-08-04 14:30:51,123 - ClasspathResourceLoader : initialization starting.
2011-08-04 14:30:51,123 - ClasspathResourceLoader : initialization complete.
2011-08-04 14:30:51,123 - ResourceCache : initialized. (class org.apache.velocity.runtime.resource.ResourceCacheImpl)
2011-08-04 14:30:51,123 - Default ResourceManager initialization complete.
2011-08-04 14:30:51,138 - Loaded System Directive: org.apache.velocity.runtime.directive.Literal
2011-08-04 14:30:51,138 - Loaded System Directive: org.apache.velocity.runtime.directive.Macro
2011-08-04 14:30:51,170 - Loaded System Directive: org.apache.velocity.runtime.directive.Parse
2011-08-04 14:30:51,170 - Loaded System Directive: org.apache.velocity.runtime.directive.Include
2011-08-04 14:30:51,185 - Loaded System Directive: org.apache.velocity.runtime.directive.Foreach
2011-08-04 14:30:51,279 - Created: 20 parsers.
2011-08-04 14:30:51,326 - Velocimacro : initialization starting.
2011-08-04 14:30:51,326 - Velocimacro : adding VMs from VM library template : VM_global_library.vm
2011-08-04 14:30:51,341 - ResourceManager : unable to find resource 'VM_global_library.vm' in any resource loader.
2011-08-04 14:30:51,341 - Velocimacro : error using  VM library template VM_global_library.vm : org.apache.velocity.exception.ResourceNotFoundException: Unable to find resource 'VM_global_library.vm'
2011-08-04 14:30:51,341 - Velocimacro :  VM library template macro registration complete.
2011-08-04 14:30:51,341 - Velocimacro : allowInline = true : VMs can be defined inline in templates
2011-08-04 14:30:51,341 - Velocimacro : allowInlineToOverride = false : VMs defined inline may NOT replace previous VM definitions
2011-08-04 14:30:51,341 - Velocimacro : allowInlineLocal = false : VMs defined inline will be  global in scope if allowed.
2011-08-04 14:30:51,341 - Velocimacro : messages on  : VM system will output logging messages
2011-08-04 14:30:51,341 - Velocimacro : autoload off  : VM system will not automatically reload global library macros
2011-08-04 14:30:51,341 - Velocimacro : initialization complete.
2011-08-04 14:30:51,341 - Velocity successfully started.
2011-08-04 14:39:26,788 - SimpleLog4JLogSystem initialized using logfile 'velocity.log'
2011-08-04 14:39:26,788 - ************************************************************** 
2011-08-04 14:39:26,788 - Starting Jakarta Velocity v1.4
2011-08-04 14:39:26,788 - RuntimeInstance initializing.
2011-08-04 14:39:26,788 - Default Properties File: org\apache\velocity\runtime\defaults\velocity.properties
2011-08-04 14:39:26,788 - Trying to use logger class org.apache.velocity.runtime.log.SimpleLog4JLogSystem
2011-08-04 14:39:26,788 - Using logger class org.apache.velocity.runtime.log.SimpleLog4JLogSystem
2011-08-04 14:39:26,798 - Default ResourceManager initializing. (class org.apache.velocity.runtime.resource.ResourceManagerImpl)
2011-08-04 14:39:26,818 - Resource Loader Instantiated: org.apache.velocity.runtime.resource.loader.ClasspathResourceLoader
2011-08-04 14:39:26,818 - ClasspathResourceLoader : initialization starting.
2011-08-04 14:39:26,818 - ClasspathResourceLoader : initialization complete.
2011-08-04 14:39:26,828 - ResourceCache : initialized. (class org.apache.velocity.runtime.resource.ResourceCacheImpl)
2011-08-04 14:39:26,828 - Default ResourceManager initialization complete.
2011-08-04 14:39:26,848 - Loaded System Directive: org.apache.velocity.runtime.directive.Literal
2011-08-04 14:39:26,858 - Loaded System Directive: org.apache.velocity.runtime.directive.Macro
2011-08-04 14:39:26,878 - Loaded System Directive: org.apache.velocity.runtime.directive.Parse
2011-08-04 14:39:26,888 - Loaded System Directive: org.apache.velocity.runtime.directive.Include
2011-08-04 14:39:26,888 - Loaded System Directive: org.apache.velocity.runtime.directive.Foreach
2011-08-04 14:39:27,008 - Created: 20 parsers.
2011-08-04 14:39:27,048 - Velocimacro : initialization starting.
2011-08-04 14:39:27,048 - Velocimacro : adding VMs from VM library template : VM_global_library.vm
2011-08-04 14:39:27,068 - ResourceManager : unable to find resource 'VM_global_library.vm' in any resource loader.
2011-08-04 14:39:27,068 - Velocimacro : error using  VM library template VM_global_library.vm : org.apache.velocity.exception.ResourceNotFoundException: Unable to find resource 'VM_global_library.vm'
2011-08-04 14:39:27,068 - Velocimacro :  VM library template macro registration complete.
2011-08-04 14:39:27,068 - Velocimacro : allowInline = true : VMs can be defined inline in templates
2011-08-04 14:39:27,068 - Velocimacro : allowInlineToOverride = false : VMs defined inline may NOT replace previous VM definitions
2011-08-04 14:39:27,068 - Velocimacro : allowInlineLocal = false : VMs defined inline will be  global in scope if allowed.
2011-08-04 14:39:27,068 - Velocimacro : messages on  : VM system will output logging messages
2011-08-04 14:39:27,068 - Velocimacro : autoload off  : VM system will not automatically reload global library macros
2011-08-04 14:39:27,068 - Velocimacro : initialization complete.
2011-08-04 14:39:27,068 - Velocity successfully started.
2011-08-04 14:41:03,996 - SimpleLog4JLogSystem initialized using logfile 'velocity.log'
2011-08-04 14:41:03,996 - ************************************************************** 
2011-08-04 14:41:03,996 - Starting Jakarta Velocity v1.4
2011-08-04 14:41:03,996 - RuntimeInstance initializing.
2011-08-04 14:41:03,996 - Default Properties File: org\apache\velocity\runtime\defaults\velocity.properties
2011-08-04 14:41:03,996 - Trying to use logger class org.apache.velocity.runtime.log.SimpleLog4JLogSystem
2011-08-04 14:41:03,996 - Using logger class org.apache.velocity.runtime.log.SimpleLog4JLogSystem
2011-08-04 14:41:03,996 - Default ResourceManager initializing. (class org.apache.velocity.runtime.resource.ResourceManagerImpl)
2011-08-04 14:41:04,011 - Resource Loader Instantiated: org.apache.velocity.runtime.resource.loader.ClasspathResourceLoader
2011-08-04 14:41:04,011 - ClasspathResourceLoader : initialization starting.
2011-08-04 14:41:04,011 - ClasspathResourceLoader : initialization complete.
2011-08-04 14:41:04,027 - ResourceCache : initialized. (class org.apache.velocity.runtime.resource.ResourceCacheImpl)
2011-08-04 14:41:04,027 - Default ResourceManager initialization complete.
2011-08-04 14:41:04,043 - Loaded System Directive: org.apache.velocity.runtime.directive.Literal
2011-08-04 14:41:04,043 - Loaded System Directive: org.apache.velocity.runtime.directive.Macro
2011-08-04 14:41:04,074 - Loaded System Directive: org.apache.velocity.runtime.directive.Parse
2011-08-04 14:41:04,074 - Loaded System Directive: org.apache.velocity.runtime.directive.Include
2011-08-04 14:41:04,089 - Loaded System Directive: org.apache.velocity.runtime.directive.Foreach
2011-08-04 14:41:04,183 - Created: 20 parsers.
2011-08-04 14:41:04,230 - Velocimacro : initialization starting.
2011-08-04 14:41:04,230 - Velocimacro : adding VMs from VM library template : VM_global_library.vm
2011-08-04 14:41:04,261 - ResourceManager : unable to find resource 'VM_global_library.vm' in any resource loader.
2011-08-04 14:41:04,261 - Velocimacro : error using  VM library template VM_global_library.vm : org.apache.velocity.exception.ResourceNotFoundException: Unable to find resource 'VM_global_library.vm'
2011-08-04 14:41:04,261 - Velocimacro :  VM library template macro registration complete.
2011-08-04 14:41:04,261 - Velocimacro : allowInline = true : VMs can be defined inline in templates
2011-08-04 14:41:04,261 - Velocimacro : allowInlineToOverride = false : VMs defined inline may NOT replace previous VM definitions
2011-08-04 14:41:04,261 - Velocimacro : allowInlineLocal = false : VMs defined inline will be  global in scope if allowed.
2011-08-04 14:41:04,261 - Velocimacro : messages on  : VM system will output logging messages
2011-08-04 14:41:04,261 - Velocimacro : autoload off  : VM system will not automatically reload global library macros
2011-08-04 14:41:04,261 - Velocimacro : initialization complete.
2011-08-04 14:41:04,261 - Velocity successfully started.
2011-08-04 14:45:04,041 - SimpleLog4JLogSystem initialized using logfile 'velocity.log'
2011-08-04 14:45:04,041 - ************************************************************** 
2011-08-04 14:45:04,041 - Starting Jakarta Velocity v1.4
2011-08-04 14:45:04,041 - RuntimeInstance initializing.
2011-08-04 14:45:04,041 - Default Properties File: org\apache\velocity\runtime\defaults\velocity.properties
2011-08-04 14:45:04,041 - Trying to use logger class org.apache.velocity.runtime.log.SimpleLog4JLogSystem
2011-08-04 14:45:04,041 - Using logger class org.apache.velocity.runtime.log.SimpleLog4JLogSystem
2011-08-04 14:45:04,061 - Default ResourceManager initializing. (class org.apache.velocity.runtime.resource.ResourceManagerImpl)
2011-08-04 14:45:04,081 - Resource Loader Instantiated: org.apache.velocity.runtime.resource.loader.ClasspathResourceLoader
2011-08-04 14:45:04,081 - ClasspathResourceLoader : initialization starting.
2011-08-04 14:45:04,081 - ClasspathResourceLoader : initialization complete.
2011-08-04 14:45:04,091 - ResourceCache : initialized. (class org.apache.velocity.runtime.resource.ResourceCacheImpl)
2011-08-04 14:45:04,091 - Default ResourceManager initialization complete.
2011-08-04 14:45:04,101 - Loaded System Directive: org.apache.velocity.runtime.directive.Literal
2011-08-04 14:45:04,101 - Loaded System Directive: org.apache.velocity.runtime.directive.Macro
2011-08-04 14:45:04,121 - Loaded System Directive: org.apache.velocity.runtime.directive.Parse
2011-08-04 14:45:04,131 - Loaded System Directive: org.apache.velocity.runtime.directive.Include
2011-08-04 14:45:04,131 - Loaded System Directive: org.apache.velocity.runtime.directive.Foreach
2011-08-04 14:45:04,201 - Created: 20 parsers.
2011-08-04 14:45:04,241 - Velocimacro : initialization starting.
2011-08-04 14:45:04,241 - Velocimacro : adding VMs from VM library template : VM_global_library.vm
2011-08-04 14:45:04,261 - ResourceManager : unable to find resource 'VM_global_library.vm' in any resource loader.
2011-08-04 14:45:04,261 - Velocimacro : error using  VM library template VM_global_library.vm : org.apache.velocity.exception.ResourceNotFoundException: Unable to find resource 'VM_global_library.vm'
2011-08-04 14:45:04,261 - Velocimacro :  VM library template macro registration complete.
2011-08-04 14:45:04,261 - Velocimacro : allowInline = true : VMs can be defined inline in templates
2011-08-04 14:45:04,261 - Velocimacro : allowInlineToOverride = false : VMs defined inline may NOT replace previous VM definitions
2011-08-04 14:45:04,261 - Velocimacro : allowInlineLocal = false : VMs defined inline will be  global in scope if allowed.
2011-08-04 14:45:04,261 - Velocimacro : messages on  : VM system will output logging messages
2011-08-04 14:45:04,261 - Velocimacro : autoload off  : VM system will not automatically reload global library macros
2011-08-04 14:45:04,261 - Velocimacro : initialization complete.
2011-08-04 14:45:04,261 - Velocity successfully started.
2011-08-04 14:49:51,432 - SimpleLog4JLogSystem initialized using logfile 'velocity.log'
2011-08-04 14:49:51,432 - ************************************************************** 
2011-08-04 14:49:51,432 - Starting Jakarta Velocity v1.4
2011-08-04 14:49:51,432 - RuntimeInstance initializing.
2011-08-04 14:49:51,432 - Default Properties File: org\apache\velocity\runtime\defaults\velocity.properties
2011-08-04 14:49:51,432 - Trying to use logger class org.apache.velocity.runtime.log.SimpleLog4JLogSystem
2011-08-04 14:49:51,432 - Using logger class org.apache.velocity.runtime.log.SimpleLog4JLogSystem
2011-08-04 14:49:51,432 - Default ResourceManager initializing. (class org.apache.velocity.runtime.resource.ResourceManagerImpl)
2011-08-04 14:49:51,463 - Resource Loader Instantiated: org.apache.velocity.runtime.resource.loader.ClasspathResourceLoader
2011-08-04 14:49:51,463 - ClasspathResourceLoader : initialization starting.
2011-08-04 14:49:51,463 - ClasspathResourceLoader : initialization complete.
2011-08-04 14:49:51,463 - ResourceCache : initialized. (class org.apache.velocity.runtime.resource.ResourceCacheImpl)
2011-08-04 14:49:51,463 - Default ResourceManager initialization complete.
2011-08-04 14:49:51,463 - Loaded System Directive: org.apache.velocity.runtime.directive.Literal
2011-08-04 14:49:51,463 - Loaded System Directive: org.apache.velocity.runtime.directive.Macro
2011-08-04 14:49:51,494 - Loaded System Directive: org.apache.velocity.runtime.directive.Parse
2011-08-04 14:49:51,510 - Loaded System Directive: org.apache.velocity.runtime.directive.Include
2011-08-04 14:49:51,526 - Loaded System Directive: org.apache.velocity.runtime.directive.Foreach
2011-08-04 14:49:51,619 - Created: 20 parsers.
2011-08-04 14:49:51,650 - Velocimacro : initialization starting.
2011-08-04 14:49:51,650 - Velocimacro : adding VMs from VM library template : VM_global_library.vm
2011-08-04 14:49:51,666 - ResourceManager : unable to find resource 'VM_global_library.vm' in any resource loader.
2011-08-04 14:49:51,666 - Velocimacro : error using  VM library template VM_global_library.vm : org.apache.velocity.exception.ResourceNotFoundException: Unable to find resource 'VM_global_library.vm'
2011-08-04 14:49:51,666 - Velocimacro :  VM library template macro registration complete.
2011-08-04 14:49:51,666 - Velocimacro : allowInline = true : VMs can be defined inline in templates
2011-08-04 14:49:51,666 - Velocimacro : allowInlineToOverride = false : VMs defined inline may NOT replace previous VM definitions
2011-08-04 14:49:51,666 - Velocimacro : allowInlineLocal = false : VMs defined inline will be  global in scope if allowed.
2011-08-04 14:49:51,666 - Velocimacro : messages on  : VM system will output logging messages
2011-08-04 14:49:51,666 - Velocimacro : autoload off  : VM system will not automatically reload global library macros
2011-08-04 14:49:51,666 - Velocimacro : initialization complete.
2011-08-04 14:49:51,666 - Velocity successfully started.
2011-08-04 14:56:43,160 - SimpleLog4JLogSystem initialized using logfile 'velocity.log'
2011-08-04 14:56:43,160 - ************************************************************** 
2011-08-04 14:56:43,160 - Starting Jakarta Velocity v1.4
2011-08-04 14:56:43,160 - RuntimeInstance initializing.
2011-08-04 14:56:43,160 - Default Properties File: org\apache\velocity\runtime\defaults\velocity.properties
2011-08-04 14:56:43,160 - Trying to use logger class org.apache.velocity.runtime.log.SimpleLog4JLogSystem
2011-08-04 14:56:43,160 - Using logger class org.apache.velocity.runtime.log.SimpleLog4JLogSystem
2011-08-04 14:56:43,176 - Default ResourceManager initializing. (class org.apache.velocity.runtime.resource.ResourceManagerImpl)
2011-08-04 14:56:43,191 - Resource Loader Instantiated: org.apache.velocity.runtime.resource.loader.ClasspathResourceLoader
2011-08-04 14:56:43,191 - ClasspathResourceLoader : initialization starting.
2011-08-04 14:56:43,191 - ClasspathResourceLoader : initialization complete.
2011-08-04 14:56:43,207 - ResourceCache : initialized. (class org.apache.velocity.runtime.resource.ResourceCacheImpl)
2011-08-04 14:56:43,207 - Default ResourceManager initialization complete.
2011-08-04 14:56:43,222 - Loaded System Directive: org.apache.velocity.runtime.directive.Literal
2011-08-04 14:56:43,238 - Loaded System Directive: org.apache.velocity.runtime.directive.Macro
2011-08-04 14:56:43,254 - Loaded System Directive: org.apache.velocity.runtime.directive.Parse
2011-08-04 14:56:43,269 - Loaded System Directive: org.apache.velocity.runtime.directive.Include
2011-08-04 14:56:43,285 - Loaded System Directive: org.apache.velocity.runtime.directive.Foreach
2011-08-04 14:56:43,394 - Created: 20 parsers.
2011-08-04 14:56:43,441 - Velocimacro : initialization starting.
2011-08-04 14:56:43,441 - Velocimacro : adding VMs from VM library template : VM_global_library.vm
2011-08-04 14:56:43,456 - ResourceManager : unable to find resource 'VM_global_library.vm' in any resource loader.
2011-08-04 14:56:43,456 - Velocimacro : error using  VM library template VM_global_library.vm : org.apache.velocity.exception.ResourceNotFoundException: Unable to find resource 'VM_global_library.vm'
2011-08-04 14:56:43,456 - Velocimacro :  VM library template macro registration complete.
2011-08-04 14:56:43,456 - Velocimacro : allowInline = true : VMs can be defined inline in templates
2011-08-04 14:56:43,456 - Velocimacro : allowInlineToOverride = false : VMs defined inline may NOT replace previous VM definitions
2011-08-04 14:56:43,456 - Velocimacro : allowInlineLocal = false : VMs defined inline will be  global in scope if allowed.
2011-08-04 14:56:43,456 - Velocimacro : messages on  : VM system will output logging messages
2011-08-04 14:56:43,456 - Velocimacro : autoload off  : VM system will not automatically reload global library macros
2011-08-04 14:56:43,456 - Velocimacro : initialization complete.
2011-08-04 14:56:43,456 - Velocity successfully started.
2011-08-04 14:57:56,082 - SimpleLog4JLogSystem initialized using logfile 'velocity.log'
2011-08-04 14:57:56,082 - ************************************************************** 
2011-08-04 14:57:56,082 - Starting Jakarta Velocity v1.4
2011-08-04 14:57:56,082 - RuntimeInstance initializing.
2011-08-04 14:57:56,082 - Default Properties File: org\apache\velocity\runtime\defaults\velocity.properties
2011-08-04 14:57:56,082 - Trying to use logger class org.apache.velocity.runtime.log.SimpleLog4JLogSystem
2011-08-04 14:57:56,082 - Using logger class org.apache.velocity.runtime.log.SimpleLog4JLogSystem
2011-08-04 14:57:56,092 - Default ResourceManager initializing. (class org.apache.velocity.runtime.resource.ResourceManagerImpl)
2011-08-04 14:57:56,102 - Resource Loader Instantiated: org.apache.velocity.runtime.resource.loader.ClasspathResourceLoader
2011-08-04 14:57:56,102 - ClasspathResourceLoader : initialization starting.
2011-08-04 14:57:56,112 - ClasspathResourceLoader : initialization complete.
2011-08-04 14:57:56,112 - ResourceCache : initialized. (class org.apache.velocity.runtime.resource.ResourceCacheImpl)
2011-08-04 14:57:56,112 - Default ResourceManager initialization complete.
2011-08-04 14:57:56,112 - Loaded System Directive: org.apache.velocity.runtime.directive.Literal
2011-08-04 14:57:56,122 - Loaded System Directive: org.apache.velocity.runtime.directive.Macro
2011-08-04 14:57:56,142 - Loaded System Directive: org.apache.velocity.runtime.directive.Parse
2011-08-04 14:57:56,142 - Loaded System Directive: org.apache.velocity.runtime.directive.Include
2011-08-04 14:57:56,152 - Loaded System Directive: org.apache.velocity.runtime.directive.Foreach
2011-08-04 14:57:56,212 - Created: 20 parsers.
2011-08-04 14:57:56,252 - Velocimacro : initialization starting.
2011-08-04 14:57:56,252 - Velocimacro : adding VMs from VM library template : VM_global_library.vm
2011-08-04 14:57:56,262 - ResourceManager : unable to find resource 'VM_global_library.vm' in any resource loader.
2011-08-04 14:57:56,262 - Velocimacro : error using  VM library template VM_global_library.vm : org.apache.velocity.exception.ResourceNotFoundException: Unable to find resource 'VM_global_library.vm'
2011-08-04 14:57:56,262 - Velocimacro :  VM library template macro registration complete.
2011-08-04 14:57:56,262 - Velocimacro : allowInline = true : VMs can be defined inline in templates
2011-08-04 14:57:56,262 - Velocimacro : allowInlineToOverride = false : VMs defined inline may NOT replace previous VM definitions
2011-08-04 14:57:56,262 - Velocimacro : allowInlineLocal = false : VMs defined inline will be  global in scope if allowed.
2011-08-04 14:57:56,262 - Velocimacro : messages on  : VM system will output logging messages
2011-08-04 14:57:56,262 - Velocimacro : autoload off  : VM system will not automatically reload global library macros
2011-08-04 14:57:56,262 - Velocimacro : initialization complete.
2011-08-04 14:57:56,262 - Velocity successfully started.
2011-08-04 14:59:57,521 - SimpleLog4JLogSystem initialized using logfile 'velocity.log'
2011-08-04 14:59:57,521 - ************************************************************** 
2011-08-04 14:59:57,521 - Starting Jakarta Velocity v1.4
2011-08-04 14:59:57,521 - RuntimeInstance initializing.
2011-08-04 14:59:57,521 - Default Properties File: org\apache\velocity\runtime\defaults\velocity.properties
2011-08-04 14:59:57,521 - Trying to use logger class org.apache.velocity.runtime.log.SimpleLog4JLogSystem
2011-08-04 14:59:57,521 - Using logger class org.apache.velocity.runtime.log.SimpleLog4JLogSystem
2011-08-04 14:59:57,531 - Default ResourceManager initializing. (class org.apache.velocity.runtime.resource.ResourceManagerImpl)
2011-08-04 14:59:57,541 - Resource Loader Instantiated: org.apache.velocity.runtime.resource.loader.ClasspathResourceLoader
2011-08-04 14:59:57,541 - ClasspathResourceLoader : initialization starting.
2011-08-04 14:59:57,541 - ClasspathResourceLoader : initialization complete.
2011-08-04 14:59:57,551 - ResourceCache : initialized. (class org.apache.velocity.runtime.resource.ResourceCacheImpl)
2011-08-04 14:59:57,551 - Default ResourceManager initialization complete.
2011-08-04 14:59:57,551 - Loaded System Directive: org.apache.velocity.runtime.directive.Literal
2011-08-04 14:59:57,571 - Loaded System Directive: org.apache.velocity.runtime.directive.Macro
2011-08-04 14:59:57,581 - Loaded System Directive: org.apache.velocity.runtime.directive.Parse
2011-08-04 14:59:57,591 - Loaded System Directive: org.apache.velocity.runtime.directive.Include
2011-08-04 14:59:57,591 - Loaded System Directive: org.apache.velocity.runtime.directive.Foreach
2011-08-04 14:59:57,643 - Created: 20 parsers.
2011-08-04 14:59:57,678 - Velocimacro : initialization starting.
2011-08-04 14:59:57,678 - Velocimacro : adding VMs from VM library template : VM_global_library.vm
2011-08-04 14:59:57,698 - ResourceManager : unable to find resource 'VM_global_library.vm' in any resource loader.
2011-08-04 14:59:57,698 - Velocimacro : error using  VM library template VM_global_library.vm : org.apache.velocity.exception.ResourceNotFoundException: Unable to find resource 'VM_global_library.vm'
2011-08-04 14:59:57,698 - Velocimacro :  VM library template macro registration complete.
2011-08-04 14:59:57,698 - Velocimacro : allowInline = true : VMs can be defined inline in templates
2011-08-04 14:59:57,698 - Velocimacro : allowInlineToOverride = false : VMs defined inline may NOT replace previous VM definitions
2011-08-04 14:59:57,698 - Velocimacro : allowInlineLocal = false : VMs defined inline will be  global in scope if allowed.
2011-08-04 14:59:57,698 - Velocimacro : messages on  : VM system will output logging messages
2011-08-04 14:59:57,698 - Velocimacro : autoload off  : VM system will not automatically reload global library macros
2011-08-04 14:59:57,698 - Velocimacro : initialization complete.
2011-08-04 14:59:57,698 - Velocity successfully started.
2011-08-04 15:04:17,196 - SimpleLog4JLogSystem initialized using logfile 'velocity.log'
2011-08-04 15:04:17,196 - ************************************************************** 
2011-08-04 15:04:17,196 - Starting Jakarta Velocity v1.4
2011-08-04 15:04:17,196 - RuntimeInstance initializing.
2011-08-04 15:04:17,196 - Default Properties File: org\apache\velocity\runtime\defaults\velocity.properties
2011-08-04 15:04:17,196 - Trying to use logger class org.apache.velocity.runtime.log.SimpleLog4JLogSystem
2011-08-04 15:04:17,196 - Using logger class org.apache.velocity.runtime.log.SimpleLog4JLogSystem
2011-08-04 15:04:17,196 - Default ResourceManager initializing. (class org.apache.velocity.runtime.resource.ResourceManagerImpl)
2011-08-04 15:04:17,212 - Resource Loader Instantiated: org.apache.velocity.runtime.resource.loader.ClasspathResourceLoader
2011-08-04 15:04:17,212 - ClasspathResourceLoader : initialization starting.
2011-08-04 15:04:17,227 - ClasspathResourceLoader : initialization complete.
2011-08-04 15:04:17,227 - ResourceCache : initialized. (class org.apache.velocity.runtime.resource.ResourceCacheImpl)
2011-08-04 15:04:17,227 - Default ResourceManager initialization complete.
2011-08-04 15:04:17,227 - Loaded System Directive: org.apache.velocity.runtime.directive.Literal
2011-08-04 15:04:17,227 - Loaded System Directive: org.apache.velocity.runtime.directive.Macro
2011-08-04 15:04:17,258 - Loaded System Directive: org.apache.velocity.runtime.directive.Parse
2011-08-04 15:04:17,258 - Loaded System Directive: org.apache.velocity.runtime.directive.Include
2011-08-04 15:04:17,258 - Loaded System Directive: org.apache.velocity.runtime.directive.Foreach
2011-08-04 15:04:17,321 - Created: 20 parsers.
2011-08-04 15:04:17,368 - Velocimacro : initialization starting.
2011-08-04 15:04:17,368 - Velocimacro : adding VMs from VM library template : VM_global_library.vm
2011-08-04 15:04:17,383 - ResourceManager : unable to find resource 'VM_global_library.vm' in any resource loader.
2011-08-04 15:04:17,383 - Velocimacro : error using  VM library template VM_global_library.vm : org.apache.velocity.exception.ResourceNotFoundException: Unable to find resource 'VM_global_library.vm'
2011-08-04 15:04:17,383 - Velocimacro :  VM library template macro registration complete.
2011-08-04 15:04:17,383 - Velocimacro : allowInline = true : VMs can be defined inline in templates
2011-08-04 15:04:17,383 - Velocimacro : allowInlineToOverride = false : VMs defined inline may NOT replace previous VM definitions
2011-08-04 15:04:17,383 - Velocimacro : allowInlineLocal = false : VMs defined inline will be  global in scope if allowed.
2011-08-04 15:04:17,383 - Velocimacro : messages on  : VM system will output logging messages
2011-08-04 15:04:17,383 - Velocimacro : autoload off  : VM system will not automatically reload global library macros
2011-08-04 15:04:17,383 - Velocimacro : initialization complete.
2011-08-04 15:04:17,383 - Velocity successfully started.
2011-08-04 15:05:09,371 - SimpleLog4JLogSystem initialized using logfile 'velocity.log'
2011-08-04 15:05:09,371 - ************************************************************** 
2011-08-04 15:05:09,371 - Starting Jakarta Velocity v1.4
2011-08-04 15:05:09,371 - RuntimeInstance initializing.
2011-08-04 15:05:09,371 - Default Properties File: org\apache\velocity\runtime\defaults\velocity.properties
2011-08-04 15:05:09,371 - Trying to use logger class org.apache.velocity.runtime.log.SimpleLog4JLogSystem
2011-08-04 15:05:09,371 - Using logger class org.apache.velocity.runtime.log.SimpleLog4JLogSystem
2011-08-04 15:05:09,371 - Default ResourceManager initializing. (class org.apache.velocity.runtime.resource.ResourceManagerImpl)
2011-08-04 15:05:09,387 - Resource Loader Instantiated: org.apache.velocity.runtime.resource.loader.ClasspathResourceLoader
2011-08-04 15:05:09,387 - ClasspathResourceLoader : initialization starting.
2011-08-04 15:05:09,387 - ClasspathResourceLoader : initialization complete.
2011-08-04 15:05:09,402 - ResourceCache : initialized. (class org.apache.velocity.runtime.resource.ResourceCacheImpl)
2011-08-04 15:05:09,402 - Default ResourceManager initialization complete.
2011-08-04 15:05:09,402 - Loaded System Directive: org.apache.velocity.runtime.directive.Literal
2011-08-04 15:05:09,402 - Loaded System Directive: org.apache.velocity.runtime.directive.Macro
2011-08-04 15:05:09,418 - Loaded System Directive: org.apache.velocity.runtime.directive.Parse
2011-08-04 15:05:09,433 - Loaded System Directive: org.apache.velocity.runtime.directive.Include
2011-08-04 15:05:09,433 - Loaded System Directive: org.apache.velocity.runtime.directive.Foreach
2011-08-04 15:05:09,496 - Created: 20 parsers.
2011-08-04 15:05:09,543 - Velocimacro : initialization starting.
2011-08-04 15:05:09,543 - Velocimacro : adding VMs from VM library template : VM_global_library.vm
2011-08-04 15:05:09,558 - ResourceManager : unable to find resource 'VM_global_library.vm' in any resource loader.
2011-08-04 15:05:09,558 - Velocimacro : error using  VM library template VM_global_library.vm : org.apache.velocity.exception.ResourceNotFoundException: Unable to find resource 'VM_global_library.vm'
2011-08-04 15:05:09,558 - Velocimacro :  VM library template macro registration complete.
2011-08-04 15:05:09,558 - Velocimacro : allowInline = true : VMs can be defined inline in templates
2011-08-04 15:05:09,558 - Velocimacro : allowInlineToOverride = false : VMs defined inline may NOT replace previous VM definitions
2011-08-04 15:05:09,558 - Velocimacro : allowInlineLocal = false : VMs defined inline will be  global in scope if allowed.
2011-08-04 15:05:09,558 - Velocimacro : messages on  : VM system will output logging messages
2011-08-04 15:05:09,558 - Velocimacro : autoload off  : VM system will not automatically reload global library macros
2011-08-04 15:05:09,558 - Velocimacro : initialization complete.
2011-08-04 15:05:09,558 - Velocity successfully started.
2011-08-04 15:12:47,924 - SimpleLog4JLogSystem initialized using logfile 'velocity.log'
2011-08-04 15:12:47,924 - ************************************************************** 
2011-08-04 15:12:47,924 - Starting Jakarta Velocity v1.4
2011-08-04 15:12:47,924 - RuntimeInstance initializing.
2011-08-04 15:12:47,924 - Default Properties File: org\apache\velocity\runtime\defaults\velocity.properties
2011-08-04 15:12:47,924 - Trying to use logger class org.apache.velocity.runtime.log.SimpleLog4JLogSystem
2011-08-04 15:12:47,924 - Using logger class org.apache.velocity.runtime.log.SimpleLog4JLogSystem
2011-08-04 15:12:47,934 - Default ResourceManager initializing. (class org.apache.velocity.runtime.resource.ResourceManagerImpl)
2011-08-04 15:12:47,954 - Resource Loader Instantiated: org.apache.velocity.runtime.resource.loader.ClasspathResourceLoader
2011-08-04 15:12:47,954 - ClasspathResourceLoader : initialization starting.
2011-08-04 15:12:47,954 - ClasspathResourceLoader : initialization complete.
2011-08-04 15:12:47,964 - ResourceCache : initialized. (class org.apache.velocity.runtime.resource.ResourceCacheImpl)
2011-08-04 15:12:47,964 - Default ResourceManager initialization complete.
2011-08-04 15:12:47,964 - Loaded System Directive: org.apache.velocity.runtime.directive.Literal
2011-08-04 15:12:47,974 - Loaded System Directive: org.apache.velocity.runtime.directive.Macro
2011-08-04 15:12:47,984 - Loaded System Directive: org.apache.velocity.runtime.directive.Parse
2011-08-04 15:12:47,984 - Loaded System Directive: org.apache.velocity.runtime.directive.Include
2011-08-04 15:12:47,994 - Loaded System Directive: org.apache.velocity.runtime.directive.Foreach
2011-08-04 15:12:48,054 - Created: 20 parsers.
2011-08-04 15:12:48,084 - Velocimacro : initialization starting.
2011-08-04 15:12:48,084 - Velocimacro : adding VMs from VM library template : VM_global_library.vm
2011-08-04 15:12:48,104 - ResourceManager : unable to find resource 'VM_global_library.vm' in any resource loader.
2011-08-04 15:12:48,104 - Velocimacro : error using  VM library template VM_global_library.vm : org.apache.velocity.exception.ResourceNotFoundException: Unable to find resource 'VM_global_library.vm'
2011-08-04 15:12:48,104 - Velocimacro :  VM library template macro registration complete.
2011-08-04 15:12:48,104 - Velocimacro : allowInline = true : VMs can be defined inline in templates
2011-08-04 15:12:48,104 - Velocimacro : allowInlineToOverride = false : VMs defined inline may NOT replace previous VM definitions
2011-08-04 15:12:48,104 - Velocimacro : allowInlineLocal = false : VMs defined inline will be  global in scope if allowed.
2011-08-04 15:12:48,104 - Velocimacro : messages on  : VM system will output logging messages
2011-08-04 15:12:48,104 - Velocimacro : autoload off  : VM system will not automatically reload global library macros
2011-08-04 15:12:48,104 - Velocimacro : initialization complete.
2011-08-04 15:12:48,104 - Velocity successfully started.
2011-08-04 15:13:56,415 - SimpleLog4JLogSystem initialized using logfile 'velocity.log'
2011-08-04 15:13:56,415 - ************************************************************** 
2011-08-04 15:13:56,415 - Starting Jakarta Velocity v1.4
2011-08-04 15:13:56,415 - RuntimeInstance initializing.
2011-08-04 15:13:56,415 - Default Properties File: org\apache\velocity\runtime\defaults\velocity.properties
2011-08-04 15:13:56,415 - Trying to use logger class org.apache.velocity.runtime.log.SimpleLog4JLogSystem
2011-08-04 15:13:56,415 - Using logger class org.apache.velocity.runtime.log.SimpleLog4JLogSystem
2011-08-04 15:13:56,415 - Default ResourceManager initializing. (class org.apache.velocity.runtime.resource.ResourceManagerImpl)
2011-08-04 15:13:56,431 - Resource Loader Instantiated: org.apache.velocity.runtime.resource.loader.ClasspathResourceLoader
2011-08-04 15:13:56,431 - ClasspathResourceLoader : initialization starting.
2011-08-04 15:13:56,431 - ClasspathResourceLoader : initialization complete.
2011-08-04 15:13:56,446 - ResourceCache : initialized. (class org.apache.velocity.runtime.resource.ResourceCacheImpl)
2011-08-04 15:13:56,446 - Default ResourceManager initialization complete.
2011-08-04 15:13:56,446 - Loaded System Directive: org.apache.velocity.runtime.directive.Literal
2011-08-04 15:13:56,446 - Loaded System Directive: org.apache.velocity.runtime.directive.Macro
2011-08-04 15:13:56,477 - Loaded System Directive: org.apache.velocity.runtime.directive.Parse
2011-08-04 15:13:56,477 - Loaded System Directive: org.apache.velocity.runtime.directive.Include
2011-08-04 15:13:56,477 - Loaded System Directive: org.apache.velocity.runtime.directive.Foreach
2011-08-04 15:13:56,540 - Created: 20 parsers.
2011-08-04 15:13:56,587 - Velocimacro : initialization starting.
2011-08-04 15:13:56,587 - Velocimacro : adding VMs from VM library template : VM_global_library.vm
2011-08-04 15:13:56,602 - ResourceManager : unable to find resource 'VM_global_library.vm' in any resource loader.
2011-08-04 15:13:56,602 - Velocimacro : error using  VM library template VM_global_library.vm : org.apache.velocity.exception.ResourceNotFoundException: Unable to find resource 'VM_global_library.vm'
2011-08-04 15:13:56,602 - Velocimacro :  VM library template macro registration complete.
2011-08-04 15:13:56,602 - Velocimacro : allowInline = true : VMs can be defined inline in templates
2011-08-04 15:13:56,602 - Velocimacro : allowInlineToOverride = false : VMs defined inline may NOT replace previous VM definitions
2011-08-04 15:13:56,602 - Velocimacro : allowInlineLocal = false : VMs defined inline will be  global in scope if allowed.
2011-08-04 15:13:56,602 - Velocimacro : messages on  : VM system will output logging messages
2011-08-04 15:13:56,602 - Velocimacro : autoload off  : VM system will not automatically reload global library macros
2011-08-04 15:13:56,602 - Velocimacro : initialization complete.
2011-08-04 15:13:56,602 - Velocity successfully started.
