2011-08-19 16:47:07,749 - Velocimacro :  VM library template macro registration complete.
2011-08-19 16:47:07,749 - Velocimacro : allowInline = true : VMs can be defined inline in templates
2011-08-19 16:47:07,749 - Velocimacro : allowInlineToOverride = false : VMs defined inline may NOT replace previous VM definitions
2011-08-19 16:47:07,749 - Velocimacro : allowInlineLocal = false : VMs defined inline will be  global in scope if allowed.
2011-08-19 16:47:07,749 - Velocimacro : messages on  : VM system will output logging messages
2011-08-19 16:47:07,749 - Velocimacro : autoload off  : VM system will not automatically reload global library macros
2011-08-19 16:47:07,749 - Velocimacro : initialization complete.
2011-08-19 16:47:07,749 - Velocity successfully started.
2011-08-26 12:41:47,055 - SimpleLog4JLogSystem initialized using logfile 'velocity.log'
2011-08-26 12:41:47,085 - ************************************************************** 
2011-08-26 12:41:47,085 - Starting Jakarta Velocity v1.4
2011-08-26 12:41:47,085 - RuntimeInstance initializing.
2011-08-26 12:41:47,085 - Default Properties File: org\apache\velocity\runtime\defaults\velocity.properties
2011-08-26 12:41:47,085 - Trying to use logger class org.apache.velocity.runtime.log.SimpleLog4JLogSystem
2011-08-26 12:41:47,085 - Using logger class org.apache.velocity.runtime.log.SimpleLog4JLogSystem
2011-08-26 12:41:47,115 - Default ResourceManager initializing. (class org.apache.velocity.runtime.resource.ResourceManagerImpl)
2011-08-26 12:41:47,145 - Resource Loader Instantiated: org.apache.velocity.runtime.resource.loader.ClasspathResourceLoader
2011-08-26 12:41:47,145 - ClasspathResourceLoader : initialization starting.
2011-08-26 12:41:47,145 - ClasspathResourceLoader : initialization complete.
2011-08-26 12:41:47,155 - ResourceCache : initialized. (class org.apache.velocity.runtime.resource.ResourceCacheImpl)
2011-08-26 12:41:47,155 - Default ResourceManager initialization complete.
2011-08-26 12:41:47,175 - Loaded System Directive: org.apache.velocity.runtime.directive.Literal
2011-08-26 12:41:47,185 - Loaded System Directive: org.apache.velocity.runtime.directive.Macro
2011-08-26 12:41:47,215 - Loaded System Directive: org.apache.velocity.runtime.directive.Parse
2011-08-26 12:41:47,235 - Loaded System Directive: org.apache.velocity.runtime.directive.Include
2011-08-26 12:41:47,245 - Loaded System Directive: org.apache.velocity.runtime.directive.Foreach
2011-08-26 12:41:47,425 - Created: 20 parsers.
2011-08-26 12:41:47,505 - Velocimacro : initialization starting.
2011-08-26 12:41:47,505 - Velocimacro : adding VMs from VM library template : VM_global_library.vm
2011-08-26 12:41:47,535 - ResourceManager : unable to find resource 'VM_global_library.vm' in any resource loader.
2011-08-26 12:41:47,535 - Velocimacro : error using  VM library template VM_global_library.vm : org.apache.velocity.exception.ResourceNotFoundException: Unable to find resource 'VM_global_library.vm'
2011-08-26 12:41:47,535 - Velocimacro :  VM library template macro registration complete.
2011-08-26 12:41:47,535 - Velocimacro : allowInline = true : VMs can be defined inline in templates
2011-08-26 12:41:47,535 - Velocimacro : allowInlineToOverride = false : VMs defined inline may NOT replace previous VM definitions
2011-08-26 12:41:47,535 - Velocimacro : allowInlineLocal = false : VMs defined inline will be  global in scope if allowed.
2011-08-26 12:41:47,535 - Velocimacro : messages on  : VM system will output logging messages
2011-08-26 12:41:47,535 - Velocimacro : autoload off  : VM system will not automatically reload global library macros
2011-08-26 12:41:47,535 - Velocimacro : initialization complete.
2011-08-26 12:41:47,535 - Velocity successfully started.
