2011-08-21 00:44:33,021 - SimpleLog4JLogSystem initialized using logfile 'velocity.log'
2011-08-21 00:44:33,021 - ************************************************************** 
2011-08-21 00:44:33,021 - Starting Jakarta Velocity v1.4
2011-08-21 00:44:33,021 - RuntimeInstance initializing.
2011-08-21 00:44:33,021 - Default Properties File: org\apache\velocity\runtime\defaults\velocity.properties
2011-08-21 00:44:33,021 - Trying to use logger class org.apache.velocity.runtime.log.SimpleLog4JLogSystem
2011-08-21 00:44:33,021 - Using logger class org.apache.velocity.runtime.log.SimpleLog4JLogSystem
2011-08-21 00:44:33,031 - Default ResourceManager initializing. (class org.apache.velocity.runtime.resource.ResourceManagerImpl)
2011-08-21 00:44:33,041 - Resource Loader Instantiated: org.apache.velocity.runtime.resource.loader.ClasspathResourceLoader
2011-08-21 00:44:33,041 - ClasspathResourceLoader : initialization starting.
2011-08-21 00:44:33,041 - ClasspathResourceLoader : initialization complete.
2011-08-21 00:44:33,051 - ResourceCache : initialized. (class org.apache.velocity.runtime.resource.ResourceCacheImpl)
2011-08-21 00:44:33,051 - Default ResourceManager initialization complete.
2011-08-21 00:44:33,061 - Loaded System Directive: org.apache.velocity.runtime.directive.Literal
2011-08-21 00:44:33,061 - Loaded System Directive: org.apache.velocity.runtime.directive.Macro
2011-08-21 00:44:33,081 - Loaded System Directive: org.apache.velocity.runtime.directive.Parse
2011-08-21 00:44:33,081 - Loaded System Directive: org.apache.velocity.runtime.directive.Include
2011-08-21 00:44:33,081 - Loaded System Directive: org.apache.velocity.runtime.directive.Foreach
2011-08-21 00:44:33,161 - Created: 20 parsers.
2011-08-21 00:44:33,191 - Velocimacro : initialization starting.
2011-08-21 00:44:33,191 - Velocimacro : adding VMs from VM library template : VM_global_library.vm
2011-08-21 00:44:33,211 - ResourceManager : unable to find resource 'VM_global_library.vm' in any resource loader.
2011-08-21 00:44:33,211 - Velocimacro : error using  VM library template VM_global_library.vm : org.apache.velocity.exception.ResourceNotFoundException: Unable to find resource 'VM_global_library.vm'
2011-08-21 00:44:33,211 - Velocimacro :  VM library template macro registration complete.
2011-08-21 00:44:33,211 - Velocimacro : allowInline = true : VMs can be defined inline in templates
2011-08-21 00:44:33,211 - Velocimacro : allowInlineToOverride = false : VMs defined inline may NOT replace previous VM definitions
2011-08-21 00:44:33,211 - Velocimacro : allowInlineLocal = false : VMs defined inline will be  global in scope if allowed.
2011-08-21 00:44:33,211 - Velocimacro : messages on  : VM system will output logging messages
2011-08-21 00:44:33,211 - Velocimacro : autoload off  : VM system will not automatically reload global library macros
2011-08-21 00:44:33,211 - Velocimacro : initialization complete.
2011-08-21 00:44:33,211 - Velocity successfully started.
2011-08-21 00:47:07,964 - SimpleLog4JLogSystem initialized using logfile 'velocity.log'
2011-08-21 00:47:07,964 - ************************************************************** 
2011-08-21 00:47:07,964 - Starting Jakarta Velocity v1.4
2011-08-21 00:47:07,964 - RuntimeInstance initializing.
2011-08-21 00:47:07,964 - Default Properties File: org\apache\velocity\runtime\defaults\velocity.properties
2011-08-21 00:47:07,964 - Trying to use logger class org.apache.velocity.runtime.log.SimpleLog4JLogSystem
2011-08-21 00:47:07,964 - Using logger class org.apache.velocity.runtime.log.SimpleLog4JLogSystem
2011-08-21 00:47:07,974 - Default ResourceManager initializing. (class org.apache.velocity.runtime.resource.ResourceManagerImpl)
2011-08-21 00:47:07,984 - Resource Loader Instantiated: org.apache.velocity.runtime.resource.loader.ClasspathResourceLoader
2011-08-21 00:47:07,984 - ClasspathResourceLoader : initialization starting.
2011-08-21 00:47:07,984 - ClasspathResourceLoader : initialization complete.
2011-08-21 00:47:07,994 - ResourceCache : initialized. (class org.apache.velocity.runtime.resource.ResourceCacheImpl)
2011-08-21 00:47:07,994 - Default ResourceManager initialization complete.
2011-08-21 00:47:07,994 - Loaded System Directive: org.apache.velocity.runtime.directive.Literal
2011-08-21 00:47:08,004 - Loaded System Directive: org.apache.velocity.runtime.directive.Macro
2011-08-21 00:47:08,014 - Loaded System Directive: org.apache.velocity.runtime.directive.Parse
2011-08-21 00:47:08,024 - Loaded System Directive: org.apache.velocity.runtime.directive.Include
2011-08-21 00:47:08,024 - Loaded System Directive: org.apache.velocity.runtime.directive.Foreach
2011-08-21 00:47:08,104 - Created: 20 parsers.
2011-08-21 00:47:08,134 - Velocimacro : initialization starting.
2011-08-21 00:47:08,134 - Velocimacro : adding VMs from VM library template : VM_global_library.vm
2011-08-21 00:47:08,154 - ResourceManager : unable to find resource 'VM_global_library.vm' in any resource loader.
2011-08-21 00:47:08,154 - Velocimacro : error using  VM library template VM_global_library.vm : org.apache.velocity.exception.ResourceNotFoundException: Unable to find resource 'VM_global_library.vm'
2011-08-21 00:47:08,154 - Velocimacro :  VM library template macro registration complete.
2011-08-21 00:47:08,154 - Velocimacro : allowInline = true : VMs can be defined inline in templates
2011-08-21 00:47:08,154 - Velocimacro : allowInlineToOverride = false : VMs defined inline may NOT replace previous VM definitions
2011-08-21 00:47:08,154 - Velocimacro : allowInlineLocal = false : VMs defined inline will be  global in scope if allowed.
2011-08-21 00:47:08,154 - Velocimacro : messages on  : VM system will output logging messages
2011-08-21 00:47:08,154 - Velocimacro : autoload off  : VM system will not automatically reload global library macros
2011-08-21 00:47:08,154 - Velocimacro : initialization complete.
2011-08-21 00:47:08,154 - Velocity successfully started.
2011-08-21 00:59:12,616 - SimpleLog4JLogSystem initialized using logfile 'velocity.log'
2011-08-21 00:59:12,616 - ************************************************************** 
2011-08-21 00:59:12,616 - Starting Jakarta Velocity v1.4
2011-08-21 00:59:12,616 - RuntimeInstance initializing.
2011-08-21 00:59:12,616 - Default Properties File: org\apache\velocity\runtime\defaults\velocity.properties
2011-08-21 00:59:12,616 - Trying to use logger class org.apache.velocity.runtime.log.SimpleLog4JLogSystem
2011-08-21 00:59:12,616 - Using logger class org.apache.velocity.runtime.log.SimpleLog4JLogSystem
2011-08-21 00:59:12,626 - Default ResourceManager initializing. (class org.apache.velocity.runtime.resource.ResourceManagerImpl)
2011-08-21 00:59:12,636 - Resource Loader Instantiated: org.apache.velocity.runtime.resource.loader.ClasspathResourceLoader
2011-08-21 00:59:12,636 - ClasspathResourceLoader : initialization starting.
2011-08-21 00:59:12,636 - ClasspathResourceLoader : initialization complete.
2011-08-21 00:59:12,636 - ResourceCache : initialized. (class org.apache.velocity.runtime.resource.ResourceCacheImpl)
2011-08-21 00:59:12,636 - Default ResourceManager initialization complete.
2011-08-21 00:59:12,646 - Loaded System Directive: org.apache.velocity.runtime.directive.Literal
2011-08-21 00:59:12,656 - Loaded System Directive: org.apache.velocity.runtime.directive.Macro
2011-08-21 00:59:12,666 - Loaded System Directive: org.apache.velocity.runtime.directive.Parse
2011-08-21 00:59:12,666 - Loaded System Directive: org.apache.velocity.runtime.directive.Include
2011-08-21 00:59:12,676 - Loaded System Directive: org.apache.velocity.runtime.directive.Foreach
2011-08-21 00:59:12,746 - Created: 20 parsers.
2011-08-21 00:59:12,776 - Velocimacro : initialization starting.
2011-08-21 00:59:12,776 - Velocimacro : adding VMs from VM library template : VM_global_library.vm
2011-08-21 00:59:12,786 - ResourceManager : unable to find resource 'VM_global_library.vm' in any resource loader.
2011-08-21 00:59:12,786 - Velocimacro : error using  VM library template VM_global_library.vm : org.apache.velocity.exception.ResourceNotFoundException: Unable to find resource 'VM_global_library.vm'
2011-08-21 00:59:12,786 - Velocimacro :  VM library template macro registration complete.
2011-08-21 00:59:12,786 - Velocimacro : allowInline = true : VMs can be defined inline in templates
2011-08-21 00:59:12,786 - Velocimacro : allowInlineToOverride = false : VMs defined inline may NOT replace previous VM definitions
2011-08-21 00:59:12,786 - Velocimacro : allowInlineLocal = false : VMs defined inline will be  global in scope if allowed.
2011-08-21 00:59:12,786 - Velocimacro : messages on  : VM system will output logging messages
2011-08-21 00:59:12,786 - Velocimacro : autoload off  : VM system will not automatically reload global library macros
2011-08-21 00:59:12,786 - Velocimacro : initialization complete.
2011-08-21 00:59:12,786 - Velocity successfully started.
2011-08-21 12:53:53,632 - SimpleLog4JLogSystem initialized using logfile 'velocity.log'
2011-08-21 12:53:53,632 - ************************************************************** 
2011-08-21 12:53:53,632 - Starting Jakarta Velocity v1.4
2011-08-21 12:53:53,632 - RuntimeInstance initializing.
2011-08-21 12:53:53,632 - Default Properties File: org\apache\velocity\runtime\defaults\velocity.properties
2011-08-21 12:53:53,632 - Trying to use logger class org.apache.velocity.runtime.log.SimpleLog4JLogSystem
2011-08-21 12:53:53,632 - Using logger class org.apache.velocity.runtime.log.SimpleLog4JLogSystem
2011-08-21 12:53:53,642 - Default ResourceManager initializing. (class org.apache.velocity.runtime.resource.ResourceManagerImpl)
2011-08-21 12:53:53,652 - Resource Loader Instantiated: org.apache.velocity.runtime.resource.loader.ClasspathResourceLoader
2011-08-21 12:53:53,652 - ClasspathResourceLoader : initialization starting.
2011-08-21 12:53:53,652 - ClasspathResourceLoader : initialization complete.
2011-08-21 12:53:53,662 - ResourceCache : initialized. (class org.apache.velocity.runtime.resource.ResourceCacheImpl)
2011-08-21 12:53:53,662 - Default ResourceManager initialization complete.
2011-08-21 12:53:53,662 - Loaded System Directive: org.apache.velocity.runtime.directive.Literal
2011-08-21 12:53:53,672 - Loaded System Directive: org.apache.velocity.runtime.directive.Macro
2011-08-21 12:53:53,682 - Loaded System Directive: org.apache.velocity.runtime.directive.Parse
2011-08-21 12:53:53,692 - Loaded System Directive: org.apache.velocity.runtime.directive.Include
2011-08-21 12:53:53,692 - Loaded System Directive: org.apache.velocity.runtime.directive.Foreach
2011-08-21 12:53:53,762 - Created: 20 parsers.
2011-08-21 12:53:53,792 - Velocimacro : initialization starting.
2011-08-21 12:53:53,792 - Velocimacro : adding VMs from VM library template : VM_global_library.vm
2011-08-21 12:53:53,812 - ResourceManager : unable to find resource 'VM_global_library.vm' in any resource loader.
2011-08-21 12:53:53,812 - Velocimacro : error using  VM library template VM_global_library.vm : org.apache.velocity.exception.ResourceNotFoundException: Unable to find resource 'VM_global_library.vm'
2011-08-21 12:53:53,812 - Velocimacro :  VM library template macro registration complete.
2011-08-21 12:53:53,812 - Velocimacro : allowInline = true : VMs can be defined inline in templates
2011-08-21 12:53:53,812 - Velocimacro : allowInlineToOverride = false : VMs defined inline may NOT replace previous VM definitions
2011-08-21 12:53:53,812 - Velocimacro : allowInlineLocal = false : VMs defined inline will be  global in scope if allowed.
2011-08-21 12:53:53,812 - Velocimacro : messages on  : VM system will output logging messages
2011-08-21 12:53:53,812 - Velocimacro : autoload off  : VM system will not automatically reload global library macros
2011-08-21 12:53:53,812 - Velocimacro : initialization complete.
2011-08-21 12:53:53,812 - Velocity successfully started.
2011-08-21 12:54:52,436 - SimpleLog4JLogSystem initialized using logfile 'velocity.log'
2011-08-21 12:54:52,436 - ************************************************************** 
2011-08-21 12:54:52,436 - Starting Jakarta Velocity v1.4
2011-08-21 12:54:52,436 - RuntimeInstance initializing.
2011-08-21 12:54:52,436 - Default Properties File: org\apache\velocity\runtime\defaults\velocity.properties
2011-08-21 12:54:52,436 - Trying to use logger class org.apache.velocity.runtime.log.SimpleLog4JLogSystem
2011-08-21 12:54:52,436 - Using logger class org.apache.velocity.runtime.log.SimpleLog4JLogSystem
2011-08-21 12:54:52,446 - Default ResourceManager initializing. (class org.apache.velocity.runtime.resource.ResourceManagerImpl)
2011-08-21 12:54:52,456 - Resource Loader Instantiated: org.apache.velocity.runtime.resource.loader.ClasspathResourceLoader
2011-08-21 12:54:52,456 - ClasspathResourceLoader : initialization starting.
2011-08-21 12:54:52,456 - ClasspathResourceLoader : initialization complete.
2011-08-21 12:54:52,466 - ResourceCache : initialized. (class org.apache.velocity.runtime.resource.ResourceCacheImpl)
2011-08-21 12:54:52,466 - Default ResourceManager initialization complete.
2011-08-21 12:54:52,466 - Loaded System Directive: org.apache.velocity.runtime.directive.Literal
2011-08-21 12:54:52,476 - Loaded System Directive: org.apache.velocity.runtime.directive.Macro
2011-08-21 12:54:52,486 - Loaded System Directive: org.apache.velocity.runtime.directive.Parse
2011-08-21 12:54:52,496 - Loaded System Directive: org.apache.velocity.runtime.directive.Include
2011-08-21 12:54:52,496 - Loaded System Directive: org.apache.velocity.runtime.directive.Foreach
2011-08-21 12:54:52,566 - Created: 20 parsers.
2011-08-21 12:54:52,606 - Velocimacro : initialization starting.
2011-08-21 12:54:52,606 - Velocimacro : adding VMs from VM library template : VM_global_library.vm
2011-08-21 12:54:52,616 - ResourceManager : unable to find resource 'VM_global_library.vm' in any resource loader.
2011-08-21 12:54:52,616 - Velocimacro : error using  VM library template VM_global_library.vm : org.apache.velocity.exception.ResourceNotFoundException: Unable to find resource 'VM_global_library.vm'
2011-08-21 12:54:52,616 - Velocimacro :  VM library template macro registration complete.
2011-08-21 12:54:52,616 - Velocimacro : allowInline = true : VMs can be defined inline in templates
2011-08-21 12:54:52,616 - Velocimacro : allowInlineToOverride = false : VMs defined inline may NOT replace previous VM definitions
2011-08-21 12:54:52,616 - Velocimacro : allowInlineLocal = false : VMs defined inline will be  global in scope if allowed.
2011-08-21 12:54:52,616 - Velocimacro : messages on  : VM system will output logging messages
2011-08-21 12:54:52,616 - Velocimacro : autoload off  : VM system will not automatically reload global library macros
2011-08-21 12:54:52,616 - Velocimacro : initialization complete.
2011-08-21 12:54:52,616 - Velocity successfully started.
2011-08-21 12:57:23,699 - SimpleLog4JLogSystem initialized using logfile 'velocity.log'
2011-08-21 12:57:23,699 - ************************************************************** 
2011-08-21 12:57:23,699 - Starting Jakarta Velocity v1.4
2011-08-21 12:57:23,699 - RuntimeInstance initializing.
2011-08-21 12:57:23,699 - Default Properties File: org\apache\velocity\runtime\defaults\velocity.properties
2011-08-21 12:57:23,699 - Trying to use logger class org.apache.velocity.runtime.log.SimpleLog4JLogSystem
2011-08-21 12:57:23,699 - Using logger class org.apache.velocity.runtime.log.SimpleLog4JLogSystem
2011-08-21 12:57:23,709 - Default ResourceManager initializing. (class org.apache.velocity.runtime.resource.ResourceManagerImpl)
2011-08-21 12:57:23,719 - Resource Loader Instantiated: org.apache.velocity.runtime.resource.loader.ClasspathResourceLoader
2011-08-21 12:57:23,719 - ClasspathResourceLoader : initialization starting.
2011-08-21 12:57:23,719 - ClasspathResourceLoader : initialization complete.
2011-08-21 12:57:23,729 - ResourceCache : initialized. (class org.apache.velocity.runtime.resource.ResourceCacheImpl)
2011-08-21 12:57:23,729 - Default ResourceManager initialization complete.
2011-08-21 12:57:23,729 - Loaded System Directive: org.apache.velocity.runtime.directive.Literal
2011-08-21 12:57:23,739 - Loaded System Directive: org.apache.velocity.runtime.directive.Macro
2011-08-21 12:57:23,749 - Loaded System Directive: org.apache.velocity.runtime.directive.Parse
2011-08-21 12:57:23,749 - Loaded System Directive: org.apache.velocity.runtime.directive.Include
2011-08-21 12:57:23,759 - Loaded System Directive: org.apache.velocity.runtime.directive.Foreach
2011-08-21 12:57:23,829 - Created: 20 parsers.
2011-08-21 12:57:23,859 - Velocimacro : initialization starting.
2011-08-21 12:57:23,859 - Velocimacro : adding VMs from VM library template : VM_global_library.vm
2011-08-21 12:57:23,869 - ResourceManager : unable to find resource 'VM_global_library.vm' in any resource loader.
2011-08-21 12:57:23,869 - Velocimacro : error using  VM library template VM_global_library.vm : org.apache.velocity.exception.ResourceNotFoundException: Unable to find resource 'VM_global_library.vm'
2011-08-21 12:57:23,869 - Velocimacro :  VM library template macro registration complete.
2011-08-21 12:57:23,869 - Velocimacro : allowInline = true : VMs can be defined inline in templates
2011-08-21 12:57:23,869 - Velocimacro : allowInlineToOverride = false : VMs defined inline may NOT replace previous VM definitions
2011-08-21 12:57:23,869 - Velocimacro : allowInlineLocal = false : VMs defined inline will be  global in scope if allowed.
2011-08-21 12:57:23,869 - Velocimacro : messages on  : VM system will output logging messages
2011-08-21 12:57:23,869 - Velocimacro : autoload off  : VM system will not automatically reload global library macros
2011-08-21 12:57:23,869 - Velocimacro : initialization complete.
2011-08-21 12:57:23,869 - Velocity successfully started.
2011-08-21 12:58:13,070 - SimpleLog4JLogSystem initialized using logfile 'velocity.log'
2011-08-21 12:58:13,070 - ************************************************************** 
2011-08-21 12:58:13,070 - Starting Jakarta Velocity v1.4
2011-08-21 12:58:13,070 - RuntimeInstance initializing.
2011-08-21 12:58:13,070 - Default Properties File: org\apache\velocity\runtime\defaults\velocity.properties
2011-08-21 12:58:13,070 - Trying to use logger class org.apache.velocity.runtime.log.SimpleLog4JLogSystem
2011-08-21 12:58:13,070 - Using logger class org.apache.velocity.runtime.log.SimpleLog4JLogSystem
2011-08-21 12:58:13,080 - Default ResourceManager initializing. (class org.apache.velocity.runtime.resource.ResourceManagerImpl)
2011-08-21 12:58:13,090 - Resource Loader Instantiated: org.apache.velocity.runtime.resource.loader.ClasspathResourceLoader
2011-08-21 12:58:13,090 - ClasspathResourceLoader : initialization starting.
2011-08-21 12:58:13,090 - ClasspathResourceLoader : initialization complete.
2011-08-21 12:58:13,090 - ResourceCache : initialized. (class org.apache.velocity.runtime.resource.ResourceCacheImpl)
2011-08-21 12:58:13,090 - Default ResourceManager initialization complete.
2011-08-21 12:58:13,100 - Loaded System Directive: org.apache.velocity.runtime.directive.Literal
2011-08-21 12:58:13,100 - Loaded System Directive: org.apache.velocity.runtime.directive.Macro
2011-08-21 12:58:13,120 - Loaded System Directive: org.apache.velocity.runtime.directive.Parse
2011-08-21 12:58:13,120 - Loaded System Directive: org.apache.velocity.runtime.directive.Include
2011-08-21 12:58:13,120 - Loaded System Directive: org.apache.velocity.runtime.directive.Foreach
2011-08-21 12:58:13,200 - Created: 20 parsers.
2011-08-21 12:58:13,230 - Velocimacro : initialization starting.
2011-08-21 12:58:13,230 - Velocimacro : adding VMs from VM library template : VM_global_library.vm
2011-08-21 12:58:13,240 - ResourceManager : unable to find resource 'VM_global_library.vm' in any resource loader.
2011-08-21 12:58:13,240 - Velocimacro : error using  VM library template VM_global_library.vm : org.apache.velocity.exception.ResourceNotFoundException: Unable to find resource 'VM_global_library.vm'
2011-08-21 12:58:13,240 - Velocimacro :  VM library template macro registration complete.
2011-08-21 12:58:13,240 - Velocimacro : allowInline = true : VMs can be defined inline in templates
2011-08-21 12:58:13,240 - Velocimacro : allowInlineToOverride = false : VMs defined inline may NOT replace previous VM definitions
2011-08-21 12:58:13,240 - Velocimacro : allowInlineLocal = false : VMs defined inline will be  global in scope if allowed.
2011-08-21 12:58:13,240 - Velocimacro : messages on  : VM system will output logging messages
2011-08-21 12:58:13,240 - Velocimacro : autoload off  : VM system will not automatically reload global library macros
2011-08-21 12:58:13,240 - Velocimacro : initialization complete.
2011-08-21 12:58:13,240 - Velocity successfully started.
2011-08-21 13:00:12,322 - SimpleLog4JLogSystem initialized using logfile 'velocity.log'
2011-08-21 13:00:12,332 - ************************************************************** 
2011-08-21 13:00:12,332 - Starting Jakarta Velocity v1.4
2011-08-21 13:00:12,332 - RuntimeInstance initializing.
2011-08-21 13:00:12,332 - Default Properties File: org\apache\velocity\runtime\defaults\velocity.properties
2011-08-21 13:00:12,332 - Trying to use logger class org.apache.velocity.runtime.log.SimpleLog4JLogSystem
2011-08-21 13:00:12,332 - Using logger class org.apache.velocity.runtime.log.SimpleLog4JLogSystem
2011-08-21 13:00:12,332 - Default ResourceManager initializing. (class org.apache.velocity.runtime.resource.ResourceManagerImpl)
2011-08-21 13:00:12,352 - Resource Loader Instantiated: org.apache.velocity.runtime.resource.loader.ClasspathResourceLoader
2011-08-21 13:00:12,352 - ClasspathResourceLoader : initialization starting.
2011-08-21 13:00:12,352 - ClasspathResourceLoader : initialization complete.
2011-08-21 13:00:12,352 - ResourceCache : initialized. (class org.apache.velocity.runtime.resource.ResourceCacheImpl)
2011-08-21 13:00:12,352 - Default ResourceManager initialization complete.
2011-08-21 13:00:12,362 - Loaded System Directive: org.apache.velocity.runtime.directive.Literal
2011-08-21 13:00:12,362 - Loaded System Directive: org.apache.velocity.runtime.directive.Macro
2011-08-21 13:00:12,372 - Loaded System Directive: org.apache.velocity.runtime.directive.Parse
2011-08-21 13:00:12,382 - Loaded System Directive: org.apache.velocity.runtime.directive.Include
2011-08-21 13:00:12,382 - Loaded System Directive: org.apache.velocity.runtime.directive.Foreach
2011-08-21 13:00:12,462 - Created: 20 parsers.
2011-08-21 13:00:12,492 - Velocimacro : initialization starting.
2011-08-21 13:00:12,492 - Velocimacro : adding VMs from VM library template : VM_global_library.vm
2011-08-21 13:00:12,502 - ResourceManager : unable to find resource 'VM_global_library.vm' in any resource loader.
2011-08-21 13:00:12,502 - Velocimacro : error using  VM library template VM_global_library.vm : org.apache.velocity.exception.ResourceNotFoundException: Unable to find resource 'VM_global_library.vm'
2011-08-21 13:00:12,502 - Velocimacro :  VM library template macro registration complete.
2011-08-21 13:00:12,502 - Velocimacro : allowInline = true : VMs can be defined inline in templates
2011-08-21 13:00:12,502 - Velocimacro : allowInlineToOverride = false : VMs defined inline may NOT replace previous VM definitions
2011-08-21 13:00:12,502 - Velocimacro : allowInlineLocal = false : VMs defined inline will be  global in scope if allowed.
2011-08-21 13:00:12,502 - Velocimacro : messages on  : VM system will output logging messages
2011-08-21 13:00:12,502 - Velocimacro : autoload off  : VM system will not automatically reload global library macros
2011-08-21 13:00:12,502 - Velocimacro : initialization complete.
2011-08-21 13:00:12,502 - Velocity successfully started.
2011-08-21 13:03:42,055 - SimpleLog4JLogSystem initialized using logfile 'velocity.log'
2011-08-21 13:03:42,055 - ************************************************************** 
2011-08-21 13:03:42,055 - Starting Jakarta Velocity v1.4
2011-08-21 13:03:42,055 - RuntimeInstance initializing.
2011-08-21 13:03:42,055 - Default Properties File: org\apache\velocity\runtime\defaults\velocity.properties
2011-08-21 13:03:42,055 - Trying to use logger class org.apache.velocity.runtime.log.SimpleLog4JLogSystem
2011-08-21 13:03:42,055 - Using logger class org.apache.velocity.runtime.log.SimpleLog4JLogSystem
2011-08-21 13:03:42,065 - Default ResourceManager initializing. (class org.apache.velocity.runtime.resource.ResourceManagerImpl)
2011-08-21 13:03:42,075 - Resource Loader Instantiated: org.apache.velocity.runtime.resource.loader.ClasspathResourceLoader
2011-08-21 13:03:42,075 - ClasspathResourceLoader : initialization starting.
2011-08-21 13:03:42,075 - ClasspathResourceLoader : initialization complete.
2011-08-21 13:03:42,075 - ResourceCache : initialized. (class org.apache.velocity.runtime.resource.ResourceCacheImpl)
2011-08-21 13:03:42,075 - Default ResourceManager initialization complete.
2011-08-21 13:03:42,085 - Loaded System Directive: org.apache.velocity.runtime.directive.Literal
2011-08-21 13:03:42,085 - Loaded System Directive: org.apache.velocity.runtime.directive.Macro
2011-08-21 13:03:42,105 - Loaded System Directive: org.apache.velocity.runtime.directive.Parse
2011-08-21 13:03:42,105 - Loaded System Directive: org.apache.velocity.runtime.directive.Include
2011-08-21 13:03:42,105 - Loaded System Directive: org.apache.velocity.runtime.directive.Foreach
2011-08-21 13:03:42,185 - Created: 20 parsers.
2011-08-21 13:03:42,215 - Velocimacro : initialization starting.
2011-08-21 13:03:42,215 - Velocimacro : adding VMs from VM library template : VM_global_library.vm
2011-08-21 13:03:42,225 - ResourceManager : unable to find resource 'VM_global_library.vm' in any resource loader.
2011-08-21 13:03:42,225 - Velocimacro : error using  VM library template VM_global_library.vm : org.apache.velocity.exception.ResourceNotFoundException: Unable to find resource 'VM_global_library.vm'
2011-08-21 13:03:42,225 - Velocimacro :  VM library template macro registration complete.
2011-08-21 13:03:42,225 - Velocimacro : allowInline = true : VMs can be defined inline in templates
2011-08-21 13:03:42,225 - Velocimacro : allowInlineToOverride = false : VMs defined inline may NOT replace previous VM definitions
2011-08-21 13:03:42,225 - Velocimacro : allowInlineLocal = false : VMs defined inline will be  global in scope if allowed.
2011-08-21 13:03:42,225 - Velocimacro : messages on  : VM system will output logging messages
2011-08-21 13:03:42,225 - Velocimacro : autoload off  : VM system will not automatically reload global library macros
2011-08-21 13:03:42,225 - Velocimacro : initialization complete.
2011-08-21 13:03:42,225 - Velocity successfully started.
2011-08-21 13:34:06,613 - SimpleLog4JLogSystem initialized using logfile 'velocity.log'
2011-08-21 13:34:06,613 - ************************************************************** 
2011-08-21 13:34:06,613 - Starting Jakarta Velocity v1.4
2011-08-21 13:34:06,613 - RuntimeInstance initializing.
2011-08-21 13:34:06,613 - Default Properties File: org\apache\velocity\runtime\defaults\velocity.properties
2011-08-21 13:34:06,613 - Trying to use logger class org.apache.velocity.runtime.log.SimpleLog4JLogSystem
2011-08-21 13:34:06,613 - Using logger class org.apache.velocity.runtime.log.SimpleLog4JLogSystem
2011-08-21 13:34:06,623 - Default ResourceManager initializing. (class org.apache.velocity.runtime.resource.ResourceManagerImpl)
2011-08-21 13:34:06,633 - Resource Loader Instantiated: org.apache.velocity.runtime.resource.loader.ClasspathResourceLoader
2011-08-21 13:34:06,633 - ClasspathResourceLoader : initialization starting.
2011-08-21 13:34:06,633 - ClasspathResourceLoader : initialization complete.
2011-08-21 13:34:06,643 - ResourceCache : initialized. (class org.apache.velocity.runtime.resource.ResourceCacheImpl)
2011-08-21 13:34:06,643 - Default ResourceManager initialization complete.
2011-08-21 13:34:06,653 - Loaded System Directive: org.apache.velocity.runtime.directive.Literal
2011-08-21 13:34:06,653 - Loaded System Directive: org.apache.velocity.runtime.directive.Macro
2011-08-21 13:34:06,663 - Loaded System Directive: org.apache.velocity.runtime.directive.Parse
2011-08-21 13:34:06,673 - Loaded System Directive: org.apache.velocity.runtime.directive.Include
2011-08-21 13:34:06,673 - Loaded System Directive: org.apache.velocity.runtime.directive.Foreach
2011-08-21 13:34:06,743 - Created: 20 parsers.
2011-08-21 13:34:06,773 - Velocimacro : initialization starting.
2011-08-21 13:34:06,773 - Velocimacro : adding VMs from VM library template : VM_global_library.vm
2011-08-21 13:34:06,793 - ResourceManager : unable to find resource 'VM_global_library.vm' in any resource loader.
2011-08-21 13:34:06,793 - Velocimacro : error using  VM library template VM_global_library.vm : org.apache.velocity.exception.ResourceNotFoundException: Unable to find resource 'VM_global_library.vm'
2011-08-21 13:34:06,793 - Velocimacro :  VM library template macro registration complete.
2011-08-21 13:34:06,793 - Velocimacro : allowInline = true : VMs can be defined inline in templates
2011-08-21 13:34:06,793 - Velocimacro : allowInlineToOverride = false : VMs defined inline may NOT replace previous VM definitions
2011-08-21 13:34:06,793 - Velocimacro : allowInlineLocal = false : VMs defined inline will be  global in scope if allowed.
2011-08-21 13:34:06,793 - Velocimacro : messages on  : VM system will output logging messages
2011-08-21 13:34:06,793 - Velocimacro : autoload off  : VM system will not automatically reload global library macros
2011-08-21 13:34:06,793 - Velocimacro : initialization complete.
2011-08-21 13:34:06,793 - Velocity successfully started.
2011-08-21 13:36:15,683 - ResourceManager : found repast/simphony/scenario/Scenario.vt with loader org.apache.velocity.runtime.resource.loader.ClasspathResourceLoader
2011-08-21 13:36:16,433 - ResourceManager : found repast/simphony/parameter/parameters.vt with loader org.apache.velocity.runtime.resource.loader.ClasspathResourceLoader
2011-08-21 13:41:44,472 - ResourceManager : found repast/simphony/scenario/Scenario.vt with loader org.apache.velocity.runtime.resource.loader.ClasspathResourceLoader
2011-08-21 13:41:44,492 - ResourceManager : found repast/simphony/parameter/parameters.vt with loader org.apache.velocity.runtime.resource.loader.ClasspathResourceLoader
2011-08-21 13:41:51,342 - ResourceManager : found repast/simphony/scenario/Scenario.vt with loader org.apache.velocity.runtime.resource.loader.ClasspathResourceLoader
2011-08-21 13:41:51,352 - ResourceManager : found repast/simphony/parameter/parameters.vt with loader org.apache.velocity.runtime.resource.loader.ClasspathResourceLoader
2011-08-21 13:41:51,842 - ResourceManager : found repast/simphony/scenario/Scenario.vt with loader org.apache.velocity.runtime.resource.loader.ClasspathResourceLoader
2011-08-21 13:41:51,852 - ResourceManager : found repast/simphony/parameter/parameters.vt with loader org.apache.velocity.runtime.resource.loader.ClasspathResourceLoader
2011-08-21 13:41:52,152 - ResourceManager : found repast/simphony/scenario/Scenario.vt with loader org.apache.velocity.runtime.resource.loader.ClasspathResourceLoader
2011-08-21 13:41:52,162 - ResourceManager : found repast/simphony/parameter/parameters.vt with loader org.apache.velocity.runtime.resource.loader.ClasspathResourceLoader
2011-08-21 13:41:52,442 - ResourceManager : found repast/simphony/scenario/Scenario.vt with loader org.apache.velocity.runtime.resource.loader.ClasspathResourceLoader
2011-08-21 13:41:52,452 - ResourceManager : found repast/simphony/parameter/parameters.vt with loader org.apache.velocity.runtime.resource.loader.ClasspathResourceLoader
2011-08-21 13:41:52,682 - ResourceManager : found repast/simphony/scenario/Scenario.vt with loader org.apache.velocity.runtime.resource.loader.ClasspathResourceLoader
2011-08-21 13:41:52,692 - ResourceManager : found repast/simphony/parameter/parameters.vt with loader org.apache.velocity.runtime.resource.loader.ClasspathResourceLoader
2011-08-21 13:41:53,002 - ResourceManager : found repast/simphony/scenario/Scenario.vt with loader org.apache.velocity.runtime.resource.loader.ClasspathResourceLoader
2011-08-21 13:41:53,002 - ResourceManager : found repast/simphony/parameter/parameters.vt with loader org.apache.velocity.runtime.resource.loader.ClasspathResourceLoader
2011-08-21 13:41:53,272 - ResourceManager : found repast/simphony/scenario/Scenario.vt with loader org.apache.velocity.runtime.resource.loader.ClasspathResourceLoader
2011-08-21 13:41:53,282 - ResourceManager : found repast/simphony/parameter/parameters.vt with loader org.apache.velocity.runtime.resource.loader.ClasspathResourceLoader
