2011-08-15 13:20:34,893 - Resource Loader Instantiated: org.apache.velocity.runtime.resource.loader.ClasspathResourceLoader
2011-08-15 13:20:34,893 - ClasspathResourceLoader : initialization starting.
2011-08-15 13:20:34,893 - ClasspathResourceLoader : initialization complete.
2011-08-15 13:20:34,897 - ResourceCache : initialized. (class org.apache.velocity.runtime.resource.ResourceCacheImpl)
2011-08-15 13:20:34,897 - Default ResourceManager initialization complete.
2011-08-15 13:20:34,902 - Loaded System Directive: org.apache.velocity.runtime.directive.Literal
2011-08-15 13:20:34,907 - Loaded System Directive: org.apache.velocity.runtime.directive.Macro
2011-08-15 13:20:34,916 - Loaded System Directive: org.apache.velocity.runtime.directive.Parse
2011-08-15 13:20:34,921 - Loaded System Directive: org.apache.velocity.runtime.directive.Include
2011-08-15 13:20:34,923 - Loaded System Directive: org.apache.velocity.runtime.directive.Foreach
2011-08-15 13:20:34,980 - Created: 20 parsers.
2011-08-15 13:20:35,004 - Velocimacro : initialization starting.
2011-08-15 13:20:35,004 - Velocimacro : adding VMs from VM library template : VM_global_library.vm
2011-08-15 13:20:35,019 - ResourceManager : unable to find resource 'VM_global_library.vm' in any resource loader.
2011-08-15 13:20:35,019 - Velocimacro : error using  VM library template VM_global_library.vm : org.apache.velocity.exception.ResourceNotFoundException: Unable to find resource 'VM_global_library.vm'
2011-08-15 13:20:35,019 - Velocimacro :  VM library template macro registration complete.
2011-08-15 13:20:35,020 - Velocimacro : allowInline = true : VMs can be defined inline in templates
2011-08-15 13:20:35,020 - Velocimacro : allowInlineToOverride = false : VMs defined inline may NOT replace previous VM definitions
2011-08-15 13:20:35,020 - Velocimacro : allowInlineLocal = false : VMs defined inline will be  global in scope if allowed.
2011-08-15 13:20:35,020 - Velocimacro : messages on  : VM system will output logging messages
2011-08-15 13:20:35,020 - Velocimacro : autoload off  : VM system will not automatically reload global library macros
2011-08-15 13:20:35,020 - Velocimacro : initialization complete.
2011-08-15 13:20:35,020 - Velocity successfully started.
2011-08-15 13:23:15,209 - ResourceManager : found repast/simphony/parameter/parameters.vt with loader org.apache.velocity.runtime.resource.loader.ClasspathResourceLoader
2011-08-15 13:25:18,380 - ResourceManager : found repast/simphony/parameter/parameters.vt with loader org.apache.velocity.runtime.resource.loader.ClasspathResourceLoader
2011-08-15 13:26:44,183 - SimpleLog4JLogSystem initialized using logfile 'velocity.log'
2011-08-15 13:26:44,183 - ************************************************************** 
2011-08-15 13:26:44,183 - Starting Jakarta Velocity v1.4
2011-08-15 13:26:44,183 - RuntimeInstance initializing.
2011-08-15 13:26:44,183 - Default Properties File: org\apache\velocity\runtime\defaults\velocity.properties
2011-08-15 13:26:44,183 - Trying to use logger class org.apache.velocity.runtime.log.SimpleLog4JLogSystem
2011-08-15 13:26:44,183 - Using logger class org.apache.velocity.runtime.log.SimpleLog4JLogSystem
2011-08-15 13:26:44,191 - Default ResourceManager initializing. (class org.apache.velocity.runtime.resource.ResourceManagerImpl)
2011-08-15 13:26:44,201 - Resource Loader Instantiated: org.apache.velocity.runtime.resource.loader.ClasspathResourceLoader
2011-08-15 13:26:44,201 - ClasspathResourceLoader : initialization starting.
2011-08-15 13:26:44,201 - ClasspathResourceLoader : initialization complete.
2011-08-15 13:26:44,205 - ResourceCache : initialized. (class org.apache.velocity.runtime.resource.ResourceCacheImpl)
2011-08-15 13:26:44,205 - Default ResourceManager initialization complete.
2011-08-15 13:26:44,210 - Loaded System Directive: org.apache.velocity.runtime.directive.Literal
2011-08-15 13:26:44,214 - Loaded System Directive: org.apache.velocity.runtime.directive.Macro
2011-08-15 13:26:44,223 - Loaded System Directive: org.apache.velocity.runtime.directive.Parse
2011-08-15 13:26:44,228 - Loaded System Directive: org.apache.velocity.runtime.directive.Include
2011-08-15 13:26:44,231 - Loaded System Directive: org.apache.velocity.runtime.directive.Foreach
2011-08-15 13:26:44,297 - Created: 20 parsers.
2011-08-15 13:26:44,330 - Velocimacro : initialization starting.
2011-08-15 13:26:44,330 - Velocimacro : adding VMs from VM library template : VM_global_library.vm
2011-08-15 13:26:44,346 - ResourceManager : unable to find resource 'VM_global_library.vm' in any resource loader.
2011-08-15 13:26:44,346 - Velocimacro : error using  VM library template VM_global_library.vm : org.apache.velocity.exception.ResourceNotFoundException: Unable to find resource 'VM_global_library.vm'
2011-08-15 13:26:44,346 - Velocimacro :  VM library template macro registration complete.
2011-08-15 13:26:44,346 - Velocimacro : allowInline = true : VMs can be defined inline in templates
2011-08-15 13:26:44,346 - Velocimacro : allowInlineToOverride = false : VMs defined inline may NOT replace previous VM definitions
2011-08-15 13:26:44,346 - Velocimacro : allowInlineLocal = false : VMs defined inline will be  global in scope if allowed.
2011-08-15 13:26:44,346 - Velocimacro : messages on  : VM system will output logging messages
2011-08-15 13:26:44,346 - Velocimacro : autoload off  : VM system will not automatically reload global library macros
2011-08-15 13:26:44,346 - Velocimacro : initialization complete.
2011-08-15 13:26:44,346 - Velocity successfully started.
2011-08-15 13:27:39,140 - SimpleLog4JLogSystem initialized using logfile 'velocity.log'
2011-08-15 13:27:39,150 - ************************************************************** 
2011-08-15 13:27:39,150 - Starting Jakarta Velocity v1.4
2011-08-15 13:27:39,150 - RuntimeInstance initializing.
2011-08-15 13:27:39,150 - Default Properties File: org\apache\velocity\runtime\defaults\velocity.properties
2011-08-15 13:27:39,150 - Trying to use logger class org.apache.velocity.runtime.log.SimpleLog4JLogSystem
2011-08-15 13:27:39,150 - Using logger class org.apache.velocity.runtime.log.SimpleLog4JLogSystem
2011-08-15 13:27:39,150 - Default ResourceManager initializing. (class org.apache.velocity.runtime.resource.ResourceManagerImpl)
2011-08-15 13:27:39,170 - Resource Loader Instantiated: org.apache.velocity.runtime.resource.loader.ClasspathResourceLoader
2011-08-15 13:27:39,170 - ClasspathResourceLoader : initialization starting.
2011-08-15 13:27:39,170 - ClasspathResourceLoader : initialization complete.
2011-08-15 13:27:39,170 - ResourceCache : initialized. (class org.apache.velocity.runtime.resource.ResourceCacheImpl)
2011-08-15 13:27:39,170 - Default ResourceManager initialization complete.
2011-08-15 13:27:39,180 - Loaded System Directive: org.apache.velocity.runtime.directive.Literal
2011-08-15 13:27:39,180 - Loaded System Directive: org.apache.velocity.runtime.directive.Macro
2011-08-15 13:27:39,190 - Loaded System Directive: org.apache.velocity.runtime.directive.Parse
2011-08-15 13:27:39,190 - Loaded System Directive: org.apache.velocity.runtime.directive.Include
2011-08-15 13:27:39,200 - Loaded System Directive: org.apache.velocity.runtime.directive.Foreach
2011-08-15 13:27:39,270 - Created: 20 parsers.
2011-08-15 13:27:39,290 - Velocimacro : initialization starting.
2011-08-15 13:27:39,290 - Velocimacro : adding VMs from VM library template : VM_global_library.vm
2011-08-15 13:27:39,310 - ResourceManager : unable to find resource 'VM_global_library.vm' in any resource loader.
2011-08-15 13:27:39,310 - Velocimacro : error using  VM library template VM_global_library.vm : org.apache.velocity.exception.ResourceNotFoundException: Unable to find resource 'VM_global_library.vm'
2011-08-15 13:27:39,310 - Velocimacro :  VM library template macro registration complete.
2011-08-15 13:27:39,310 - Velocimacro : allowInline = true : VMs can be defined inline in templates
2011-08-15 13:27:39,310 - Velocimacro : allowInlineToOverride = false : VMs defined inline may NOT replace previous VM definitions
2011-08-15 13:27:39,310 - Velocimacro : allowInlineLocal = false : VMs defined inline will be  global in scope if allowed.
2011-08-15 13:27:39,310 - Velocimacro : messages on  : VM system will output logging messages
2011-08-15 13:27:39,310 - Velocimacro : autoload off  : VM system will not automatically reload global library macros
2011-08-15 13:27:39,310 - Velocimacro : initialization complete.
2011-08-15 13:27:39,310 - Velocity successfully started.
2011-08-15 16:24:25,852 - SimpleLog4JLogSystem initialized using logfile 'velocity.log'
2011-08-15 16:24:25,862 - ************************************************************** 
2011-08-15 16:24:25,862 - Starting Jakarta Velocity v1.4
2011-08-15 16:24:25,862 - RuntimeInstance initializing.
2011-08-15 16:24:25,862 - Default Properties File: org\apache\velocity\runtime\defaults\velocity.properties
2011-08-15 16:24:25,862 - Trying to use logger class org.apache.velocity.runtime.log.SimpleLog4JLogSystem
2011-08-15 16:24:25,862 - Using logger class org.apache.velocity.runtime.log.SimpleLog4JLogSystem
2011-08-15 16:24:25,867 - Default ResourceManager initializing. (class org.apache.velocity.runtime.resource.ResourceManagerImpl)
2011-08-15 16:24:25,877 - Resource Loader Instantiated: org.apache.velocity.runtime.resource.loader.ClasspathResourceLoader
2011-08-15 16:24:25,877 - ClasspathResourceLoader : initialization starting.
2011-08-15 16:24:25,877 - ClasspathResourceLoader : initialization complete.
2011-08-15 16:24:25,882 - ResourceCache : initialized. (class org.apache.velocity.runtime.resource.ResourceCacheImpl)
2011-08-15 16:24:25,882 - Default ResourceManager initialization complete.
2011-08-15 16:24:25,887 - Loaded System Directive: org.apache.velocity.runtime.directive.Literal
2011-08-15 16:24:25,892 - Loaded System Directive: org.apache.velocity.runtime.directive.Macro
2011-08-15 16:24:25,902 - Loaded System Directive: org.apache.velocity.runtime.directive.Parse
2011-08-15 16:24:25,907 - Loaded System Directive: org.apache.velocity.runtime.directive.Include
2011-08-15 16:24:25,912 - Loaded System Directive: org.apache.velocity.runtime.directive.Foreach
2011-08-15 16:24:25,972 - Created: 20 parsers.
2011-08-15 16:24:26,007 - Velocimacro : initialization starting.
2011-08-15 16:24:26,007 - Velocimacro : adding VMs from VM library template : VM_global_library.vm
2011-08-15 16:24:26,027 - ResourceManager : unable to find resource 'VM_global_library.vm' in any resource loader.
2011-08-15 16:24:26,027 - Velocimacro : error using  VM library template VM_global_library.vm : org.apache.velocity.exception.ResourceNotFoundException: Unable to find resource 'VM_global_library.vm'
2011-08-15 16:24:26,027 - Velocimacro :  VM library template macro registration complete.
2011-08-15 16:24:26,027 - Velocimacro : allowInline = true : VMs can be defined inline in templates
2011-08-15 16:24:26,027 - Velocimacro : allowInlineToOverride = false : VMs defined inline may NOT replace previous VM definitions
2011-08-15 16:24:26,027 - Velocimacro : allowInlineLocal = false : VMs defined inline will be  global in scope if allowed.
2011-08-15 16:24:26,027 - Velocimacro : messages on  : VM system will output logging messages
2011-08-15 16:24:26,027 - Velocimacro : autoload off  : VM system will not automatically reload global library macros
2011-08-15 16:24:26,027 - Velocimacro : initialization complete.
2011-08-15 16:24:26,027 - Velocity successfully started.
2011-08-15 16:25:17,609 - SimpleLog4JLogSystem initialized using logfile 'velocity.log'
2011-08-15 16:25:17,609 - ************************************************************** 
2011-08-15 16:25:17,609 - Starting Jakarta Velocity v1.4
2011-08-15 16:25:17,609 - RuntimeInstance initializing.
2011-08-15 16:25:17,609 - Default Properties File: org\apache\velocity\runtime\defaults\velocity.properties
2011-08-15 16:25:17,609 - Trying to use logger class org.apache.velocity.runtime.log.SimpleLog4JLogSystem
2011-08-15 16:25:17,609 - Using logger class org.apache.velocity.runtime.log.SimpleLog4JLogSystem
2011-08-15 16:25:17,614 - Default ResourceManager initializing. (class org.apache.velocity.runtime.resource.ResourceManagerImpl)
2011-08-15 16:25:17,634 - Resource Loader Instantiated: org.apache.velocity.runtime.resource.loader.ClasspathResourceLoader
2011-08-15 16:25:17,634 - ClasspathResourceLoader : initialization starting.
2011-08-15 16:25:17,634 - ClasspathResourceLoader : initialization complete.
2011-08-15 16:25:17,639 - ResourceCache : initialized. (class org.apache.velocity.runtime.resource.ResourceCacheImpl)
2011-08-15 16:25:17,639 - Default ResourceManager initialization complete.
2011-08-15 16:25:17,644 - Loaded System Directive: org.apache.velocity.runtime.directive.Literal
2011-08-15 16:25:17,649 - Loaded System Directive: org.apache.velocity.runtime.directive.Macro
2011-08-15 16:25:17,664 - Loaded System Directive: org.apache.velocity.runtime.directive.Parse
2011-08-15 16:25:17,669 - Loaded System Directive: org.apache.velocity.runtime.directive.Include
2011-08-15 16:25:17,674 - Loaded System Directive: org.apache.velocity.runtime.directive.Foreach
2011-08-15 16:25:17,749 - Created: 20 parsers.
2011-08-15 16:25:17,784 - Velocimacro : initialization starting.
2011-08-15 16:25:17,784 - Velocimacro : adding VMs from VM library template : VM_global_library.vm
2011-08-15 16:25:17,799 - ResourceManager : unable to find resource 'VM_global_library.vm' in any resource loader.
2011-08-15 16:25:17,799 - Velocimacro : error using  VM library template VM_global_library.vm : org.apache.velocity.exception.ResourceNotFoundException: Unable to find resource 'VM_global_library.vm'
2011-08-15 16:25:17,804 - Velocimacro :  VM library template macro registration complete.
2011-08-15 16:25:17,804 - Velocimacro : allowInline = true : VMs can be defined inline in templates
2011-08-15 16:25:17,804 - Velocimacro : allowInlineToOverride = false : VMs defined inline may NOT replace previous VM definitions
2011-08-15 16:25:17,804 - Velocimacro : allowInlineLocal = false : VMs defined inline will be  global in scope if allowed.
2011-08-15 16:25:17,804 - Velocimacro : messages on  : VM system will output logging messages
2011-08-15 16:25:17,804 - Velocimacro : autoload off  : VM system will not automatically reload global library macros
2011-08-15 16:25:17,804 - Velocimacro : initialization complete.
2011-08-15 16:25:17,804 - Velocity successfully started.
2011-08-15 16:25:44,106 - SimpleLog4JLogSystem initialized using logfile 'velocity.log'
2011-08-15 16:25:44,111 - ************************************************************** 
2011-08-15 16:25:44,111 - Starting Jakarta Velocity v1.4
2011-08-15 16:25:44,111 - RuntimeInstance initializing.
2011-08-15 16:25:44,111 - Default Properties File: org\apache\velocity\runtime\defaults\velocity.properties
2011-08-15 16:25:44,111 - Trying to use logger class org.apache.velocity.runtime.log.SimpleLog4JLogSystem
2011-08-15 16:25:44,111 - Using logger class org.apache.velocity.runtime.log.SimpleLog4JLogSystem
2011-08-15 16:25:44,116 - Default ResourceManager initializing. (class org.apache.velocity.runtime.resource.ResourceManagerImpl)
2011-08-15 16:25:44,131 - Resource Loader Instantiated: org.apache.velocity.runtime.resource.loader.ClasspathResourceLoader
2011-08-15 16:25:44,131 - ClasspathResourceLoader : initialization starting.
2011-08-15 16:25:44,136 - ClasspathResourceLoader : initialization complete.
2011-08-15 16:25:44,141 - ResourceCache : initialized. (class org.apache.velocity.runtime.resource.ResourceCacheImpl)
2011-08-15 16:25:44,141 - Default ResourceManager initialization complete.
2011-08-15 16:25:44,146 - Loaded System Directive: org.apache.velocity.runtime.directive.Literal
2011-08-15 16:25:44,151 - Loaded System Directive: org.apache.velocity.runtime.directive.Macro
2011-08-15 16:25:44,166 - Loaded System Directive: org.apache.velocity.runtime.directive.Parse
2011-08-15 16:25:44,171 - Loaded System Directive: org.apache.velocity.runtime.directive.Include
2011-08-15 16:25:44,171 - Loaded System Directive: org.apache.velocity.runtime.directive.Foreach
2011-08-15 16:25:44,246 - Created: 20 parsers.
2011-08-15 16:25:44,276 - Velocimacro : initialization starting.
2011-08-15 16:25:44,276 - Velocimacro : adding VMs from VM library template : VM_global_library.vm
2011-08-15 16:25:44,286 - ResourceManager : unable to find resource 'VM_global_library.vm' in any resource loader.
2011-08-15 16:25:44,286 - Velocimacro : error using  VM library template VM_global_library.vm : org.apache.velocity.exception.ResourceNotFoundException: Unable to find resource 'VM_global_library.vm'
2011-08-15 16:25:44,286 - Velocimacro :  VM library template macro registration complete.
2011-08-15 16:25:44,286 - Velocimacro : allowInline = true : VMs can be defined inline in templates
2011-08-15 16:25:44,286 - Velocimacro : allowInlineToOverride = false : VMs defined inline may NOT replace previous VM definitions
2011-08-15 16:25:44,286 - Velocimacro : allowInlineLocal = false : VMs defined inline will be  global in scope if allowed.
2011-08-15 16:25:44,286 - Velocimacro : messages on  : VM system will output logging messages
2011-08-15 16:25:44,286 - Velocimacro : autoload off  : VM system will not automatically reload global library macros
2011-08-15 16:25:44,286 - Velocimacro : initialization complete.
2011-08-15 16:25:44,286 - Velocity successfully started.
2011-08-15 16:27:10,916 - SimpleLog4JLogSystem initialized using logfile 'velocity.log'
2011-08-15 16:27:10,921 - ************************************************************** 
2011-08-15 16:27:10,921 - Starting Jakarta Velocity v1.4
2011-08-15 16:27:10,921 - RuntimeInstance initializing.
2011-08-15 16:27:10,921 - Default Properties File: org\apache\velocity\runtime\defaults\velocity.properties
2011-08-15 16:27:10,921 - Trying to use logger class org.apache.velocity.runtime.log.SimpleLog4JLogSystem
2011-08-15 16:27:10,921 - Using logger class org.apache.velocity.runtime.log.SimpleLog4JLogSystem
2011-08-15 16:27:10,926 - Default ResourceManager initializing. (class org.apache.velocity.runtime.resource.ResourceManagerImpl)
2011-08-15 16:27:10,941 - Resource Loader Instantiated: org.apache.velocity.runtime.resource.loader.ClasspathResourceLoader
2011-08-15 16:27:10,941 - ClasspathResourceLoader : initialization starting.
2011-08-15 16:27:10,941 - ClasspathResourceLoader : initialization complete.
2011-08-15 16:27:10,946 - ResourceCache : initialized. (class org.apache.velocity.runtime.resource.ResourceCacheImpl)
2011-08-15 16:27:10,946 - Default ResourceManager initialization complete.
2011-08-15 16:27:10,951 - Loaded System Directive: org.apache.velocity.runtime.directive.Literal
2011-08-15 16:27:10,956 - Loaded System Directive: org.apache.velocity.runtime.directive.Macro
2011-08-15 16:27:10,976 - Loaded System Directive: org.apache.velocity.runtime.directive.Parse
2011-08-15 16:27:10,981 - Loaded System Directive: org.apache.velocity.runtime.directive.Include
2011-08-15 16:27:10,981 - Loaded System Directive: org.apache.velocity.runtime.directive.Foreach
2011-08-15 16:27:11,046 - Created: 20 parsers.
2011-08-15 16:27:11,076 - Velocimacro : initialization starting.
2011-08-15 16:27:11,076 - Velocimacro : adding VMs from VM library template : VM_global_library.vm
2011-08-15 16:27:11,086 - ResourceManager : unable to find resource 'VM_global_library.vm' in any resource loader.
2011-08-15 16:27:11,086 - Velocimacro : error using  VM library template VM_global_library.vm : org.apache.velocity.exception.ResourceNotFoundException: Unable to find resource 'VM_global_library.vm'
2011-08-15 16:27:11,086 - Velocimacro :  VM library template macro registration complete.
2011-08-15 16:27:11,086 - Velocimacro : allowInline = true : VMs can be defined inline in templates
2011-08-15 16:27:11,086 - Velocimacro : allowInlineToOverride = false : VMs defined inline may NOT replace previous VM definitions
2011-08-15 16:27:11,086 - Velocimacro : allowInlineLocal = false : VMs defined inline will be  global in scope if allowed.
2011-08-15 16:27:11,086 - Velocimacro : messages on  : VM system will output logging messages
2011-08-15 16:27:11,086 - Velocimacro : autoload off  : VM system will not automatically reload global library macros
2011-08-15 16:27:11,086 - Velocimacro : initialization complete.
2011-08-15 16:27:11,086 - Velocity successfully started.
2011-08-18 15:05:57,548 - SimpleLog4JLogSystem initialized using logfile 'velocity.log'
2011-08-18 15:05:57,572 - ************************************************************** 
2011-08-18 15:05:57,572 - Starting Jakarta Velocity v1.4
2011-08-18 15:05:57,572 - RuntimeInstance initializing.
2011-08-18 15:05:57,572 - Default Properties File: org\apache\velocity\runtime\defaults\velocity.properties
2011-08-18 15:05:57,572 - Trying to use logger class org.apache.velocity.runtime.log.SimpleLog4JLogSystem
2011-08-18 15:05:57,572 - Using logger class org.apache.velocity.runtime.log.SimpleLog4JLogSystem
2011-08-18 15:05:57,588 - Default ResourceManager initializing. (class org.apache.velocity.runtime.resource.ResourceManagerImpl)
2011-08-18 15:05:57,603 - Resource Loader Instantiated: org.apache.velocity.runtime.resource.loader.ClasspathResourceLoader
2011-08-18 15:05:57,603 - ClasspathResourceLoader : initialization starting.
2011-08-18 15:05:57,603 - ClasspathResourceLoader : initialization complete.
2011-08-18 15:05:57,603 - ResourceCache : initialized. (class org.apache.velocity.runtime.resource.ResourceCacheImpl)
2011-08-18 15:05:57,603 - Default ResourceManager initialization complete.
2011-08-18 15:05:57,603 - Loaded System Directive: org.apache.velocity.runtime.directive.Literal
2011-08-18 15:05:57,603 - Loaded System Directive: org.apache.velocity.runtime.directive.Macro
2011-08-18 15:05:57,619 - Loaded System Directive: org.apache.velocity.runtime.directive.Parse
2011-08-18 15:05:57,619 - Loaded System Directive: org.apache.velocity.runtime.directive.Include
2011-08-18 15:05:57,635 - Loaded System Directive: org.apache.velocity.runtime.directive.Foreach
2011-08-18 15:05:57,681 - Created: 20 parsers.
2011-08-18 15:05:57,713 - Velocimacro : initialization starting.
2011-08-18 15:05:57,713 - Velocimacro : adding VMs from VM library template : VM_global_library.vm
2011-08-18 15:05:57,728 - ResourceManager : unable to find resource 'VM_global_library.vm' in any resource loader.
2011-08-18 15:05:57,728 - Velocimacro : error using  VM library template VM_global_library.vm : org.apache.velocity.exception.ResourceNotFoundException: Unable to find resource 'VM_global_library.vm'
2011-08-18 15:05:57,728 - Velocimacro :  VM library template macro registration complete.
2011-08-18 15:05:57,728 - Velocimacro : allowInline = true : VMs can be defined inline in templates
2011-08-18 15:05:57,728 - Velocimacro : allowInlineToOverride = false : VMs defined inline may NOT replace previous VM definitions
2011-08-18 15:05:57,728 - Velocimacro : allowInlineLocal = false : VMs defined inline will be  global in scope if allowed.
2011-08-18 15:05:57,728 - Velocimacro : messages on  : VM system will output logging messages
2011-08-18 15:05:57,728 - Velocimacro : autoload off  : VM system will not automatically reload global library macros
2011-08-18 15:05:57,728 - Velocimacro : initialization complete.
2011-08-18 15:05:57,728 - Velocity successfully started.
2011-08-18 15:12:38,541 - SimpleLog4JLogSystem initialized using logfile 'velocity.log'
2011-08-18 15:12:38,541 - ************************************************************** 
2011-08-18 15:12:38,541 - Starting Jakarta Velocity v1.4
2011-08-18 15:12:38,541 - RuntimeInstance initializing.
2011-08-18 15:12:38,541 - Default Properties File: org\apache\velocity\runtime\defaults\velocity.properties
2011-08-18 15:12:38,541 - Trying to use logger class org.apache.velocity.runtime.log.SimpleLog4JLogSystem
2011-08-18 15:12:38,541 - Using logger class org.apache.velocity.runtime.log.SimpleLog4JLogSystem
2011-08-18 15:12:38,551 - Default ResourceManager initializing. (class org.apache.velocity.runtime.resource.ResourceManagerImpl)
2011-08-18 15:12:38,561 - Resource Loader Instantiated: org.apache.velocity.runtime.resource.loader.ClasspathResourceLoader
2011-08-18 15:12:38,561 - ClasspathResourceLoader : initialization starting.
2011-08-18 15:12:38,561 - ClasspathResourceLoader : initialization complete.
2011-08-18 15:12:38,561 - ResourceCache : initialized. (class org.apache.velocity.runtime.resource.ResourceCacheImpl)
2011-08-18 15:12:38,561 - Default ResourceManager initialization complete.
2011-08-18 15:12:38,571 - Loaded System Directive: org.apache.velocity.runtime.directive.Literal
2011-08-18 15:12:38,571 - Loaded System Directive: org.apache.velocity.runtime.directive.Macro
2011-08-18 15:12:38,581 - Loaded System Directive: org.apache.velocity.runtime.directive.Parse
2011-08-18 15:12:38,591 - Loaded System Directive: org.apache.velocity.runtime.directive.Include
2011-08-18 15:12:38,591 - Loaded System Directive: org.apache.velocity.runtime.directive.Foreach
2011-08-18 15:12:38,641 - Created: 20 parsers.
2011-08-18 15:12:38,671 - Velocimacro : initialization starting.
2011-08-18 15:12:38,671 - Velocimacro : adding VMs from VM library template : VM_global_library.vm
2011-08-18 15:12:38,681 - ResourceManager : unable to find resource 'VM_global_library.vm' in any resource loader.
2011-08-18 15:12:38,681 - Velocimacro : error using  VM library template VM_global_library.vm : org.apache.velocity.exception.ResourceNotFoundException: Unable to find resource 'VM_global_library.vm'
2011-08-18 15:12:38,681 - Velocimacro :  VM library template macro registration complete.
2011-08-18 15:12:38,681 - Velocimacro : allowInline = true : VMs can be defined inline in templates
2011-08-18 15:12:38,681 - Velocimacro : allowInlineToOverride = false : VMs defined inline may NOT replace previous VM definitions
2011-08-18 15:12:38,681 - Velocimacro : allowInlineLocal = false : VMs defined inline will be  global in scope if allowed.
2011-08-18 15:12:38,681 - Velocimacro : messages on  : VM system will output logging messages
2011-08-18 15:12:38,681 - Velocimacro : autoload off  : VM system will not automatically reload global library macros
2011-08-18 15:12:38,681 - Velocimacro : initialization complete.
2011-08-18 15:12:38,681 - Velocity successfully started.
2011-08-18 15:13:49,578 - SimpleLog4JLogSystem initialized using logfile 'velocity.log'
2011-08-18 15:13:49,578 - ************************************************************** 
2011-08-18 15:13:49,578 - Starting Jakarta Velocity v1.4
2011-08-18 15:13:49,578 - RuntimeInstance initializing.
2011-08-18 15:13:49,578 - Default Properties File: org\apache\velocity\runtime\defaults\velocity.properties
2011-08-18 15:13:49,578 - Trying to use logger class org.apache.velocity.runtime.log.SimpleLog4JLogSystem
2011-08-18 15:13:49,578 - Using logger class org.apache.velocity.runtime.log.SimpleLog4JLogSystem
2011-08-18 15:13:49,588 - Default ResourceManager initializing. (class org.apache.velocity.runtime.resource.ResourceManagerImpl)
2011-08-18 15:13:49,598 - Resource Loader Instantiated: org.apache.velocity.runtime.resource.loader.ClasspathResourceLoader
2011-08-18 15:13:49,598 - ClasspathResourceLoader : initialization starting.
2011-08-18 15:13:49,598 - ClasspathResourceLoader : initialization complete.
2011-08-18 15:13:49,608 - ResourceCache : initialized. (class org.apache.velocity.runtime.resource.ResourceCacheImpl)
2011-08-18 15:13:49,608 - Default ResourceManager initialization complete.
2011-08-18 15:13:49,608 - Loaded System Directive: org.apache.velocity.runtime.directive.Literal
2011-08-18 15:13:49,608 - Loaded System Directive: org.apache.velocity.runtime.directive.Macro
2011-08-18 15:13:49,618 - Loaded System Directive: org.apache.velocity.runtime.directive.Parse
2011-08-18 15:13:49,628 - Loaded System Directive: org.apache.velocity.runtime.directive.Include
2011-08-18 15:13:49,628 - Loaded System Directive: org.apache.velocity.runtime.directive.Foreach
2011-08-18 15:13:49,688 - Created: 20 parsers.
2011-08-18 15:13:49,708 - Velocimacro : initialization starting.
2011-08-18 15:13:49,708 - Velocimacro : adding VMs from VM library template : VM_global_library.vm
2011-08-18 15:13:49,718 - ResourceManager : unable to find resource 'VM_global_library.vm' in any resource loader.
2011-08-18 15:13:49,718 - Velocimacro : error using  VM library template VM_global_library.vm : org.apache.velocity.exception.ResourceNotFoundException: Unable to find resource 'VM_global_library.vm'
2011-08-18 15:13:49,718 - Velocimacro :  VM library template macro registration complete.
2011-08-18 15:13:49,718 - Velocimacro : allowInline = true : VMs can be defined inline in templates
2011-08-18 15:13:49,718 - Velocimacro : allowInlineToOverride = false : VMs defined inline may NOT replace previous VM definitions
2011-08-18 15:13:49,718 - Velocimacro : allowInlineLocal = false : VMs defined inline will be  global in scope if allowed.
2011-08-18 15:13:49,718 - Velocimacro : messages on  : VM system will output logging messages
2011-08-18 15:13:49,718 - Velocimacro : autoload off  : VM system will not automatically reload global library macros
2011-08-18 15:13:49,718 - Velocimacro : initialization complete.
2011-08-18 15:13:49,718 - Velocity successfully started.
2011-08-18 15:14:16,981 - SimpleLog4JLogSystem initialized using logfile 'velocity.log'
2011-08-18 15:14:16,981 - ************************************************************** 
2011-08-18 15:14:16,981 - Starting Jakarta Velocity v1.4
2011-08-18 15:14:16,981 - RuntimeInstance initializing.
2011-08-18 15:14:16,981 - Default Properties File: org\apache\velocity\runtime\defaults\velocity.properties
2011-08-18 15:14:16,981 - Trying to use logger class org.apache.velocity.runtime.log.SimpleLog4JLogSystem
2011-08-18 15:14:16,981 - Using logger class org.apache.velocity.runtime.log.SimpleLog4JLogSystem
2011-08-18 15:14:16,991 - Default ResourceManager initializing. (class org.apache.velocity.runtime.resource.ResourceManagerImpl)
2011-08-18 15:14:17,011 - Resource Loader Instantiated: org.apache.velocity.runtime.resource.loader.ClasspathResourceLoader
2011-08-18 15:14:17,011 - ClasspathResourceLoader : initialization starting.
2011-08-18 15:14:17,011 - ClasspathResourceLoader : initialization complete.
2011-08-18 15:14:17,011 - ResourceCache : initialized. (class org.apache.velocity.runtime.resource.ResourceCacheImpl)
2011-08-18 15:14:17,011 - Default ResourceManager initialization complete.
2011-08-18 15:14:17,021 - Loaded System Directive: org.apache.velocity.runtime.directive.Literal
2011-08-18 15:14:17,021 - Loaded System Directive: org.apache.velocity.runtime.directive.Macro
2011-08-18 15:14:17,031 - Loaded System Directive: org.apache.velocity.runtime.directive.Parse
2011-08-18 15:14:17,041 - Loaded System Directive: org.apache.velocity.runtime.directive.Include
2011-08-18 15:14:17,041 - Loaded System Directive: org.apache.velocity.runtime.directive.Foreach
2011-08-18 15:14:17,101 - Created: 20 parsers.
2011-08-18 15:14:17,121 - Velocimacro : initialization starting.
2011-08-18 15:14:17,121 - Velocimacro : adding VMs from VM library template : VM_global_library.vm
2011-08-18 15:14:17,131 - ResourceManager : unable to find resource 'VM_global_library.vm' in any resource loader.
2011-08-18 15:14:17,131 - Velocimacro : error using  VM library template VM_global_library.vm : org.apache.velocity.exception.ResourceNotFoundException: Unable to find resource 'VM_global_library.vm'
2011-08-18 15:14:17,131 - Velocimacro :  VM library template macro registration complete.
2011-08-18 15:14:17,131 - Velocimacro : allowInline = true : VMs can be defined inline in templates
2011-08-18 15:14:17,131 - Velocimacro : allowInlineToOverride = false : VMs defined inline may NOT replace previous VM definitions
2011-08-18 15:14:17,131 - Velocimacro : allowInlineLocal = false : VMs defined inline will be  global in scope if allowed.
2011-08-18 15:14:17,131 - Velocimacro : messages on  : VM system will output logging messages
2011-08-18 15:14:17,131 - Velocimacro : autoload off  : VM system will not automatically reload global library macros
2011-08-18 15:14:17,131 - Velocimacro : initialization complete.
2011-08-18 15:14:17,131 - Velocity successfully started.
2011-08-18 15:16:23,267 - SimpleLog4JLogSystem initialized using logfile 'velocity.log'
2011-08-18 15:16:23,267 - ************************************************************** 
2011-08-18 15:16:23,267 - Starting Jakarta Velocity v1.4
2011-08-18 15:16:23,267 - RuntimeInstance initializing.
2011-08-18 15:16:23,267 - Default Properties File: org\apache\velocity\runtime\defaults\velocity.properties
2011-08-18 15:16:23,267 - Trying to use logger class org.apache.velocity.runtime.log.SimpleLog4JLogSystem
2011-08-18 15:16:23,267 - Using logger class org.apache.velocity.runtime.log.SimpleLog4JLogSystem
2011-08-18 15:16:23,277 - Default ResourceManager initializing. (class org.apache.velocity.runtime.resource.ResourceManagerImpl)
2011-08-18 15:16:23,287 - Resource Loader Instantiated: org.apache.velocity.runtime.resource.loader.ClasspathResourceLoader
2011-08-18 15:16:23,287 - ClasspathResourceLoader : initialization starting.
2011-08-18 15:16:23,287 - ClasspathResourceLoader : initialization complete.
2011-08-18 15:16:23,297 - ResourceCache : initialized. (class org.apache.velocity.runtime.resource.ResourceCacheImpl)
2011-08-18 15:16:23,297 - Default ResourceManager initialization complete.
2011-08-18 15:16:23,297 - Loaded System Directive: org.apache.velocity.runtime.directive.Literal
2011-08-18 15:16:23,307 - Loaded System Directive: org.apache.velocity.runtime.directive.Macro
2011-08-18 15:16:23,317 - Loaded System Directive: org.apache.velocity.runtime.directive.Parse
2011-08-18 15:16:23,317 - Loaded System Directive: org.apache.velocity.runtime.directive.Include
2011-08-18 15:16:23,317 - Loaded System Directive: org.apache.velocity.runtime.directive.Foreach
2011-08-18 15:16:23,377 - Created: 20 parsers.
2011-08-18 15:16:23,397 - Velocimacro : initialization starting.
2011-08-18 15:16:23,397 - Velocimacro : adding VMs from VM library template : VM_global_library.vm
2011-08-18 15:16:23,407 - ResourceManager : unable to find resource 'VM_global_library.vm' in any resource loader.
2011-08-18 15:16:23,407 - Velocimacro : error using  VM library template VM_global_library.vm : org.apache.velocity.exception.ResourceNotFoundException: Unable to find resource 'VM_global_library.vm'
2011-08-18 15:16:23,407 - Velocimacro :  VM library template macro registration complete.
2011-08-18 15:16:23,407 - Velocimacro : allowInline = true : VMs can be defined inline in templates
2011-08-18 15:16:23,407 - Velocimacro : allowInlineToOverride = false : VMs defined inline may NOT replace previous VM definitions
2011-08-18 15:16:23,407 - Velocimacro : allowInlineLocal = false : VMs defined inline will be  global in scope if allowed.
2011-08-18 15:16:23,407 - Velocimacro : messages on  : VM system will output logging messages
2011-08-18 15:16:23,407 - Velocimacro : autoload off  : VM system will not automatically reload global library macros
2011-08-18 15:16:23,407 - Velocimacro : initialization complete.
2011-08-18 15:16:23,407 - Velocity successfully started.
2011-08-18 15:17:45,809 - SimpleLog4JLogSystem initialized using logfile 'velocity.log'
2011-08-18 15:17:45,809 - ************************************************************** 
2011-08-18 15:17:45,809 - Starting Jakarta Velocity v1.4
2011-08-18 15:17:45,809 - RuntimeInstance initializing.
2011-08-18 15:17:45,809 - Default Properties File: org\apache\velocity\runtime\defaults\velocity.properties
2011-08-18 15:17:45,809 - Trying to use logger class org.apache.velocity.runtime.log.SimpleLog4JLogSystem
2011-08-18 15:17:45,809 - Using logger class org.apache.velocity.runtime.log.SimpleLog4JLogSystem
2011-08-18 15:17:45,824 - Default ResourceManager initializing. (class org.apache.velocity.runtime.resource.ResourceManagerImpl)
2011-08-18 15:17:45,824 - Resource Loader Instantiated: org.apache.velocity.runtime.resource.loader.ClasspathResourceLoader
2011-08-18 15:17:45,824 - ClasspathResourceLoader : initialization starting.
2011-08-18 15:17:45,824 - ClasspathResourceLoader : initialization complete.
2011-08-18 15:17:45,840 - ResourceCache : initialized. (class org.apache.velocity.runtime.resource.ResourceCacheImpl)
2011-08-18 15:17:45,840 - Default ResourceManager initialization complete.
2011-08-18 15:17:45,840 - Loaded System Directive: org.apache.velocity.runtime.directive.Literal
2011-08-18 15:17:45,840 - Loaded System Directive: org.apache.velocity.runtime.directive.Macro
2011-08-18 15:17:45,856 - Loaded System Directive: org.apache.velocity.runtime.directive.Parse
2011-08-18 15:17:45,856 - Loaded System Directive: org.apache.velocity.runtime.directive.Include
2011-08-18 15:17:45,871 - Loaded System Directive: org.apache.velocity.runtime.directive.Foreach
2011-08-18 15:17:45,918 - Created: 20 parsers.
2011-08-18 15:17:45,949 - Velocimacro : initialization starting.
2011-08-18 15:17:45,949 - Velocimacro : adding VMs from VM library template : VM_global_library.vm
2011-08-18 15:17:45,949 - ResourceManager : unable to find resource 'VM_global_library.vm' in any resource loader.
2011-08-18 15:17:45,949 - Velocimacro : error using  VM library template VM_global_library.vm : org.apache.velocity.exception.ResourceNotFoundException: Unable to find resource 'VM_global_library.vm'
2011-08-18 15:17:45,949 - Velocimacro :  VM library template macro registration complete.
2011-08-18 15:17:45,949 - Velocimacro : allowInline = true : VMs can be defined inline in templates
2011-08-18 15:17:45,949 - Velocimacro : allowInlineToOverride = false : VMs defined inline may NOT replace previous VM definitions
2011-08-18 15:17:45,949 - Velocimacro : allowInlineLocal = false : VMs defined inline will be  global in scope if allowed.
2011-08-18 15:17:45,949 - Velocimacro : messages on  : VM system will output logging messages
2011-08-18 15:17:45,949 - Velocimacro : autoload off  : VM system will not automatically reload global library macros
2011-08-18 15:17:45,949 - Velocimacro : initialization complete.
2011-08-18 15:17:45,949 - Velocity successfully started.
2011-08-19 15:13:57,692 - SimpleLog4JLogSystem initialized using logfile 'velocity.log'
2011-08-19 15:13:57,733 - ************************************************************** 
2011-08-19 15:13:57,733 - Starting Jakarta Velocity v1.4
2011-08-19 15:13:57,733 - RuntimeInstance initializing.
2011-08-19 15:13:57,733 - Default Properties File: org\apache\velocity\runtime\defaults\velocity.properties
2011-08-19 15:13:57,733 - Trying to use logger class org.apache.velocity.runtime.log.SimpleLog4JLogSystem
2011-08-19 15:13:57,733 - Using logger class org.apache.velocity.runtime.log.SimpleLog4JLogSystem
2011-08-19 15:13:57,741 - Default ResourceManager initializing. (class org.apache.velocity.runtime.resource.ResourceManagerImpl)
2011-08-19 15:13:57,752 - Resource Loader Instantiated: org.apache.velocity.runtime.resource.loader.ClasspathResourceLoader
2011-08-19 15:13:57,752 - ClasspathResourceLoader : initialization starting.
2011-08-19 15:13:57,752 - ClasspathResourceLoader : initialization complete.
2011-08-19 15:13:57,757 - ResourceCache : initialized. (class org.apache.velocity.runtime.resource.ResourceCacheImpl)
2011-08-19 15:13:57,757 - Default ResourceManager initialization complete.
2011-08-19 15:13:57,762 - Loaded System Directive: org.apache.velocity.runtime.directive.Literal
2011-08-19 15:13:57,767 - Loaded System Directive: org.apache.velocity.runtime.directive.Macro
2011-08-19 15:13:57,777 - Loaded System Directive: org.apache.velocity.runtime.directive.Parse
2011-08-19 15:13:57,782 - Loaded System Directive: org.apache.velocity.runtime.directive.Include
2011-08-19 15:13:57,787 - Loaded System Directive: org.apache.velocity.runtime.directive.Foreach
2011-08-19 15:13:57,846 - Created: 20 parsers.
2011-08-19 15:13:57,871 - Velocimacro : initialization starting.
2011-08-19 15:13:57,871 - Velocimacro : adding VMs from VM library template : VM_global_library.vm
2011-08-19 15:13:57,881 - ResourceManager : unable to find resource 'VM_global_library.vm' in any resource loader.
2011-08-19 15:13:57,882 - Velocimacro : error using  VM library template VM_global_library.vm : org.apache.velocity.exception.ResourceNotFoundException: Unable to find resource 'VM_global_library.vm'
2011-08-19 15:13:57,882 - Velocimacro :  VM library template macro registration complete.
2011-08-19 15:13:57,882 - Velocimacro : allowInline = true : VMs can be defined inline in templates
2011-08-19 15:13:57,882 - Velocimacro : allowInlineToOverride = false : VMs defined inline may NOT replace previous VM definitions
2011-08-19 15:13:57,882 - Velocimacro : allowInlineLocal = false : VMs defined inline will be  global in scope if allowed.
2011-08-19 15:13:57,882 - Velocimacro : messages on  : VM system will output logging messages
2011-08-19 15:13:57,882 - Velocimacro : autoload off  : VM system will not automatically reload global library macros
2011-08-19 15:13:57,882 - Velocimacro : initialization complete.
2011-08-19 15:13:57,882 - Velocity successfully started.
2011-08-19 15:30:30,118 - SimpleLog4JLogSystem initialized using logfile 'velocity.log'
2011-08-19 15:30:30,118 - ************************************************************** 
2011-08-19 15:30:30,118 - Starting Jakarta Velocity v1.4
2011-08-19 15:30:30,118 - RuntimeInstance initializing.
2011-08-19 15:30:30,118 - Default Properties File: org\apache\velocity\runtime\defaults\velocity.properties
2011-08-19 15:30:30,118 - Trying to use logger class org.apache.velocity.runtime.log.SimpleLog4JLogSystem
2011-08-19 15:30:30,118 - Using logger class org.apache.velocity.runtime.log.SimpleLog4JLogSystem
2011-08-19 15:30:30,127 - Default ResourceManager initializing. (class org.apache.velocity.runtime.resource.ResourceManagerImpl)
2011-08-19 15:30:30,137 - Resource Loader Instantiated: org.apache.velocity.runtime.resource.loader.ClasspathResourceLoader
2011-08-19 15:30:30,137 - ClasspathResourceLoader : initialization starting.
2011-08-19 15:30:30,137 - ClasspathResourceLoader : initialization complete.
2011-08-19 15:30:30,142 - ResourceCache : initialized. (class org.apache.velocity.runtime.resource.ResourceCacheImpl)
2011-08-19 15:30:30,142 - Default ResourceManager initialization complete.
2011-08-19 15:30:30,147 - Loaded System Directive: org.apache.velocity.runtime.directive.Literal
2011-08-19 15:30:30,151 - Loaded System Directive: org.apache.velocity.runtime.directive.Macro
2011-08-19 15:30:30,161 - Loaded System Directive: org.apache.velocity.runtime.directive.Parse
2011-08-19 15:30:30,166 - Loaded System Directive: org.apache.velocity.runtime.directive.Include
2011-08-19 15:30:30,171 - Loaded System Directive: org.apache.velocity.runtime.directive.Foreach
2011-08-19 15:30:30,231 - Created: 20 parsers.
2011-08-19 15:30:30,256 - Velocimacro : initialization starting.
2011-08-19 15:30:30,256 - Velocimacro : adding VMs from VM library template : VM_global_library.vm
2011-08-19 15:30:30,267 - ResourceManager : unable to find resource 'VM_global_library.vm' in any resource loader.
2011-08-19 15:30:30,267 - Velocimacro : error using  VM library template VM_global_library.vm : org.apache.velocity.exception.ResourceNotFoundException: Unable to find resource 'VM_global_library.vm'
2011-08-19 15:30:30,267 - Velocimacro :  VM library template macro registration complete.
2011-08-19 15:30:30,267 - Velocimacro : allowInline = true : VMs can be defined inline in templates
2011-08-19 15:30:30,267 - Velocimacro : allowInlineToOverride = false : VMs defined inline may NOT replace previous VM definitions
2011-08-19 15:30:30,267 - Velocimacro : allowInlineLocal = false : VMs defined inline will be  global in scope if allowed.
2011-08-19 15:30:30,267 - Velocimacro : messages on  : VM system will output logging messages
2011-08-19 15:30:30,267 - Velocimacro : autoload off  : VM system will not automatically reload global library macros
2011-08-19 15:30:30,267 - Velocimacro : initialization complete.
2011-08-19 15:30:30,267 - Velocity successfully started.
2011-08-19 15:37:12,875 - SimpleLog4JLogSystem initialized using logfile 'velocity.log'
2011-08-19 15:37:12,875 - ************************************************************** 
2011-08-19 15:37:12,875 - Starting Jakarta Velocity v1.4
2011-08-19 15:37:12,875 - RuntimeInstance initializing.
2011-08-19 15:37:12,875 - Default Properties File: org\apache\velocity\runtime\defaults\velocity.properties
2011-08-19 15:37:12,875 - Trying to use logger class org.apache.velocity.runtime.log.SimpleLog4JLogSystem
2011-08-19 15:37:12,875 - Using logger class org.apache.velocity.runtime.log.SimpleLog4JLogSystem
2011-08-19 15:37:12,875 - Default ResourceManager initializing. (class org.apache.velocity.runtime.resource.ResourceManagerImpl)
2011-08-19 15:37:12,895 - Resource Loader Instantiated: org.apache.velocity.runtime.resource.loader.ClasspathResourceLoader
2011-08-19 15:37:12,895 - ClasspathResourceLoader : initialization starting.
2011-08-19 15:37:12,895 - ClasspathResourceLoader : initialization complete.
2011-08-19 15:37:12,895 - ResourceCache : initialized. (class org.apache.velocity.runtime.resource.ResourceCacheImpl)
2011-08-19 15:37:12,895 - Default ResourceManager initialization complete.
2011-08-19 15:37:12,905 - Loaded System Directive: org.apache.velocity.runtime.directive.Literal
2011-08-19 15:37:12,905 - Loaded System Directive: org.apache.velocity.runtime.directive.Macro
2011-08-19 15:37:12,925 - Loaded System Directive: org.apache.velocity.runtime.directive.Parse
2011-08-19 15:37:12,925 - Loaded System Directive: org.apache.velocity.runtime.directive.Include
2011-08-19 15:37:12,925 - Loaded System Directive: org.apache.velocity.runtime.directive.Foreach
2011-08-19 15:37:12,985 - Created: 20 parsers.
2011-08-19 15:37:13,015 - Velocimacro : initialization starting.
2011-08-19 15:37:13,015 - Velocimacro : adding VMs from VM library template : VM_global_library.vm
2011-08-19 15:37:13,035 - ResourceManager : unable to find resource 'VM_global_library.vm' in any resource loader.
2011-08-19 15:37:13,035 - Velocimacro : error using  VM library template VM_global_library.vm : org.apache.velocity.exception.ResourceNotFoundException: Unable to find resource 'VM_global_library.vm'
2011-08-19 15:37:13,035 - Velocimacro :  VM library template macro registration complete.
2011-08-19 15:37:13,035 - Velocimacro : allowInline = true : VMs can be defined inline in templates
2011-08-19 15:37:13,035 - Velocimacro : allowInlineToOverride = false : VMs defined inline may NOT replace previous VM definitions
2011-08-19 15:37:13,035 - Velocimacro : allowInlineLocal = false : VMs defined inline will be  global in scope if allowed.
2011-08-19 15:37:13,035 - Velocimacro : messages on  : VM system will output logging messages
2011-08-19 15:37:13,035 - Velocimacro : autoload off  : VM system will not automatically reload global library macros
2011-08-19 15:37:13,035 - Velocimacro : initialization complete.
2011-08-19 15:37:13,035 - Velocity successfully started.
