2011-06-02 14:05:10,635 - Created: 20 parsers.
2011-06-02 14:05:10,669 - Velocimacro : initialization starting.
2011-06-02 14:05:10,669 - Velocimacro : adding VMs from VM library template : VM_global_library.vm
2011-06-02 14:05:10,696 - ResourceManager : unable to find resource 'VM_global_library.vm' in any resource loader.
2011-06-02 14:05:10,696 - Velocimacro : error using  VM library template VM_global_library.vm : org.apache.velocity.exception.ResourceNotFoundException: Unable to find resource 'VM_global_library.vm'
2011-06-02 14:05:10,697 - Velocimacro :  VM library template macro registration complete.
2011-06-02 14:05:10,697 - Velocimacro : allowInline = true : VMs can be defined inline in templates
2011-06-02 14:05:10,697 - Velocimacro : allowInlineToOverride = false : VMs defined inline may NOT replace previous VM definitions
2011-06-02 14:05:10,697 - Velocimacro : allowInlineLocal = false : VMs defined inline will be  global in scope if allowed.
2011-06-02 14:05:10,697 - Velocimacro : messages on  : VM system will output logging messages
2011-06-02 14:05:10,697 - Velocimacro : autoload off  : VM system will not automatically reload global library macros
2011-06-02 14:05:10,697 - Velocimacro : initialization complete.
2011-06-02 14:05:10,697 - Velocity successfully started.
2011-06-02 14:05:50,689 - SimpleLog4JLogSystem initialized using logfile 'velocity.log'
2011-06-02 14:05:50,690 - ************************************************************** 
2011-06-02 14:05:50,690 - Starting Jakarta Velocity v1.4
2011-06-02 14:05:50,690 - RuntimeInstance initializing.
2011-06-02 14:05:50,690 - Default Properties File: org\apache\velocity\runtime\defaults\velocity.properties
2011-06-02 14:05:50,690 - Trying to use logger class org.apache.velocity.runtime.log.SimpleLog4JLogSystem
2011-06-02 14:05:50,690 - Using logger class org.apache.velocity.runtime.log.SimpleLog4JLogSystem
2011-06-02 14:05:50,701 - Default ResourceManager initializing. (class org.apache.velocity.runtime.resource.ResourceManagerImpl)
2011-06-02 14:05:50,714 - Resource Loader Instantiated: org.apache.velocity.runtime.resource.loader.ClasspathResourceLoader
2011-06-02 14:05:50,714 - ClasspathResourceLoader : initialization starting.
2011-06-02 14:05:50,714 - ClasspathResourceLoader : initialization complete.
2011-06-02 14:05:50,720 - ResourceCache : initialized. (class org.apache.velocity.runtime.resource.ResourceCacheImpl)
2011-06-02 14:05:50,720 - Default ResourceManager initialization complete.
2011-06-02 14:05:50,727 - Loaded System Directive: org.apache.velocity.runtime.directive.Literal
2011-06-02 14:05:50,733 - Loaded System Directive: org.apache.velocity.runtime.directive.Macro
2011-06-02 14:05:50,744 - Loaded System Directive: org.apache.velocity.runtime.directive.Parse
2011-06-02 14:05:50,751 - Loaded System Directive: org.apache.velocity.runtime.directive.Include
2011-06-02 14:05:50,755 - Loaded System Directive: org.apache.velocity.runtime.directive.Foreach
2011-06-02 14:05:50,832 - Created: 20 parsers.
2011-06-02 14:05:50,866 - Velocimacro : initialization starting.
2011-06-02 14:05:50,866 - Velocimacro : adding VMs from VM library template : VM_global_library.vm
2011-06-02 14:05:50,880 - ResourceManager : unable to find resource 'VM_global_library.vm' in any resource loader.
2011-06-02 14:05:50,880 - Velocimacro : error using  VM library template VM_global_library.vm : org.apache.velocity.exception.ResourceNotFoundException: Unable to find resource 'VM_global_library.vm'
2011-06-02 14:05:50,880 - Velocimacro :  VM library template macro registration complete.
2011-06-02 14:05:50,880 - Velocimacro : allowInline = true : VMs can be defined inline in templates
2011-06-02 14:05:50,880 - Velocimacro : allowInlineToOverride = false : VMs defined inline may NOT replace previous VM definitions
2011-06-02 14:05:50,880 - Velocimacro : allowInlineLocal = false : VMs defined inline will be  global in scope if allowed.
2011-06-02 14:05:50,880 - Velocimacro : messages on  : VM system will output logging messages
2011-06-02 14:05:50,880 - Velocimacro : autoload off  : VM system will not automatically reload global library macros
2011-06-02 14:05:50,880 - Velocimacro : initialization complete.
2011-06-02 14:05:50,880 - Velocity successfully started.
2011-06-02 14:08:19,529 - SimpleLog4JLogSystem initialized using logfile 'velocity.log'
2011-06-02 14:08:19,530 - ************************************************************** 
2011-06-02 14:08:19,530 - Starting Jakarta Velocity v1.4
2011-06-02 14:08:19,530 - RuntimeInstance initializing.
2011-06-02 14:08:19,530 - Default Properties File: org\apache\velocity\runtime\defaults\velocity.properties
2011-06-02 14:08:19,530 - Trying to use logger class org.apache.velocity.runtime.log.SimpleLog4JLogSystem
2011-06-02 14:08:19,530 - Using logger class org.apache.velocity.runtime.log.SimpleLog4JLogSystem
2011-06-02 14:08:19,541 - Default ResourceManager initializing. (class org.apache.velocity.runtime.resource.ResourceManagerImpl)
2011-06-02 14:08:19,553 - Resource Loader Instantiated: org.apache.velocity.runtime.resource.loader.ClasspathResourceLoader
2011-06-02 14:08:19,553 - ClasspathResourceLoader : initialization starting.
2011-06-02 14:08:19,553 - ClasspathResourceLoader : initialization complete.
2011-06-02 14:08:19,559 - ResourceCache : initialized. (class org.apache.velocity.runtime.resource.ResourceCacheImpl)
2011-06-02 14:08:19,559 - Default ResourceManager initialization complete.
2011-06-02 14:08:19,566 - Loaded System Directive: org.apache.velocity.runtime.directive.Literal
2011-06-02 14:08:19,573 - Loaded System Directive: org.apache.velocity.runtime.directive.Macro
2011-06-02 14:08:19,584 - Loaded System Directive: org.apache.velocity.runtime.directive.Parse
2011-06-02 14:08:19,591 - Loaded System Directive: org.apache.velocity.runtime.directive.Include
2011-06-02 14:08:19,595 - Loaded System Directive: org.apache.velocity.runtime.directive.Foreach
2011-06-02 14:08:19,674 - Created: 20 parsers.
2011-06-02 14:08:19,707 - Velocimacro : initialization starting.
2011-06-02 14:08:19,707 - Velocimacro : adding VMs from VM library template : VM_global_library.vm
2011-06-02 14:08:19,721 - ResourceManager : unable to find resource 'VM_global_library.vm' in any resource loader.
2011-06-02 14:08:19,721 - Velocimacro : error using  VM library template VM_global_library.vm : org.apache.velocity.exception.ResourceNotFoundException: Unable to find resource 'VM_global_library.vm'
2011-06-02 14:08:19,721 - Velocimacro :  VM library template macro registration complete.
2011-06-02 14:08:19,721 - Velocimacro : allowInline = true : VMs can be defined inline in templates
2011-06-02 14:08:19,721 - Velocimacro : allowInlineToOverride = false : VMs defined inline may NOT replace previous VM definitions
2011-06-02 14:08:19,721 - Velocimacro : allowInlineLocal = false : VMs defined inline will be  global in scope if allowed.
2011-06-02 14:08:19,721 - Velocimacro : messages on  : VM system will output logging messages
2011-06-02 14:08:19,721 - Velocimacro : autoload off  : VM system will not automatically reload global library macros
2011-06-02 14:08:19,721 - Velocimacro : initialization complete.
2011-06-02 14:08:19,721 - Velocity successfully started.
2011-06-02 14:11:39,300 - SimpleLog4JLogSystem initialized using logfile 'velocity.log'
2011-06-02 14:11:39,301 - ************************************************************** 
2011-06-02 14:11:39,301 - Starting Jakarta Velocity v1.4
2011-06-02 14:11:39,301 - RuntimeInstance initializing.
2011-06-02 14:11:39,301 - Default Properties File: org\apache\velocity\runtime\defaults\velocity.properties
2011-06-02 14:11:39,301 - Trying to use logger class org.apache.velocity.runtime.log.SimpleLog4JLogSystem
2011-06-02 14:11:39,301 - Using logger class org.apache.velocity.runtime.log.SimpleLog4JLogSystem
2011-06-02 14:11:39,311 - Default ResourceManager initializing. (class org.apache.velocity.runtime.resource.ResourceManagerImpl)
2011-06-02 14:11:39,324 - Resource Loader Instantiated: org.apache.velocity.runtime.resource.loader.ClasspathResourceLoader
2011-06-02 14:11:39,324 - ClasspathResourceLoader : initialization starting.
2011-06-02 14:11:39,324 - ClasspathResourceLoader : initialization complete.
2011-06-02 14:11:39,330 - ResourceCache : initialized. (class org.apache.velocity.runtime.resource.ResourceCacheImpl)
2011-06-02 14:11:39,330 - Default ResourceManager initialization complete.
2011-06-02 14:11:39,337 - Loaded System Directive: org.apache.velocity.runtime.directive.Literal
2011-06-02 14:11:39,344 - Loaded System Directive: org.apache.velocity.runtime.directive.Macro
2011-06-02 14:11:39,356 - Loaded System Directive: org.apache.velocity.runtime.directive.Parse
2011-06-02 14:11:39,363 - Loaded System Directive: org.apache.velocity.runtime.directive.Include
2011-06-02 14:11:39,367 - Loaded System Directive: org.apache.velocity.runtime.directive.Foreach
2011-06-02 14:11:39,446 - Created: 20 parsers.
2011-06-02 14:11:39,481 - Velocimacro : initialization starting.
2011-06-02 14:11:39,481 - Velocimacro : adding VMs from VM library template : VM_global_library.vm
2011-06-02 14:11:39,495 - ResourceManager : unable to find resource 'VM_global_library.vm' in any resource loader.
2011-06-02 14:11:39,495 - Velocimacro : error using  VM library template VM_global_library.vm : org.apache.velocity.exception.ResourceNotFoundException: Unable to find resource 'VM_global_library.vm'
2011-06-02 14:11:39,495 - Velocimacro :  VM library template macro registration complete.
2011-06-02 14:11:39,495 - Velocimacro : allowInline = true : VMs can be defined inline in templates
2011-06-02 14:11:39,495 - Velocimacro : allowInlineToOverride = false : VMs defined inline may NOT replace previous VM definitions
2011-06-02 14:11:39,495 - Velocimacro : allowInlineLocal = false : VMs defined inline will be  global in scope if allowed.
2011-06-02 14:11:39,496 - Velocimacro : messages on  : VM system will output logging messages
2011-06-02 14:11:39,496 - Velocimacro : autoload off  : VM system will not automatically reload global library macros
2011-06-02 14:11:39,496 - Velocimacro : initialization complete.
2011-06-02 14:11:39,496 - Velocity successfully started.
2011-06-02 14:14:34,952 - SimpleLog4JLogSystem initialized using logfile 'velocity.log'
2011-06-02 14:14:34,952 - ************************************************************** 
2011-06-02 14:14:34,953 - Starting Jakarta Velocity v1.4
2011-06-02 14:14:34,953 - RuntimeInstance initializing.
2011-06-02 14:14:34,953 - Default Properties File: org\apache\velocity\runtime\defaults\velocity.properties
2011-06-02 14:14:34,953 - Trying to use logger class org.apache.velocity.runtime.log.SimpleLog4JLogSystem
2011-06-02 14:14:34,953 - Using logger class org.apache.velocity.runtime.log.SimpleLog4JLogSystem
2011-06-02 14:14:34,963 - Default ResourceManager initializing. (class org.apache.velocity.runtime.resource.ResourceManagerImpl)
2011-06-02 14:14:34,975 - Resource Loader Instantiated: org.apache.velocity.runtime.resource.loader.ClasspathResourceLoader
2011-06-02 14:14:34,975 - ClasspathResourceLoader : initialization starting.
2011-06-02 14:14:34,975 - ClasspathResourceLoader : initialization complete.
2011-06-02 14:14:34,982 - ResourceCache : initialized. (class org.apache.velocity.runtime.resource.ResourceCacheImpl)
2011-06-02 14:14:34,982 - Default ResourceManager initialization complete.
2011-06-02 14:14:34,988 - Loaded System Directive: org.apache.velocity.runtime.directive.Literal
2011-06-02 14:14:34,995 - Loaded System Directive: org.apache.velocity.runtime.directive.Macro
2011-06-02 14:14:35,007 - Loaded System Directive: org.apache.velocity.runtime.directive.Parse
2011-06-02 14:14:35,013 - Loaded System Directive: org.apache.velocity.runtime.directive.Include
2011-06-02 14:14:35,017 - Loaded System Directive: org.apache.velocity.runtime.directive.Foreach
2011-06-02 14:14:35,096 - Created: 20 parsers.
2011-06-02 14:14:35,130 - Velocimacro : initialization starting.
2011-06-02 14:14:35,130 - Velocimacro : adding VMs from VM library template : VM_global_library.vm
2011-06-02 14:14:35,144 - ResourceManager : unable to find resource 'VM_global_library.vm' in any resource loader.
2011-06-02 14:14:35,144 - Velocimacro : error using  VM library template VM_global_library.vm : org.apache.velocity.exception.ResourceNotFoundException: Unable to find resource 'VM_global_library.vm'
2011-06-02 14:14:35,144 - Velocimacro :  VM library template macro registration complete.
2011-06-02 14:14:35,144 - Velocimacro : allowInline = true : VMs can be defined inline in templates
2011-06-02 14:14:35,145 - Velocimacro : allowInlineToOverride = false : VMs defined inline may NOT replace previous VM definitions
2011-06-02 14:14:35,145 - Velocimacro : allowInlineLocal = false : VMs defined inline will be  global in scope if allowed.
2011-06-02 14:14:35,145 - Velocimacro : messages on  : VM system will output logging messages
2011-06-02 14:14:35,145 - Velocimacro : autoload off  : VM system will not automatically reload global library macros
2011-06-02 14:14:35,145 - Velocimacro : initialization complete.
2011-06-02 14:14:35,145 - Velocity successfully started.
2011-06-02 14:15:46,810 - SimpleLog4JLogSystem initialized using logfile 'velocity.log'
2011-06-02 14:15:46,811 - ************************************************************** 
2011-06-02 14:15:46,811 - Starting Jakarta Velocity v1.4
2011-06-02 14:15:46,811 - RuntimeInstance initializing.
2011-06-02 14:15:46,811 - Default Properties File: org\apache\velocity\runtime\defaults\velocity.properties
2011-06-02 14:15:46,811 - Trying to use logger class org.apache.velocity.runtime.log.SimpleLog4JLogSystem
2011-06-02 14:15:46,811 - Using logger class org.apache.velocity.runtime.log.SimpleLog4JLogSystem
2011-06-02 14:15:46,822 - Default ResourceManager initializing. (class org.apache.velocity.runtime.resource.ResourceManagerImpl)
2011-06-02 14:15:46,834 - Resource Loader Instantiated: org.apache.velocity.runtime.resource.loader.ClasspathResourceLoader
2011-06-02 14:15:46,834 - ClasspathResourceLoader : initialization starting.
2011-06-02 14:15:46,834 - ClasspathResourceLoader : initialization complete.
2011-06-02 14:15:46,840 - ResourceCache : initialized. (class org.apache.velocity.runtime.resource.ResourceCacheImpl)
2011-06-02 14:15:46,840 - Default ResourceManager initialization complete.
2011-06-02 14:15:46,846 - Loaded System Directive: org.apache.velocity.runtime.directive.Literal
2011-06-02 14:15:46,853 - Loaded System Directive: org.apache.velocity.runtime.directive.Macro
2011-06-02 14:15:46,865 - Loaded System Directive: org.apache.velocity.runtime.directive.Parse
2011-06-02 14:15:46,872 - Loaded System Directive: org.apache.velocity.runtime.directive.Include
2011-06-02 14:15:46,875 - Loaded System Directive: org.apache.velocity.runtime.directive.Foreach
2011-06-02 14:15:46,953 - Created: 20 parsers.
2011-06-02 14:15:46,987 - Velocimacro : initialization starting.
2011-06-02 14:15:46,987 - Velocimacro : adding VMs from VM library template : VM_global_library.vm
2011-06-02 14:15:47,000 - ResourceManager : unable to find resource 'VM_global_library.vm' in any resource loader.
2011-06-02 14:15:47,000 - Velocimacro : error using  VM library template VM_global_library.vm : org.apache.velocity.exception.ResourceNotFoundException: Unable to find resource 'VM_global_library.vm'
2011-06-02 14:15:47,000 - Velocimacro :  VM library template macro registration complete.
2011-06-02 14:15:47,001 - Velocimacro : allowInline = true : VMs can be defined inline in templates
2011-06-02 14:15:47,001 - Velocimacro : allowInlineToOverride = false : VMs defined inline may NOT replace previous VM definitions
2011-06-02 14:15:47,001 - Velocimacro : allowInlineLocal = false : VMs defined inline will be  global in scope if allowed.
2011-06-02 14:15:47,001 - Velocimacro : messages on  : VM system will output logging messages
2011-06-02 14:15:47,001 - Velocimacro : autoload off  : VM system will not automatically reload global library macros
2011-06-02 14:15:47,001 - Velocimacro : initialization complete.
2011-06-02 14:15:47,001 - Velocity successfully started.
2011-06-02 14:17:55,796 - SimpleLog4JLogSystem initialized using logfile 'velocity.log'
2011-06-02 14:17:55,797 - ************************************************************** 
2011-06-02 14:17:55,797 - Starting Jakarta Velocity v1.4
2011-06-02 14:17:55,797 - RuntimeInstance initializing.
2011-06-02 14:17:55,797 - Default Properties File: org\apache\velocity\runtime\defaults\velocity.properties
2011-06-02 14:17:55,797 - Trying to use logger class org.apache.velocity.runtime.log.SimpleLog4JLogSystem
2011-06-02 14:17:55,797 - Using logger class org.apache.velocity.runtime.log.SimpleLog4JLogSystem
2011-06-02 14:17:55,807 - Default ResourceManager initializing. (class org.apache.velocity.runtime.resource.ResourceManagerImpl)
2011-06-02 14:17:55,824 - Resource Loader Instantiated: org.apache.velocity.runtime.resource.loader.ClasspathResourceLoader
2011-06-02 14:17:55,824 - ClasspathResourceLoader : initialization starting.
2011-06-02 14:17:55,825 - ClasspathResourceLoader : initialization complete.
2011-06-02 14:17:55,832 - ResourceCache : initialized. (class org.apache.velocity.runtime.resource.ResourceCacheImpl)
2011-06-02 14:17:55,832 - Default ResourceManager initialization complete.
2011-06-02 14:17:55,839 - Loaded System Directive: org.apache.velocity.runtime.directive.Literal
2011-06-02 14:17:55,846 - Loaded System Directive: org.apache.velocity.runtime.directive.Macro
2011-06-02 14:17:55,858 - Loaded System Directive: org.apache.velocity.runtime.directive.Parse
2011-06-02 14:17:55,865 - Loaded System Directive: org.apache.velocity.runtime.directive.Include
2011-06-02 14:17:55,869 - Loaded System Directive: org.apache.velocity.runtime.directive.Foreach
2011-06-02 14:17:55,968 - Created: 20 parsers.
2011-06-02 14:17:56,012 - Velocimacro : initialization starting.
2011-06-02 14:17:56,013 - Velocimacro : adding VMs from VM library template : VM_global_library.vm
2011-06-02 14:17:56,030 - ResourceManager : unable to find resource 'VM_global_library.vm' in any resource loader.
2011-06-02 14:17:56,031 - Velocimacro : error using  VM library template VM_global_library.vm : org.apache.velocity.exception.ResourceNotFoundException: Unable to find resource 'VM_global_library.vm'
2011-06-02 14:17:56,031 - Velocimacro :  VM library template macro registration complete.
2011-06-02 14:17:56,031 - Velocimacro : allowInline = true : VMs can be defined inline in templates
2011-06-02 14:17:56,031 - Velocimacro : allowInlineToOverride = false : VMs defined inline may NOT replace previous VM definitions
2011-06-02 14:17:56,031 - Velocimacro : allowInlineLocal = false : VMs defined inline will be  global in scope if allowed.
2011-06-02 14:17:56,031 - Velocimacro : messages on  : VM system will output logging messages
2011-06-02 14:17:56,031 - Velocimacro : autoload off  : VM system will not automatically reload global library macros
2011-06-02 14:17:56,031 - Velocimacro : initialization complete.
2011-06-02 14:17:56,031 - Velocity successfully started.
2011-06-02 14:18:59,220 - SimpleLog4JLogSystem initialized using logfile 'velocity.log'
2011-06-02 14:18:59,222 - ************************************************************** 
2011-06-02 14:18:59,222 - Starting Jakarta Velocity v1.4
2011-06-02 14:18:59,222 - RuntimeInstance initializing.
2011-06-02 14:18:59,222 - Default Properties File: org\apache\velocity\runtime\defaults\velocity.properties
2011-06-02 14:18:59,222 - Trying to use logger class org.apache.velocity.runtime.log.SimpleLog4JLogSystem
2011-06-02 14:18:59,222 - Using logger class org.apache.velocity.runtime.log.SimpleLog4JLogSystem
2011-06-02 14:18:59,234 - Default ResourceManager initializing. (class org.apache.velocity.runtime.resource.ResourceManagerImpl)
2011-06-02 14:18:59,247 - Resource Loader Instantiated: org.apache.velocity.runtime.resource.loader.ClasspathResourceLoader
2011-06-02 14:18:59,248 - ClasspathResourceLoader : initialization starting.
2011-06-02 14:18:59,248 - ClasspathResourceLoader : initialization complete.
2011-06-02 14:18:59,255 - ResourceCache : initialized. (class org.apache.velocity.runtime.resource.ResourceCacheImpl)
2011-06-02 14:18:59,255 - Default ResourceManager initialization complete.
2011-06-02 14:18:59,263 - Loaded System Directive: org.apache.velocity.runtime.directive.Literal
2011-06-02 14:18:59,271 - Loaded System Directive: org.apache.velocity.runtime.directive.Macro
2011-06-02 14:18:59,285 - Loaded System Directive: org.apache.velocity.runtime.directive.Parse
2011-06-02 14:18:59,295 - Loaded System Directive: org.apache.velocity.runtime.directive.Include
2011-06-02 14:18:59,299 - Loaded System Directive: org.apache.velocity.runtime.directive.Foreach
2011-06-02 14:18:59,401 - Created: 20 parsers.
2011-06-02 14:18:59,445 - Velocimacro : initialization starting.
2011-06-02 14:18:59,445 - Velocimacro : adding VMs from VM library template : VM_global_library.vm
2011-06-02 14:18:59,462 - ResourceManager : unable to find resource 'VM_global_library.vm' in any resource loader.
2011-06-02 14:18:59,462 - Velocimacro : error using  VM library template VM_global_library.vm : org.apache.velocity.exception.ResourceNotFoundException: Unable to find resource 'VM_global_library.vm'
2011-06-02 14:18:59,462 - Velocimacro :  VM library template macro registration complete.
2011-06-02 14:18:59,462 - Velocimacro : allowInline = true : VMs can be defined inline in templates
2011-06-02 14:18:59,462 - Velocimacro : allowInlineToOverride = false : VMs defined inline may NOT replace previous VM definitions
2011-06-02 14:18:59,462 - Velocimacro : allowInlineLocal = false : VMs defined inline will be  global in scope if allowed.
2011-06-02 14:18:59,462 - Velocimacro : messages on  : VM system will output logging messages
2011-06-02 14:18:59,462 - Velocimacro : autoload off  : VM system will not automatically reload global library macros
2011-06-02 14:18:59,462 - Velocimacro : initialization complete.
2011-06-02 14:18:59,462 - Velocity successfully started.
2011-06-02 14:22:31,602 - SimpleLog4JLogSystem initialized using logfile 'velocity.log'
2011-06-02 14:22:31,603 - ************************************************************** 
2011-06-02 14:22:31,603 - Starting Jakarta Velocity v1.4
2011-06-02 14:22:31,603 - RuntimeInstance initializing.
2011-06-02 14:22:31,603 - Default Properties File: org\apache\velocity\runtime\defaults\velocity.properties
2011-06-02 14:22:31,603 - Trying to use logger class org.apache.velocity.runtime.log.SimpleLog4JLogSystem
2011-06-02 14:22:31,603 - Using logger class org.apache.velocity.runtime.log.SimpleLog4JLogSystem
2011-06-02 14:22:31,620 - Default ResourceManager initializing. (class org.apache.velocity.runtime.resource.ResourceManagerImpl)
2011-06-02 14:22:31,635 - Resource Loader Instantiated: org.apache.velocity.runtime.resource.loader.ClasspathResourceLoader
2011-06-02 14:22:31,635 - ClasspathResourceLoader : initialization starting.
2011-06-02 14:22:31,635 - ClasspathResourceLoader : initialization complete.
2011-06-02 14:22:31,644 - ResourceCache : initialized. (class org.apache.velocity.runtime.resource.ResourceCacheImpl)
2011-06-02 14:22:31,644 - Default ResourceManager initialization complete.
2011-06-02 14:22:31,651 - Loaded System Directive: org.apache.velocity.runtime.directive.Literal
2011-06-02 14:22:31,660 - Loaded System Directive: org.apache.velocity.runtime.directive.Macro
2011-06-02 14:22:31,677 - Loaded System Directive: org.apache.velocity.runtime.directive.Parse
2011-06-02 14:22:31,684 - Loaded System Directive: org.apache.velocity.runtime.directive.Include
2011-06-02 14:22:31,688 - Loaded System Directive: org.apache.velocity.runtime.directive.Foreach
2011-06-02 14:22:31,797 - Created: 20 parsers.
2011-06-02 14:22:31,842 - Velocimacro : initialization starting.
2011-06-02 14:22:31,842 - Velocimacro : adding VMs from VM library template : VM_global_library.vm
2011-06-02 14:22:31,861 - ResourceManager : unable to find resource 'VM_global_library.vm' in any resource loader.
2011-06-02 14:22:31,861 - Velocimacro : error using  VM library template VM_global_library.vm : org.apache.velocity.exception.ResourceNotFoundException: Unable to find resource 'VM_global_library.vm'
2011-06-02 14:22:31,861 - Velocimacro :  VM library template macro registration complete.
2011-06-02 14:22:31,861 - Velocimacro : allowInline = true : VMs can be defined inline in templates
2011-06-02 14:22:31,861 - Velocimacro : allowInlineToOverride = false : VMs defined inline may NOT replace previous VM definitions
2011-06-02 14:22:31,862 - Velocimacro : allowInlineLocal = false : VMs defined inline will be  global in scope if allowed.
2011-06-02 14:22:31,862 - Velocimacro : messages on  : VM system will output logging messages
2011-06-02 14:22:31,862 - Velocimacro : autoload off  : VM system will not automatically reload global library macros
2011-06-02 14:22:31,862 - Velocimacro : initialization complete.
2011-06-02 14:22:31,862 - Velocity successfully started.
2011-06-02 14:27:11,550 - SimpleLog4JLogSystem initialized using logfile 'velocity.log'
2011-06-02 14:27:11,551 - ************************************************************** 
2011-06-02 14:27:11,551 - Starting Jakarta Velocity v1.4
2011-06-02 14:27:11,551 - RuntimeInstance initializing.
2011-06-02 14:27:11,551 - Default Properties File: org\apache\velocity\runtime\defaults\velocity.properties
2011-06-02 14:27:11,552 - Trying to use logger class org.apache.velocity.runtime.log.SimpleLog4JLogSystem
2011-06-02 14:27:11,552 - Using logger class org.apache.velocity.runtime.log.SimpleLog4JLogSystem
2011-06-02 14:27:11,563 - Default ResourceManager initializing. (class org.apache.velocity.runtime.resource.ResourceManagerImpl)
2011-06-02 14:27:11,577 - Resource Loader Instantiated: org.apache.velocity.runtime.resource.loader.ClasspathResourceLoader
2011-06-02 14:27:11,577 - ClasspathResourceLoader : initialization starting.
2011-06-02 14:27:11,577 - ClasspathResourceLoader : initialization complete.
2011-06-02 14:27:11,584 - ResourceCache : initialized. (class org.apache.velocity.runtime.resource.ResourceCacheImpl)
2011-06-02 14:27:11,584 - Default ResourceManager initialization complete.
2011-06-02 14:27:11,591 - Loaded System Directive: org.apache.velocity.runtime.directive.Literal
2011-06-02 14:27:11,597 - Loaded System Directive: org.apache.velocity.runtime.directive.Macro
2011-06-02 14:27:11,609 - Loaded System Directive: org.apache.velocity.runtime.directive.Parse
2011-06-02 14:27:11,616 - Loaded System Directive: org.apache.velocity.runtime.directive.Include
2011-06-02 14:27:11,620 - Loaded System Directive: org.apache.velocity.runtime.directive.Foreach
2011-06-02 14:27:11,699 - Created: 20 parsers.
2011-06-02 14:27:11,734 - Velocimacro : initialization starting.
2011-06-02 14:27:11,734 - Velocimacro : adding VMs from VM library template : VM_global_library.vm
2011-06-02 14:27:11,748 - ResourceManager : unable to find resource 'VM_global_library.vm' in any resource loader.
2011-06-02 14:27:11,748 - Velocimacro : error using  VM library template VM_global_library.vm : org.apache.velocity.exception.ResourceNotFoundException: Unable to find resource 'VM_global_library.vm'
2011-06-02 14:27:11,748 - Velocimacro :  VM library template macro registration complete.
2011-06-02 14:27:11,748 - Velocimacro : allowInline = true : VMs can be defined inline in templates
2011-06-02 14:27:11,748 - Velocimacro : allowInlineToOverride = false : VMs defined inline may NOT replace previous VM definitions
2011-06-02 14:27:11,748 - Velocimacro : allowInlineLocal = false : VMs defined inline will be  global in scope if allowed.
2011-06-02 14:27:11,748 - Velocimacro : messages on  : VM system will output logging messages
2011-06-02 14:27:11,748 - Velocimacro : autoload off  : VM system will not automatically reload global library macros
2011-06-02 14:27:11,748 - Velocimacro : initialization complete.
2011-06-02 14:27:11,748 - Velocity successfully started.
2011-06-02 14:29:45,894 - SimpleLog4JLogSystem initialized using logfile 'velocity.log'
2011-06-02 14:29:45,895 - ************************************************************** 
2011-06-02 14:29:45,895 - Starting Jakarta Velocity v1.4
2011-06-02 14:29:45,895 - RuntimeInstance initializing.
2011-06-02 14:29:45,895 - Default Properties File: org\apache\velocity\runtime\defaults\velocity.properties
2011-06-02 14:29:45,895 - Trying to use logger class org.apache.velocity.runtime.log.SimpleLog4JLogSystem
2011-06-02 14:29:45,895 - Using logger class org.apache.velocity.runtime.log.SimpleLog4JLogSystem
2011-06-02 14:29:45,905 - Default ResourceManager initializing. (class org.apache.velocity.runtime.resource.ResourceManagerImpl)
2011-06-02 14:29:45,918 - Resource Loader Instantiated: org.apache.velocity.runtime.resource.loader.ClasspathResourceLoader
2011-06-02 14:29:45,918 - ClasspathResourceLoader : initialization starting.
2011-06-02 14:29:45,918 - ClasspathResourceLoader : initialization complete.
2011-06-02 14:29:45,924 - ResourceCache : initialized. (class org.apache.velocity.runtime.resource.ResourceCacheImpl)
2011-06-02 14:29:45,924 - Default ResourceManager initialization complete.
2011-06-02 14:29:45,931 - Loaded System Directive: org.apache.velocity.runtime.directive.Literal
2011-06-02 14:29:45,937 - Loaded System Directive: org.apache.velocity.runtime.directive.Macro
2011-06-02 14:29:45,950 - Loaded System Directive: org.apache.velocity.runtime.directive.Parse
2011-06-02 14:29:45,956 - Loaded System Directive: org.apache.velocity.runtime.directive.Include
2011-06-02 14:29:45,960 - Loaded System Directive: org.apache.velocity.runtime.directive.Foreach
2011-06-02 14:29:46,040 - Created: 20 parsers.
2011-06-02 14:29:46,075 - Velocimacro : initialization starting.
2011-06-02 14:29:46,076 - Velocimacro : adding VMs from VM library template : VM_global_library.vm
2011-06-02 14:29:46,090 - ResourceManager : unable to find resource 'VM_global_library.vm' in any resource loader.
2011-06-02 14:29:46,090 - Velocimacro : error using  VM library template VM_global_library.vm : org.apache.velocity.exception.ResourceNotFoundException: Unable to find resource 'VM_global_library.vm'
2011-06-02 14:29:46,090 - Velocimacro :  VM library template macro registration complete.
2011-06-02 14:29:46,090 - Velocimacro : allowInline = true : VMs can be defined inline in templates
2011-06-02 14:29:46,090 - Velocimacro : allowInlineToOverride = false : VMs defined inline may NOT replace previous VM definitions
2011-06-02 14:29:46,090 - Velocimacro : allowInlineLocal = false : VMs defined inline will be  global in scope if allowed.
2011-06-02 14:29:46,090 - Velocimacro : messages on  : VM system will output logging messages
2011-06-02 14:29:46,090 - Velocimacro : autoload off  : VM system will not automatically reload global library macros
2011-06-02 14:29:46,090 - Velocimacro : initialization complete.
2011-06-02 14:29:46,091 - Velocity successfully started.
2011-06-02 14:30:39,958 - SimpleLog4JLogSystem initialized using logfile 'velocity.log'
2011-06-02 14:30:39,958 - ************************************************************** 
2011-06-02 14:30:39,959 - Starting Jakarta Velocity v1.4
2011-06-02 14:30:39,959 - RuntimeInstance initializing.
2011-06-02 14:30:39,959 - Default Properties File: org\apache\velocity\runtime\defaults\velocity.properties
2011-06-02 14:30:39,959 - Trying to use logger class org.apache.velocity.runtime.log.SimpleLog4JLogSystem
2011-06-02 14:30:39,959 - Using logger class org.apache.velocity.runtime.log.SimpleLog4JLogSystem
2011-06-02 14:30:39,969 - Default ResourceManager initializing. (class org.apache.velocity.runtime.resource.ResourceManagerImpl)
2011-06-02 14:30:39,982 - Resource Loader Instantiated: org.apache.velocity.runtime.resource.loader.ClasspathResourceLoader
2011-06-02 14:30:39,982 - ClasspathResourceLoader : initialization starting.
2011-06-02 14:30:39,982 - ClasspathResourceLoader : initialization complete.
2011-06-02 14:30:39,988 - ResourceCache : initialized. (class org.apache.velocity.runtime.resource.ResourceCacheImpl)
2011-06-02 14:30:39,988 - Default ResourceManager initialization complete.
2011-06-02 14:30:39,995 - Loaded System Directive: org.apache.velocity.runtime.directive.Literal
2011-06-02 14:30:40,001 - Loaded System Directive: org.apache.velocity.runtime.directive.Macro
2011-06-02 14:30:40,013 - Loaded System Directive: org.apache.velocity.runtime.directive.Parse
2011-06-02 14:30:40,020 - Loaded System Directive: org.apache.velocity.runtime.directive.Include
2011-06-02 14:30:40,024 - Loaded System Directive: org.apache.velocity.runtime.directive.Foreach
2011-06-02 14:30:40,102 - Created: 20 parsers.
2011-06-02 14:30:40,136 - Velocimacro : initialization starting.
2011-06-02 14:30:40,136 - Velocimacro : adding VMs from VM library template : VM_global_library.vm
2011-06-02 14:30:40,150 - ResourceManager : unable to find resource 'VM_global_library.vm' in any resource loader.
2011-06-02 14:30:40,150 - Velocimacro : error using  VM library template VM_global_library.vm : org.apache.velocity.exception.ResourceNotFoundException: Unable to find resource 'VM_global_library.vm'
2011-06-02 14:30:40,150 - Velocimacro :  VM library template macro registration complete.
2011-06-02 14:30:40,150 - Velocimacro : allowInline = true : VMs can be defined inline in templates
2011-06-02 14:30:40,150 - Velocimacro : allowInlineToOverride = false : VMs defined inline may NOT replace previous VM definitions
2011-06-02 14:30:40,150 - Velocimacro : allowInlineLocal = false : VMs defined inline will be  global in scope if allowed.
2011-06-02 14:30:40,150 - Velocimacro : messages on  : VM system will output logging messages
2011-06-02 14:30:40,150 - Velocimacro : autoload off  : VM system will not automatically reload global library macros
2011-06-02 14:30:40,150 - Velocimacro : initialization complete.
2011-06-02 14:30:40,150 - Velocity successfully started.
2011-06-02 14:50:18,668 - SimpleLog4JLogSystem initialized using logfile 'velocity.log'
2011-06-02 14:50:18,669 - ************************************************************** 
2011-06-02 14:50:18,669 - Starting Jakarta Velocity v1.4
2011-06-02 14:50:18,669 - RuntimeInstance initializing.
2011-06-02 14:50:18,669 - Default Properties File: org\apache\velocity\runtime\defaults\velocity.properties
2011-06-02 14:50:18,669 - Trying to use logger class org.apache.velocity.runtime.log.SimpleLog4JLogSystem
2011-06-02 14:50:18,669 - Using logger class org.apache.velocity.runtime.log.SimpleLog4JLogSystem
2011-06-02 14:50:18,680 - Default ResourceManager initializing. (class org.apache.velocity.runtime.resource.ResourceManagerImpl)
2011-06-02 14:50:18,692 - Resource Loader Instantiated: org.apache.velocity.runtime.resource.loader.ClasspathResourceLoader
2011-06-02 14:50:18,692 - ClasspathResourceLoader : initialization starting.
2011-06-02 14:50:18,692 - ClasspathResourceLoader : initialization complete.
2011-06-02 14:50:18,698 - ResourceCache : initialized. (class org.apache.velocity.runtime.resource.ResourceCacheImpl)
2011-06-02 14:50:18,698 - Default ResourceManager initialization complete.
2011-06-02 14:50:18,705 - Loaded System Directive: org.apache.velocity.runtime.directive.Literal
2011-06-02 14:50:18,712 - Loaded System Directive: org.apache.velocity.runtime.directive.Macro
2011-06-02 14:50:18,723 - Loaded System Directive: org.apache.velocity.runtime.directive.Parse
2011-06-02 14:50:18,730 - Loaded System Directive: org.apache.velocity.runtime.directive.Include
2011-06-02 14:50:18,734 - Loaded System Directive: org.apache.velocity.runtime.directive.Foreach
2011-06-02 14:50:18,819 - Created: 20 parsers.
2011-06-02 14:50:18,852 - Velocimacro : initialization starting.
2011-06-02 14:50:18,852 - Velocimacro : adding VMs from VM library template : VM_global_library.vm
2011-06-02 14:50:18,865 - ResourceManager : unable to find resource 'VM_global_library.vm' in any resource loader.
2011-06-02 14:50:18,866 - Velocimacro : error using  VM library template VM_global_library.vm : org.apache.velocity.exception.ResourceNotFoundException: Unable to find resource 'VM_global_library.vm'
2011-06-02 14:50:18,866 - Velocimacro :  VM library template macro registration complete.
2011-06-02 14:50:18,866 - Velocimacro : allowInline = true : VMs can be defined inline in templates
2011-06-02 14:50:18,866 - Velocimacro : allowInlineToOverride = false : VMs defined inline may NOT replace previous VM definitions
2011-06-02 14:50:18,866 - Velocimacro : allowInlineLocal = false : VMs defined inline will be  global in scope if allowed.
2011-06-02 14:50:18,866 - Velocimacro : messages on  : VM system will output logging messages
2011-06-02 14:50:18,866 - Velocimacro : autoload off  : VM system will not automatically reload global library macros
2011-06-02 14:50:18,866 - Velocimacro : initialization complete.
2011-06-02 14:50:18,866 - Velocity successfully started.
2011-06-02 14:52:05,055 - SimpleLog4JLogSystem initialized using logfile 'velocity.log'
2011-06-02 14:52:05,056 - ************************************************************** 
2011-06-02 14:52:05,056 - Starting Jakarta Velocity v1.4
2011-06-02 14:52:05,056 - RuntimeInstance initializing.
2011-06-02 14:52:05,056 - Default Properties File: org\apache\velocity\runtime\defaults\velocity.properties
2011-06-02 14:52:05,056 - Trying to use logger class org.apache.velocity.runtime.log.SimpleLog4JLogSystem
2011-06-02 14:52:05,056 - Using logger class org.apache.velocity.runtime.log.SimpleLog4JLogSystem
2011-06-02 14:52:05,066 - Default ResourceManager initializing. (class org.apache.velocity.runtime.resource.ResourceManagerImpl)
2011-06-02 14:52:05,079 - Resource Loader Instantiated: org.apache.velocity.runtime.resource.loader.ClasspathResourceLoader
2011-06-02 14:52:05,079 - ClasspathResourceLoader : initialization starting.
2011-06-02 14:52:05,079 - ClasspathResourceLoader : initialization complete.
2011-06-02 14:52:05,086 - ResourceCache : initialized. (class org.apache.velocity.runtime.resource.ResourceCacheImpl)
2011-06-02 14:52:05,086 - Default ResourceManager initialization complete.
2011-06-02 14:52:05,092 - Loaded System Directive: org.apache.velocity.runtime.directive.Literal
2011-06-02 14:52:05,099 - Loaded System Directive: org.apache.velocity.runtime.directive.Macro
2011-06-02 14:52:05,111 - Loaded System Directive: org.apache.velocity.runtime.directive.Parse
2011-06-02 14:52:05,118 - Loaded System Directive: org.apache.velocity.runtime.directive.Include
2011-06-02 14:52:05,122 - Loaded System Directive: org.apache.velocity.runtime.directive.Foreach
2011-06-02 14:52:05,202 - Created: 20 parsers.
2011-06-02 14:52:05,236 - Velocimacro : initialization starting.
2011-06-02 14:52:05,236 - Velocimacro : adding VMs from VM library template : VM_global_library.vm
2011-06-02 14:52:05,250 - ResourceManager : unable to find resource 'VM_global_library.vm' in any resource loader.
2011-06-02 14:52:05,250 - Velocimacro : error using  VM library template VM_global_library.vm : org.apache.velocity.exception.ResourceNotFoundException: Unable to find resource 'VM_global_library.vm'
2011-06-02 14:52:05,250 - Velocimacro :  VM library template macro registration complete.
2011-06-02 14:52:05,250 - Velocimacro : allowInline = true : VMs can be defined inline in templates
2011-06-02 14:52:05,250 - Velocimacro : allowInlineToOverride = false : VMs defined inline may NOT replace previous VM definitions
2011-06-02 14:52:05,250 - Velocimacro : allowInlineLocal = false : VMs defined inline will be  global in scope if allowed.
2011-06-02 14:52:05,250 - Velocimacro : messages on  : VM system will output logging messages
2011-06-02 14:52:05,250 - Velocimacro : autoload off  : VM system will not automatically reload global library macros
2011-06-02 14:52:05,250 - Velocimacro : initialization complete.
2011-06-02 14:52:05,250 - Velocity successfully started.
2011-06-02 15:02:30,821 - SimpleLog4JLogSystem initialized using logfile 'velocity.log'
2011-06-02 15:02:30,821 - ************************************************************** 
2011-06-02 15:02:30,822 - Starting Jakarta Velocity v1.4
2011-06-02 15:02:30,822 - RuntimeInstance initializing.
2011-06-02 15:02:30,822 - Default Properties File: org\apache\velocity\runtime\defaults\velocity.properties
2011-06-02 15:02:30,822 - Trying to use logger class org.apache.velocity.runtime.log.SimpleLog4JLogSystem
2011-06-02 15:02:30,822 - Using logger class org.apache.velocity.runtime.log.SimpleLog4JLogSystem
2011-06-02 15:02:30,832 - Default ResourceManager initializing. (class org.apache.velocity.runtime.resource.ResourceManagerImpl)
2011-06-02 15:02:30,845 - Resource Loader Instantiated: org.apache.velocity.runtime.resource.loader.ClasspathResourceLoader
2011-06-02 15:02:30,845 - ClasspathResourceLoader : initialization starting.
2011-06-02 15:02:30,845 - ClasspathResourceLoader : initialization complete.
2011-06-02 15:02:30,852 - ResourceCache : initialized. (class org.apache.velocity.runtime.resource.ResourceCacheImpl)
2011-06-02 15:02:30,852 - Default ResourceManager initialization complete.
2011-06-02 15:02:30,858 - Loaded System Directive: org.apache.velocity.runtime.directive.Literal
2011-06-02 15:02:30,864 - Loaded System Directive: org.apache.velocity.runtime.directive.Macro
2011-06-02 15:02:30,876 - Loaded System Directive: org.apache.velocity.runtime.directive.Parse
2011-06-02 15:02:30,883 - Loaded System Directive: org.apache.velocity.runtime.directive.Include
2011-06-02 15:02:30,887 - Loaded System Directive: org.apache.velocity.runtime.directive.Foreach
2011-06-02 15:02:30,974 - Created: 20 parsers.
2011-06-02 15:02:31,008 - Velocimacro : initialization starting.
2011-06-02 15:02:31,009 - Velocimacro : adding VMs from VM library template : VM_global_library.vm
2011-06-02 15:02:31,022 - ResourceManager : unable to find resource 'VM_global_library.vm' in any resource loader.
2011-06-02 15:02:31,022 - Velocimacro : error using  VM library template VM_global_library.vm : org.apache.velocity.exception.ResourceNotFoundException: Unable to find resource 'VM_global_library.vm'
2011-06-02 15:02:31,022 - Velocimacro :  VM library template macro registration complete.
2011-06-02 15:02:31,023 - Velocimacro : allowInline = true : VMs can be defined inline in templates
2011-06-02 15:02:31,023 - Velocimacro : allowInlineToOverride = false : VMs defined inline may NOT replace previous VM definitions
2011-06-02 15:02:31,023 - Velocimacro : allowInlineLocal = false : VMs defined inline will be  global in scope if allowed.
2011-06-02 15:02:31,023 - Velocimacro : messages on  : VM system will output logging messages
2011-06-02 15:02:31,023 - Velocimacro : autoload off  : VM system will not automatically reload global library macros
2011-06-02 15:02:31,023 - Velocimacro : initialization complete.
2011-06-02 15:02:31,023 - Velocity successfully started.
2011-06-02 16:01:18,004 - SimpleLog4JLogSystem initialized using logfile 'velocity.log'
2011-06-02 16:01:18,004 - ************************************************************** 
2011-06-02 16:01:18,004 - Starting Jakarta Velocity v1.4
2011-06-02 16:01:18,004 - RuntimeInstance initializing.
2011-06-02 16:01:18,004 - Default Properties File: org\apache\velocity\runtime\defaults\velocity.properties
2011-06-02 16:01:18,004 - Trying to use logger class org.apache.velocity.runtime.log.SimpleLog4JLogSystem
2011-06-02 16:01:18,004 - Using logger class org.apache.velocity.runtime.log.SimpleLog4JLogSystem
2011-06-02 16:01:18,015 - Default ResourceManager initializing. (class org.apache.velocity.runtime.resource.ResourceManagerImpl)
2011-06-02 16:01:18,028 - Resource Loader Instantiated: org.apache.velocity.runtime.resource.loader.ClasspathResourceLoader
2011-06-02 16:01:18,028 - ClasspathResourceLoader : initialization starting.
2011-06-02 16:01:18,028 - ClasspathResourceLoader : initialization complete.
2011-06-02 16:01:18,035 - ResourceCache : initialized. (class org.apache.velocity.runtime.resource.ResourceCacheImpl)
2011-06-02 16:01:18,035 - Default ResourceManager initialization complete.
2011-06-02 16:01:18,041 - Loaded System Directive: org.apache.velocity.runtime.directive.Literal
2011-06-02 16:01:18,048 - Loaded System Directive: org.apache.velocity.runtime.directive.Macro
2011-06-02 16:01:18,059 - Loaded System Directive: org.apache.velocity.runtime.directive.Parse
2011-06-02 16:01:18,066 - Loaded System Directive: org.apache.velocity.runtime.directive.Include
2011-06-02 16:01:18,070 - Loaded System Directive: org.apache.velocity.runtime.directive.Foreach
2011-06-02 16:01:18,149 - Created: 20 parsers.
2011-06-02 16:01:18,183 - Velocimacro : initialization starting.
2011-06-02 16:01:18,183 - Velocimacro : adding VMs from VM library template : VM_global_library.vm
2011-06-02 16:01:18,197 - ResourceManager : unable to find resource 'VM_global_library.vm' in any resource loader.
2011-06-02 16:01:18,197 - Velocimacro : error using  VM library template VM_global_library.vm : org.apache.velocity.exception.ResourceNotFoundException: Unable to find resource 'VM_global_library.vm'
2011-06-02 16:01:18,197 - Velocimacro :  VM library template macro registration complete.
2011-06-02 16:01:18,197 - Velocimacro : allowInline = true : VMs can be defined inline in templates
2011-06-02 16:01:18,197 - Velocimacro : allowInlineToOverride = false : VMs defined inline may NOT replace previous VM definitions
2011-06-02 16:01:18,197 - Velocimacro : allowInlineLocal = false : VMs defined inline will be  global in scope if allowed.
2011-06-02 16:01:18,197 - Velocimacro : messages on  : VM system will output logging messages
2011-06-02 16:01:18,197 - Velocimacro : autoload off  : VM system will not automatically reload global library macros
2011-06-02 16:01:18,197 - Velocimacro : initialization complete.
2011-06-02 16:01:18,197 - Velocity successfully started.
