2011-08-17 02:15:44,634 - ClasspathResourceLoader : initialization starting.
2011-08-17 02:15:44,634 - ClasspathResourceLoader : initialization complete.
2011-08-17 02:15:44,644 - ResourceCache : initialized. (class org.apache.velocity.runtime.resource.ResourceCacheImpl)
2011-08-17 02:15:44,644 - Default ResourceManager initialization complete.
2011-08-17 02:15:44,654 - Loaded System Directive: org.apache.velocity.runtime.directive.Literal
2011-08-17 02:15:44,654 - Loaded System Directive: org.apache.velocity.runtime.directive.Macro
2011-08-17 02:15:44,664 - Loaded System Directive: org.apache.velocity.runtime.directive.Parse
2011-08-17 02:15:44,674 - Loaded System Directive: org.apache.velocity.runtime.directive.Include
2011-08-17 02:15:44,674 - Loaded System Directive: org.apache.velocity.runtime.directive.Foreach
2011-08-17 02:15:44,744 - Created: 20 parsers.
2011-08-17 02:15:44,774 - Velocimacro : initialization starting.
2011-08-17 02:15:44,774 - Velocimacro : adding VMs from VM library template : VM_global_library.vm
2011-08-17 02:15:44,804 - ResourceManager : unable to find resource 'VM_global_library.vm' in any resource loader.
2011-08-17 02:15:44,804 - Velocimacro : error using  VM library template VM_global_library.vm : org.apache.velocity.exception.ResourceNotFoundException: Unable to find resource 'VM_global_library.vm'
2011-08-17 02:15:44,804 - Velocimacro :  VM library template macro registration complete.
2011-08-17 02:15:44,804 - Velocimacro : allowInline = true : VMs can be defined inline in templates
2011-08-17 02:15:44,804 - Velocimacro : allowInlineToOverride = false : VMs defined inline may NOT replace previous VM definitions
2011-08-17 02:15:44,804 - Velocimacro : allowInlineLocal = false : VMs defined inline will be  global in scope if allowed.
2011-08-17 02:15:44,804 - Velocimacro : messages on  : VM system will output logging messages
2011-08-17 02:15:44,804 - Velocimacro : autoload off  : VM system will not automatically reload global library macros
2011-08-17 02:15:44,804 - Velocimacro : initialization complete.
2011-08-17 02:15:44,804 - Velocity successfully started.
2011-08-17 02:17:37,866 - SimpleLog4JLogSystem initialized using logfile 'velocity.log'
2011-08-17 02:17:37,866 - ************************************************************** 
2011-08-17 02:17:37,866 - Starting Jakarta Velocity v1.4
2011-08-17 02:17:37,866 - RuntimeInstance initializing.
2011-08-17 02:17:37,866 - Default Properties File: org\apache\velocity\runtime\defaults\velocity.properties
2011-08-17 02:17:37,866 - Trying to use logger class org.apache.velocity.runtime.log.SimpleLog4JLogSystem
2011-08-17 02:17:37,866 - Using logger class org.apache.velocity.runtime.log.SimpleLog4JLogSystem
2011-08-17 02:17:37,876 - Default ResourceManager initializing. (class org.apache.velocity.runtime.resource.ResourceManagerImpl)
2011-08-17 02:17:37,886 - Resource Loader Instantiated: org.apache.velocity.runtime.resource.loader.ClasspathResourceLoader
2011-08-17 02:17:37,886 - ClasspathResourceLoader : initialization starting.
2011-08-17 02:17:37,886 - ClasspathResourceLoader : initialization complete.
2011-08-17 02:17:37,886 - ResourceCache : initialized. (class org.apache.velocity.runtime.resource.ResourceCacheImpl)
2011-08-17 02:17:37,886 - Default ResourceManager initialization complete.
2011-08-17 02:17:37,896 - Loaded System Directive: org.apache.velocity.runtime.directive.Literal
2011-08-17 02:17:37,896 - Loaded System Directive: org.apache.velocity.runtime.directive.Macro
2011-08-17 02:17:37,906 - Loaded System Directive: org.apache.velocity.runtime.directive.Parse
2011-08-17 02:17:37,916 - Loaded System Directive: org.apache.velocity.runtime.directive.Include
2011-08-17 02:17:37,916 - Loaded System Directive: org.apache.velocity.runtime.directive.Foreach
2011-08-17 02:17:37,996 - Created: 20 parsers.
2011-08-17 02:17:38,026 - Velocimacro : initialization starting.
2011-08-17 02:17:38,026 - Velocimacro : adding VMs from VM library template : VM_global_library.vm
2011-08-17 02:17:38,036 - ResourceManager : unable to find resource 'VM_global_library.vm' in any resource loader.
2011-08-17 02:17:38,036 - Velocimacro : error using  VM library template VM_global_library.vm : org.apache.velocity.exception.ResourceNotFoundException: Unable to find resource 'VM_global_library.vm'
2011-08-17 02:17:38,036 - Velocimacro :  VM library template macro registration complete.
2011-08-17 02:17:38,036 - Velocimacro : allowInline = true : VMs can be defined inline in templates
2011-08-17 02:17:38,036 - Velocimacro : allowInlineToOverride = false : VMs defined inline may NOT replace previous VM definitions
2011-08-17 02:17:38,036 - Velocimacro : allowInlineLocal = false : VMs defined inline will be  global in scope if allowed.
2011-08-17 02:17:38,036 - Velocimacro : messages on  : VM system will output logging messages
2011-08-17 02:17:38,036 - Velocimacro : autoload off  : VM system will not automatically reload global library macros
2011-08-17 02:17:38,036 - Velocimacro : initialization complete.
2011-08-17 02:17:38,036 - Velocity successfully started.
2011-08-18 03:03:29,663 - SimpleLog4JLogSystem initialized using logfile 'velocity.log'
2011-08-18 03:03:29,713 - ************************************************************** 
2011-08-18 03:03:29,713 - Starting Jakarta Velocity v1.4
2011-08-18 03:03:29,713 - RuntimeInstance initializing.
2011-08-18 03:03:29,713 - Default Properties File: org\apache\velocity\runtime\defaults\velocity.properties
2011-08-18 03:03:29,713 - Trying to use logger class org.apache.velocity.runtime.log.SimpleLog4JLogSystem
2011-08-18 03:03:29,713 - Using logger class org.apache.velocity.runtime.log.SimpleLog4JLogSystem
2011-08-18 03:03:29,733 - Default ResourceManager initializing. (class org.apache.velocity.runtime.resource.ResourceManagerImpl)
2011-08-18 03:03:29,743 - Resource Loader Instantiated: org.apache.velocity.runtime.resource.loader.ClasspathResourceLoader
2011-08-18 03:03:29,743 - ClasspathResourceLoader : initialization starting.
2011-08-18 03:03:29,743 - ClasspathResourceLoader : initialization complete.
2011-08-18 03:03:29,753 - ResourceCache : initialized. (class org.apache.velocity.runtime.resource.ResourceCacheImpl)
2011-08-18 03:03:29,753 - Default ResourceManager initialization complete.
2011-08-18 03:03:29,753 - Loaded System Directive: org.apache.velocity.runtime.directive.Literal
2011-08-18 03:03:29,763 - Loaded System Directive: org.apache.velocity.runtime.directive.Macro
2011-08-18 03:03:29,773 - Loaded System Directive: org.apache.velocity.runtime.directive.Parse
2011-08-18 03:03:29,783 - Loaded System Directive: org.apache.velocity.runtime.directive.Include
2011-08-18 03:03:29,783 - Loaded System Directive: org.apache.velocity.runtime.directive.Foreach
2011-08-18 03:03:29,853 - Created: 20 parsers.
2011-08-18 03:03:29,883 - Velocimacro : initialization starting.
2011-08-18 03:03:29,883 - Velocimacro : adding VMs from VM library template : VM_global_library.vm
2011-08-18 03:03:29,903 - ResourceManager : unable to find resource 'VM_global_library.vm' in any resource loader.
2011-08-18 03:03:29,903 - Velocimacro : error using  VM library template VM_global_library.vm : org.apache.velocity.exception.ResourceNotFoundException: Unable to find resource 'VM_global_library.vm'
2011-08-18 03:03:29,903 - Velocimacro :  VM library template macro registration complete.
2011-08-18 03:03:29,903 - Velocimacro : allowInline = true : VMs can be defined inline in templates
2011-08-18 03:03:29,903 - Velocimacro : allowInlineToOverride = false : VMs defined inline may NOT replace previous VM definitions
2011-08-18 03:03:29,903 - Velocimacro : allowInlineLocal = false : VMs defined inline will be  global in scope if allowed.
2011-08-18 03:03:29,903 - Velocimacro : messages on  : VM system will output logging messages
2011-08-18 03:03:29,903 - Velocimacro : autoload off  : VM system will not automatically reload global library macros
2011-08-18 03:03:29,903 - Velocimacro : initialization complete.
2011-08-18 03:03:29,903 - Velocity successfully started.
2011-08-18 03:04:55,593 - ResourceManager : found repast/simphony/scenario/Scenario.vt with loader org.apache.velocity.runtime.resource.loader.ClasspathResourceLoader
2011-08-18 03:04:56,113 - ResourceManager : found repast/simphony/parameter/parameters.vt with loader org.apache.velocity.runtime.resource.loader.ClasspathResourceLoader
2011-08-18 03:06:10,636 - SimpleLog4JLogSystem initialized using logfile 'velocity.log'
2011-08-18 03:06:10,636 - ************************************************************** 
2011-08-18 03:06:10,636 - Starting Jakarta Velocity v1.4
2011-08-18 03:06:10,636 - RuntimeInstance initializing.
2011-08-18 03:06:10,636 - Default Properties File: org\apache\velocity\runtime\defaults\velocity.properties
2011-08-18 03:06:10,636 - Trying to use logger class org.apache.velocity.runtime.log.SimpleLog4JLogSystem
2011-08-18 03:06:10,636 - Using logger class org.apache.velocity.runtime.log.SimpleLog4JLogSystem
2011-08-18 03:06:10,646 - Default ResourceManager initializing. (class org.apache.velocity.runtime.resource.ResourceManagerImpl)
2011-08-18 03:06:10,656 - Resource Loader Instantiated: org.apache.velocity.runtime.resource.loader.ClasspathResourceLoader
2011-08-18 03:06:10,656 - ClasspathResourceLoader : initialization starting.
2011-08-18 03:06:10,656 - ClasspathResourceLoader : initialization complete.
2011-08-18 03:06:10,656 - ResourceCache : initialized. (class org.apache.velocity.runtime.resource.ResourceCacheImpl)
2011-08-18 03:06:10,656 - Default ResourceManager initialization complete.
2011-08-18 03:06:10,666 - Loaded System Directive: org.apache.velocity.runtime.directive.Literal
2011-08-18 03:06:10,666 - Loaded System Directive: org.apache.velocity.runtime.directive.Macro
2011-08-18 03:06:10,686 - Loaded System Directive: org.apache.velocity.runtime.directive.Parse
2011-08-18 03:06:10,686 - Loaded System Directive: org.apache.velocity.runtime.directive.Include
2011-08-18 03:06:10,686 - Loaded System Directive: org.apache.velocity.runtime.directive.Foreach
2011-08-18 03:06:10,766 - Created: 20 parsers.
2011-08-18 03:06:10,796 - Velocimacro : initialization starting.
2011-08-18 03:06:10,796 - Velocimacro : adding VMs from VM library template : VM_global_library.vm
2011-08-18 03:06:10,806 - ResourceManager : unable to find resource 'VM_global_library.vm' in any resource loader.
2011-08-18 03:06:10,806 - Velocimacro : error using  VM library template VM_global_library.vm : org.apache.velocity.exception.ResourceNotFoundException: Unable to find resource 'VM_global_library.vm'
2011-08-18 03:06:10,806 - Velocimacro :  VM library template macro registration complete.
2011-08-18 03:06:10,806 - Velocimacro : allowInline = true : VMs can be defined inline in templates
2011-08-18 03:06:10,806 - Velocimacro : allowInlineToOverride = false : VMs defined inline may NOT replace previous VM definitions
2011-08-18 03:06:10,806 - Velocimacro : allowInlineLocal = false : VMs defined inline will be  global in scope if allowed.
2011-08-18 03:06:10,806 - Velocimacro : messages on  : VM system will output logging messages
2011-08-18 03:06:10,806 - Velocimacro : autoload off  : VM system will not automatically reload global library macros
2011-08-18 03:06:10,806 - Velocimacro : initialization complete.
2011-08-18 03:06:10,806 - Velocity successfully started.
2011-08-18 03:06:35,617 - SimpleLog4JLogSystem initialized using logfile 'velocity.log'
2011-08-18 03:06:35,617 - ************************************************************** 
2011-08-18 03:06:35,617 - Starting Jakarta Velocity v1.4
2011-08-18 03:06:35,617 - RuntimeInstance initializing.
2011-08-18 03:06:35,617 - Default Properties File: org\apache\velocity\runtime\defaults\velocity.properties
2011-08-18 03:06:35,617 - Trying to use logger class org.apache.velocity.runtime.log.SimpleLog4JLogSystem
2011-08-18 03:06:35,617 - Using logger class org.apache.velocity.runtime.log.SimpleLog4JLogSystem
2011-08-18 03:06:35,627 - Default ResourceManager initializing. (class org.apache.velocity.runtime.resource.ResourceManagerImpl)
2011-08-18 03:06:35,647 - Resource Loader Instantiated: org.apache.velocity.runtime.resource.loader.ClasspathResourceLoader
2011-08-18 03:06:35,647 - ClasspathResourceLoader : initialization starting.
2011-08-18 03:06:35,647 - ClasspathResourceLoader : initialization complete.
2011-08-18 03:06:35,647 - ResourceCache : initialized. (class org.apache.velocity.runtime.resource.ResourceCacheImpl)
2011-08-18 03:06:35,647 - Default ResourceManager initialization complete.
2011-08-18 03:06:35,657 - Loaded System Directive: org.apache.velocity.runtime.directive.Literal
2011-08-18 03:06:35,657 - Loaded System Directive: org.apache.velocity.runtime.directive.Macro
2011-08-18 03:06:35,667 - Loaded System Directive: org.apache.velocity.runtime.directive.Parse
2011-08-18 03:06:35,677 - Loaded System Directive: org.apache.velocity.runtime.directive.Include
2011-08-18 03:06:35,677 - Loaded System Directive: org.apache.velocity.runtime.directive.Foreach
2011-08-18 03:06:35,747 - Created: 20 parsers.
2011-08-18 03:06:35,777 - Velocimacro : initialization starting.
2011-08-18 03:06:35,777 - Velocimacro : adding VMs from VM library template : VM_global_library.vm
2011-08-18 03:06:35,797 - ResourceManager : unable to find resource 'VM_global_library.vm' in any resource loader.
2011-08-18 03:06:35,797 - Velocimacro : error using  VM library template VM_global_library.vm : org.apache.velocity.exception.ResourceNotFoundException: Unable to find resource 'VM_global_library.vm'
2011-08-18 03:06:35,797 - Velocimacro :  VM library template macro registration complete.
2011-08-18 03:06:35,797 - Velocimacro : allowInline = true : VMs can be defined inline in templates
2011-08-18 03:06:35,797 - Velocimacro : allowInlineToOverride = false : VMs defined inline may NOT replace previous VM definitions
2011-08-18 03:06:35,797 - Velocimacro : allowInlineLocal = false : VMs defined inline will be  global in scope if allowed.
2011-08-18 03:06:35,797 - Velocimacro : messages on  : VM system will output logging messages
2011-08-18 03:06:35,797 - Velocimacro : autoload off  : VM system will not automatically reload global library macros
2011-08-18 03:06:35,797 - Velocimacro : initialization complete.
2011-08-18 03:06:35,797 - Velocity successfully started.
2011-08-18 03:07:03,779 - SimpleLog4JLogSystem initialized using logfile 'velocity.log'
2011-08-18 03:07:03,789 - ************************************************************** 
2011-08-18 03:07:03,789 - Starting Jakarta Velocity v1.4
2011-08-18 03:07:03,789 - RuntimeInstance initializing.
2011-08-18 03:07:03,789 - Default Properties File: org\apache\velocity\runtime\defaults\velocity.properties
2011-08-18 03:07:03,789 - Trying to use logger class org.apache.velocity.runtime.log.SimpleLog4JLogSystem
2011-08-18 03:07:03,789 - Using logger class org.apache.velocity.runtime.log.SimpleLog4JLogSystem
2011-08-18 03:07:03,789 - Default ResourceManager initializing. (class org.apache.velocity.runtime.resource.ResourceManagerImpl)
2011-08-18 03:07:03,809 - Resource Loader Instantiated: org.apache.velocity.runtime.resource.loader.ClasspathResourceLoader
2011-08-18 03:07:03,809 - ClasspathResourceLoader : initialization starting.
2011-08-18 03:07:03,809 - ClasspathResourceLoader : initialization complete.
2011-08-18 03:07:03,809 - ResourceCache : initialized. (class org.apache.velocity.runtime.resource.ResourceCacheImpl)
2011-08-18 03:07:03,809 - Default ResourceManager initialization complete.
2011-08-18 03:07:03,819 - Loaded System Directive: org.apache.velocity.runtime.directive.Literal
2011-08-18 03:07:03,819 - Loaded System Directive: org.apache.velocity.runtime.directive.Macro
2011-08-18 03:07:03,829 - Loaded System Directive: org.apache.velocity.runtime.directive.Parse
2011-08-18 03:07:03,839 - Loaded System Directive: org.apache.velocity.runtime.directive.Include
2011-08-18 03:07:03,839 - Loaded System Directive: org.apache.velocity.runtime.directive.Foreach
2011-08-18 03:07:03,919 - Created: 20 parsers.
2011-08-18 03:07:03,949 - Velocimacro : initialization starting.
2011-08-18 03:07:03,949 - Velocimacro : adding VMs from VM library template : VM_global_library.vm
2011-08-18 03:07:03,959 - ResourceManager : unable to find resource 'VM_global_library.vm' in any resource loader.
2011-08-18 03:07:03,959 - Velocimacro : error using  VM library template VM_global_library.vm : org.apache.velocity.exception.ResourceNotFoundException: Unable to find resource 'VM_global_library.vm'
2011-08-18 03:07:03,959 - Velocimacro :  VM library template macro registration complete.
2011-08-18 03:07:03,959 - Velocimacro : allowInline = true : VMs can be defined inline in templates
2011-08-18 03:07:03,959 - Velocimacro : allowInlineToOverride = false : VMs defined inline may NOT replace previous VM definitions
2011-08-18 03:07:03,959 - Velocimacro : allowInlineLocal = false : VMs defined inline will be  global in scope if allowed.
2011-08-18 03:07:03,959 - Velocimacro : messages on  : VM system will output logging messages
2011-08-18 03:07:03,959 - Velocimacro : autoload off  : VM system will not automatically reload global library macros
2011-08-18 03:07:03,959 - Velocimacro : initialization complete.
2011-08-18 03:07:03,959 - Velocity successfully started.
2011-08-18 03:08:48,013 - SimpleLog4JLogSystem initialized using logfile 'velocity.log'
2011-08-18 03:08:48,013 - ************************************************************** 
2011-08-18 03:08:48,013 - Starting Jakarta Velocity v1.4
2011-08-18 03:08:48,013 - RuntimeInstance initializing.
2011-08-18 03:08:48,013 - Default Properties File: org\apache\velocity\runtime\defaults\velocity.properties
2011-08-18 03:08:48,013 - Trying to use logger class org.apache.velocity.runtime.log.SimpleLog4JLogSystem
2011-08-18 03:08:48,013 - Using logger class org.apache.velocity.runtime.log.SimpleLog4JLogSystem
2011-08-18 03:08:48,023 - Default ResourceManager initializing. (class org.apache.velocity.runtime.resource.ResourceManagerImpl)
2011-08-18 03:08:48,033 - Resource Loader Instantiated: org.apache.velocity.runtime.resource.loader.ClasspathResourceLoader
2011-08-18 03:08:48,033 - ClasspathResourceLoader : initialization starting.
2011-08-18 03:08:48,033 - ClasspathResourceLoader : initialization complete.
2011-08-18 03:08:48,033 - ResourceCache : initialized. (class org.apache.velocity.runtime.resource.ResourceCacheImpl)
2011-08-18 03:08:48,033 - Default ResourceManager initialization complete.
2011-08-18 03:08:48,043 - Loaded System Directive: org.apache.velocity.runtime.directive.Literal
2011-08-18 03:08:48,043 - Loaded System Directive: org.apache.velocity.runtime.directive.Macro
2011-08-18 03:08:48,063 - Loaded System Directive: org.apache.velocity.runtime.directive.Parse
2011-08-18 03:08:48,063 - Loaded System Directive: org.apache.velocity.runtime.directive.Include
2011-08-18 03:08:48,063 - Loaded System Directive: org.apache.velocity.runtime.directive.Foreach
2011-08-18 03:08:48,143 - Created: 20 parsers.
2011-08-18 03:08:48,173 - Velocimacro : initialization starting.
2011-08-18 03:08:48,173 - Velocimacro : adding VMs from VM library template : VM_global_library.vm
2011-08-18 03:08:48,183 - ResourceManager : unable to find resource 'VM_global_library.vm' in any resource loader.
2011-08-18 03:08:48,183 - Velocimacro : error using  VM library template VM_global_library.vm : org.apache.velocity.exception.ResourceNotFoundException: Unable to find resource 'VM_global_library.vm'
2011-08-18 03:08:48,183 - Velocimacro :  VM library template macro registration complete.
2011-08-18 03:08:48,183 - Velocimacro : allowInline = true : VMs can be defined inline in templates
2011-08-18 03:08:48,183 - Velocimacro : allowInlineToOverride = false : VMs defined inline may NOT replace previous VM definitions
2011-08-18 03:08:48,183 - Velocimacro : allowInlineLocal = false : VMs defined inline will be  global in scope if allowed.
2011-08-18 03:08:48,183 - Velocimacro : messages on  : VM system will output logging messages
2011-08-18 03:08:48,183 - Velocimacro : autoload off  : VM system will not automatically reload global library macros
2011-08-18 03:08:48,183 - Velocimacro : initialization complete.
2011-08-18 03:08:48,183 - Velocity successfully started.
2011-08-18 03:11:29,576 - SimpleLog4JLogSystem initialized using logfile 'velocity.log'
2011-08-18 03:11:29,576 - ************************************************************** 
2011-08-18 03:11:29,576 - Starting Jakarta Velocity v1.4
2011-08-18 03:11:29,576 - RuntimeInstance initializing.
2011-08-18 03:11:29,576 - Default Properties File: org\apache\velocity\runtime\defaults\velocity.properties
2011-08-18 03:11:29,576 - Trying to use logger class org.apache.velocity.runtime.log.SimpleLog4JLogSystem
2011-08-18 03:11:29,576 - Using logger class org.apache.velocity.runtime.log.SimpleLog4JLogSystem
2011-08-18 03:11:29,586 - Default ResourceManager initializing. (class org.apache.velocity.runtime.resource.ResourceManagerImpl)
2011-08-18 03:11:29,596 - Resource Loader Instantiated: org.apache.velocity.runtime.resource.loader.ClasspathResourceLoader
2011-08-18 03:11:29,596 - ClasspathResourceLoader : initialization starting.
2011-08-18 03:11:29,596 - ClasspathResourceLoader : initialization complete.
2011-08-18 03:11:29,596 - ResourceCache : initialized. (class org.apache.velocity.runtime.resource.ResourceCacheImpl)
2011-08-18 03:11:29,596 - Default ResourceManager initialization complete.
2011-08-18 03:11:29,606 - Loaded System Directive: org.apache.velocity.runtime.directive.Literal
2011-08-18 03:11:29,606 - Loaded System Directive: org.apache.velocity.runtime.directive.Macro
2011-08-18 03:11:29,626 - Loaded System Directive: org.apache.velocity.runtime.directive.Parse
2011-08-18 03:11:29,626 - Loaded System Directive: org.apache.velocity.runtime.directive.Include
2011-08-18 03:11:29,636 - Loaded System Directive: org.apache.velocity.runtime.directive.Foreach
2011-08-18 03:11:29,706 - Created: 20 parsers.
2011-08-18 03:11:29,736 - Velocimacro : initialization starting.
2011-08-18 03:11:29,736 - Velocimacro : adding VMs from VM library template : VM_global_library.vm
2011-08-18 03:11:29,746 - ResourceManager : unable to find resource 'VM_global_library.vm' in any resource loader.
2011-08-18 03:11:29,746 - Velocimacro : error using  VM library template VM_global_library.vm : org.apache.velocity.exception.ResourceNotFoundException: Unable to find resource 'VM_global_library.vm'
2011-08-18 03:11:29,746 - Velocimacro :  VM library template macro registration complete.
2011-08-18 03:11:29,746 - Velocimacro : allowInline = true : VMs can be defined inline in templates
2011-08-18 03:11:29,746 - Velocimacro : allowInlineToOverride = false : VMs defined inline may NOT replace previous VM definitions
2011-08-18 03:11:29,746 - Velocimacro : allowInlineLocal = false : VMs defined inline will be  global in scope if allowed.
2011-08-18 03:11:29,746 - Velocimacro : messages on  : VM system will output logging messages
2011-08-18 03:11:29,746 - Velocimacro : autoload off  : VM system will not automatically reload global library macros
2011-08-18 03:11:29,746 - Velocimacro : initialization complete.
2011-08-18 03:11:29,746 - Velocity successfully started.
2011-08-18 03:13:56,718 - SimpleLog4JLogSystem initialized using logfile 'velocity.log'
2011-08-18 03:13:56,718 - ************************************************************** 
2011-08-18 03:13:56,718 - Starting Jakarta Velocity v1.4
2011-08-18 03:13:56,718 - RuntimeInstance initializing.
2011-08-18 03:13:56,718 - Default Properties File: org\apache\velocity\runtime\defaults\velocity.properties
2011-08-18 03:13:56,718 - Trying to use logger class org.apache.velocity.runtime.log.SimpleLog4JLogSystem
2011-08-18 03:13:56,718 - Using logger class org.apache.velocity.runtime.log.SimpleLog4JLogSystem
2011-08-18 03:13:56,728 - Default ResourceManager initializing. (class org.apache.velocity.runtime.resource.ResourceManagerImpl)
2011-08-18 03:13:56,738 - Resource Loader Instantiated: org.apache.velocity.runtime.resource.loader.ClasspathResourceLoader
2011-08-18 03:13:56,738 - ClasspathResourceLoader : initialization starting.
2011-08-18 03:13:56,738 - ClasspathResourceLoader : initialization complete.
2011-08-18 03:13:56,738 - ResourceCache : initialized. (class org.apache.velocity.runtime.resource.ResourceCacheImpl)
2011-08-18 03:13:56,738 - Default ResourceManager initialization complete.
2011-08-18 03:13:56,748 - Loaded System Directive: org.apache.velocity.runtime.directive.Literal
2011-08-18 03:13:56,748 - Loaded System Directive: org.apache.velocity.runtime.directive.Macro
2011-08-18 03:13:56,768 - Loaded System Directive: org.apache.velocity.runtime.directive.Parse
2011-08-18 03:13:56,768 - Loaded System Directive: org.apache.velocity.runtime.directive.Include
2011-08-18 03:13:56,768 - Loaded System Directive: org.apache.velocity.runtime.directive.Foreach
2011-08-18 03:13:56,848 - Created: 20 parsers.
2011-08-18 03:13:56,878 - Velocimacro : initialization starting.
2011-08-18 03:13:56,878 - Velocimacro : adding VMs from VM library template : VM_global_library.vm
2011-08-18 03:13:56,888 - ResourceManager : unable to find resource 'VM_global_library.vm' in any resource loader.
2011-08-18 03:13:56,888 - Velocimacro : error using  VM library template VM_global_library.vm : org.apache.velocity.exception.ResourceNotFoundException: Unable to find resource 'VM_global_library.vm'
2011-08-18 03:13:56,888 - Velocimacro :  VM library template macro registration complete.
2011-08-18 03:13:56,888 - Velocimacro : allowInline = true : VMs can be defined inline in templates
2011-08-18 03:13:56,888 - Velocimacro : allowInlineToOverride = false : VMs defined inline may NOT replace previous VM definitions
2011-08-18 03:13:56,888 - Velocimacro : allowInlineLocal = false : VMs defined inline will be  global in scope if allowed.
2011-08-18 03:13:56,888 - Velocimacro : messages on  : VM system will output logging messages
2011-08-18 03:13:56,888 - Velocimacro : autoload off  : VM system will not automatically reload global library macros
2011-08-18 03:13:56,888 - Velocimacro : initialization complete.
2011-08-18 03:13:56,888 - Velocity successfully started.
2011-08-18 03:14:16,891 - SimpleLog4JLogSystem initialized using logfile 'velocity.log'
2011-08-18 03:14:16,891 - ************************************************************** 
2011-08-18 03:14:16,891 - Starting Jakarta Velocity v1.4
2011-08-18 03:14:16,891 - RuntimeInstance initializing.
2011-08-18 03:14:16,891 - Default Properties File: org\apache\velocity\runtime\defaults\velocity.properties
2011-08-18 03:14:16,891 - Trying to use logger class org.apache.velocity.runtime.log.SimpleLog4JLogSystem
2011-08-18 03:14:16,891 - Using logger class org.apache.velocity.runtime.log.SimpleLog4JLogSystem
2011-08-18 03:14:16,901 - Default ResourceManager initializing. (class org.apache.velocity.runtime.resource.ResourceManagerImpl)
2011-08-18 03:14:16,911 - Resource Loader Instantiated: org.apache.velocity.runtime.resource.loader.ClasspathResourceLoader
2011-08-18 03:14:16,911 - ClasspathResourceLoader : initialization starting.
2011-08-18 03:14:16,911 - ClasspathResourceLoader : initialization complete.
2011-08-18 03:14:16,921 - ResourceCache : initialized. (class org.apache.velocity.runtime.resource.ResourceCacheImpl)
2011-08-18 03:14:16,921 - Default ResourceManager initialization complete.
2011-08-18 03:14:16,931 - Loaded System Directive: org.apache.velocity.runtime.directive.Literal
2011-08-18 03:14:16,931 - Loaded System Directive: org.apache.velocity.runtime.directive.Macro
2011-08-18 03:14:16,941 - Loaded System Directive: org.apache.velocity.runtime.directive.Parse
2011-08-18 03:14:16,951 - Loaded System Directive: org.apache.velocity.runtime.directive.Include
2011-08-18 03:14:16,951 - Loaded System Directive: org.apache.velocity.runtime.directive.Foreach
2011-08-18 03:14:17,021 - Created: 20 parsers.
2011-08-18 03:14:17,051 - Velocimacro : initialization starting.
2011-08-18 03:14:17,051 - Velocimacro : adding VMs from VM library template : VM_global_library.vm
2011-08-18 03:14:17,071 - ResourceManager : unable to find resource 'VM_global_library.vm' in any resource loader.
2011-08-18 03:14:17,071 - Velocimacro : error using  VM library template VM_global_library.vm : org.apache.velocity.exception.ResourceNotFoundException: Unable to find resource 'VM_global_library.vm'
2011-08-18 03:14:17,071 - Velocimacro :  VM library template macro registration complete.
2011-08-18 03:14:17,071 - Velocimacro : allowInline = true : VMs can be defined inline in templates
2011-08-18 03:14:17,071 - Velocimacro : allowInlineToOverride = false : VMs defined inline may NOT replace previous VM definitions
2011-08-18 03:14:17,071 - Velocimacro : allowInlineLocal = false : VMs defined inline will be  global in scope if allowed.
2011-08-18 03:14:17,071 - Velocimacro : messages on  : VM system will output logging messages
2011-08-18 03:14:17,071 - Velocimacro : autoload off  : VM system will not automatically reload global library macros
2011-08-18 03:14:17,071 - Velocimacro : initialization complete.
2011-08-18 03:14:17,071 - Velocity successfully started.
2011-08-18 03:20:50,684 - SimpleLog4JLogSystem initialized using logfile 'velocity.log'
2011-08-18 03:20:50,684 - ************************************************************** 
2011-08-18 03:20:50,684 - Starting Jakarta Velocity v1.4
2011-08-18 03:20:50,684 - RuntimeInstance initializing.
2011-08-18 03:20:50,684 - Default Properties File: org\apache\velocity\runtime\defaults\velocity.properties
2011-08-18 03:20:50,684 - Trying to use logger class org.apache.velocity.runtime.log.SimpleLog4JLogSystem
2011-08-18 03:20:50,684 - Using logger class org.apache.velocity.runtime.log.SimpleLog4JLogSystem
2011-08-18 03:20:50,694 - Default ResourceManager initializing. (class org.apache.velocity.runtime.resource.ResourceManagerImpl)
2011-08-18 03:20:50,704 - Resource Loader Instantiated: org.apache.velocity.runtime.resource.loader.ClasspathResourceLoader
2011-08-18 03:20:50,704 - ClasspathResourceLoader : initialization starting.
2011-08-18 03:20:50,704 - ClasspathResourceLoader : initialization complete.
2011-08-18 03:20:50,704 - ResourceCache : initialized. (class org.apache.velocity.runtime.resource.ResourceCacheImpl)
2011-08-18 03:20:50,704 - Default ResourceManager initialization complete.
2011-08-18 03:20:50,714 - Loaded System Directive: org.apache.velocity.runtime.directive.Literal
2011-08-18 03:20:50,714 - Loaded System Directive: org.apache.velocity.runtime.directive.Macro
2011-08-18 03:20:50,724 - Loaded System Directive: org.apache.velocity.runtime.directive.Parse
2011-08-18 03:20:50,734 - Loaded System Directive: org.apache.velocity.runtime.directive.Include
2011-08-18 03:20:50,734 - Loaded System Directive: org.apache.velocity.runtime.directive.Foreach
2011-08-18 03:20:50,814 - Created: 20 parsers.
2011-08-18 03:20:50,844 - Velocimacro : initialization starting.
2011-08-18 03:20:50,844 - Velocimacro : adding VMs from VM library template : VM_global_library.vm
2011-08-18 03:20:50,854 - ResourceManager : unable to find resource 'VM_global_library.vm' in any resource loader.
2011-08-18 03:20:50,854 - Velocimacro : error using  VM library template VM_global_library.vm : org.apache.velocity.exception.ResourceNotFoundException: Unable to find resource 'VM_global_library.vm'
2011-08-18 03:20:50,854 - Velocimacro :  VM library template macro registration complete.
2011-08-18 03:20:50,854 - Velocimacro : allowInline = true : VMs can be defined inline in templates
2011-08-18 03:20:50,854 - Velocimacro : allowInlineToOverride = false : VMs defined inline may NOT replace previous VM definitions
2011-08-18 03:20:50,854 - Velocimacro : allowInlineLocal = false : VMs defined inline will be  global in scope if allowed.
2011-08-18 03:20:50,854 - Velocimacro : messages on  : VM system will output logging messages
2011-08-18 03:20:50,854 - Velocimacro : autoload off  : VM system will not automatically reload global library macros
2011-08-18 03:20:50,854 - Velocimacro : initialization complete.
2011-08-18 03:20:50,854 - Velocity successfully started.
2011-08-18 04:19:47,835 - SimpleLog4JLogSystem initialized using logfile 'velocity.log'
2011-08-18 04:19:47,845 - ************************************************************** 
2011-08-18 04:19:47,845 - Starting Jakarta Velocity v1.4
2011-08-18 04:19:47,845 - RuntimeInstance initializing.
2011-08-18 04:19:47,845 - Default Properties File: org\apache\velocity\runtime\defaults\velocity.properties
2011-08-18 04:19:47,845 - Trying to use logger class org.apache.velocity.runtime.log.SimpleLog4JLogSystem
2011-08-18 04:19:47,845 - Using logger class org.apache.velocity.runtime.log.SimpleLog4JLogSystem
2011-08-18 04:19:47,845 - Default ResourceManager initializing. (class org.apache.velocity.runtime.resource.ResourceManagerImpl)
2011-08-18 04:19:47,865 - Resource Loader Instantiated: org.apache.velocity.runtime.resource.loader.ClasspathResourceLoader
2011-08-18 04:19:47,865 - ClasspathResourceLoader : initialization starting.
2011-08-18 04:19:47,865 - ClasspathResourceLoader : initialization complete.
2011-08-18 04:19:47,865 - ResourceCache : initialized. (class org.apache.velocity.runtime.resource.ResourceCacheImpl)
2011-08-18 04:19:47,865 - Default ResourceManager initialization complete.
2011-08-18 04:19:47,875 - Loaded System Directive: org.apache.velocity.runtime.directive.Literal
2011-08-18 04:19:47,875 - Loaded System Directive: org.apache.velocity.runtime.directive.Macro
2011-08-18 04:19:47,885 - Loaded System Directive: org.apache.velocity.runtime.directive.Parse
2011-08-18 04:19:47,895 - Loaded System Directive: org.apache.velocity.runtime.directive.Include
2011-08-18 04:19:47,895 - Loaded System Directive: org.apache.velocity.runtime.directive.Foreach
2011-08-18 04:19:47,975 - Created: 20 parsers.
2011-08-18 04:19:48,005 - Velocimacro : initialization starting.
2011-08-18 04:19:48,005 - Velocimacro : adding VMs from VM library template : VM_global_library.vm
2011-08-18 04:19:48,015 - ResourceManager : unable to find resource 'VM_global_library.vm' in any resource loader.
2011-08-18 04:19:48,015 - Velocimacro : error using  VM library template VM_global_library.vm : org.apache.velocity.exception.ResourceNotFoundException: Unable to find resource 'VM_global_library.vm'
2011-08-18 04:19:48,015 - Velocimacro :  VM library template macro registration complete.
2011-08-18 04:19:48,015 - Velocimacro : allowInline = true : VMs can be defined inline in templates
2011-08-18 04:19:48,015 - Velocimacro : allowInlineToOverride = false : VMs defined inline may NOT replace previous VM definitions
2011-08-18 04:19:48,015 - Velocimacro : allowInlineLocal = false : VMs defined inline will be  global in scope if allowed.
2011-08-18 04:19:48,015 - Velocimacro : messages on  : VM system will output logging messages
2011-08-18 04:19:48,015 - Velocimacro : autoload off  : VM system will not automatically reload global library macros
2011-08-18 04:19:48,015 - Velocimacro : initialization complete.
2011-08-18 04:19:48,015 - Velocity successfully started.
2011-08-18 04:21:45,656 - ResourceManager : found repast/simphony/scenario/Scenario.vt with loader org.apache.velocity.runtime.resource.loader.ClasspathResourceLoader
2011-08-18 04:21:46,166 - ResourceManager : found repast/simphony/parameter/parameters.vt with loader org.apache.velocity.runtime.resource.loader.ClasspathResourceLoader
2011-08-18 12:50:41,991 - SimpleLog4JLogSystem initialized using logfile 'velocity.log'
2011-08-18 12:50:41,991 - ************************************************************** 
2011-08-18 12:50:41,991 - Starting Jakarta Velocity v1.4
2011-08-18 12:50:41,991 - RuntimeInstance initializing.
2011-08-18 12:50:41,991 - Default Properties File: org\apache\velocity\runtime\defaults\velocity.properties
2011-08-18 12:50:41,991 - Trying to use logger class org.apache.velocity.runtime.log.SimpleLog4JLogSystem
2011-08-18 12:50:41,991 - Using logger class org.apache.velocity.runtime.log.SimpleLog4JLogSystem
2011-08-18 12:50:42,001 - Default ResourceManager initializing. (class org.apache.velocity.runtime.resource.ResourceManagerImpl)
2011-08-18 12:50:42,011 - Resource Loader Instantiated: org.apache.velocity.runtime.resource.loader.ClasspathResourceLoader
2011-08-18 12:50:42,011 - ClasspathResourceLoader : initialization starting.
2011-08-18 12:50:42,011 - ClasspathResourceLoader : initialization complete.
2011-08-18 12:50:42,021 - ResourceCache : initialized. (class org.apache.velocity.runtime.resource.ResourceCacheImpl)
2011-08-18 12:50:42,021 - Default ResourceManager initialization complete.
2011-08-18 12:50:42,021 - Loaded System Directive: org.apache.velocity.runtime.directive.Literal
2011-08-18 12:50:42,031 - Loaded System Directive: org.apache.velocity.runtime.directive.Macro
2011-08-18 12:50:42,041 - Loaded System Directive: org.apache.velocity.runtime.directive.Parse
2011-08-18 12:50:42,051 - Loaded System Directive: org.apache.velocity.runtime.directive.Include
2011-08-18 12:50:42,051 - Loaded System Directive: org.apache.velocity.runtime.directive.Foreach
2011-08-18 12:50:42,121 - Created: 20 parsers.
2011-08-18 12:50:42,151 - Velocimacro : initialization starting.
2011-08-18 12:50:42,151 - Velocimacro : adding VMs from VM library template : VM_global_library.vm
2011-08-18 12:50:42,171 - ResourceManager : unable to find resource 'VM_global_library.vm' in any resource loader.
2011-08-18 12:50:42,171 - Velocimacro : error using  VM library template VM_global_library.vm : org.apache.velocity.exception.ResourceNotFoundException: Unable to find resource 'VM_global_library.vm'
2011-08-18 12:50:42,171 - Velocimacro :  VM library template macro registration complete.
2011-08-18 12:50:42,171 - Velocimacro : allowInline = true : VMs can be defined inline in templates
2011-08-18 12:50:42,171 - Velocimacro : allowInlineToOverride = false : VMs defined inline may NOT replace previous VM definitions
2011-08-18 12:50:42,171 - Velocimacro : allowInlineLocal = false : VMs defined inline will be  global in scope if allowed.
2011-08-18 12:50:42,171 - Velocimacro : messages on  : VM system will output logging messages
2011-08-18 12:50:42,171 - Velocimacro : autoload off  : VM system will not automatically reload global library macros
2011-08-18 12:50:42,171 - Velocimacro : initialization complete.
2011-08-18 12:50:42,171 - Velocity successfully started.
2011-08-18 12:52:10,549 - ResourceManager : found repast/simphony/scenario/Scenario.vt with loader org.apache.velocity.runtime.resource.loader.ClasspathResourceLoader
2011-08-18 12:52:11,049 - ResourceManager : found repast/simphony/parameter/parameters.vt with loader org.apache.velocity.runtime.resource.loader.ClasspathResourceLoader
