2011-08-22 15:56:02,581 - SimpleLog4JLogSystem initialized using logfile 'velocity.log'
2011-08-22 15:56:02,581 - ************************************************************** 
2011-08-22 15:56:02,581 - Starting Jakarta Velocity v1.4
2011-08-22 15:56:02,581 - RuntimeInstance initializing.
2011-08-22 15:56:02,581 - Default Properties File: org\apache\velocity\runtime\defaults\velocity.properties
2011-08-22 15:56:02,581 - Trying to use logger class org.apache.velocity.runtime.log.SimpleLog4JLogSystem
2011-08-22 15:56:02,581 - Using logger class org.apache.velocity.runtime.log.SimpleLog4JLogSystem
2011-08-22 15:56:02,589 - Default ResourceManager initializing. (class org.apache.velocity.runtime.resource.ResourceManagerImpl)
2011-08-22 15:56:02,599 - Resource Loader Instantiated: org.apache.velocity.runtime.resource.loader.ClasspathResourceLoader
2011-08-22 15:56:02,599 - ClasspathResourceLoader : initialization starting.
2011-08-22 15:56:02,599 - ClasspathResourceLoader : initialization complete.
2011-08-22 15:56:02,604 - ResourceCache : initialized. (class org.apache.velocity.runtime.resource.ResourceCacheImpl)
2011-08-22 15:56:02,604 - Default ResourceManager initialization complete.
2011-08-22 15:56:02,608 - Loaded System Directive: org.apache.velocity.runtime.directive.Literal
2011-08-22 15:56:02,613 - Loaded System Directive: org.apache.velocity.runtime.directive.Macro
2011-08-22 15:56:02,622 - Loaded System Directive: org.apache.velocity.runtime.directive.Parse
2011-08-22 15:56:02,627 - Loaded System Directive: org.apache.velocity.runtime.directive.Include
2011-08-22 15:56:02,632 - Loaded System Directive: org.apache.velocity.runtime.directive.Foreach
2011-08-22 15:56:02,689 - Created: 20 parsers.
2011-08-22 15:56:02,713 - Velocimacro : initialization starting.
2011-08-22 15:56:02,713 - Velocimacro : adding VMs from VM library template : VM_global_library.vm
2011-08-22 15:56:02,723 - ResourceManager : unable to find resource 'VM_global_library.vm' in any resource loader.
2011-08-22 15:56:02,723 - Velocimacro : error using  VM library template VM_global_library.vm : org.apache.velocity.exception.ResourceNotFoundException: Unable to find resource 'VM_global_library.vm'
2011-08-22 15:56:02,723 - Velocimacro :  VM library template macro registration complete.
2011-08-22 15:56:02,723 - Velocimacro : allowInline = true : VMs can be defined inline in templates
2011-08-22 15:56:02,723 - Velocimacro : allowInlineToOverride = false : VMs defined inline may NOT replace previous VM definitions
2011-08-22 15:56:02,724 - Velocimacro : allowInlineLocal = false : VMs defined inline will be  global in scope if allowed.
2011-08-22 15:56:02,724 - Velocimacro : messages on  : VM system will output logging messages
2011-08-22 15:56:02,724 - Velocimacro : autoload off  : VM system will not automatically reload global library macros
2011-08-22 15:56:02,724 - Velocimacro : initialization complete.
2011-08-22 15:56:02,724 - Velocity successfully started.
