2011-08-11 14:40:50,371 - Loaded System Directive: org.apache.velocity.runtime.directive.Parse
2011-08-11 14:40:50,371 - Loaded System Directive: org.apache.velocity.runtime.directive.Include
2011-08-11 14:40:50,371 - Loaded System Directive: org.apache.velocity.runtime.directive.Foreach
2011-08-11 14:40:50,511 - Created: 20 parsers.
2011-08-11 14:40:50,542 - Velocimacro : initialization starting.
2011-08-11 14:40:50,542 - Velocimacro : adding VMs from VM library template : VM_global_library.vm
2011-08-11 14:40:50,574 - ResourceManager : unable to find resource 'VM_global_library.vm' in any resource loader.
2011-08-11 14:40:50,574 - Velocimacro : error using  VM library template VM_global_library.vm : org.apache.velocity.exception.ResourceNotFoundException: Unable to find resource 'VM_global_library.vm'
2011-08-11 14:40:50,574 - Velocimacro :  VM library template macro registration complete.
2011-08-11 14:40:50,574 - Velocimacro : allowInline = true : VMs can be defined inline in templates
2011-08-11 14:40:50,574 - Velocimacro : allowInlineToOverride = false : VMs defined inline may NOT replace previous VM definitions
2011-08-11 14:40:50,574 - Velocimacro : allowInlineLocal = false : VMs defined inline will be  global in scope if allowed.
2011-08-11 14:40:50,574 - Velocimacro : messages on  : VM system will output logging messages
2011-08-11 14:40:50,574 - Velocimacro : autoload off  : VM system will not automatically reload global library macros
2011-08-11 14:40:50,574 - Velocimacro : initialization complete.
2011-08-11 14:40:50,574 - Velocity successfully started.
2011-08-11 14:41:16,174 - SimpleLog4JLogSystem initialized using logfile 'velocity.log'
2011-08-11 14:41:16,174 - ************************************************************** 
2011-08-11 14:41:16,174 - Starting Jakarta Velocity v1.4
2011-08-11 14:41:16,174 - RuntimeInstance initializing.
2011-08-11 14:41:16,174 - Default Properties File: org\apache\velocity\runtime\defaults\velocity.properties
2011-08-11 14:41:16,174 - Trying to use logger class org.apache.velocity.runtime.log.SimpleLog4JLogSystem
2011-08-11 14:41:16,174 - Using logger class org.apache.velocity.runtime.log.SimpleLog4JLogSystem
2011-08-11 14:41:16,190 - Default ResourceManager initializing. (class org.apache.velocity.runtime.resource.ResourceManagerImpl)
2011-08-11 14:41:16,205 - Resource Loader Instantiated: org.apache.velocity.runtime.resource.loader.ClasspathResourceLoader
2011-08-11 14:41:16,205 - ClasspathResourceLoader : initialization starting.
2011-08-11 14:41:16,205 - ClasspathResourceLoader : initialization complete.
2011-08-11 14:41:16,205 - ResourceCache : initialized. (class org.apache.velocity.runtime.resource.ResourceCacheImpl)
2011-08-11 14:41:16,205 - Default ResourceManager initialization complete.
2011-08-11 14:41:16,205 - Loaded System Directive: org.apache.velocity.runtime.directive.Literal
2011-08-11 14:41:16,221 - Loaded System Directive: org.apache.velocity.runtime.directive.Macro
2011-08-11 14:41:16,221 - Loaded System Directive: org.apache.velocity.runtime.directive.Parse
2011-08-11 14:41:16,237 - Loaded System Directive: org.apache.velocity.runtime.directive.Include
2011-08-11 14:41:16,237 - Loaded System Directive: org.apache.velocity.runtime.directive.Foreach
2011-08-11 14:41:16,315 - Created: 20 parsers.
2011-08-11 14:41:16,330 - Velocimacro : initialization starting.
2011-08-11 14:41:16,330 - Velocimacro : adding VMs from VM library template : VM_global_library.vm
2011-08-11 14:41:16,346 - ResourceManager : unable to find resource 'VM_global_library.vm' in any resource loader.
2011-08-11 14:41:16,346 - Velocimacro : error using  VM library template VM_global_library.vm : org.apache.velocity.exception.ResourceNotFoundException: Unable to find resource 'VM_global_library.vm'
2011-08-11 14:41:16,346 - Velocimacro :  VM library template macro registration complete.
2011-08-11 14:41:16,346 - Velocimacro : allowInline = true : VMs can be defined inline in templates
2011-08-11 14:41:16,346 - Velocimacro : allowInlineToOverride = false : VMs defined inline may NOT replace previous VM definitions
2011-08-11 14:41:16,346 - Velocimacro : allowInlineLocal = false : VMs defined inline will be  global in scope if allowed.
2011-08-11 14:41:16,346 - Velocimacro : messages on  : VM system will output logging messages
2011-08-11 14:41:16,346 - Velocimacro : autoload off  : VM system will not automatically reload global library macros
2011-08-11 14:41:16,346 - Velocimacro : initialization complete.
2011-08-11 14:41:16,346 - Velocity successfully started.
2011-08-11 14:43:20,468 - SimpleLog4JLogSystem initialized using logfile 'velocity.log'
2011-08-11 14:43:20,468 - ************************************************************** 
2011-08-11 14:43:20,468 - Starting Jakarta Velocity v1.4
2011-08-11 14:43:20,468 - RuntimeInstance initializing.
2011-08-11 14:43:20,468 - Default Properties File: org\apache\velocity\runtime\defaults\velocity.properties
2011-08-11 14:43:20,468 - Trying to use logger class org.apache.velocity.runtime.log.SimpleLog4JLogSystem
2011-08-11 14:43:20,468 - Using logger class org.apache.velocity.runtime.log.SimpleLog4JLogSystem
2011-08-11 14:43:20,484 - Default ResourceManager initializing. (class org.apache.velocity.runtime.resource.ResourceManagerImpl)
2011-08-11 14:43:20,515 - Resource Loader Instantiated: org.apache.velocity.runtime.resource.loader.ClasspathResourceLoader
2011-08-11 14:43:20,515 - ClasspathResourceLoader : initialization starting.
2011-08-11 14:43:20,515 - ClasspathResourceLoader : initialization complete.
2011-08-11 14:43:20,530 - ResourceCache : initialized. (class org.apache.velocity.runtime.resource.ResourceCacheImpl)
2011-08-11 14:43:20,530 - Default ResourceManager initialization complete.
2011-08-11 14:43:20,530 - Loaded System Directive: org.apache.velocity.runtime.directive.Literal
2011-08-11 14:43:20,546 - Loaded System Directive: org.apache.velocity.runtime.directive.Macro
2011-08-11 14:43:20,562 - Loaded System Directive: org.apache.velocity.runtime.directive.Parse
2011-08-11 14:43:20,577 - Loaded System Directive: org.apache.velocity.runtime.directive.Include
2011-08-11 14:43:20,577 - Loaded System Directive: org.apache.velocity.runtime.directive.Foreach
2011-08-11 14:43:20,718 - Created: 20 parsers.
2011-08-11 14:43:20,780 - Velocimacro : initialization starting.
2011-08-11 14:43:20,780 - Velocimacro : adding VMs from VM library template : VM_global_library.vm
2011-08-11 14:43:20,811 - ResourceManager : unable to find resource 'VM_global_library.vm' in any resource loader.
2011-08-11 14:43:20,811 - Velocimacro : error using  VM library template VM_global_library.vm : org.apache.velocity.exception.ResourceNotFoundException: Unable to find resource 'VM_global_library.vm'
2011-08-11 14:43:20,811 - Velocimacro :  VM library template macro registration complete.
2011-08-11 14:43:20,811 - Velocimacro : allowInline = true : VMs can be defined inline in templates
2011-08-11 14:43:20,811 - Velocimacro : allowInlineToOverride = false : VMs defined inline may NOT replace previous VM definitions
2011-08-11 14:43:20,811 - Velocimacro : allowInlineLocal = false : VMs defined inline will be  global in scope if allowed.
2011-08-11 14:43:20,811 - Velocimacro : messages on  : VM system will output logging messages
2011-08-11 14:43:20,811 - Velocimacro : autoload off  : VM system will not automatically reload global library macros
2011-08-11 14:43:20,811 - Velocimacro : initialization complete.
2011-08-11 14:43:20,811 - Velocity successfully started.
2011-08-11 14:45:34,215 - SimpleLog4JLogSystem initialized using logfile 'velocity.log'
2011-08-11 14:45:34,215 - ************************************************************** 
2011-08-11 14:45:34,215 - Starting Jakarta Velocity v1.4
2011-08-11 14:45:34,215 - RuntimeInstance initializing.
2011-08-11 14:45:34,215 - Default Properties File: org\apache\velocity\runtime\defaults\velocity.properties
2011-08-11 14:45:34,215 - Trying to use logger class org.apache.velocity.runtime.log.SimpleLog4JLogSystem
2011-08-11 14:45:34,215 - Using logger class org.apache.velocity.runtime.log.SimpleLog4JLogSystem
2011-08-11 14:45:34,215 - Default ResourceManager initializing. (class org.apache.velocity.runtime.resource.ResourceManagerImpl)
2011-08-11 14:45:34,231 - Resource Loader Instantiated: org.apache.velocity.runtime.resource.loader.ClasspathResourceLoader
2011-08-11 14:45:34,231 - ClasspathResourceLoader : initialization starting.
2011-08-11 14:45:34,231 - ClasspathResourceLoader : initialization complete.
2011-08-11 14:45:34,246 - ResourceCache : initialized. (class org.apache.velocity.runtime.resource.ResourceCacheImpl)
2011-08-11 14:45:34,246 - Default ResourceManager initialization complete.
2011-08-11 14:45:34,246 - Loaded System Directive: org.apache.velocity.runtime.directive.Literal
2011-08-11 14:45:34,246 - Loaded System Directive: org.apache.velocity.runtime.directive.Macro
2011-08-11 14:45:34,262 - Loaded System Directive: org.apache.velocity.runtime.directive.Parse
2011-08-11 14:45:34,262 - Loaded System Directive: org.apache.velocity.runtime.directive.Include
2011-08-11 14:45:34,262 - Loaded System Directive: org.apache.velocity.runtime.directive.Foreach
2011-08-11 14:45:34,324 - Created: 20 parsers.
2011-08-11 14:45:34,355 - Velocimacro : initialization starting.
2011-08-11 14:45:34,355 - Velocimacro : adding VMs from VM library template : VM_global_library.vm
2011-08-11 14:45:34,371 - ResourceManager : unable to find resource 'VM_global_library.vm' in any resource loader.
2011-08-11 14:45:34,371 - Velocimacro : error using  VM library template VM_global_library.vm : org.apache.velocity.exception.ResourceNotFoundException: Unable to find resource 'VM_global_library.vm'
2011-08-11 14:45:34,371 - Velocimacro :  VM library template macro registration complete.
2011-08-11 14:45:34,371 - Velocimacro : allowInline = true : VMs can be defined inline in templates
2011-08-11 14:45:34,371 - Velocimacro : allowInlineToOverride = false : VMs defined inline may NOT replace previous VM definitions
2011-08-11 14:45:34,371 - Velocimacro : allowInlineLocal = false : VMs defined inline will be  global in scope if allowed.
2011-08-11 14:45:34,371 - Velocimacro : messages on  : VM system will output logging messages
2011-08-11 14:45:34,371 - Velocimacro : autoload off  : VM system will not automatically reload global library macros
2011-08-11 14:45:34,371 - Velocimacro : initialization complete.
2011-08-11 14:45:34,371 - Velocity successfully started.
2011-08-11 14:49:52,982 - SimpleLog4JLogSystem initialized using logfile 'velocity.log'
2011-08-11 14:49:52,982 - ************************************************************** 
2011-08-11 14:49:52,982 - Starting Jakarta Velocity v1.4
2011-08-11 14:49:52,982 - RuntimeInstance initializing.
2011-08-11 14:49:52,982 - Default Properties File: org\apache\velocity\runtime\defaults\velocity.properties
2011-08-11 14:49:52,982 - Trying to use logger class org.apache.velocity.runtime.log.SimpleLog4JLogSystem
2011-08-11 14:49:52,982 - Using logger class org.apache.velocity.runtime.log.SimpleLog4JLogSystem
2011-08-11 14:49:52,998 - Default ResourceManager initializing. (class org.apache.velocity.runtime.resource.ResourceManagerImpl)
2011-08-11 14:49:53,014 - Resource Loader Instantiated: org.apache.velocity.runtime.resource.loader.ClasspathResourceLoader
2011-08-11 14:49:53,029 - ClasspathResourceLoader : initialization starting.
2011-08-11 14:49:53,029 - ClasspathResourceLoader : initialization complete.
2011-08-11 14:49:53,029 - ResourceCache : initialized. (class org.apache.velocity.runtime.resource.ResourceCacheImpl)
2011-08-11 14:49:53,029 - Default ResourceManager initialization complete.
2011-08-11 14:49:53,045 - Loaded System Directive: org.apache.velocity.runtime.directive.Literal
2011-08-11 14:49:53,060 - Loaded System Directive: org.apache.velocity.runtime.directive.Macro
2011-08-11 14:49:53,092 - Loaded System Directive: org.apache.velocity.runtime.directive.Parse
2011-08-11 14:49:53,107 - Loaded System Directive: org.apache.velocity.runtime.directive.Include
2011-08-11 14:49:53,123 - Loaded System Directive: org.apache.velocity.runtime.directive.Foreach
2011-08-11 14:49:53,216 - Created: 20 parsers.
2011-08-11 14:49:53,263 - Velocimacro : initialization starting.
2011-08-11 14:49:53,263 - Velocimacro : adding VMs from VM library template : VM_global_library.vm
2011-08-11 14:49:53,279 - ResourceManager : unable to find resource 'VM_global_library.vm' in any resource loader.
2011-08-11 14:49:53,279 - Velocimacro : error using  VM library template VM_global_library.vm : org.apache.velocity.exception.ResourceNotFoundException: Unable to find resource 'VM_global_library.vm'
2011-08-11 14:49:53,279 - Velocimacro :  VM library template macro registration complete.
2011-08-11 14:49:53,279 - Velocimacro : allowInline = true : VMs can be defined inline in templates
2011-08-11 14:49:53,279 - Velocimacro : allowInlineToOverride = false : VMs defined inline may NOT replace previous VM definitions
2011-08-11 14:49:53,279 - Velocimacro : allowInlineLocal = false : VMs defined inline will be  global in scope if allowed.
2011-08-11 14:49:53,279 - Velocimacro : messages on  : VM system will output logging messages
2011-08-11 14:49:53,279 - Velocimacro : autoload off  : VM system will not automatically reload global library macros
2011-08-11 14:49:53,279 - Velocimacro : initialization complete.
2011-08-11 14:49:53,279 - Velocity successfully started.
2011-08-12 16:27:34,034 - SimpleLog4JLogSystem initialized using logfile 'velocity.log'
2011-08-12 16:27:34,034 - ************************************************************** 
2011-08-12 16:27:34,034 - Starting Jakarta Velocity v1.4
2011-08-12 16:27:34,034 - RuntimeInstance initializing.
2011-08-12 16:27:34,034 - Default Properties File: org\apache\velocity\runtime\defaults\velocity.properties
2011-08-12 16:27:34,034 - Trying to use logger class org.apache.velocity.runtime.log.SimpleLog4JLogSystem
2011-08-12 16:27:34,034 - Using logger class org.apache.velocity.runtime.log.SimpleLog4JLogSystem
2011-08-12 16:27:34,054 - Default ResourceManager initializing. (class org.apache.velocity.runtime.resource.ResourceManagerImpl)
2011-08-12 16:27:34,064 - Resource Loader Instantiated: org.apache.velocity.runtime.resource.loader.ClasspathResourceLoader
2011-08-12 16:27:34,074 - ClasspathResourceLoader : initialization starting.
2011-08-12 16:27:34,074 - ClasspathResourceLoader : initialization complete.
2011-08-12 16:27:34,074 - ResourceCache : initialized. (class org.apache.velocity.runtime.resource.ResourceCacheImpl)
2011-08-12 16:27:34,074 - Default ResourceManager initialization complete.
2011-08-12 16:27:34,094 - Loaded System Directive: org.apache.velocity.runtime.directive.Literal
2011-08-12 16:27:34,104 - Loaded System Directive: org.apache.velocity.runtime.directive.Macro
2011-08-12 16:27:34,124 - Loaded System Directive: org.apache.velocity.runtime.directive.Parse
2011-08-12 16:27:34,134 - Loaded System Directive: org.apache.velocity.runtime.directive.Include
2011-08-12 16:27:34,134 - Loaded System Directive: org.apache.velocity.runtime.directive.Foreach
2011-08-12 16:27:34,224 - Created: 20 parsers.
2011-08-12 16:27:34,254 - Velocimacro : initialization starting.
2011-08-12 16:27:34,254 - Velocimacro : adding VMs from VM library template : VM_global_library.vm
2011-08-12 16:27:34,264 - ResourceManager : unable to find resource 'VM_global_library.vm' in any resource loader.
2011-08-12 16:27:34,264 - Velocimacro : error using  VM library template VM_global_library.vm : org.apache.velocity.exception.ResourceNotFoundException: Unable to find resource 'VM_global_library.vm'
2011-08-12 16:27:34,264 - Velocimacro :  VM library template macro registration complete.
2011-08-12 16:27:34,264 - Velocimacro : allowInline = true : VMs can be defined inline in templates
2011-08-12 16:27:34,264 - Velocimacro : allowInlineToOverride = false : VMs defined inline may NOT replace previous VM definitions
2011-08-12 16:27:34,264 - Velocimacro : allowInlineLocal = false : VMs defined inline will be  global in scope if allowed.
2011-08-12 16:27:34,264 - Velocimacro : messages on  : VM system will output logging messages
2011-08-12 16:27:34,264 - Velocimacro : autoload off  : VM system will not automatically reload global library macros
2011-08-12 16:27:34,264 - Velocimacro : initialization complete.
2011-08-12 16:27:34,264 - Velocity successfully started.
2011-08-12 16:34:14,153 - SimpleLog4JLogSystem initialized using logfile 'velocity.log'
2011-08-12 16:34:14,153 - ************************************************************** 
2011-08-12 16:34:14,153 - Starting Jakarta Velocity v1.4
2011-08-12 16:34:14,153 - RuntimeInstance initializing.
2011-08-12 16:34:14,153 - Default Properties File: org\apache\velocity\runtime\defaults\velocity.properties
2011-08-12 16:34:14,153 - Trying to use logger class org.apache.velocity.runtime.log.SimpleLog4JLogSystem
2011-08-12 16:34:14,153 - Using logger class org.apache.velocity.runtime.log.SimpleLog4JLogSystem
2011-08-12 16:34:14,169 - Default ResourceManager initializing. (class org.apache.velocity.runtime.resource.ResourceManagerImpl)
2011-08-12 16:34:14,200 - Resource Loader Instantiated: org.apache.velocity.runtime.resource.loader.ClasspathResourceLoader
2011-08-12 16:34:14,200 - ClasspathResourceLoader : initialization starting.
2011-08-12 16:34:14,200 - ClasspathResourceLoader : initialization complete.
2011-08-12 16:34:14,200 - ResourceCache : initialized. (class org.apache.velocity.runtime.resource.ResourceCacheImpl)
2011-08-12 16:34:14,200 - Default ResourceManager initialization complete.
2011-08-12 16:34:14,216 - Loaded System Directive: org.apache.velocity.runtime.directive.Literal
2011-08-12 16:34:14,216 - Loaded System Directive: org.apache.velocity.runtime.directive.Macro
2011-08-12 16:34:14,247 - Loaded System Directive: org.apache.velocity.runtime.directive.Parse
2011-08-12 16:34:14,247 - Loaded System Directive: org.apache.velocity.runtime.directive.Include
2011-08-12 16:34:14,262 - Loaded System Directive: org.apache.velocity.runtime.directive.Foreach
2011-08-12 16:34:14,356 - Created: 20 parsers.
2011-08-12 16:34:14,387 - Velocimacro : initialization starting.
2011-08-12 16:34:14,387 - Velocimacro : adding VMs from VM library template : VM_global_library.vm
2011-08-12 16:34:14,403 - ResourceManager : unable to find resource 'VM_global_library.vm' in any resource loader.
2011-08-12 16:34:14,403 - Velocimacro : error using  VM library template VM_global_library.vm : org.apache.velocity.exception.ResourceNotFoundException: Unable to find resource 'VM_global_library.vm'
2011-08-12 16:34:14,403 - Velocimacro :  VM library template macro registration complete.
2011-08-12 16:34:14,403 - Velocimacro : allowInline = true : VMs can be defined inline in templates
2011-08-12 16:34:14,403 - Velocimacro : allowInlineToOverride = false : VMs defined inline may NOT replace previous VM definitions
2011-08-12 16:34:14,403 - Velocimacro : allowInlineLocal = false : VMs defined inline will be  global in scope if allowed.
2011-08-12 16:34:14,403 - Velocimacro : messages on  : VM system will output logging messages
2011-08-12 16:34:14,403 - Velocimacro : autoload off  : VM system will not automatically reload global library macros
2011-08-12 16:34:14,403 - Velocimacro : initialization complete.
2011-08-12 16:34:14,403 - Velocity successfully started.
2011-08-12 16:38:15,562 - SimpleLog4JLogSystem initialized using logfile 'velocity.log'
2011-08-12 16:38:15,562 - ************************************************************** 
2011-08-12 16:38:15,562 - Starting Jakarta Velocity v1.4
2011-08-12 16:38:15,562 - RuntimeInstance initializing.
2011-08-12 16:38:15,562 - Default Properties File: org\apache\velocity\runtime\defaults\velocity.properties
2011-08-12 16:38:15,562 - Trying to use logger class org.apache.velocity.runtime.log.SimpleLog4JLogSystem
2011-08-12 16:38:15,562 - Using logger class org.apache.velocity.runtime.log.SimpleLog4JLogSystem
2011-08-12 16:38:15,562 - Default ResourceManager initializing. (class org.apache.velocity.runtime.resource.ResourceManagerImpl)
2011-08-12 16:38:15,577 - Resource Loader Instantiated: org.apache.velocity.runtime.resource.loader.ClasspathResourceLoader
2011-08-12 16:38:15,577 - ClasspathResourceLoader : initialization starting.
2011-08-12 16:38:15,577 - ClasspathResourceLoader : initialization complete.
2011-08-12 16:38:15,593 - ResourceCache : initialized. (class org.apache.velocity.runtime.resource.ResourceCacheImpl)
2011-08-12 16:38:15,593 - Default ResourceManager initialization complete.
2011-08-12 16:38:15,593 - Loaded System Directive: org.apache.velocity.runtime.directive.Literal
2011-08-12 16:38:15,593 - Loaded System Directive: org.apache.velocity.runtime.directive.Macro
2011-08-12 16:38:15,624 - Loaded System Directive: org.apache.velocity.runtime.directive.Parse
2011-08-12 16:38:15,624 - Loaded System Directive: org.apache.velocity.runtime.directive.Include
2011-08-12 16:38:15,624 - Loaded System Directive: org.apache.velocity.runtime.directive.Foreach
2011-08-12 16:38:15,686 - Created: 20 parsers.
2011-08-12 16:38:15,733 - Velocimacro : initialization starting.
2011-08-12 16:38:15,733 - Velocimacro : adding VMs from VM library template : VM_global_library.vm
2011-08-12 16:38:15,749 - ResourceManager : unable to find resource 'VM_global_library.vm' in any resource loader.
2011-08-12 16:38:15,749 - Velocimacro : error using  VM library template VM_global_library.vm : org.apache.velocity.exception.ResourceNotFoundException: Unable to find resource 'VM_global_library.vm'
2011-08-12 16:38:15,749 - Velocimacro :  VM library template macro registration complete.
2011-08-12 16:38:15,749 - Velocimacro : allowInline = true : VMs can be defined inline in templates
2011-08-12 16:38:15,749 - Velocimacro : allowInlineToOverride = false : VMs defined inline may NOT replace previous VM definitions
2011-08-12 16:38:15,749 - Velocimacro : allowInlineLocal = false : VMs defined inline will be  global in scope if allowed.
2011-08-12 16:38:15,749 - Velocimacro : messages on  : VM system will output logging messages
2011-08-12 16:38:15,749 - Velocimacro : autoload off  : VM system will not automatically reload global library macros
2011-08-12 16:38:15,749 - Velocimacro : initialization complete.
2011-08-12 16:38:15,749 - Velocity successfully started.
2011-08-12 16:41:17,372 - SimpleLog4JLogSystem initialized using logfile 'velocity.log'
2011-08-12 16:41:17,372 - ************************************************************** 
2011-08-12 16:41:17,372 - Starting Jakarta Velocity v1.4
2011-08-12 16:41:17,372 - RuntimeInstance initializing.
2011-08-12 16:41:17,372 - Default Properties File: org\apache\velocity\runtime\defaults\velocity.properties
2011-08-12 16:41:17,372 - Trying to use logger class org.apache.velocity.runtime.log.SimpleLog4JLogSystem
2011-08-12 16:41:17,372 - Using logger class org.apache.velocity.runtime.log.SimpleLog4JLogSystem
2011-08-12 16:41:17,382 - Default ResourceManager initializing. (class org.apache.velocity.runtime.resource.ResourceManagerImpl)
2011-08-12 16:41:17,392 - Resource Loader Instantiated: org.apache.velocity.runtime.resource.loader.ClasspathResourceLoader
2011-08-12 16:41:17,392 - ClasspathResourceLoader : initialization starting.
2011-08-12 16:41:17,392 - ClasspathResourceLoader : initialization complete.
2011-08-12 16:41:17,412 - ResourceCache : initialized. (class org.apache.velocity.runtime.resource.ResourceCacheImpl)
2011-08-12 16:41:17,412 - Default ResourceManager initialization complete.
2011-08-12 16:41:17,412 - Loaded System Directive: org.apache.velocity.runtime.directive.Literal
2011-08-12 16:41:17,422 - Loaded System Directive: org.apache.velocity.runtime.directive.Macro
2011-08-12 16:41:17,432 - Loaded System Directive: org.apache.velocity.runtime.directive.Parse
2011-08-12 16:41:17,442 - Loaded System Directive: org.apache.velocity.runtime.directive.Include
2011-08-12 16:41:17,442 - Loaded System Directive: org.apache.velocity.runtime.directive.Foreach
2011-08-12 16:41:17,512 - Created: 20 parsers.
2011-08-12 16:41:17,542 - Velocimacro : initialization starting.
2011-08-12 16:41:17,542 - Velocimacro : adding VMs from VM library template : VM_global_library.vm
2011-08-12 16:41:17,552 - ResourceManager : unable to find resource 'VM_global_library.vm' in any resource loader.
2011-08-12 16:41:17,552 - Velocimacro : error using  VM library template VM_global_library.vm : org.apache.velocity.exception.ResourceNotFoundException: Unable to find resource 'VM_global_library.vm'
2011-08-12 16:41:17,552 - Velocimacro :  VM library template macro registration complete.
2011-08-12 16:41:17,552 - Velocimacro : allowInline = true : VMs can be defined inline in templates
2011-08-12 16:41:17,552 - Velocimacro : allowInlineToOverride = false : VMs defined inline may NOT replace previous VM definitions
2011-08-12 16:41:17,552 - Velocimacro : allowInlineLocal = false : VMs defined inline will be  global in scope if allowed.
2011-08-12 16:41:17,552 - Velocimacro : messages on  : VM system will output logging messages
2011-08-12 16:41:17,552 - Velocimacro : autoload off  : VM system will not automatically reload global library macros
2011-08-12 16:41:17,552 - Velocimacro : initialization complete.
2011-08-12 16:41:17,552 - Velocity successfully started.
