2011-07-05 15:55:21,483 - SimpleLog4JLogSystem initialized using logfile 'velocity.log'
2011-07-05 15:55:21,484 - ************************************************************** 
2011-07-05 15:55:21,484 - Starting Jakarta Velocity v1.4
2011-07-05 15:55:21,484 - RuntimeInstance initializing.
2011-07-05 15:55:21,484 - Default Properties File: org\apache\velocity\runtime\defaults\velocity.properties
2011-07-05 15:55:21,484 - Trying to use logger class org.apache.velocity.runtime.log.SimpleLog4JLogSystem
2011-07-05 15:55:21,484 - Using logger class org.apache.velocity.runtime.log.SimpleLog4JLogSystem
2011-07-05 15:55:21,497 - Default ResourceManager initializing. (class org.apache.velocity.runtime.resource.ResourceManagerImpl)
2011-07-05 15:55:21,516 - Resource Loader Instantiated: org.apache.velocity.runtime.resource.loader.ClasspathResourceLoader
2011-07-05 15:55:21,516 - ClasspathResourceLoader : initialization starting.
2011-07-05 15:55:21,516 - ClasspathResourceLoader : initialization complete.
2011-07-05 15:55:21,523 - ResourceCache : initialized. (class org.apache.velocity.runtime.resource.ResourceCacheImpl)
2011-07-05 15:55:21,523 - Default ResourceManager initialization complete.
2011-07-05 15:55:21,532 - Loaded System Directive: org.apache.velocity.runtime.directive.Literal
2011-07-05 15:55:21,541 - Loaded System Directive: org.apache.velocity.runtime.directive.Macro
2011-07-05 15:55:21,552 - Loaded System Directive: org.apache.velocity.runtime.directive.Parse
2011-07-05 15:55:21,558 - Loaded System Directive: org.apache.velocity.runtime.directive.Include
2011-07-05 15:55:21,563 - Loaded System Directive: org.apache.velocity.runtime.directive.Foreach
2011-07-05 15:55:21,656 - Created: 20 parsers.
2011-07-05 15:55:21,708 - Velocimacro : initialization starting.
2011-07-05 15:55:21,708 - Velocimacro : adding VMs from VM library template : VM_global_library.vm
2011-07-05 15:55:21,729 - ResourceManager : unable to find resource 'VM_global_library.vm' in any resource loader.
2011-07-05 15:55:21,730 - Velocimacro : error using  VM library template VM_global_library.vm : org.apache.velocity.exception.ResourceNotFoundException: Unable to find resource 'VM_global_library.vm'
2011-07-05 15:55:21,730 - Velocimacro :  VM library template macro registration complete.
2011-07-05 15:55:21,730 - Velocimacro : allowInline = true : VMs can be defined inline in templates
2011-07-05 15:55:21,730 - Velocimacro : allowInlineToOverride = false : VMs defined inline may NOT replace previous VM definitions
2011-07-05 15:55:21,730 - Velocimacro : allowInlineLocal = false : VMs defined inline will be  global in scope if allowed.
2011-07-05 15:55:21,730 - Velocimacro : messages on  : VM system will output logging messages
2011-07-05 15:55:21,730 - Velocimacro : autoload off  : VM system will not automatically reload global library macros
2011-07-05 15:55:21,730 - Velocimacro : initialization complete.
2011-07-05 15:55:21,730 - Velocity successfully started.
2011-07-05 16:52:30,107 - SimpleLog4JLogSystem initialized using logfile 'velocity.log'
2011-07-05 16:52:30,107 - ************************************************************** 
2011-07-05 16:52:30,108 - Starting Jakarta Velocity v1.4
2011-07-05 16:52:30,108 - RuntimeInstance initializing.
2011-07-05 16:52:30,108 - Default Properties File: org\apache\velocity\runtime\defaults\velocity.properties
2011-07-05 16:52:30,108 - Trying to use logger class org.apache.velocity.runtime.log.SimpleLog4JLogSystem
2011-07-05 16:52:30,108 - Using logger class org.apache.velocity.runtime.log.SimpleLog4JLogSystem
2011-07-05 16:52:30,119 - Default ResourceManager initializing. (class org.apache.velocity.runtime.resource.ResourceManagerImpl)
2011-07-05 16:52:30,134 - Resource Loader Instantiated: org.apache.velocity.runtime.resource.loader.ClasspathResourceLoader
2011-07-05 16:52:30,135 - ClasspathResourceLoader : initialization starting.
2011-07-05 16:52:30,135 - ClasspathResourceLoader : initialization complete.
2011-07-05 16:52:30,143 - ResourceCache : initialized. (class org.apache.velocity.runtime.resource.ResourceCacheImpl)
2011-07-05 16:52:30,143 - Default ResourceManager initialization complete.
2011-07-05 16:52:30,149 - Loaded System Directive: org.apache.velocity.runtime.directive.Literal
2011-07-05 16:52:30,157 - Loaded System Directive: org.apache.velocity.runtime.directive.Macro
2011-07-05 16:52:30,170 - Loaded System Directive: org.apache.velocity.runtime.directive.Parse
2011-07-05 16:52:30,177 - Loaded System Directive: org.apache.velocity.runtime.directive.Include
2011-07-05 16:52:30,182 - Loaded System Directive: org.apache.velocity.runtime.directive.Foreach
2011-07-05 16:52:30,268 - Created: 20 parsers.
2011-07-05 16:52:30,305 - Velocimacro : initialization starting.
2011-07-05 16:52:30,305 - Velocimacro : adding VMs from VM library template : VM_global_library.vm
2011-07-05 16:52:30,320 - ResourceManager : unable to find resource 'VM_global_library.vm' in any resource loader.
2011-07-05 16:52:30,320 - Velocimacro : error using  VM library template VM_global_library.vm : org.apache.velocity.exception.ResourceNotFoundException: Unable to find resource 'VM_global_library.vm'
2011-07-05 16:52:30,320 - Velocimacro :  VM library template macro registration complete.
2011-07-05 16:52:30,320 - Velocimacro : allowInline = true : VMs can be defined inline in templates
2011-07-05 16:52:30,320 - Velocimacro : allowInlineToOverride = false : VMs defined inline may NOT replace previous VM definitions
2011-07-05 16:52:30,321 - Velocimacro : allowInlineLocal = false : VMs defined inline will be  global in scope if allowed.
2011-07-05 16:52:30,321 - Velocimacro : messages on  : VM system will output logging messages
2011-07-05 16:52:30,322 - Velocimacro : autoload off  : VM system will not automatically reload global library macros
2011-07-05 16:52:30,322 - Velocimacro : initialization complete.
2011-07-05 16:52:30,322 - Velocity successfully started.
2011-07-05 16:54:39,587 - ResourceManager : found repast/simphony/scenario/Scenario.vt with loader org.apache.velocity.runtime.resource.loader.ClasspathResourceLoader
2011-07-05 16:54:40,249 - ResourceManager : found repast/simphony/parameter/parameters.vt with loader org.apache.velocity.runtime.resource.loader.ClasspathResourceLoader
2011-07-05 17:08:57,555 - SimpleLog4JLogSystem initialized using logfile 'velocity.log'
2011-07-05 17:08:57,556 - ************************************************************** 
2011-07-05 17:08:57,556 - Starting Jakarta Velocity v1.4
2011-07-05 17:08:57,556 - RuntimeInstance initializing.
2011-07-05 17:08:57,556 - Default Properties File: org\apache\velocity\runtime\defaults\velocity.properties
2011-07-05 17:08:57,556 - Trying to use logger class org.apache.velocity.runtime.log.SimpleLog4JLogSystem
2011-07-05 17:08:57,556 - Using logger class org.apache.velocity.runtime.log.SimpleLog4JLogSystem
2011-07-05 17:08:57,568 - Default ResourceManager initializing. (class org.apache.velocity.runtime.resource.ResourceManagerImpl)
2011-07-05 17:08:57,580 - Resource Loader Instantiated: org.apache.velocity.runtime.resource.loader.ClasspathResourceLoader
2011-07-05 17:08:57,581 - ClasspathResourceLoader : initialization starting.
2011-07-05 17:08:57,581 - ClasspathResourceLoader : initialization complete.
2011-07-05 17:08:57,587 - ResourceCache : initialized. (class org.apache.velocity.runtime.resource.ResourceCacheImpl)
2011-07-05 17:08:57,587 - Default ResourceManager initialization complete.
2011-07-05 17:08:57,594 - Loaded System Directive: org.apache.velocity.runtime.directive.Literal
2011-07-05 17:08:57,600 - Loaded System Directive: org.apache.velocity.runtime.directive.Macro
2011-07-05 17:08:57,612 - Loaded System Directive: org.apache.velocity.runtime.directive.Parse
2011-07-05 17:08:57,618 - Loaded System Directive: org.apache.velocity.runtime.directive.Include
2011-07-05 17:08:57,623 - Loaded System Directive: org.apache.velocity.runtime.directive.Foreach
2011-07-05 17:08:57,703 - Created: 20 parsers.
2011-07-05 17:08:57,736 - Velocimacro : initialization starting.
2011-07-05 17:08:57,736 - Velocimacro : adding VMs from VM library template : VM_global_library.vm
2011-07-05 17:08:57,750 - ResourceManager : unable to find resource 'VM_global_library.vm' in any resource loader.
2011-07-05 17:08:57,750 - Velocimacro : error using  VM library template VM_global_library.vm : org.apache.velocity.exception.ResourceNotFoundException: Unable to find resource 'VM_global_library.vm'
2011-07-05 17:08:57,750 - Velocimacro :  VM library template macro registration complete.
2011-07-05 17:08:57,751 - Velocimacro : allowInline = true : VMs can be defined inline in templates
2011-07-05 17:08:57,751 - Velocimacro : allowInlineToOverride = false : VMs defined inline may NOT replace previous VM definitions
2011-07-05 17:08:57,751 - Velocimacro : allowInlineLocal = false : VMs defined inline will be  global in scope if allowed.
2011-07-05 17:08:57,751 - Velocimacro : messages on  : VM system will output logging messages
2011-07-05 17:08:57,751 - Velocimacro : autoload off  : VM system will not automatically reload global library macros
2011-07-05 17:08:57,751 - Velocimacro : initialization complete.
2011-07-05 17:08:57,751 - Velocity successfully started.
2011-07-05 17:11:01,005 - SimpleLog4JLogSystem initialized using logfile 'velocity.log'
2011-07-05 17:11:01,005 - ************************************************************** 
2011-07-05 17:11:01,005 - Starting Jakarta Velocity v1.4
2011-07-05 17:11:01,006 - RuntimeInstance initializing.
2011-07-05 17:11:01,006 - Default Properties File: org\apache\velocity\runtime\defaults\velocity.properties
2011-07-05 17:11:01,006 - Trying to use logger class org.apache.velocity.runtime.log.SimpleLog4JLogSystem
2011-07-05 17:11:01,006 - Using logger class org.apache.velocity.runtime.log.SimpleLog4JLogSystem
2011-07-05 17:11:01,016 - Default ResourceManager initializing. (class org.apache.velocity.runtime.resource.ResourceManagerImpl)
2011-07-05 17:11:01,028 - Resource Loader Instantiated: org.apache.velocity.runtime.resource.loader.ClasspathResourceLoader
2011-07-05 17:11:01,028 - ClasspathResourceLoader : initialization starting.
2011-07-05 17:11:01,029 - ClasspathResourceLoader : initialization complete.
2011-07-05 17:11:01,035 - ResourceCache : initialized. (class org.apache.velocity.runtime.resource.ResourceCacheImpl)
2011-07-05 17:11:01,035 - Default ResourceManager initialization complete.
2011-07-05 17:11:01,042 - Loaded System Directive: org.apache.velocity.runtime.directive.Literal
2011-07-05 17:11:01,048 - Loaded System Directive: org.apache.velocity.runtime.directive.Macro
2011-07-05 17:11:01,060 - Loaded System Directive: org.apache.velocity.runtime.directive.Parse
2011-07-05 17:11:01,067 - Loaded System Directive: org.apache.velocity.runtime.directive.Include
2011-07-05 17:11:01,071 - Loaded System Directive: org.apache.velocity.runtime.directive.Foreach
2011-07-05 17:11:01,150 - Created: 20 parsers.
2011-07-05 17:11:01,184 - Velocimacro : initialization starting.
2011-07-05 17:11:01,184 - Velocimacro : adding VMs from VM library template : VM_global_library.vm
2011-07-05 17:11:01,199 - ResourceManager : unable to find resource 'VM_global_library.vm' in any resource loader.
2011-07-05 17:11:01,199 - Velocimacro : error using  VM library template VM_global_library.vm : org.apache.velocity.exception.ResourceNotFoundException: Unable to find resource 'VM_global_library.vm'
2011-07-05 17:11:01,199 - Velocimacro :  VM library template macro registration complete.
2011-07-05 17:11:01,199 - Velocimacro : allowInline = true : VMs can be defined inline in templates
2011-07-05 17:11:01,199 - Velocimacro : allowInlineToOverride = false : VMs defined inline may NOT replace previous VM definitions
2011-07-05 17:11:01,199 - Velocimacro : allowInlineLocal = false : VMs defined inline will be  global in scope if allowed.
2011-07-05 17:11:01,199 - Velocimacro : messages on  : VM system will output logging messages
2011-07-05 17:11:01,199 - Velocimacro : autoload off  : VM system will not automatically reload global library macros
2011-07-05 17:11:01,199 - Velocimacro : initialization complete.
2011-07-05 17:11:01,199 - Velocity successfully started.
2011-07-05 17:29:39,479 - SimpleLog4JLogSystem initialized using logfile 'velocity.log'
2011-07-05 17:29:39,479 - ************************************************************** 
2011-07-05 17:29:39,480 - Starting Jakarta Velocity v1.4
2011-07-05 17:29:39,480 - RuntimeInstance initializing.
2011-07-05 17:29:39,480 - Default Properties File: org\apache\velocity\runtime\defaults\velocity.properties
2011-07-05 17:29:39,480 - Trying to use logger class org.apache.velocity.runtime.log.SimpleLog4JLogSystem
2011-07-05 17:29:39,480 - Using logger class org.apache.velocity.runtime.log.SimpleLog4JLogSystem
2011-07-05 17:29:39,492 - Default ResourceManager initializing. (class org.apache.velocity.runtime.resource.ResourceManagerImpl)
2011-07-05 17:29:39,506 - Resource Loader Instantiated: org.apache.velocity.runtime.resource.loader.ClasspathResourceLoader
2011-07-05 17:29:39,506 - ClasspathResourceLoader : initialization starting.
2011-07-05 17:29:39,506 - ClasspathResourceLoader : initialization complete.
2011-07-05 17:29:39,513 - ResourceCache : initialized. (class org.apache.velocity.runtime.resource.ResourceCacheImpl)
2011-07-05 17:29:39,513 - Default ResourceManager initialization complete.
2011-07-05 17:29:39,520 - Loaded System Directive: org.apache.velocity.runtime.directive.Literal
2011-07-05 17:29:39,529 - Loaded System Directive: org.apache.velocity.runtime.directive.Macro
2011-07-05 17:29:39,543 - Loaded System Directive: org.apache.velocity.runtime.directive.Parse
2011-07-05 17:29:39,551 - Loaded System Directive: org.apache.velocity.runtime.directive.Include
2011-07-05 17:29:39,556 - Loaded System Directive: org.apache.velocity.runtime.directive.Foreach
2011-07-05 17:29:39,647 - Created: 20 parsers.
2011-07-05 17:29:39,687 - Velocimacro : initialization starting.
2011-07-05 17:29:39,688 - Velocimacro : adding VMs from VM library template : VM_global_library.vm
2011-07-05 17:29:39,705 - ResourceManager : unable to find resource 'VM_global_library.vm' in any resource loader.
2011-07-05 17:29:39,705 - Velocimacro : error using  VM library template VM_global_library.vm : org.apache.velocity.exception.ResourceNotFoundException: Unable to find resource 'VM_global_library.vm'
2011-07-05 17:29:39,705 - Velocimacro :  VM library template macro registration complete.
2011-07-05 17:29:39,705 - Velocimacro : allowInline = true : VMs can be defined inline in templates
2011-07-05 17:29:39,705 - Velocimacro : allowInlineToOverride = false : VMs defined inline may NOT replace previous VM definitions
2011-07-05 17:29:39,705 - Velocimacro : allowInlineLocal = false : VMs defined inline will be  global in scope if allowed.
2011-07-05 17:29:39,705 - Velocimacro : messages on  : VM system will output logging messages
2011-07-05 17:29:39,705 - Velocimacro : autoload off  : VM system will not automatically reload global library macros
2011-07-05 17:29:39,705 - Velocimacro : initialization complete.
2011-07-05 17:29:39,705 - Velocity successfully started.
2011-07-05 18:09:54,169 - SimpleLog4JLogSystem initialized using logfile 'velocity.log'
2011-07-05 18:09:54,169 - ************************************************************** 
2011-07-05 18:09:54,170 - Starting Jakarta Velocity v1.4
2011-07-05 18:09:54,170 - RuntimeInstance initializing.
2011-07-05 18:09:54,170 - Default Properties File: org\apache\velocity\runtime\defaults\velocity.properties
2011-07-05 18:09:54,170 - Trying to use logger class org.apache.velocity.runtime.log.SimpleLog4JLogSystem
2011-07-05 18:09:54,170 - Using logger class org.apache.velocity.runtime.log.SimpleLog4JLogSystem
2011-07-05 18:09:54,184 - Default ResourceManager initializing. (class org.apache.velocity.runtime.resource.ResourceManagerImpl)
2011-07-05 18:09:54,200 - Resource Loader Instantiated: org.apache.velocity.runtime.resource.loader.ClasspathResourceLoader
2011-07-05 18:09:54,201 - ClasspathResourceLoader : initialization starting.
2011-07-05 18:09:54,201 - ClasspathResourceLoader : initialization complete.
2011-07-05 18:09:54,212 - ResourceCache : initialized. (class org.apache.velocity.runtime.resource.ResourceCacheImpl)
2011-07-05 18:09:54,212 - Default ResourceManager initialization complete.
2011-07-05 18:09:54,222 - Loaded System Directive: org.apache.velocity.runtime.directive.Literal
2011-07-05 18:09:54,231 - Loaded System Directive: org.apache.velocity.runtime.directive.Macro
2011-07-05 18:09:54,248 - Loaded System Directive: org.apache.velocity.runtime.directive.Parse
2011-07-05 18:09:54,257 - Loaded System Directive: org.apache.velocity.runtime.directive.Include
2011-07-05 18:09:54,269 - Loaded System Directive: org.apache.velocity.runtime.directive.Foreach
2011-07-05 18:09:54,362 - Created: 20 parsers.
2011-07-05 18:09:54,407 - Velocimacro : initialization starting.
2011-07-05 18:09:54,407 - Velocimacro : adding VMs from VM library template : VM_global_library.vm
2011-07-05 18:09:54,428 - ResourceManager : unable to find resource 'VM_global_library.vm' in any resource loader.
2011-07-05 18:09:54,428 - Velocimacro : error using  VM library template VM_global_library.vm : org.apache.velocity.exception.ResourceNotFoundException: Unable to find resource 'VM_global_library.vm'
2011-07-05 18:09:54,428 - Velocimacro :  VM library template macro registration complete.
2011-07-05 18:09:54,428 - Velocimacro : allowInline = true : VMs can be defined inline in templates
2011-07-05 18:09:54,428 - Velocimacro : allowInlineToOverride = false : VMs defined inline may NOT replace previous VM definitions
2011-07-05 18:09:54,428 - Velocimacro : allowInlineLocal = false : VMs defined inline will be  global in scope if allowed.
2011-07-05 18:09:54,428 - Velocimacro : messages on  : VM system will output logging messages
2011-07-05 18:09:54,429 - Velocimacro : autoload off  : VM system will not automatically reload global library macros
2011-07-05 18:09:54,429 - Velocimacro : initialization complete.
2011-07-05 18:09:54,429 - Velocity successfully started.
2011-07-05 18:17:07,549 - SimpleLog4JLogSystem initialized using logfile 'velocity.log'
2011-07-05 18:17:07,550 - ************************************************************** 
2011-07-05 18:17:07,550 - Starting Jakarta Velocity v1.4
2011-07-05 18:17:07,550 - RuntimeInstance initializing.
2011-07-05 18:17:07,550 - Default Properties File: org\apache\velocity\runtime\defaults\velocity.properties
2011-07-05 18:17:07,550 - Trying to use logger class org.apache.velocity.runtime.log.SimpleLog4JLogSystem
2011-07-05 18:17:07,550 - Using logger class org.apache.velocity.runtime.log.SimpleLog4JLogSystem
2011-07-05 18:17:07,561 - Default ResourceManager initializing. (class org.apache.velocity.runtime.resource.ResourceManagerImpl)
2011-07-05 18:17:07,573 - Resource Loader Instantiated: org.apache.velocity.runtime.resource.loader.ClasspathResourceLoader
2011-07-05 18:17:07,573 - ClasspathResourceLoader : initialization starting.
2011-07-05 18:17:07,573 - ClasspathResourceLoader : initialization complete.
2011-07-05 18:17:07,579 - ResourceCache : initialized. (class org.apache.velocity.runtime.resource.ResourceCacheImpl)
2011-07-05 18:17:07,580 - Default ResourceManager initialization complete.
2011-07-05 18:17:07,586 - Loaded System Directive: org.apache.velocity.runtime.directive.Literal
2011-07-05 18:17:07,592 - Loaded System Directive: org.apache.velocity.runtime.directive.Macro
2011-07-05 18:17:07,604 - Loaded System Directive: org.apache.velocity.runtime.directive.Parse
2011-07-05 18:17:07,611 - Loaded System Directive: org.apache.velocity.runtime.directive.Include
2011-07-05 18:17:07,615 - Loaded System Directive: org.apache.velocity.runtime.directive.Foreach
2011-07-05 18:17:07,698 - Created: 20 parsers.
2011-07-05 18:17:07,732 - Velocimacro : initialization starting.
2011-07-05 18:17:07,732 - Velocimacro : adding VMs from VM library template : VM_global_library.vm
2011-07-05 18:17:07,746 - ResourceManager : unable to find resource 'VM_global_library.vm' in any resource loader.
2011-07-05 18:17:07,747 - Velocimacro : error using  VM library template VM_global_library.vm : org.apache.velocity.exception.ResourceNotFoundException: Unable to find resource 'VM_global_library.vm'
2011-07-05 18:17:07,747 - Velocimacro :  VM library template macro registration complete.
2011-07-05 18:17:07,747 - Velocimacro : allowInline = true : VMs can be defined inline in templates
2011-07-05 18:17:07,747 - Velocimacro : allowInlineToOverride = false : VMs defined inline may NOT replace previous VM definitions
2011-07-05 18:17:07,747 - Velocimacro : allowInlineLocal = false : VMs defined inline will be  global in scope if allowed.
2011-07-05 18:17:07,747 - Velocimacro : messages on  : VM system will output logging messages
2011-07-05 18:17:07,747 - Velocimacro : autoload off  : VM system will not automatically reload global library macros
2011-07-05 18:17:07,747 - Velocimacro : initialization complete.
2011-07-05 18:17:07,747 - Velocity successfully started.
