2011-07-06 15:03:14,570 - Velocimacro : allowInlineToOverride = false : VMs defined inline may NOT replace previous VM definitions
2011-07-06 15:03:14,571 - Velocimacro : allowInlineLocal = false : VMs defined inline will be  global in scope if allowed.
2011-07-06 15:03:14,571 - Velocimacro : messages on  : VM system will output logging messages
2011-07-06 15:03:14,571 - Velocimacro : autoload off  : VM system will not automatically reload global library macros
2011-07-06 15:03:14,571 - Velocimacro : initialization complete.
2011-07-06 15:03:14,571 - Velocity successfully started.
2011-07-06 15:04:23,971 - SimpleLog4JLogSystem initialized using logfile 'velocity.log'
2011-07-06 15:04:23,972 - ************************************************************** 
2011-07-06 15:04:23,972 - Starting Jakarta Velocity v1.4
2011-07-06 15:04:23,972 - RuntimeInstance initializing.
2011-07-06 15:04:23,972 - Default Properties File: org\apache\velocity\runtime\defaults\velocity.properties
2011-07-06 15:04:23,972 - Trying to use logger class org.apache.velocity.runtime.log.SimpleLog4JLogSystem
2011-07-06 15:04:23,972 - Using logger class org.apache.velocity.runtime.log.SimpleLog4JLogSystem
2011-07-06 15:04:23,983 - Default ResourceManager initializing. (class org.apache.velocity.runtime.resource.ResourceManagerImpl)
2011-07-06 15:04:23,995 - Resource Loader Instantiated: org.apache.velocity.runtime.resource.loader.ClasspathResourceLoader
2011-07-06 15:04:23,995 - ClasspathResourceLoader : initialization starting.
2011-07-06 15:04:23,995 - ClasspathResourceLoader : initialization complete.
2011-07-06 15:04:24,002 - ResourceCache : initialized. (class org.apache.velocity.runtime.resource.ResourceCacheImpl)
2011-07-06 15:04:24,002 - Default ResourceManager initialization complete.
2011-07-06 15:04:24,008 - Loaded System Directive: org.apache.velocity.runtime.directive.Literal
2011-07-06 15:04:24,015 - Loaded System Directive: org.apache.velocity.runtime.directive.Macro
2011-07-06 15:04:24,026 - Loaded System Directive: org.apache.velocity.runtime.directive.Parse
2011-07-06 15:04:24,033 - Loaded System Directive: org.apache.velocity.runtime.directive.Include
2011-07-06 15:04:24,037 - Loaded System Directive: org.apache.velocity.runtime.directive.Foreach
2011-07-06 15:04:24,116 - Created: 20 parsers.
2011-07-06 15:04:24,149 - Velocimacro : initialization starting.
2011-07-06 15:04:24,149 - Velocimacro : adding VMs from VM library template : VM_global_library.vm
2011-07-06 15:04:24,163 - ResourceManager : unable to find resource 'VM_global_library.vm' in any resource loader.
2011-07-06 15:04:24,163 - Velocimacro : error using  VM library template VM_global_library.vm : org.apache.velocity.exception.ResourceNotFoundException: Unable to find resource 'VM_global_library.vm'
2011-07-06 15:04:24,163 - Velocimacro :  VM library template macro registration complete.
2011-07-06 15:04:24,163 - Velocimacro : allowInline = true : VMs can be defined inline in templates
2011-07-06 15:04:24,163 - Velocimacro : allowInlineToOverride = false : VMs defined inline may NOT replace previous VM definitions
2011-07-06 15:04:24,163 - Velocimacro : allowInlineLocal = false : VMs defined inline will be  global in scope if allowed.
2011-07-06 15:04:24,163 - Velocimacro : messages on  : VM system will output logging messages
2011-07-06 15:04:24,163 - Velocimacro : autoload off  : VM system will not automatically reload global library macros
2011-07-06 15:04:24,163 - Velocimacro : initialization complete.
2011-07-06 15:04:24,163 - Velocity successfully started.
2011-07-06 15:06:39,760 - SimpleLog4JLogSystem initialized using logfile 'velocity.log'
2011-07-06 15:06:39,761 - ************************************************************** 
2011-07-06 15:06:39,761 - Starting Jakarta Velocity v1.4
2011-07-06 15:06:39,761 - RuntimeInstance initializing.
2011-07-06 15:06:39,761 - Default Properties File: org\apache\velocity\runtime\defaults\velocity.properties
2011-07-06 15:06:39,761 - Trying to use logger class org.apache.velocity.runtime.log.SimpleLog4JLogSystem
2011-07-06 15:06:39,761 - Using logger class org.apache.velocity.runtime.log.SimpleLog4JLogSystem
2011-07-06 15:06:39,772 - Default ResourceManager initializing. (class org.apache.velocity.runtime.resource.ResourceManagerImpl)
2011-07-06 15:06:39,783 - Resource Loader Instantiated: org.apache.velocity.runtime.resource.loader.ClasspathResourceLoader
2011-07-06 15:06:39,784 - ClasspathResourceLoader : initialization starting.
2011-07-06 15:06:39,784 - ClasspathResourceLoader : initialization complete.
2011-07-06 15:06:39,790 - ResourceCache : initialized. (class org.apache.velocity.runtime.resource.ResourceCacheImpl)
2011-07-06 15:06:39,790 - Default ResourceManager initialization complete.
2011-07-06 15:06:39,797 - Loaded System Directive: org.apache.velocity.runtime.directive.Literal
2011-07-06 15:06:39,803 - Loaded System Directive: org.apache.velocity.runtime.directive.Macro
2011-07-06 15:06:39,815 - Loaded System Directive: org.apache.velocity.runtime.directive.Parse
2011-07-06 15:06:39,822 - Loaded System Directive: org.apache.velocity.runtime.directive.Include
2011-07-06 15:06:39,826 - Loaded System Directive: org.apache.velocity.runtime.directive.Foreach
2011-07-06 15:06:39,904 - Created: 20 parsers.
2011-07-06 15:06:39,938 - Velocimacro : initialization starting.
2011-07-06 15:06:39,938 - Velocimacro : adding VMs from VM library template : VM_global_library.vm
2011-07-06 15:06:39,952 - ResourceManager : unable to find resource 'VM_global_library.vm' in any resource loader.
2011-07-06 15:06:39,952 - Velocimacro : error using  VM library template VM_global_library.vm : org.apache.velocity.exception.ResourceNotFoundException: Unable to find resource 'VM_global_library.vm'
2011-07-06 15:06:39,952 - Velocimacro :  VM library template macro registration complete.
2011-07-06 15:06:39,952 - Velocimacro : allowInline = true : VMs can be defined inline in templates
2011-07-06 15:06:39,952 - Velocimacro : allowInlineToOverride = false : VMs defined inline may NOT replace previous VM definitions
2011-07-06 15:06:39,952 - Velocimacro : allowInlineLocal = false : VMs defined inline will be  global in scope if allowed.
2011-07-06 15:06:39,952 - Velocimacro : messages on  : VM system will output logging messages
2011-07-06 15:06:39,952 - Velocimacro : autoload off  : VM system will not automatically reload global library macros
2011-07-06 15:06:39,952 - Velocimacro : initialization complete.
2011-07-06 15:06:39,952 - Velocity successfully started.
2011-07-06 15:07:15,412 - SimpleLog4JLogSystem initialized using logfile 'velocity.log'
2011-07-06 15:07:15,413 - ************************************************************** 
2011-07-06 15:07:15,413 - Starting Jakarta Velocity v1.4
2011-07-06 15:07:15,413 - RuntimeInstance initializing.
2011-07-06 15:07:15,413 - Default Properties File: org\apache\velocity\runtime\defaults\velocity.properties
2011-07-06 15:07:15,413 - Trying to use logger class org.apache.velocity.runtime.log.SimpleLog4JLogSystem
2011-07-06 15:07:15,413 - Using logger class org.apache.velocity.runtime.log.SimpleLog4JLogSystem
2011-07-06 15:07:15,424 - Default ResourceManager initializing. (class org.apache.velocity.runtime.resource.ResourceManagerImpl)
2011-07-06 15:07:15,436 - Resource Loader Instantiated: org.apache.velocity.runtime.resource.loader.ClasspathResourceLoader
2011-07-06 15:07:15,436 - ClasspathResourceLoader : initialization starting.
2011-07-06 15:07:15,436 - ClasspathResourceLoader : initialization complete.
2011-07-06 15:07:15,443 - ResourceCache : initialized. (class org.apache.velocity.runtime.resource.ResourceCacheImpl)
2011-07-06 15:07:15,443 - Default ResourceManager initialization complete.
2011-07-06 15:07:15,449 - Loaded System Directive: org.apache.velocity.runtime.directive.Literal
2011-07-06 15:07:15,456 - Loaded System Directive: org.apache.velocity.runtime.directive.Macro
2011-07-06 15:07:15,467 - Loaded System Directive: org.apache.velocity.runtime.directive.Parse
2011-07-06 15:07:15,474 - Loaded System Directive: org.apache.velocity.runtime.directive.Include
2011-07-06 15:07:15,478 - Loaded System Directive: org.apache.velocity.runtime.directive.Foreach
2011-07-06 15:07:15,556 - Created: 20 parsers.
2011-07-06 15:07:15,590 - Velocimacro : initialization starting.
2011-07-06 15:07:15,590 - Velocimacro : adding VMs from VM library template : VM_global_library.vm
2011-07-06 15:07:15,605 - ResourceManager : unable to find resource 'VM_global_library.vm' in any resource loader.
2011-07-06 15:07:15,605 - Velocimacro : error using  VM library template VM_global_library.vm : org.apache.velocity.exception.ResourceNotFoundException: Unable to find resource 'VM_global_library.vm'
2011-07-06 15:07:15,605 - Velocimacro :  VM library template macro registration complete.
2011-07-06 15:07:15,605 - Velocimacro : allowInline = true : VMs can be defined inline in templates
2011-07-06 15:07:15,605 - Velocimacro : allowInlineToOverride = false : VMs defined inline may NOT replace previous VM definitions
2011-07-06 15:07:15,605 - Velocimacro : allowInlineLocal = false : VMs defined inline will be  global in scope if allowed.
2011-07-06 15:07:15,605 - Velocimacro : messages on  : VM system will output logging messages
2011-07-06 15:07:15,605 - Velocimacro : autoload off  : VM system will not automatically reload global library macros
2011-07-06 15:07:15,605 - Velocimacro : initialization complete.
2011-07-06 15:07:15,605 - Velocity successfully started.
2011-07-06 15:07:59,299 - SimpleLog4JLogSystem initialized using logfile 'velocity.log'
2011-07-06 15:07:59,299 - ************************************************************** 
2011-07-06 15:07:59,300 - Starting Jakarta Velocity v1.4
2011-07-06 15:07:59,300 - RuntimeInstance initializing.
2011-07-06 15:07:59,300 - Default Properties File: org\apache\velocity\runtime\defaults\velocity.properties
2011-07-06 15:07:59,300 - Trying to use logger class org.apache.velocity.runtime.log.SimpleLog4JLogSystem
2011-07-06 15:07:59,300 - Using logger class org.apache.velocity.runtime.log.SimpleLog4JLogSystem
2011-07-06 15:07:59,310 - Default ResourceManager initializing. (class org.apache.velocity.runtime.resource.ResourceManagerImpl)
2011-07-06 15:07:59,322 - Resource Loader Instantiated: org.apache.velocity.runtime.resource.loader.ClasspathResourceLoader
2011-07-06 15:07:59,322 - ClasspathResourceLoader : initialization starting.
2011-07-06 15:07:59,323 - ClasspathResourceLoader : initialization complete.
2011-07-06 15:07:59,329 - ResourceCache : initialized. (class org.apache.velocity.runtime.resource.ResourceCacheImpl)
2011-07-06 15:07:59,329 - Default ResourceManager initialization complete.
2011-07-06 15:07:59,335 - Loaded System Directive: org.apache.velocity.runtime.directive.Literal
2011-07-06 15:07:59,342 - Loaded System Directive: org.apache.velocity.runtime.directive.Macro
2011-07-06 15:07:59,354 - Loaded System Directive: org.apache.velocity.runtime.directive.Parse
2011-07-06 15:07:59,360 - Loaded System Directive: org.apache.velocity.runtime.directive.Include
2011-07-06 15:07:59,364 - Loaded System Directive: org.apache.velocity.runtime.directive.Foreach
2011-07-06 15:07:59,442 - Created: 20 parsers.
2011-07-06 15:07:59,476 - Velocimacro : initialization starting.
2011-07-06 15:07:59,476 - Velocimacro : adding VMs from VM library template : VM_global_library.vm
2011-07-06 15:07:59,490 - ResourceManager : unable to find resource 'VM_global_library.vm' in any resource loader.
2011-07-06 15:07:59,490 - Velocimacro : error using  VM library template VM_global_library.vm : org.apache.velocity.exception.ResourceNotFoundException: Unable to find resource 'VM_global_library.vm'
2011-07-06 15:07:59,490 - Velocimacro :  VM library template macro registration complete.
2011-07-06 15:07:59,490 - Velocimacro : allowInline = true : VMs can be defined inline in templates
2011-07-06 15:07:59,490 - Velocimacro : allowInlineToOverride = false : VMs defined inline may NOT replace previous VM definitions
2011-07-06 15:07:59,490 - Velocimacro : allowInlineLocal = false : VMs defined inline will be  global in scope if allowed.
2011-07-06 15:07:59,490 - Velocimacro : messages on  : VM system will output logging messages
2011-07-06 15:07:59,490 - Velocimacro : autoload off  : VM system will not automatically reload global library macros
2011-07-06 15:07:59,490 - Velocimacro : initialization complete.
2011-07-06 15:07:59,490 - Velocity successfully started.
2011-07-06 15:09:36,522 - SimpleLog4JLogSystem initialized using logfile 'velocity.log'
2011-07-06 15:09:36,523 - ************************************************************** 
2011-07-06 15:09:36,523 - Starting Jakarta Velocity v1.4
2011-07-06 15:09:36,523 - RuntimeInstance initializing.
2011-07-06 15:09:36,523 - Default Properties File: org\apache\velocity\runtime\defaults\velocity.properties
2011-07-06 15:09:36,523 - Trying to use logger class org.apache.velocity.runtime.log.SimpleLog4JLogSystem
2011-07-06 15:09:36,523 - Using logger class org.apache.velocity.runtime.log.SimpleLog4JLogSystem
2011-07-06 15:09:36,534 - Default ResourceManager initializing. (class org.apache.velocity.runtime.resource.ResourceManagerImpl)
2011-07-06 15:09:36,546 - Resource Loader Instantiated: org.apache.velocity.runtime.resource.loader.ClasspathResourceLoader
2011-07-06 15:09:36,546 - ClasspathResourceLoader : initialization starting.
2011-07-06 15:09:36,546 - ClasspathResourceLoader : initialization complete.
2011-07-06 15:09:36,552 - ResourceCache : initialized. (class org.apache.velocity.runtime.resource.ResourceCacheImpl)
2011-07-06 15:09:36,552 - Default ResourceManager initialization complete.
2011-07-06 15:09:36,559 - Loaded System Directive: org.apache.velocity.runtime.directive.Literal
2011-07-06 15:09:36,565 - Loaded System Directive: org.apache.velocity.runtime.directive.Macro
2011-07-06 15:09:36,577 - Loaded System Directive: org.apache.velocity.runtime.directive.Parse
2011-07-06 15:09:36,584 - Loaded System Directive: org.apache.velocity.runtime.directive.Include
2011-07-06 15:09:36,588 - Loaded System Directive: org.apache.velocity.runtime.directive.Foreach
2011-07-06 15:09:36,667 - Created: 20 parsers.
2011-07-06 15:09:36,700 - Velocimacro : initialization starting.
2011-07-06 15:09:36,700 - Velocimacro : adding VMs from VM library template : VM_global_library.vm
2011-07-06 15:09:36,715 - ResourceManager : unable to find resource 'VM_global_library.vm' in any resource loader.
2011-07-06 15:09:36,715 - Velocimacro : error using  VM library template VM_global_library.vm : org.apache.velocity.exception.ResourceNotFoundException: Unable to find resource 'VM_global_library.vm'
2011-07-06 15:09:36,715 - Velocimacro :  VM library template macro registration complete.
2011-07-06 15:09:36,715 - Velocimacro : allowInline = true : VMs can be defined inline in templates
2011-07-06 15:09:36,715 - Velocimacro : allowInlineToOverride = false : VMs defined inline may NOT replace previous VM definitions
2011-07-06 15:09:36,715 - Velocimacro : allowInlineLocal = false : VMs defined inline will be  global in scope if allowed.
2011-07-06 15:09:36,715 - Velocimacro : messages on  : VM system will output logging messages
2011-07-06 15:09:36,715 - Velocimacro : autoload off  : VM system will not automatically reload global library macros
2011-07-06 15:09:36,715 - Velocimacro : initialization complete.
2011-07-06 15:09:36,715 - Velocity successfully started.
2011-07-06 15:10:32,007 - SimpleLog4JLogSystem initialized using logfile 'velocity.log'
2011-07-06 15:10:32,008 - ************************************************************** 
2011-07-06 15:10:32,008 - Starting Jakarta Velocity v1.4
2011-07-06 15:10:32,008 - RuntimeInstance initializing.
2011-07-06 15:10:32,008 - Default Properties File: org\apache\velocity\runtime\defaults\velocity.properties
2011-07-06 15:10:32,008 - Trying to use logger class org.apache.velocity.runtime.log.SimpleLog4JLogSystem
2011-07-06 15:10:32,008 - Using logger class org.apache.velocity.runtime.log.SimpleLog4JLogSystem
2011-07-06 15:10:32,019 - Default ResourceManager initializing. (class org.apache.velocity.runtime.resource.ResourceManagerImpl)
2011-07-06 15:10:32,031 - Resource Loader Instantiated: org.apache.velocity.runtime.resource.loader.ClasspathResourceLoader
2011-07-06 15:10:32,031 - ClasspathResourceLoader : initialization starting.
2011-07-06 15:10:32,031 - ClasspathResourceLoader : initialization complete.
2011-07-06 15:10:32,037 - ResourceCache : initialized. (class org.apache.velocity.runtime.resource.ResourceCacheImpl)
2011-07-06 15:10:32,038 - Default ResourceManager initialization complete.
2011-07-06 15:10:32,044 - Loaded System Directive: org.apache.velocity.runtime.directive.Literal
2011-07-06 15:10:32,050 - Loaded System Directive: org.apache.velocity.runtime.directive.Macro
2011-07-06 15:10:32,062 - Loaded System Directive: org.apache.velocity.runtime.directive.Parse
2011-07-06 15:10:32,069 - Loaded System Directive: org.apache.velocity.runtime.directive.Include
2011-07-06 15:10:32,073 - Loaded System Directive: org.apache.velocity.runtime.directive.Foreach
2011-07-06 15:10:32,152 - Created: 20 parsers.
2011-07-06 15:10:32,186 - Velocimacro : initialization starting.
2011-07-06 15:10:32,186 - Velocimacro : adding VMs from VM library template : VM_global_library.vm
2011-07-06 15:10:32,200 - ResourceManager : unable to find resource 'VM_global_library.vm' in any resource loader.
2011-07-06 15:10:32,200 - Velocimacro : error using  VM library template VM_global_library.vm : org.apache.velocity.exception.ResourceNotFoundException: Unable to find resource 'VM_global_library.vm'
2011-07-06 15:10:32,200 - Velocimacro :  VM library template macro registration complete.
2011-07-06 15:10:32,200 - Velocimacro : allowInline = true : VMs can be defined inline in templates
2011-07-06 15:10:32,200 - Velocimacro : allowInlineToOverride = false : VMs defined inline may NOT replace previous VM definitions
2011-07-06 15:10:32,200 - Velocimacro : allowInlineLocal = false : VMs defined inline will be  global in scope if allowed.
2011-07-06 15:10:32,200 - Velocimacro : messages on  : VM system will output logging messages
2011-07-06 15:10:32,200 - Velocimacro : autoload off  : VM system will not automatically reload global library macros
2011-07-06 15:10:32,200 - Velocimacro : initialization complete.
2011-07-06 15:10:32,200 - Velocity successfully started.
