2011-06-01 13:53:55,458 - SimpleLog4JLogSystem initialized using logfile 'velocity.log'
2011-06-01 13:53:55,459 - ************************************************************** 
2011-06-01 13:53:55,459 - Starting Jakarta Velocity v1.4
2011-06-01 13:53:55,459 - RuntimeInstance initializing.
2011-06-01 13:53:55,459 - Default Properties File: org\apache\velocity\runtime\defaults\velocity.properties
2011-06-01 13:53:55,459 - Trying to use logger class org.apache.velocity.runtime.log.SimpleLog4JLogSystem
2011-06-01 13:53:55,459 - Using logger class org.apache.velocity.runtime.log.SimpleLog4JLogSystem
2011-06-01 13:53:55,475 - Default ResourceManager initializing. (class org.apache.velocity.runtime.resource.ResourceManagerImpl)
2011-06-01 13:53:55,495 - Resource Loader Instantiated: org.apache.velocity.runtime.resource.loader.ClasspathResourceLoader
2011-06-01 13:53:55,495 - ClasspathResourceLoader : initialization starting.
2011-06-01 13:53:55,495 - ClasspathResourceLoader : initialization complete.
2011-06-01 13:53:55,503 - ResourceCache : initialized. (class org.apache.velocity.runtime.resource.ResourceCacheImpl)
2011-06-01 13:53:55,504 - Default ResourceManager initialization complete.
2011-06-01 13:53:55,512 - Loaded System Directive: org.apache.velocity.runtime.directive.Literal
2011-06-01 13:53:55,523 - Loaded System Directive: org.apache.velocity.runtime.directive.Macro
2011-06-01 13:53:55,541 - Loaded System Directive: org.apache.velocity.runtime.directive.Parse
2011-06-01 13:53:55,550 - Loaded System Directive: org.apache.velocity.runtime.directive.Include
2011-06-01 13:53:55,554 - Loaded System Directive: org.apache.velocity.runtime.directive.Foreach
2011-06-01 13:53:55,669 - Created: 20 parsers.
2011-06-01 13:53:55,709 - Velocimacro : initialization starting.
2011-06-01 13:53:55,709 - Velocimacro : adding VMs from VM library template : VM_global_library.vm
2011-06-01 13:53:55,727 - ResourceManager : unable to find resource 'VM_global_library.vm' in any resource loader.
2011-06-01 13:53:55,727 - Velocimacro : error using  VM library template VM_global_library.vm : org.apache.velocity.exception.ResourceNotFoundException: Unable to find resource 'VM_global_library.vm'
2011-06-01 13:53:55,727 - Velocimacro :  VM library template macro registration complete.
2011-06-01 13:53:55,727 - Velocimacro : allowInline = true : VMs can be defined inline in templates
2011-06-01 13:53:55,727 - Velocimacro : allowInlineToOverride = false : VMs defined inline may NOT replace previous VM definitions
2011-06-01 13:53:55,727 - Velocimacro : allowInlineLocal = false : VMs defined inline will be  global in scope if allowed.
2011-06-01 13:53:55,727 - Velocimacro : messages on  : VM system will output logging messages
2011-06-01 13:53:55,727 - Velocimacro : autoload off  : VM system will not automatically reload global library macros
2011-06-01 13:53:55,727 - Velocimacro : initialization complete.
2011-06-01 13:53:55,727 - Velocity successfully started.
2011-06-01 13:55:38,399 - SimpleLog4JLogSystem initialized using logfile 'velocity.log'
2011-06-01 13:55:38,400 - ************************************************************** 
2011-06-01 13:55:38,400 - Starting Jakarta Velocity v1.4
2011-06-01 13:55:38,400 - RuntimeInstance initializing.
2011-06-01 13:55:38,400 - Default Properties File: org\apache\velocity\runtime\defaults\velocity.properties
2011-06-01 13:55:38,400 - Trying to use logger class org.apache.velocity.runtime.log.SimpleLog4JLogSystem
2011-06-01 13:55:38,401 - Using logger class org.apache.velocity.runtime.log.SimpleLog4JLogSystem
2011-06-01 13:55:38,411 - Default ResourceManager initializing. (class org.apache.velocity.runtime.resource.ResourceManagerImpl)
2011-06-01 13:55:38,423 - Resource Loader Instantiated: org.apache.velocity.runtime.resource.loader.ClasspathResourceLoader
2011-06-01 13:55:38,423 - ClasspathResourceLoader : initialization starting.
2011-06-01 13:55:38,423 - ClasspathResourceLoader : initialization complete.
2011-06-01 13:55:38,429 - ResourceCache : initialized. (class org.apache.velocity.runtime.resource.ResourceCacheImpl)
2011-06-01 13:55:38,429 - Default ResourceManager initialization complete.
2011-06-01 13:55:38,436 - Loaded System Directive: org.apache.velocity.runtime.directive.Literal
2011-06-01 13:55:38,443 - Loaded System Directive: org.apache.velocity.runtime.directive.Macro
2011-06-01 13:55:38,455 - Loaded System Directive: org.apache.velocity.runtime.directive.Parse
2011-06-01 13:55:38,461 - Loaded System Directive: org.apache.velocity.runtime.directive.Include
2011-06-01 13:55:38,465 - Loaded System Directive: org.apache.velocity.runtime.directive.Foreach
2011-06-01 13:55:38,545 - Created: 20 parsers.
2011-06-01 13:55:38,578 - Velocimacro : initialization starting.
2011-06-01 13:55:38,578 - Velocimacro : adding VMs from VM library template : VM_global_library.vm
2011-06-01 13:55:38,593 - ResourceManager : unable to find resource 'VM_global_library.vm' in any resource loader.
2011-06-01 13:55:38,593 - Velocimacro : error using  VM library template VM_global_library.vm : org.apache.velocity.exception.ResourceNotFoundException: Unable to find resource 'VM_global_library.vm'
2011-06-01 13:55:38,593 - Velocimacro :  VM library template macro registration complete.
2011-06-01 13:55:38,593 - Velocimacro : allowInline = true : VMs can be defined inline in templates
2011-06-01 13:55:38,593 - Velocimacro : allowInlineToOverride = false : VMs defined inline may NOT replace previous VM definitions
2011-06-01 13:55:38,593 - Velocimacro : allowInlineLocal = false : VMs defined inline will be  global in scope if allowed.
2011-06-01 13:55:38,593 - Velocimacro : messages on  : VM system will output logging messages
2011-06-01 13:55:38,593 - Velocimacro : autoload off  : VM system will not automatically reload global library macros
2011-06-01 13:55:38,593 - Velocimacro : initialization complete.
2011-06-01 13:55:38,593 - Velocity successfully started.
2011-06-01 13:57:03,495 - SimpleLog4JLogSystem initialized using logfile 'velocity.log'
2011-06-01 13:57:03,495 - ************************************************************** 
2011-06-01 13:57:03,495 - Starting Jakarta Velocity v1.4
2011-06-01 13:57:03,495 - RuntimeInstance initializing.
2011-06-01 13:57:03,495 - Default Properties File: org\apache\velocity\runtime\defaults\velocity.properties
2011-06-01 13:57:03,496 - Trying to use logger class org.apache.velocity.runtime.log.SimpleLog4JLogSystem
2011-06-01 13:57:03,496 - Using logger class org.apache.velocity.runtime.log.SimpleLog4JLogSystem
2011-06-01 13:57:03,506 - Default ResourceManager initializing. (class org.apache.velocity.runtime.resource.ResourceManagerImpl)
2011-06-01 13:57:03,519 - Resource Loader Instantiated: org.apache.velocity.runtime.resource.loader.ClasspathResourceLoader
2011-06-01 13:57:03,519 - ClasspathResourceLoader : initialization starting.
2011-06-01 13:57:03,519 - ClasspathResourceLoader : initialization complete.
2011-06-01 13:57:03,526 - ResourceCache : initialized. (class org.apache.velocity.runtime.resource.ResourceCacheImpl)
2011-06-01 13:57:03,526 - Default ResourceManager initialization complete.
2011-06-01 13:57:03,533 - Loaded System Directive: org.apache.velocity.runtime.directive.Literal
2011-06-01 13:57:03,539 - Loaded System Directive: org.apache.velocity.runtime.directive.Macro
2011-06-01 13:57:03,552 - Loaded System Directive: org.apache.velocity.runtime.directive.Parse
2011-06-01 13:57:03,559 - Loaded System Directive: org.apache.velocity.runtime.directive.Include
2011-06-01 13:57:03,563 - Loaded System Directive: org.apache.velocity.runtime.directive.Foreach
2011-06-01 13:57:03,646 - Created: 20 parsers.
2011-06-01 13:57:03,681 - Velocimacro : initialization starting.
2011-06-01 13:57:03,681 - Velocimacro : adding VMs from VM library template : VM_global_library.vm
2011-06-01 13:57:03,695 - ResourceManager : unable to find resource 'VM_global_library.vm' in any resource loader.
2011-06-01 13:57:03,695 - Velocimacro : error using  VM library template VM_global_library.vm : org.apache.velocity.exception.ResourceNotFoundException: Unable to find resource 'VM_global_library.vm'
2011-06-01 13:57:03,695 - Velocimacro :  VM library template macro registration complete.
2011-06-01 13:57:03,696 - Velocimacro : allowInline = true : VMs can be defined inline in templates
2011-06-01 13:57:03,696 - Velocimacro : allowInlineToOverride = false : VMs defined inline may NOT replace previous VM definitions
2011-06-01 13:57:03,696 - Velocimacro : allowInlineLocal = false : VMs defined inline will be  global in scope if allowed.
2011-06-01 13:57:03,696 - Velocimacro : messages on  : VM system will output logging messages
2011-06-01 13:57:03,696 - Velocimacro : autoload off  : VM system will not automatically reload global library macros
2011-06-01 13:57:03,696 - Velocimacro : initialization complete.
2011-06-01 13:57:03,696 - Velocity successfully started.
2011-06-01 14:02:09,789 - SimpleLog4JLogSystem initialized using logfile 'velocity.log'
2011-06-01 14:02:09,789 - ************************************************************** 
2011-06-01 14:02:09,789 - Starting Jakarta Velocity v1.4
2011-06-01 14:02:09,789 - RuntimeInstance initializing.
2011-06-01 14:02:09,789 - Default Properties File: org\apache\velocity\runtime\defaults\velocity.properties
2011-06-01 14:02:09,789 - Trying to use logger class org.apache.velocity.runtime.log.SimpleLog4JLogSystem
2011-06-01 14:02:09,789 - Using logger class org.apache.velocity.runtime.log.SimpleLog4JLogSystem
2011-06-01 14:02:09,800 - Default ResourceManager initializing. (class org.apache.velocity.runtime.resource.ResourceManagerImpl)
2011-06-01 14:02:09,813 - Resource Loader Instantiated: org.apache.velocity.runtime.resource.loader.ClasspathResourceLoader
2011-06-01 14:02:09,813 - ClasspathResourceLoader : initialization starting.
2011-06-01 14:02:09,813 - ClasspathResourceLoader : initialization complete.
2011-06-01 14:02:09,820 - ResourceCache : initialized. (class org.apache.velocity.runtime.resource.ResourceCacheImpl)
2011-06-01 14:02:09,820 - Default ResourceManager initialization complete.
2011-06-01 14:02:09,827 - Loaded System Directive: org.apache.velocity.runtime.directive.Literal
2011-06-01 14:02:09,833 - Loaded System Directive: org.apache.velocity.runtime.directive.Macro
2011-06-01 14:02:09,845 - Loaded System Directive: org.apache.velocity.runtime.directive.Parse
2011-06-01 14:02:09,852 - Loaded System Directive: org.apache.velocity.runtime.directive.Include
2011-06-01 14:02:09,856 - Loaded System Directive: org.apache.velocity.runtime.directive.Foreach
2011-06-01 14:02:09,936 - Created: 20 parsers.
2011-06-01 14:02:09,970 - Velocimacro : initialization starting.
2011-06-01 14:02:09,970 - Velocimacro : adding VMs from VM library template : VM_global_library.vm
2011-06-01 14:02:09,984 - ResourceManager : unable to find resource 'VM_global_library.vm' in any resource loader.
2011-06-01 14:02:09,984 - Velocimacro : error using  VM library template VM_global_library.vm : org.apache.velocity.exception.ResourceNotFoundException: Unable to find resource 'VM_global_library.vm'
2011-06-01 14:02:09,984 - Velocimacro :  VM library template macro registration complete.
2011-06-01 14:02:09,985 - Velocimacro : allowInline = true : VMs can be defined inline in templates
2011-06-01 14:02:09,985 - Velocimacro : allowInlineToOverride = false : VMs defined inline may NOT replace previous VM definitions
2011-06-01 14:02:09,985 - Velocimacro : allowInlineLocal = false : VMs defined inline will be  global in scope if allowed.
2011-06-01 14:02:09,985 - Velocimacro : messages on  : VM system will output logging messages
2011-06-01 14:02:09,985 - Velocimacro : autoload off  : VM system will not automatically reload global library macros
2011-06-01 14:02:09,985 - Velocimacro : initialization complete.
2011-06-01 14:02:09,985 - Velocity successfully started.
